Log file open, 10/06/17 17:58:47
LogWindows: LoadLibraryWithSearchPaths failed for file aqProf.dll. GetLastError=0
LogWindows: LoadLibraryWithSearchPaths failed for file VtuneApi.dll. GetLastError=0
LogWindows: LoadLibraryWithSearchPaths failed for file VtuneApi32e.dll. GetLastError=0
LogInit: Display: Running engine for game: StormHunters
LogPlatformFile: Not using cached read wrapper
LogInit: Display: RandInit(754223169) SRandInit(754223169).
LogTaskGraph: Started task graph with 5 named threads and 8 total threads with 3 sets of task threads.
LogStats: Stats thread started at 0.113852
LogD3D11RHI: Aftermath initialized
LogPluginManager: Mounting plugin Paper2D
LogPluginManager: Mounting plugin LightPropagationVolume
LogPluginManager: Mounting plugin CodeLiteSourceCodeAccess
LogPluginManager: Mounting plugin GitSourceControl
LogPluginManager: Mounting plugin KDevelopSourceCodeAccess
LogPluginManager: Mounting plugin NullSourceCodeAccess
LogPluginManager: Mounting plugin PerforceSourceControl
LogPluginManager: Mounting plugin SubversionSourceControl
LogPluginManager: Mounting plugin UObjectPlugin
LogPluginManager: Mounting plugin VisualStudioSourceCodeAccess
LogPluginManager: Mounting plugin XCodeSourceCodeAccess
LogPluginManager: Mounting plugin AssetManagerEditor
LogPluginManager: Mounting plugin AudioCapture
LogPluginManager: Mounting plugin FacialAnimation
LogPluginManager: Mounting plugin GameplayTagsEditor
LogPluginManager: Mounting plugin MobileLauncherProfileWizard
LogPluginManager: Mounting plugin PluginBrowser
LogPluginManager: Mounting plugin SpeedTreeImporter
LogPluginManager: Mounting plugin AlembicImporter
LogPluginManager: Mounting plugin CharacterAI
LogPluginManager: Mounting plugin HTML5Networking
LogPluginManager: Mounting plugin AndroidMedia
LogPluginManager: Mounting plugin AvfMedia
LogPluginManager: Mounting plugin MediaPlayerEditor
LogPluginManager: Mounting plugin WmfMedia
LogPluginManager: Mounting plugin TcpMessaging
LogPluginManager: Mounting plugin UdpMessaging
LogPluginManager: Mounting plugin LevelSequenceEditor
LogPluginManager: Mounting plugin MatineeToLevelSequence
LogPluginManager: Mounting plugin OnlineSubsystemGooglePlay
LogPluginManager: Mounting plugin OnlineSubsystemIOS
LogPluginManager: Mounting plugin OnlineSubsystem
LogPluginManager: Mounting plugin OnlineSubsystemNull
LogPluginManager: Mounting plugin OnlineSubsystemUtils
LogPluginManager: Mounting plugin AndroidDeviceProfileSelector
LogPluginManager: Mounting plugin AndroidMoviePlayer
LogPluginManager: Mounting plugin AndroidPermission
LogPluginManager: Mounting plugin AppleMoviePlayer
LogPluginManager: Mounting plugin ArchVisCharacter
LogPluginManager: Mounting plugin CableComponent
LogPluginManager: Mounting plugin CustomMeshComponent
LogPluginManager: Mounting plugin ExampleDeviceProfileSelector
LogPluginManager: Mounting plugin GoogleCloudMessaging
LogPluginManager: Mounting plugin ImmediatePhysics
LogPluginManager: Mounting plugin IOSDeviceProfileSelector
LogPluginManager: Mounting plugin LinuxDeviceProfileSelector
LogPluginManager: Mounting plugin LocationServicesBPLibrary
LogPluginManager: Mounting plugin MobilePatchingUtils
LogPluginManager: Mounting plugin OculusVR
LogPluginManager: Mounting plugin PhysXVehicles
LogPluginManager: Mounting plugin ProceduralMeshComponent
LogPluginManager: Mounting plugin RuntimePhysXCooking
LogPluginManager: Mounting plugin SteamVR
LogPluginManager: Mounting plugin WindowsMoviePlayer
LogInit: Using libcurl 7.47.1
LogInit:  - built for x86_64-pc-win32
LogInit:  - supports SSL with OpenSSL/1.0.2g
LogInit:  - supports HTTP deflate (compression) using libz 1.2.8
LogInit:  - other features:
LogInit:      CURL_VERSION_SSL
LogInit:      CURL_VERSION_LIBZ
LogInit:      CURL_VERSION_IPV6
LogInit:      CURL_VERSION_ASYNCHDNS
LogInit:      CURL_VERSION_LARGEFILE
LogInit:      CURL_VERSION_IDN
LogInit:  CurlRequestOptions (configurable via config and command line):
LogInit:  - bVerifyPeer = false  - Libcurl will NOT verify peer certificate
LogInit:  - bUseHttpProxy = false  - Libcurl will NOT use HTTP proxy
LogInit:  - bDontReuseConnections = false  - Libcurl will reuse connections
LogInit:  - CertBundlePath = nullptr  - Libcurl will use whatever was configured at build time.
LogInit: Build: ++UE4+Release-4.17-CL-3586342
LogInit: Engine Version: 4.17.1-3586342+++UE4+Release-4.17
LogInit: Compatible Engine Version: 4.17.0-3573198+++UE4+Release-4.17
LogInit: Net CL: 3573198
LogDevObjectVersion: Number of dev versions registered: 16
LogDevObjectVersion:   Dev-Blueprints (B0D832E4-1F89-4F0D-ACCF-7EB736FD4AA2): 10
LogDevObjectVersion:   Dev-Build (E1C64328-A22C-4D53-A36C-8E866417BD8C): 0
LogDevObjectVersion:   Dev-Core (375EC13C-06E4-48FB-B500-84F0262A717E): 2
LogDevObjectVersion:   Dev-Editor (E4B068ED-F494-42E9-A231-DA0B2E46BB41): 20
LogDevObjectVersion:   Dev-Framework (CFFC743F-43B0-4480-9391-14DF171D2073): 28
LogDevObjectVersion:   Dev-Mobile (B02B49B5-BB20-44E9-A304-32B752E40360): 0
LogDevObjectVersion:   Dev-Networking (A4E4105C-59A1-49B5-A7C5-40C4547EDFEE): 0
LogDevObjectVersion:   Dev-Online (39C831C9-5AE6-47DC-9A44-9C173E1C8E7C): 0
LogDevObjectVersion:   Dev-Physics (78F01B33-EBEA-4F98-B9B4-84EACCB95AA2): 0
LogDevObjectVersion:   Dev-Platform (6631380F-2D4D-43E0-8009-CF276956A95A): 0
LogDevObjectVersion:   Dev-Rendering (12F88B9F-8875-4AFC-A67C-D90C383ABD29): 19
LogDevObjectVersion:   Dev-Sequencer (7B5AE74C-D270-4C10-A958-57980B212A5A): 4
LogDevObjectVersion:   Dev-VR (D7296918-1DD6-4BDD-9DE2-64A83CC13884): 0
LogDevObjectVersion:   Dev-LoadTimes (C2A15278-BFE7-4AFE-6C17-90FF531DF755): 1
LogDevObjectVersion:   Private-Geometry (6EACA3D4-40EC-4CC1-B786-8BED09428FC5): 1
LogDevObjectVersion:   Dev-AnimPhys (29E575DD-E0A3-4627-9D10-D276232CDCEA): 7
LogInit: Compiled (64-bit): Aug 15 2017 02:05:26
LogInit: Compiled with Visual C++: 19.00.24215.01
LogInit: Build Configuration: Development
LogInit: Branch Name: ++UE4+Release-4.17
LogInit: Command line:  
LogInit: Base directory: C:/Program Files/Epic Games/UE_4.17/Engine/Binaries/Win64/
LogInit: Installed Engine Build: 1
LogInit: Presizing for max 8388607 objects, including 0 objects not considered by GC, pre-allocating 0 bytes for permanent pool.
LogInit: Object subsystem initialized
[2017.10.06-21.58.48:360][  0]LogInit: Selected Device Profile: [Windows]
[2017.10.06-21.58.48:360][  0]LogInit: Applying CVar settings loaded from the selected device profile: [Windows]
[2017.10.06-21.58.48:374][  0]LogInit: Computer: DESKTOP-5OGJ61U
[2017.10.06-21.58.48:374][  0]LogInit: User: wesda
[2017.10.06-21.58.48:374][  0]LogInit: CPU Page size=4096, Cores=2
[2017.10.06-21.58.48:374][  0]LogInit: High frequency timer resolution =2.343751 MHz
[2017.10.06-21.58.48:374][  0]LogMemory: Memory total: Physical=19.9GB (20GB approx)
[2017.10.06-21.58.48:374][  0]LogMemory: Platform Memory Stats for Windows
[2017.10.06-21.58.48:374][  0]LogMemory: Process Physical Memory: 279.29 MB used, 279.29 MB peak
[2017.10.06-21.58.48:374][  0]LogMemory: Process Virtual Memory: 276.21 MB used, 276.21 MB peak
[2017.10.06-21.58.48:374][  0]LogMemory: Physical Memory: 6511.92 MB used,  13839.68 MB free, 20351.60 MB total
[2017.10.06-21.58.48:374][  0]LogMemory: Virtual Memory: 667.22 MB used,  13839.68 MB free, 134217728.00 MB total
[2017.10.06-21.58.48:549][  0]LogInit: Using OS detected language (en-US).
[2017.10.06-21.58.48:549][  0]LogInit: Using OS detected locale (en-US).
[2017.10.06-21.58.48:552][  0]LogTextLocalizationManager: No specific localization for 'en-US' exists, so the 'en' localization will be used.
[2017.10.06-21.58.49:344][  0]LogD3D11RHI: D3D11 adapters:
[2017.10.06-21.58.49:352][  0]LogD3D11RHI:    0. 'Intel(R) HD Graphics 520' (Feature Level 11_0)
[2017.10.06-21.58.49:353][  0]LogD3D11RHI:       128/0/10175 MB DedicatedVideo/DedicatedSystem/SharedSystem, Outputs:1, VendorId:0x8086
[2017.10.06-21.58.49:355][  0]LogD3D11RHI:    1. 'Microsoft Basic Render Driver' (Feature Level 11_0)
[2017.10.06-21.58.49:355][  0]LogD3D11RHI:       0/0/10175 MB DedicatedVideo/DedicatedSystem/SharedSystem, Outputs:0, VendorId:0x1414
[2017.10.06-21.58.49:355][  0]LogD3D11RHI: Chosen D3D11 Adapter: 0
[2017.10.06-21.58.49:361][  0]LogD3D11RHI: Creating new Direct3DDevice
[2017.10.06-21.58.49:361][  0]LogD3D11RHI:     GPU DeviceId: 0x1916 (for the marketing name, search the web for "GPU Device Id")
[2017.10.06-21.58.49:361][  0]LogWindows: EnumDisplayDevices:
[2017.10.06-21.58.49:361][  0]LogWindows:    0. 'Intel(R) HD Graphics 520' (P:1 D:1)
[2017.10.06-21.58.49:362][  0]LogWindows:    1. 'Intel(R) HD Graphics 520' (P:0 D:0)
[2017.10.06-21.58.49:362][  0]LogWindows:    2. 'Intel(R) HD Graphics 520' (P:0 D:0)
[2017.10.06-21.58.49:362][  0]LogWindows: DebugString: FoundDriverCount:3 
[2017.10.06-21.58.49:362][  0]LogD3D11RHI:     Adapter Name: Intel(R) HD Graphics 520
[2017.10.06-21.58.49:362][  0]LogD3D11RHI:   Driver Version: 21.20.16.4590 (internal:21.20.16.4590, unified:21.20.16.4590)
[2017.10.06-21.58.49:362][  0]LogD3D11RHI:      Driver Date: 1-18-2017
[2017.10.06-21.58.49:362][  0]LogRHI: Texture pool is 1361 MB (70% of 1945 MB)
[2017.10.06-21.58.49:368][  0]LogD3D11RHI: Async texture creation enabled
[2017.10.06-21.58.49:375][  0]LogD3D11RHI: GPU Timing Frequency: 12.000000 (Debug: 2 0)
[2017.10.06-21.58.49:376][  0]LogShaderCompilers: Guid format shader working directory is -46 characters bigger than the processId version (../../../../../../Users/wesda/Documents/Unreal Projects/StormHunters/fall-2017-storm-hunters/Intermediate/Shaders/WorkingDirectory/6264/).
[2017.10.06-21.58.49:376][  0]LogShaderCompilers: Cleaned the shader compiler working directory 'C:/Users/wesda/AppData/Local/Temp/UnrealShaderWorkingDir/887D10C7451335BF3E7A91AFFD4C7855/'.
[2017.10.06-21.58.49:376][  0]LogShaderCompilers: Display: Using Local Shader Compiler.
[2017.10.06-21.58.50:435][  0]LogTemp: Display: Loaded TP AllDesktopTargetPlatform
[2017.10.06-21.58.50:492][  0]LogTemp: Display: Loaded TP MacClientTargetPlatform
[2017.10.06-21.58.50:549][  0]LogTemp: Display: Loaded TP MacNoEditorTargetPlatform
[2017.10.06-21.58.50:606][  0]LogTemp: Display: Loaded TP MacServerTargetPlatform
[2017.10.06-21.58.50:667][  0]LogTemp: Display: Loaded TP MacTargetPlatform
[2017.10.06-21.58.50:723][  0]LogTemp: Display: Loaded TP WindowsClientTargetPlatform
[2017.10.06-21.58.50:780][  0]LogTemp: Display: Loaded TP WindowsNoEditorTargetPlatform
[2017.10.06-21.58.50:837][  0]LogTemp: Display: Loaded TP WindowsServerTargetPlatform
[2017.10.06-21.58.50:887][  0]LogTemp: Display: Loaded TP WindowsTargetPlatform
[2017.10.06-21.58.50:944][  0]LogTemp: Display: Loaded TP AndroidTargetPlatform
[2017.10.06-21.58.50:999][  0]LogTemp: Display: Loaded TP Android_ASTCTargetPlatform
[2017.10.06-21.58.51:055][  0]LogTemp: Display: Loaded TP Android_ATCTargetPlatform
[2017.10.06-21.58.51:111][  0]LogTemp: Display: Loaded TP Android_DXTTargetPlatform
[2017.10.06-21.58.51:167][  0]LogTemp: Display: Loaded TP Android_ETC1TargetPlatform
[2017.10.06-21.58.51:224][  0]LogTemp: Display: Loaded TP Android_ETC2TargetPlatform
[2017.10.06-21.58.51:335][  0]LogTemp: Display: Loaded TP Android_MultiTargetPlatform
[2017.10.06-21.58.51:335][  0]LogTemp: Display: Loaded TP Android_PVRTCTargetPlatform
[2017.10.06-21.58.51:378][  0]LogTemp: Display: Loaded TP HTML5TargetPlatform
[2017.10.06-21.58.51:480][  0]LogTemp: Display: Loaded TP IOSTargetPlatform
[2017.10.06-21.58.51:515][  0]LogTemp: Display: Loaded TP TVOSTargetPlatform
[2017.10.06-21.58.51:569][  0]LogTemp: Display: Loaded TP LinuxClientTargetPlatform
[2017.10.06-21.58.51:625][  0]LogTemp: Display: Loaded TP LinuxNoEditorTargetPlatform
[2017.10.06-21.58.51:681][  0]LogTemp: Display: Loaded TP LinuxServerTargetPlatform
[2017.10.06-21.58.51:738][  0]LogTemp: Display: Loaded TP LinuxTargetPlatform
[2017.10.06-21.58.51:738][  0]LogTargetPlatformManager: Display: Building Assets For Windows
[2017.10.06-21.58.52:269][  0]LogDerivedDataCache: Display: Max Cache Size: 512 MB
[2017.10.06-21.58.52:381][  0]LogDerivedDataCache: Loaded boot cache 0.11s 93MB C:/Users/wesda/AppData/Local/UnrealEngine/4.17/DerivedDataCache/Boot.ddc.
[2017.10.06-21.58.52:381][  0]LogDerivedDataCache: Display: Loaded Boot cache: C:/Users/wesda/AppData/Local/UnrealEngine/4.17/DerivedDataCache/Boot.ddc
[2017.10.06-21.58.52:381][  0]LogDerivedDataCache: FDerivedDataBackendGraph:  Pak pak cache file ../../../../../../Users/wesda/Documents/Unreal Projects/StormHunters/fall-2017-storm-hunters/DerivedDataCache/DDC.ddp not found, will not use a pak cache.
[2017.10.06-21.58.52:381][  0]LogDerivedDataCache: Unable to find inner node Pak for hierarchical cache Hierarchy.
[2017.10.06-21.58.52:381][  0]LogDerivedDataCache: FDerivedDataBackendGraph:  CompressedPak pak cache file ../../../../../../Users/wesda/Documents/Unreal Projects/StormHunters/fall-2017-storm-hunters/DerivedDataCache/Compressed.ddp not found, will not use a pak cache.
[2017.10.06-21.58.52:381][  0]LogDerivedDataCache: Unable to find inner node CompressedPak for hierarchical cache Hierarchy.
[2017.10.06-21.58.52:400][  0]LogDerivedDataCache: Display: Pak cache opened for reading ../../../Engine/DerivedDataCache/Compressed.ddp.
[2017.10.06-21.58.52:412][  0]LogDerivedDataCache: Using Local data cache path C:/Users/wesda/AppData/Local/UnrealEngine/Common/DerivedDataCache: Writable
[2017.10.06-21.58.52:423][  0]LogMaterial: Verifying Global Shaders for PCD3D_SM5
[2017.10.06-21.58.52:423][  0]LogSlate: Using Freetype 2.6.0
[2017.10.06-21.58.52:424][  0]LogSlate: SlateFontCache - WITH_FREETYPE: 1, WITH_HARFBUZZ: 1
[2017.10.06-21.58.52:424][  0]LogSlate: SlateFontCache - WITH_FREETYPE: 1, WITH_HARFBUZZ: 1
[2017.10.06-21.58.52:717][  0]LogAssetRegistry: FAssetRegistry took 0.0273 seconds to start up
[2017.10.06-21.58.52:861][  0]LogInit: Selected Device Profile: [Windows]
[2017.10.06-21.58.53:050][  0]LogContentStreaming: Texture pool size is 0.00 MB
[2017.10.06-21.58.53:397][  0]LogSimplygon: Simplygon DLL not present - disabling.
[2017.10.06-21.58.53:448][  0]LogMeshReduction: Using SimplygonSwarm for distributed automatic mesh merging
[2017.10.06-21.58.53:448][  0]LogMeshReduction: Using QuadricMeshReduction for automatic static mesh reduction
[2017.10.06-21.58.53:448][  0]LogMeshReduction: No automatic skeletal mesh reduction module available
[2017.10.06-21.58.53:448][  0]LogMeshReduction: No automatic mesh merging module available
[2017.10.06-21.58.53:448][  0]LogMeshMerging: No automatic mesh merging module available
[2017.10.06-21.58.53:875][  0]LogNetVersion: StormHunters , NetCL: 3573198, EngineNetVer: 2, GameNetVer: 0 (Checksum: 4212083981)
[2017.10.06-21.58.54:153][  0]LogPackageLocalizationCache: Processed 5 localized package path(s) for 2 prioritized culture(s) in 0.053652 seconds
[2017.10.06-21.58.54:159][  0]LogUObjectArray: 35825 objects as part of root set at end of initial load.
[2017.10.06-21.58.54:159][  0]LogUObjectAllocator: 7529104 out of 0 bytes used by permanent object pool.
[2017.10.06-21.58.54:159][  0]LogUObjectArray: CloseDisregardForGC: 0/0 objects in disregard for GC pool
[2017.10.06-21.58.54:228][  0]LogInit: WinSock: version 1.1 (2.2), MaxSocks=32767, MaxUdp=65467
[2017.10.06-21.58.57:097][  0]LogTcpMessaging: Initializing TcpMessaging bridge
[2017.10.06-21.58.57:140][  0]LogUdpMessaging: Initializing bridge on interface 0.0.0.0:0 to multicast group 230.0.0.1:6666.
[2017.10.06-21.58.57:859][  0]LogMaterial: Uniform references updated for custom material expression Custom.
[2017.10.06-21.58.58:325][  0]SourceControl: Source control is disabled
[2017.10.06-21.58.58:325][  0]SourceControl: Source control is disabled
[2017.10.06-21.58.58:379][  0]SourceControl: Source control is disabled
[2017.10.06-21.58.58:429][  0]SourceControl: Source control is disabled
[2017.10.06-21.58.59:068][  0]LogAndroidPermission: UAndroidPermissionCallbackProxy::GetInstance
[2017.10.06-21.58.59:333][  0]LogOcInput: OculusInput pre-init called
[2017.10.06-21.58.59:625][  0]LogEngine: Initializing Engine...
[2017.10.06-21.58.59:627][  0]LogHMD: Failed to initialize OpenVR with code 110
[2017.10.06-21.58.59:907][  0]LogStats: UGameplayTagsManager::ConstructGameplayTagTree: Construct from data asset -  0.000 s
[2017.10.06-21.58.59:907][  0]LogStats: UGameplayTagsManager::ConstructGameplayTagTree: GameplayTagTreeChangedEvent.Broadcast -  0.000 s
[2017.10.06-21.59.00:054][  0]LogAIModule: Creating AISystem for world Untitled
[2017.10.06-21.59.00:063][  0]LogInit: XAudio2 using 'Speaker/HP (Realtek High Definition Audio)' : 2 channels at 48 kHz using 32 bits per sample (channel mask 0x3)
[2017.10.06-21.59.00:095][  0]LogInit: FAudioDevice initialized.
[2017.10.06-21.59.00:204][  0]LogDerivedDataCache: Saved boot cache 0.11s 93MB C:/Users/wesda/AppData/Local/UnrealEngine/4.17/DerivedDataCache/Boot.ddc.
[2017.10.06-21.59.00:223][  0]LogInit: Texture streaming: Enabled
[2017.10.06-21.59.00:355][  0]LogEngineSessionManager: EngineSessionManager initialized
[2017.10.06-21.59.00:604][  0]LogInit: Transaction tracking system initialized
[2017.10.06-21.59.00:965][  0]BlueprintLog: New page: Editor Load
[2017.10.06-21.59.01:991][  0]LocalizationService: Localization service is disabled
[2017.10.06-21.59.02:792][  0]LogConsoleResponse: Display: 
[2017.10.06-21.59.03:014][  0]LogCook: Display: Max memory allowance for cook 16384mb min free memory 0mb
[2017.10.06-21.59.03:014][  0]LogCook: Display: Mobile HDR setting 1
[2017.10.06-21.59.03:014][  0]LogGameplayTags: Display: UGameplayTagsManager::DoneAddingNativeTags. DelegateIsBound: 0
[2017.10.06-21.59.03:218][  0]LogFileCache: Scanning file cache for directory 'C:/Users/wesda/Documents/Unreal Projects/StormHunters/fall-2017-storm-hunters/Content/' took 0.02s
[2017.10.06-21.59.04:205][  0]SourceControl: Source control is disabled
[2017.10.06-21.59.04:205][  0]Cmd: MAP LOAD FILE="../../../../../../Users/wesda/Documents/Unreal Projects/StormHunters/fall-2017-storm-hunters/Content/StarterContent/Maps/Minimal_Default.umap" TEMPLATE=0 SHOWPROGRESS=1 FEATURELEVEL=3
[2017.10.06-21.59.04:205][  0]LightingResults: New page: Lighting Build
[2017.10.06-21.59.04:254][  0]MapCheck: New page: Map Check
[2017.10.06-21.59.04:254][  0]LightingResults: New page: Lighting Build
[2017.10.06-21.59.10:059][  0]LogAIModule: Creating AISystem for world Minimal_Default
[2017.10.06-21.59.10:393][  0]LogEditorServer: Finished looking for orphan Actors (0.000 secs)
[2017.10.06-21.59.10:684][  0]Cmd: MAP CHECKDEP NOCLEARLOG
[2017.10.06-21.59.10:773][  0]MapCheck: Map check complete: 0 Error(s), 0 Warning(s), took 89.246ms to complete.
[2017.10.06-21.59.10:773][  0]LogFileHelpers: Loading map 'Minimal_Default' took 6.568
[2017.10.06-21.59.10:838][  0]LogWindowsTextInputMethodSystem: Display: IME system now deactivated.
[2017.10.06-21.59.10:838][  0]LogWindowsTextInputMethodSystem: Display: IME system now deactivated.
[2017.10.06-21.59.10:943][  0]LogCollectionManager: Loaded 0 collections in 0.001734 seconds
[2017.10.06-21.59.11:027][  0]LogFileCache: Scanning file cache for directory 'C:/Users/wesda/Documents/Unreal Projects/StormHunters/fall-2017-storm-hunters/Saved/Collections/' took 0.01s
[2017.10.06-21.59.11:027][  0]LogFileCache: Scanning file cache for directory 'C:/Users/wesda/Documents/Unreal Projects/StormHunters/fall-2017-storm-hunters/Content/Developers/wesda/Collections/' took 0.01s
[2017.10.06-21.59.11:027][  0]LogFileCache: Scanning file cache for directory 'C:/Users/wesda/Documents/Unreal Projects/StormHunters/fall-2017-storm-hunters/Content/Collections/' took 0.01s
[2017.10.06-21.59.11:027][  0]LogCollectionManager: Rebuilt the GUID cache for 0 collections in 0.000000 seconds
[2017.10.06-21.59.11:038][  0]LogContentBrowser: Native class hierarchy populated in 0.0104 seconds. Added 2386 classes and 500 folders.
[2017.10.06-21.59.11:114][  0]LogContentBrowser: Native class hierarchy updated for 'WidgetCarousel' in 0.0007 seconds. Added 0 classes and 0 folders.
[2017.10.06-21.59.11:157][  0]LogContentBrowser: Native class hierarchy updated for 'AddContentDialog' in 0.0007 seconds. Added 0 classes and 0 folders.
[2017.10.06-21.59.11:207][  0]LogContentBrowser: Native class hierarchy updated for 'SceneOutliner' in 0.0007 seconds. Added 1 classes and 2 folders.
[2017.10.06-21.59.11:475][  0]LogSlate: Took 0.000261 seconds to synchronously load lazily loaded font '../../../Engine/Content/Slate/Fonts/Roboto-Regular.ttf' (155K)
[2017.10.06-21.59.11:477][  0]LogSlate: Took 0.000350 seconds to synchronously load lazily loaded font '../../../Engine/Content/Slate/Fonts/Roboto-Bold.ttf' (160K)
[2017.10.06-21.59.11:484][  0]LogSlate: Took 0.000301 seconds to synchronously load lazily loaded font '../../../Engine/Content/Editor/Slate/Fonts/FontAwesome.ttf' (139K)
[2017.10.06-21.59.11:622][  0]LogRenderer: Reallocating scene render targets to support 580x324 Format 10 NumSamples 1 (Frame:1).
[2017.10.06-21.59.12:330][  0]LogSlate: Took 0.000227 seconds to synchronously load lazily loaded font '../../../Engine/Content/Slate/Fonts/Roboto-Light.ttf' (159K)
[2017.10.06-21.59.12:473][  0]LogContentBrowser: Native class hierarchy updated for 'HierarchicalLODOutliner' in 0.0007 seconds. Added 1 classes and 2 folders.
[2017.10.06-21.59.12:473][  0]LogLoad: (Engine Initialization) Total time: 25.81 seconds
[2017.10.06-21.59.12:473][  0]LogLoad: (Engine Initialization) Total Blueprint compile time: 0.00 seconds
[2017.10.06-21.59.12:473][  0]LogExternalProfiler: Found external profiler: VSPerf
[2017.10.06-21.59.12:473][  0]LogExternalProfiler: Using external profiler: VSPerf
[2017.10.06-21.59.12:537][  0]LogContentStreaming: Texture pool size now 1000 MB
[2017.10.06-21.59.12:567][  1]LogFileCache: Retrieving MD5 hashes for directory 'C:/Users/wesda/Documents/Unreal Projects/StormHunters/fall-2017-storm-hunters/Content/' took 0.05s
[2017.10.06-21.59.12:594][  1]LogAssetRegistry: Asset discovery search completed in 19.8991 seconds
[2017.10.06-21.59.12:596][  1]LogCollectionManager: Rebuilt the object cache for 0 collections in 0.000001 seconds (found 0 objects)
[2017.10.06-21.59.12:596][  1]LogCollectionManager: Fixed up redirectors for 0 collections in 0.000078 seconds (updated 0 objects)
[2017.10.06-21.59.13:554][ 29]LogSlate: Took 0.000287 seconds to synchronously load lazily loaded font '../../../Engine/Content/Slate/Fonts/Roboto-Light.ttf' (159K)
[2017.10.06-21.59.25:641][588]LogSlate: Took 0.000301 seconds to synchronously load lazily loaded font '../../../Engine/Content/Slate/Fonts/Roboto-Light.ttf' (159K)
[2017.10.06-21.59.27:568][588]LogAIModule: Creating AISystem for world KS_Test
[2017.10.06-21.59.27:714][588]LogSlate: Took 0.000161 seconds to synchronously load lazily loaded font '../../../Engine/Content/Slate/Fonts/Roboto-Regular.ttf' (155K)
[2017.10.06-21.59.27:765][588]Cmd: MAP LOAD FILE="../../../../../../Users/wesda/Documents/Unreal Projects/StormHunters/fall-2017-storm-hunters/Content/Maps/KS_Test.umap" TEMPLATE=0 SHOWPROGRESS=1 FEATURELEVEL=3
[2017.10.06-21.59.27:765][588]LightingResults: New page: Lighting Build
[2017.10.06-21.59.27:766][588]LoadErrors: New page: Loading map: KS_Test.umap
[2017.10.06-21.59.27:770][588]MapCheck: New page: Map Check
[2017.10.06-21.59.27:771][588]LightingResults: New page: Lighting Build
[2017.10.06-21.59.29:051][588]LogEditorServer: Finished looking for orphan Actors (0.000 secs)
[2017.10.06-21.59.29:491][588]Cmd: MAP CHECKDEP NOCLEARLOG
[2017.10.06-21.59.29:602][588]MapCheck: Map check complete: 0 Error(s), 0 Warning(s), took 110.336ms to complete.
[2017.10.06-21.59.29:602][588]LogFileHelpers: Loading map 'KS_Test' took 1.838
[2017.10.06-22.02.56:922][727]LogTemp: Repeating last play command: Selected Viewport
[2017.10.06-22.02.57:026][727]LogPlayLevel: PlayLevel: No blueprints needed recompiling
[2017.10.06-22.02.57:026][727]PIE: New page: PIE session: KS_Test (Oct 6, 2017, 2:02:57 PM)
[2017.10.06-22.02.57:026][727]LogPlayLevel: Creating play world package: /Game/Maps/UEDPIE_0_KS_Test
[2017.10.06-22.02.57:858][727]LogPlayLevel: PIE: StaticDuplicateObject took: (0.830890s)
[2017.10.06-22.02.57:859][727]LogAIModule: Creating AISystem for world KS_Test
[2017.10.06-22.02.57:859][727]LogPlayLevel: PIE: World Init took: (0.001098s)
[2017.10.06-22.02.57:859][727]LogPlayLevel: PIE: Created PIE world by copying editor world from /Game/Maps/KS_Test.KS_Test to /Game/Maps/UEDPIE_0_KS_Test.KS_Test (0.832399s)
[2017.10.06-22.02.57:892][727]LogInit: XAudio2 using 'Speaker/HP (Realtek High Definition Audio)' : 2 channels at 48 kHz using 32 bits per sample (channel mask 0x3)
[2017.10.06-22.02.57:902][727]LogInit: FAudioDevice initialized.
[2017.10.06-22.02.57:948][727]LogLoad: Game class is 'Driving_Mode_C'
[2017.10.06-22.02.58:054][727]LogWorld: Bringing World /Game/Maps/UEDPIE_0_KS_Test.KS_Test up for play (max tick rate 60) at 2017.10.06-18.02.58
[2017.10.06-22.02.58:083][727]LogWorld: Bringing up level for play took: 0.134489
[2017.10.06-22.02.58:131][727]LogContentBrowser: Native class hierarchy updated for 'MovieSceneCapture' in 0.0009 seconds. Added 11 classes and 0 folders.
[2017.10.06-22.02.58:135][727]PIE: Play in editor start time for /Game/Maps/UEDPIE_0_KS_Test 0.75
[2017.10.06-22.02.58:138][727]LogScriptCore: Warning: Script Msg: Divide by zero detected: 0.000000 / 0
Script call stack:
	Function /Game/Vehicles/Mercedes/Mercedes_BP.Mercedes_BP_C:ReceiveTick
	Function /Game/Vehicles/Mercedes/Mercedes_BP.Mercedes_BP_C:ExecuteUbergraph_Mercedes_BP
	Function /Game/Vehicles/Mercedes/Mercedes_BP.Mercedes_BP_C:Server Tick
	Function /Game/Vehicles/Mercedes/Mercedes_BP.Mercedes_BP_C:ExecuteUbergraph_Mercedes_BP
	Function /Game/Vehicles/Mercedes/Mercedes_BP.Mercedes_BP_C:Detect Drifting

[2017.10.06-22.02.58:138][727]LogScriptCore: Warning: Script Msg: Divide by zero detected: 0.000000 / 0
Script call stack:
	Function /Game/Vehicles/Mercedes/Mercedes_BP.Mercedes_BP_C:ReceiveTick
	Function /Game/Vehicles/Mercedes/Mercedes_BP.Mercedes_BP_C:ExecuteUbergraph_Mercedes_BP
	Function /Game/Vehicles/Mercedes/Mercedes_BP.Mercedes_BP_C:Server Tick
	Function /Game/Vehicles/Mercedes/Mercedes_BP.Mercedes_BP_C:ExecuteUbergraph_Mercedes_BP
	Function /Game/Vehicles/Mercedes/Mercedes_BP.Mercedes_BP_C:Detect Drifting

[2017.10.06-22.02.58:138][727]LogScriptCore: Warning: Script Msg: Divide by zero detected: 0.000000 / 0
Script call stack:
	Function /Game/Vehicles/Mercedes/Mercedes_BP.Mercedes_BP_C:ReceiveTick
	Function /Game/Vehicles/Mercedes/Mercedes_BP.Mercedes_BP_C:ExecuteUbergraph_Mercedes_BP
	Function /Game/Vehicles/Mercedes/Mercedes_BP.Mercedes_BP_C:Server Tick
	Function /Game/Vehicles/Mercedes/Mercedes_BP.Mercedes_BP_C:ExecuteUbergraph_Mercedes_BP
	Function /Game/Vehicles/Mercedes/Mercedes_BP.Mercedes_BP_C:Detect Drifting

[2017.10.06-22.02.58:138][727]LogScriptCore: Warning: Script Msg: Divide by zero detected: 0.000000 / 0
Script call stack:
	Function /Game/Vehicles/Mercedes/Mercedes_BP.Mercedes_BP_C:ReceiveTick
	Function /Game/Vehicles/Mercedes/Mercedes_BP.Mercedes_BP_C:ExecuteUbergraph_Mercedes_BP
	Function /Game/Vehicles/Mercedes/Mercedes_BP.Mercedes_BP_C:Server Tick
	Function /Game/Vehicles/Mercedes/Mercedes_BP.Mercedes_BP_C:ExecuteUbergraph_Mercedes_BP
	Function /Game/Vehicles/Mercedes/Mercedes_BP.Mercedes_BP_C:Detect Drifting

[2017.10.06-22.02.58:168][728]LogScriptCore: Warning: Script Msg: Divide by zero detected: 0.000000 / 0
Script call stack:
	Function /Game/Vehicles/Mercedes/Mercedes_BP.Mercedes_BP_C:ReceiveTick
	Function /Game/Vehicles/Mercedes/Mercedes_BP.Mercedes_BP_C:ExecuteUbergraph_Mercedes_BP
	Function /Game/Vehicles/Mercedes/Mercedes_BP.Mercedes_BP_C:Server Tick
	Function /Game/Vehicles/Mercedes/Mercedes_BP.Mercedes_BP_C:ExecuteUbergraph_Mercedes_BP
	Function /Game/Vehicles/Mercedes/Mercedes_BP.Mercedes_BP_C:Detect Drifting

[2017.10.06-22.02.58:168][728]LogScriptCore: Warning: Script Msg: Divide by zero detected: 0.000000 / 0
Script call stack:
	Function /Game/Vehicles/Mercedes/Mercedes_BP.Mercedes_BP_C:ReceiveTick
	Function /Game/Vehicles/Mercedes/Mercedes_BP.Mercedes_BP_C:ExecuteUbergraph_Mercedes_BP
	Function /Game/Vehicles/Mercedes/Mercedes_BP.Mercedes_BP_C:Server Tick
	Function /Game/Vehicles/Mercedes/Mercedes_BP.Mercedes_BP_C:ExecuteUbergraph_Mercedes_BP
	Function /Game/Vehicles/Mercedes/Mercedes_BP.Mercedes_BP_C:Detect Drifting

[2017.10.06-22.02.58:168][728]LogScriptCore: Warning: Script Msg: Divide by zero detected: 0.000000 / 0
Script call stack:
	Function /Game/Vehicles/Mercedes/Mercedes_BP.Mercedes_BP_C:ReceiveTick
	Function /Game/Vehicles/Mercedes/Mercedes_BP.Mercedes_BP_C:ExecuteUbergraph_Mercedes_BP
	Function /Game/Vehicles/Mercedes/Mercedes_BP.Mercedes_BP_C:Server Tick
	Function /Game/Vehicles/Mercedes/Mercedes_BP.Mercedes_BP_C:ExecuteUbergraph_Mercedes_BP
	Function /Game/Vehicles/Mercedes/Mercedes_BP.Mercedes_BP_C:Detect Drifting

[2017.10.06-22.02.58:168][728]LogScriptCore: Warning: Script Msg: Divide by zero detected: 0.000000 / 0
Script call stack:
	Function /Game/Vehicles/Mercedes/Mercedes_BP.Mercedes_BP_C:ReceiveTick
	Function /Game/Vehicles/Mercedes/Mercedes_BP.Mercedes_BP_C:ExecuteUbergraph_Mercedes_BP
	Function /Game/Vehicles/Mercedes/Mercedes_BP.Mercedes_BP_C:Server Tick
	Function /Game/Vehicles/Mercedes/Mercedes_BP.Mercedes_BP_C:ExecuteUbergraph_Mercedes_BP
	Function /Game/Vehicles/Mercedes/Mercedes_BP.Mercedes_BP_C:Detect Drifting

[2017.10.06-22.03.18:644][329]LogTemp: Repeating last play command: Selected Viewport
[2017.10.06-22.03.18:677][329]LogPlayLevel: PlayLevel: No blueprints needed recompiling
[2017.10.06-22.03.18:677][329]PIE: New page: PIE session: KS_Test (Oct 6, 2017, 2:03:18 PM)
[2017.10.06-22.03.18:677][329]LogPlayLevel: Creating play world package: /Game/Maps/UEDPIE_0_KS_Test
[2017.10.06-22.03.19:504][329]LogPlayLevel: PIE: StaticDuplicateObject took: (0.826344s)
[2017.10.06-22.03.19:505][329]LogAIModule: Creating AISystem for world KS_Test
[2017.10.06-22.03.19:506][329]LogPlayLevel: PIE: World Init took: (0.001891s)
[2017.10.06-22.03.19:506][329]LogPlayLevel: PIE: Created PIE world by copying editor world from /Game/Maps/KS_Test.KS_Test to /Game/Maps/UEDPIE_0_KS_Test.KS_Test (0.828938s)
[2017.10.06-22.03.19:537][329]LogInit: XAudio2 using 'Speaker/HP (Realtek High Definition Audio)' : 2 channels at 48 kHz using 32 bits per sample (channel mask 0x3)
[2017.10.06-22.03.19:548][329]LogInit: FAudioDevice initialized.
[2017.10.06-22.03.19:578][329]LogLoad: Game class is 'Driving_Mode_C'
[2017.10.06-22.03.19:675][329]LogWorld: Bringing World /Game/Maps/UEDPIE_0_KS_Test.KS_Test up for play (max tick rate 60) at 2017.10.06-18.03.19
[2017.10.06-22.03.19:696][329]LogWorld: Bringing up level for play took: 0.117561
[2017.10.06-22.03.19:700][329]PIE: Play in editor start time for /Game/Maps/UEDPIE_0_KS_Test 0.315
[2017.10.06-22.03.19:703][329]LogScriptCore: Warning: Script Msg: Divide by zero detected: 0.000000 / 0
Script call stack:
	Function /Game/Vehicles/Mercedes/Mercedes_BP.Mercedes_BP_C:ReceiveTick
	Function /Game/Vehicles/Mercedes/Mercedes_BP.Mercedes_BP_C:ExecuteUbergraph_Mercedes_BP
	Function /Game/Vehicles/Mercedes/Mercedes_BP.Mercedes_BP_C:Server Tick
	Function /Game/Vehicles/Mercedes/Mercedes_BP.Mercedes_BP_C:ExecuteUbergraph_Mercedes_BP
	Function /Game/Vehicles/Mercedes/Mercedes_BP.Mercedes_BP_C:Detect Drifting

[2017.10.06-22.03.19:703][329]LogScriptCore: Warning: Script Msg: Divide by zero detected: 0.000000 / 0
Script call stack:
	Function /Game/Vehicles/Mercedes/Mercedes_BP.Mercedes_BP_C:ReceiveTick
	Function /Game/Vehicles/Mercedes/Mercedes_BP.Mercedes_BP_C:ExecuteUbergraph_Mercedes_BP
	Function /Game/Vehicles/Mercedes/Mercedes_BP.Mercedes_BP_C:Server Tick
	Function /Game/Vehicles/Mercedes/Mercedes_BP.Mercedes_BP_C:ExecuteUbergraph_Mercedes_BP
	Function /Game/Vehicles/Mercedes/Mercedes_BP.Mercedes_BP_C:Detect Drifting

[2017.10.06-22.03.19:703][329]LogScriptCore: Warning: Script Msg: Divide by zero detected: 0.000000 / 0
Script call stack:
	Function /Game/Vehicles/Mercedes/Mercedes_BP.Mercedes_BP_C:ReceiveTick
	Function /Game/Vehicles/Mercedes/Mercedes_BP.Mercedes_BP_C:ExecuteUbergraph_Mercedes_BP
	Function /Game/Vehicles/Mercedes/Mercedes_BP.Mercedes_BP_C:Server Tick
	Function /Game/Vehicles/Mercedes/Mercedes_BP.Mercedes_BP_C:ExecuteUbergraph_Mercedes_BP
	Function /Game/Vehicles/Mercedes/Mercedes_BP.Mercedes_BP_C:Detect Drifting

[2017.10.06-22.03.19:703][329]LogScriptCore: Warning: Script Msg: Divide by zero detected: 0.000000 / 0
Script call stack:
	Function /Game/Vehicles/Mercedes/Mercedes_BP.Mercedes_BP_C:ReceiveTick
	Function /Game/Vehicles/Mercedes/Mercedes_BP.Mercedes_BP_C:ExecuteUbergraph_Mercedes_BP
	Function /Game/Vehicles/Mercedes/Mercedes_BP.Mercedes_BP_C:Server Tick
	Function /Game/Vehicles/Mercedes/Mercedes_BP.Mercedes_BP_C:ExecuteUbergraph_Mercedes_BP
	Function /Game/Vehicles/Mercedes/Mercedes_BP.Mercedes_BP_C:Detect Drifting

[2017.10.06-22.03.19:721][330]LogScriptCore: Warning: Script Msg: Divide by zero detected: 0.000000 / 0
Script call stack:
	Function /Game/Vehicles/Mercedes/Mercedes_BP.Mercedes_BP_C:ReceiveTick
	Function /Game/Vehicles/Mercedes/Mercedes_BP.Mercedes_BP_C:ExecuteUbergraph_Mercedes_BP
	Function /Game/Vehicles/Mercedes/Mercedes_BP.Mercedes_BP_C:Server Tick
	Function /Game/Vehicles/Mercedes/Mercedes_BP.Mercedes_BP_C:ExecuteUbergraph_Mercedes_BP
	Function /Game/Vehicles/Mercedes/Mercedes_BP.Mercedes_BP_C:Detect Drifting

[2017.10.06-22.03.19:721][330]LogScriptCore: Warning: Script Msg: Divide by zero detected: 0.000000 / 0
Script call stack:
	Function /Game/Vehicles/Mercedes/Mercedes_BP.Mercedes_BP_C:ReceiveTick
	Function /Game/Vehicles/Mercedes/Mercedes_BP.Mercedes_BP_C:ExecuteUbergraph_Mercedes_BP
	Function /Game/Vehicles/Mercedes/Mercedes_BP.Mercedes_BP_C:Server Tick
	Function /Game/Vehicles/Mercedes/Mercedes_BP.Mercedes_BP_C:ExecuteUbergraph_Mercedes_BP
	Function /Game/Vehicles/Mercedes/Mercedes_BP.Mercedes_BP_C:Detect Drifting

[2017.10.06-22.03.19:721][330]LogScriptCore: Warning: Script Msg: Divide by zero detected: 0.000000 / 0
Script call stack:
	Function /Game/Vehicles/Mercedes/Mercedes_BP.Mercedes_BP_C:ReceiveTick
	Function /Game/Vehicles/Mercedes/Mercedes_BP.Mercedes_BP_C:ExecuteUbergraph_Mercedes_BP
	Function /Game/Vehicles/Mercedes/Mercedes_BP.Mercedes_BP_C:Server Tick
	Function /Game/Vehicles/Mercedes/Mercedes_BP.Mercedes_BP_C:ExecuteUbergraph_Mercedes_BP
	Function /Game/Vehicles/Mercedes/Mercedes_BP.Mercedes_BP_C:Detect Drifting

[2017.10.06-22.03.19:721][330]LogScriptCore: Warning: Script Msg: Divide by zero detected: 0.000000 / 0
Script call stack:
	Function /Game/Vehicles/Mercedes/Mercedes_BP.Mercedes_BP_C:ReceiveTick
	Function /Game/Vehicles/Mercedes/Mercedes_BP.Mercedes_BP_C:ExecuteUbergraph_Mercedes_BP
	Function /Game/Vehicles/Mercedes/Mercedes_BP.Mercedes_BP_C:Server Tick
	Function /Game/Vehicles/Mercedes/Mercedes_BP.Mercedes_BP_C:ExecuteUbergraph_Mercedes_BP
	Function /Game/Vehicles/Mercedes/Mercedes_BP.Mercedes_BP_C:Detect Drifting

[2017.10.06-22.03.54:596][335]LogTemp: Repeating last play command: Selected Viewport
[2017.10.06-22.03.54:651][335]LogPlayLevel: PlayLevel: No blueprints needed recompiling
[2017.10.06-22.03.54:651][335]PIE: New page: PIE session: KS_Test (Oct 6, 2017, 2:03:54 PM)
[2017.10.06-22.03.54:651][335]LogPlayLevel: Creating play world package: /Game/Maps/UEDPIE_0_KS_Test
[2017.10.06-22.03.55:668][335]LogPlayLevel: PIE: StaticDuplicateObject took: (1.016566s)
[2017.10.06-22.03.55:668][335]LogAIModule: Creating AISystem for world KS_Test
[2017.10.06-22.03.55:669][335]LogPlayLevel: PIE: World Init took: (0.001150s)
[2017.10.06-22.03.55:669][335]LogPlayLevel: PIE: Created PIE world by copying editor world from /Game/Maps/KS_Test.KS_Test to /Game/Maps/UEDPIE_0_KS_Test.KS_Test (1.018185s)
[2017.10.06-22.03.55:701][335]LogInit: XAudio2 using 'Speaker/HP (Realtek High Definition Audio)' : 2 channels at 48 kHz using 32 bits per sample (channel mask 0x3)
[2017.10.06-22.03.55:711][335]LogInit: FAudioDevice initialized.
[2017.10.06-22.03.55:747][335]LogLoad: Game class is 'Driving_Mode_C'
[2017.10.06-22.03.55:847][335]LogWorld: Bringing World /Game/Maps/UEDPIE_0_KS_Test.KS_Test up for play (max tick rate 60) at 2017.10.06-18.03.55
[2017.10.06-22.03.55:870][335]LogWorld: Bringing up level for play took: 0.122608
[2017.10.06-22.03.55:874][335]PIE: Play in editor start time for /Game/Maps/UEDPIE_0_KS_Test 0.489
[2017.10.06-22.03.55:876][335]LogScriptCore: Warning: Script Msg: Divide by zero detected: 0.000000 / 0
Script call stack:
	Function /Game/Vehicles/Mercedes/Mercedes_BP.Mercedes_BP_C:ReceiveTick
	Function /Game/Vehicles/Mercedes/Mercedes_BP.Mercedes_BP_C:ExecuteUbergraph_Mercedes_BP
	Function /Game/Vehicles/Mercedes/Mercedes_BP.Mercedes_BP_C:Server Tick
	Function /Game/Vehicles/Mercedes/Mercedes_BP.Mercedes_BP_C:ExecuteUbergraph_Mercedes_BP
	Function /Game/Vehicles/Mercedes/Mercedes_BP.Mercedes_BP_C:Detect Drifting

[2017.10.06-22.03.55:877][335]LogScriptCore: Warning: Script Msg: Divide by zero detected: 0.000000 / 0
Script call stack:
	Function /Game/Vehicles/Mercedes/Mercedes_BP.Mercedes_BP_C:ReceiveTick
	Function /Game/Vehicles/Mercedes/Mercedes_BP.Mercedes_BP_C:ExecuteUbergraph_Mercedes_BP
	Function /Game/Vehicles/Mercedes/Mercedes_BP.Mercedes_BP_C:Server Tick
	Function /Game/Vehicles/Mercedes/Mercedes_BP.Mercedes_BP_C:ExecuteUbergraph_Mercedes_BP
	Function /Game/Vehicles/Mercedes/Mercedes_BP.Mercedes_BP_C:Detect Drifting

[2017.10.06-22.03.55:877][335]LogScriptCore: Warning: Script Msg: Divide by zero detected: 0.000000 / 0
Script call stack:
	Function /Game/Vehicles/Mercedes/Mercedes_BP.Mercedes_BP_C:ReceiveTick
	Function /Game/Vehicles/Mercedes/Mercedes_BP.Mercedes_BP_C:ExecuteUbergraph_Mercedes_BP
	Function /Game/Vehicles/Mercedes/Mercedes_BP.Mercedes_BP_C:Server Tick
	Function /Game/Vehicles/Mercedes/Mercedes_BP.Mercedes_BP_C:ExecuteUbergraph_Mercedes_BP
	Function /Game/Vehicles/Mercedes/Mercedes_BP.Mercedes_BP_C:Detect Drifting

[2017.10.06-22.03.55:877][335]LogScriptCore: Warning: Script Msg: Divide by zero detected: 0.000000 / 0
Script call stack:
	Function /Game/Vehicles/Mercedes/Mercedes_BP.Mercedes_BP_C:ReceiveTick
	Function /Game/Vehicles/Mercedes/Mercedes_BP.Mercedes_BP_C:ExecuteUbergraph_Mercedes_BP
	Function /Game/Vehicles/Mercedes/Mercedes_BP.Mercedes_BP_C:Server Tick
	Function /Game/Vehicles/Mercedes/Mercedes_BP.Mercedes_BP_C:ExecuteUbergraph_Mercedes_BP
	Function /Game/Vehicles/Mercedes/Mercedes_BP.Mercedes_BP_C:Detect Drifting

[2017.10.06-22.03.55:897][336]LogScriptCore: Warning: Script Msg: Divide by zero detected: 0.000000 / 0
Script call stack:
	Function /Game/Vehicles/Mercedes/Mercedes_BP.Mercedes_BP_C:ReceiveTick
	Function /Game/Vehicles/Mercedes/Mercedes_BP.Mercedes_BP_C:ExecuteUbergraph_Mercedes_BP
	Function /Game/Vehicles/Mercedes/Mercedes_BP.Mercedes_BP_C:Server Tick
	Function /Game/Vehicles/Mercedes/Mercedes_BP.Mercedes_BP_C:ExecuteUbergraph_Mercedes_BP
	Function /Game/Vehicles/Mercedes/Mercedes_BP.Mercedes_BP_C:Detect Drifting

[2017.10.06-22.03.55:897][336]LogScriptCore: Warning: Script Msg: Divide by zero detected: 0.000000 / 0
Script call stack:
	Function /Game/Vehicles/Mercedes/Mercedes_BP.Mercedes_BP_C:ReceiveTick
	Function /Game/Vehicles/Mercedes/Mercedes_BP.Mercedes_BP_C:ExecuteUbergraph_Mercedes_BP
	Function /Game/Vehicles/Mercedes/Mercedes_BP.Mercedes_BP_C:Server Tick
	Function /Game/Vehicles/Mercedes/Mercedes_BP.Mercedes_BP_C:ExecuteUbergraph_Mercedes_BP
	Function /Game/Vehicles/Mercedes/Mercedes_BP.Mercedes_BP_C:Detect Drifting

[2017.10.06-22.03.55:897][336]LogScriptCore: Warning: Script Msg: Divide by zero detected: 0.000000 / 0
Script call stack:
	Function /Game/Vehicles/Mercedes/Mercedes_BP.Mercedes_BP_C:ReceiveTick
	Function /Game/Vehicles/Mercedes/Mercedes_BP.Mercedes_BP_C:ExecuteUbergraph_Mercedes_BP
	Function /Game/Vehicles/Mercedes/Mercedes_BP.Mercedes_BP_C:Server Tick
	Function /Game/Vehicles/Mercedes/Mercedes_BP.Mercedes_BP_C:ExecuteUbergraph_Mercedes_BP
	Function /Game/Vehicles/Mercedes/Mercedes_BP.Mercedes_BP_C:Detect Drifting

[2017.10.06-22.03.55:898][336]LogScriptCore: Warning: Script Msg: Divide by zero detected: 0.000000 / 0
Script call stack:
	Function /Game/Vehicles/Mercedes/Mercedes_BP.Mercedes_BP_C:ReceiveTick
	Function /Game/Vehicles/Mercedes/Mercedes_BP.Mercedes_BP_C:ExecuteUbergraph_Mercedes_BP
	Function /Game/Vehicles/Mercedes/Mercedes_BP.Mercedes_BP_C:Server Tick
	Function /Game/Vehicles/Mercedes/Mercedes_BP.Mercedes_BP_C:ExecuteUbergraph_Mercedes_BP
	Function /Game/Vehicles/Mercedes/Mercedes_BP.Mercedes_BP_C:Detect Drifting

[2017.10.06-22.04.28:255][227]LogStats: FPlatformStackWalk::StackWalkAndDump -  0.465 s
[2017.10.06-22.04.28:255][227]LogOutputDevice: Error: === Handled ensure: ===
[2017.10.06-22.04.28:255][227]LogOutputDevice: Error: 
[2017.10.06-22.04.28:255][227]LogOutputDevice: Error: Ensure condition failed: !Primitive->Bounds.BoxExtent.ContainsNaN() && !Primitive->Bounds.Origin.ContainsNaN() && !FMath::IsNaN(Primitive->Bounds.SphereRadius) && FMath::IsFinite(Primitive->Bounds.SphereRadius) [File:D:\Build\++UE4+Release-4.17+Compile\Sync\Engine\Source\Runtime\Renderer\Private\RendererScene.cpp] [Line: 877]
[2017.10.06-22.04.28:255][227]LogOutputDevice: Error: Nans found on Bounds for Primitive Object: Origin X=-nan(ind) Y=-nan(ind) Z=-nan(ind), BoxExtent X=nan Y=nan Z=nan, SphereRadius -nan(ind)
[2017.10.06-22.04.28:255][227]LogOutputDevice: Error: Stack: 
[2017.10.06-22.04.28:255][227]LogOutputDevice: Error: UE4Editor-Core.dll!0x00000000752D3606
[2017.10.06-22.04.28:255][227]LogOutputDevice: Error: UE4Editor-Core.dll!0x000000007505C2D2
[2017.10.06-22.04.28:255][227]LogOutputDevice: Error: UE4Editor-Core.dll!0x0000000075074746
[2017.10.06-22.04.28:255][227]LogOutputDevice: Error: UE4Editor-Renderer.dll!0x00000000503A55B7
[2017.10.06-22.04.28:255][227]LogOutputDevice: Error: UE4Editor-Engine.dll!0x0000000053D73F3C
[2017.10.06-22.04.28:255][227]LogOutputDevice: Error: UE4Editor-Engine.dll!0x0000000053C7AAF9
[2017.10.06-22.04.28:255][227]LogOutputDevice: Error: UE4Editor-Engine.dll!0x0000000054167167
[2017.10.06-22.04.28:255][227]LogOutputDevice: Error: UE4Editor-Engine.dll!0x000000005419ED6D
[2017.10.06-22.04.28:255][227]LogOutputDevice: Error: UE4Editor-Engine.dll!0x00000000541B2B1C
[2017.10.06-22.04.28:255][227]LogOutputDevice: Error: UE4Editor-Renderer.dll!0x00000000503E91EB
[2017.10.06-22.04.28:255][227]LogOutputDevice: Error: UE4Editor-Engine.dll!0x0000000053F86690
[2017.10.06-22.04.28:255][227]LogOutputDevice: Error: UE4Editor-Engine.dll!0x00000000548F2232
[2017.10.06-22.04.28:255][227]LogOutputDevice: Error: UE4Editor-UnrealEd.dll!0x000000005E6BD1D3
[2017.10.06-22.04.28:255][227]LogOutputDevice: Error: UE4Editor-UnrealEd.dll!0x000000005EF4CEE6
[2017.10.06-22.04.28:255][227]LogOutputDevice: Error: UE4Editor.exe!0x0000000002AB534A
[2017.10.06-22.04.28:255][227]LogOutputDevice: Error: UE4Editor.exe!0x0000000002AC3970
[2017.10.06-22.04.28:255][227]LogOutputDevice: Error: UE4Editor.exe!0x0000000002AC39EA
[2017.10.06-22.04.28:255][227]LogOutputDevice: Error: UE4Editor.exe!0x0000000002AD02D9
[2017.10.06-22.04.28:255][227]LogOutputDevice: Error: UE4Editor.exe!0x0000000002AD1C47
[2017.10.06-22.04.28:256][227]LogOutputDevice: Error: KERNEL32.DLL!0x00000000B1E02774
[2017.10.06-22.04.28:256][227]LogOutputDevice: Error: ntdll.dll!0x00000000B36D0D51
[2017.10.06-22.04.28:256][227]LogOutputDevice: Error: 
[2017.10.06-22.04.28:266][227]LogStats:                SubmitErrorReport -  0.000 s
[2017.10.06-22.04.28:775][227]LogStats:                    SendNewReport -  0.509 s
[2017.10.06-22.04.28:775][227]LogStats:             FDebug::EnsureFailed -  0.985 s
[2017.10.06-22.04.28:787][228]LogActor: Warning: Debris_Skeletal_BP_15 is outside the world bounds!
[2017.10.06-22.05.16:636][570]LogTemp: Repeating last play command: Selected Viewport
[2017.10.06-22.05.16:689][570]LogPlayLevel: PlayLevel: No blueprints needed recompiling
[2017.10.06-22.05.16:689][570]PIE: New page: PIE session: KS_Test (Oct 6, 2017, 2:05:16 PM)
[2017.10.06-22.05.16:690][570]LogPlayLevel: Creating play world package: /Game/Maps/UEDPIE_0_KS_Test
[2017.10.06-22.05.17:686][570]LogPlayLevel: PIE: StaticDuplicateObject took: (0.996401s)
[2017.10.06-22.05.17:687][570]LogAIModule: Creating AISystem for world KS_Test
[2017.10.06-22.05.17:688][570]LogPlayLevel: PIE: World Init took: (0.001021s)
[2017.10.06-22.05.17:688][570]LogPlayLevel: PIE: Created PIE world by copying editor world from /Game/Maps/KS_Test.KS_Test to /Game/Maps/UEDPIE_0_KS_Test.KS_Test (0.997853s)
[2017.10.06-22.05.17:717][570]LogInit: XAudio2 using 'Speaker/HP (Realtek High Definition Audio)' : 2 channels at 48 kHz using 32 bits per sample (channel mask 0x3)
[2017.10.06-22.05.17:727][570]LogInit: FAudioDevice initialized.
[2017.10.06-22.05.17:760][570]LogLoad: Game class is 'Driving_Mode_C'
[2017.10.06-22.05.17:859][570]LogWorld: Bringing World /Game/Maps/UEDPIE_0_KS_Test.KS_Test up for play (max tick rate 60) at 2017.10.06-18.05.17
[2017.10.06-22.05.17:881][570]LogWorld: Bringing up level for play took: 0.120147
[2017.10.06-22.05.17:885][570]PIE: Play in editor start time for /Game/Maps/UEDPIE_0_KS_Test 0.5
[2017.10.06-22.05.17:887][570]LogScriptCore: Warning: Script Msg: Divide by zero detected: 0.000000 / 0
Script call stack:
	Function /Game/Vehicles/Mercedes/Mercedes_BP.Mercedes_BP_C:ReceiveTick
	Function /Game/Vehicles/Mercedes/Mercedes_BP.Mercedes_BP_C:ExecuteUbergraph_Mercedes_BP
	Function /Game/Vehicles/Mercedes/Mercedes_BP.Mercedes_BP_C:Server Tick
	Function /Game/Vehicles/Mercedes/Mercedes_BP.Mercedes_BP_C:ExecuteUbergraph_Mercedes_BP
	Function /Game/Vehicles/Mercedes/Mercedes_BP.Mercedes_BP_C:Detect Drifting

[2017.10.06-22.05.17:888][570]LogScriptCore: Warning: Script Msg: Divide by zero detected: 0.000000 / 0
Script call stack:
	Function /Game/Vehicles/Mercedes/Mercedes_BP.Mercedes_BP_C:ReceiveTick
	Function /Game/Vehicles/Mercedes/Mercedes_BP.Mercedes_BP_C:ExecuteUbergraph_Mercedes_BP
	Function /Game/Vehicles/Mercedes/Mercedes_BP.Mercedes_BP_C:Server Tick
	Function /Game/Vehicles/Mercedes/Mercedes_BP.Mercedes_BP_C:ExecuteUbergraph_Mercedes_BP
	Function /Game/Vehicles/Mercedes/Mercedes_BP.Mercedes_BP_C:Detect Drifting

[2017.10.06-22.05.17:888][570]LogScriptCore: Warning: Script Msg: Divide by zero detected: 0.000000 / 0
Script call stack:
	Function /Game/Vehicles/Mercedes/Mercedes_BP.Mercedes_BP_C:ReceiveTick
	Function /Game/Vehicles/Mercedes/Mercedes_BP.Mercedes_BP_C:ExecuteUbergraph_Mercedes_BP
	Function /Game/Vehicles/Mercedes/Mercedes_BP.Mercedes_BP_C:Server Tick
	Function /Game/Vehicles/Mercedes/Mercedes_BP.Mercedes_BP_C:ExecuteUbergraph_Mercedes_BP
	Function /Game/Vehicles/Mercedes/Mercedes_BP.Mercedes_BP_C:Detect Drifting

[2017.10.06-22.05.17:888][570]LogScriptCore: Warning: Script Msg: Divide by zero detected: 0.000000 / 0
Script call stack:
	Function /Game/Vehicles/Mercedes/Mercedes_BP.Mercedes_BP_C:ReceiveTick
	Function /Game/Vehicles/Mercedes/Mercedes_BP.Mercedes_BP_C:ExecuteUbergraph_Mercedes_BP
	Function /Game/Vehicles/Mercedes/Mercedes_BP.Mercedes_BP_C:Server Tick
	Function /Game/Vehicles/Mercedes/Mercedes_BP.Mercedes_BP_C:ExecuteUbergraph_Mercedes_BP
	Function /Game/Vehicles/Mercedes/Mercedes_BP.Mercedes_BP_C:Detect Drifting

[2017.10.06-22.05.17:904][571]LogScriptCore: Warning: Script Msg: Divide by zero detected: 0.000000 / 0
Script call stack:
	Function /Game/Vehicles/Mercedes/Mercedes_BP.Mercedes_BP_C:ReceiveTick
	Function /Game/Vehicles/Mercedes/Mercedes_BP.Mercedes_BP_C:ExecuteUbergraph_Mercedes_BP
	Function /Game/Vehicles/Mercedes/Mercedes_BP.Mercedes_BP_C:Server Tick
	Function /Game/Vehicles/Mercedes/Mercedes_BP.Mercedes_BP_C:ExecuteUbergraph_Mercedes_BP
	Function /Game/Vehicles/Mercedes/Mercedes_BP.Mercedes_BP_C:Detect Drifting

[2017.10.06-22.05.17:904][571]LogScriptCore: Warning: Script Msg: Divide by zero detected: 0.000000 / 0
Script call stack:
	Function /Game/Vehicles/Mercedes/Mercedes_BP.Mercedes_BP_C:ReceiveTick
	Function /Game/Vehicles/Mercedes/Mercedes_BP.Mercedes_BP_C:ExecuteUbergraph_Mercedes_BP
	Function /Game/Vehicles/Mercedes/Mercedes_BP.Mercedes_BP_C:Server Tick
	Function /Game/Vehicles/Mercedes/Mercedes_BP.Mercedes_BP_C:ExecuteUbergraph_Mercedes_BP
	Function /Game/Vehicles/Mercedes/Mercedes_BP.Mercedes_BP_C:Detect Drifting

[2017.10.06-22.05.17:905][571]LogScriptCore: Warning: Script Msg: Divide by zero detected: 0.000000 / 0
Script call stack:
	Function /Game/Vehicles/Mercedes/Mercedes_BP.Mercedes_BP_C:ReceiveTick
	Function /Game/Vehicles/Mercedes/Mercedes_BP.Mercedes_BP_C:ExecuteUbergraph_Mercedes_BP
	Function /Game/Vehicles/Mercedes/Mercedes_BP.Mercedes_BP_C:Server Tick
	Function /Game/Vehicles/Mercedes/Mercedes_BP.Mercedes_BP_C:ExecuteUbergraph_Mercedes_BP
	Function /Game/Vehicles/Mercedes/Mercedes_BP.Mercedes_BP_C:Detect Drifting

[2017.10.06-22.05.17:905][571]LogScriptCore: Warning: Script Msg: Divide by zero detected: 0.000000 / 0
Script call stack:
	Function /Game/Vehicles/Mercedes/Mercedes_BP.Mercedes_BP_C:ReceiveTick
	Function /Game/Vehicles/Mercedes/Mercedes_BP.Mercedes_BP_C:ExecuteUbergraph_Mercedes_BP
	Function /Game/Vehicles/Mercedes/Mercedes_BP.Mercedes_BP_C:Server Tick
	Function /Game/Vehicles/Mercedes/Mercedes_BP.Mercedes_BP_C:ExecuteUbergraph_Mercedes_BP
	Function /Game/Vehicles/Mercedes/Mercedes_BP.Mercedes_BP_C:Detect Drifting

[2017.10.06-22.06.53:765][648]LogTemp: Repeating last play command: Selected Viewport
[2017.10.06-22.06.53:828][648]LogPlayLevel: PlayLevel: No blueprints needed recompiling
[2017.10.06-22.06.53:828][648]PIE: New page: PIE session: KS_Test (Oct 6, 2017, 2:06:53 PM)
[2017.10.06-22.06.53:828][648]LogPlayLevel: Creating play world package: /Game/Maps/UEDPIE_0_KS_Test
[2017.10.06-22.06.54:850][648]LogPlayLevel: PIE: StaticDuplicateObject took: (1.020836s)
[2017.10.06-22.06.54:850][648]LogAIModule: Creating AISystem for world KS_Test
[2017.10.06-22.06.54:850][648]LogPlayLevel: PIE: World Init took: (0.000855s)
[2017.10.06-22.06.54:851][648]LogPlayLevel: PIE: Created PIE world by copying editor world from /Game/Maps/KS_Test.KS_Test to /Game/Maps/UEDPIE_0_KS_Test.KS_Test (1.022146s)
[2017.10.06-22.06.54:881][648]LogInit: XAudio2 using 'Speaker/HP (Realtek High Definition Audio)' : 2 channels at 48 kHz using 32 bits per sample (channel mask 0x3)
[2017.10.06-22.06.54:891][648]LogInit: FAudioDevice initialized.
[2017.10.06-22.06.54:925][648]LogLoad: Game class is 'Driving_Mode_C'
[2017.10.06-22.06.55:021][648]LogWorld: Bringing World /Game/Maps/UEDPIE_0_KS_Test.KS_Test up for play (max tick rate 60) at 2017.10.06-18.06.55
[2017.10.06-22.06.55:046][648]LogWorld: Bringing up level for play took: 0.119564
[2017.10.06-22.06.55:049][648]PIE: Play in editor start time for /Game/Maps/UEDPIE_0_KS_Test 1.664
[2017.10.06-22.06.55:051][648]LogScriptCore: Warning: Script Msg: Divide by zero detected: 0.000000 / 0
Script call stack:
	Function /Game/Vehicles/Mercedes/Mercedes_BP.Mercedes_BP_C:ReceiveTick
	Function /Game/Vehicles/Mercedes/Mercedes_BP.Mercedes_BP_C:ExecuteUbergraph_Mercedes_BP
	Function /Game/Vehicles/Mercedes/Mercedes_BP.Mercedes_BP_C:Server Tick
	Function /Game/Vehicles/Mercedes/Mercedes_BP.Mercedes_BP_C:ExecuteUbergraph_Mercedes_BP
	Function /Game/Vehicles/Mercedes/Mercedes_BP.Mercedes_BP_C:Detect Drifting

[2017.10.06-22.06.55:051][648]LogScriptCore: Warning: Script Msg: Divide by zero detected: 0.000000 / 0
Script call stack:
	Function /Game/Vehicles/Mercedes/Mercedes_BP.Mercedes_BP_C:ReceiveTick
	Function /Game/Vehicles/Mercedes/Mercedes_BP.Mercedes_BP_C:ExecuteUbergraph_Mercedes_BP
	Function /Game/Vehicles/Mercedes/Mercedes_BP.Mercedes_BP_C:Server Tick
	Function /Game/Vehicles/Mercedes/Mercedes_BP.Mercedes_BP_C:ExecuteUbergraph_Mercedes_BP
	Function /Game/Vehicles/Mercedes/Mercedes_BP.Mercedes_BP_C:Detect Drifting

[2017.10.06-22.06.55:052][648]LogScriptCore: Warning: Script Msg: Divide by zero detected: 0.000000 / 0
Script call stack:
	Function /Game/Vehicles/Mercedes/Mercedes_BP.Mercedes_BP_C:ReceiveTick
	Function /Game/Vehicles/Mercedes/Mercedes_BP.Mercedes_BP_C:ExecuteUbergraph_Mercedes_BP
	Function /Game/Vehicles/Mercedes/Mercedes_BP.Mercedes_BP_C:Server Tick
	Function /Game/Vehicles/Mercedes/Mercedes_BP.Mercedes_BP_C:ExecuteUbergraph_Mercedes_BP
	Function /Game/Vehicles/Mercedes/Mercedes_BP.Mercedes_BP_C:Detect Drifting

[2017.10.06-22.06.55:052][648]LogScriptCore: Warning: Script Msg: Divide by zero detected: 0.000000 / 0
Script call stack:
	Function /Game/Vehicles/Mercedes/Mercedes_BP.Mercedes_BP_C:ReceiveTick
	Function /Game/Vehicles/Mercedes/Mercedes_BP.Mercedes_BP_C:ExecuteUbergraph_Mercedes_BP
	Function /Game/Vehicles/Mercedes/Mercedes_BP.Mercedes_BP_C:Server Tick
	Function /Game/Vehicles/Mercedes/Mercedes_BP.Mercedes_BP_C:ExecuteUbergraph_Mercedes_BP
	Function /Game/Vehicles/Mercedes/Mercedes_BP.Mercedes_BP_C:Detect Drifting

[2017.10.06-22.06.55:071][649]LogScriptCore: Warning: Script Msg: Divide by zero detected: 0.000000 / 0
Script call stack:
	Function /Game/Vehicles/Mercedes/Mercedes_BP.Mercedes_BP_C:ReceiveTick
	Function /Game/Vehicles/Mercedes/Mercedes_BP.Mercedes_BP_C:ExecuteUbergraph_Mercedes_BP
	Function /Game/Vehicles/Mercedes/Mercedes_BP.Mercedes_BP_C:Server Tick
	Function /Game/Vehicles/Mercedes/Mercedes_BP.Mercedes_BP_C:ExecuteUbergraph_Mercedes_BP
	Function /Game/Vehicles/Mercedes/Mercedes_BP.Mercedes_BP_C:Detect Drifting

[2017.10.06-22.06.55:071][649]LogScriptCore: Warning: Script Msg: Divide by zero detected: 0.000000 / 0
Script call stack:
	Function /Game/Vehicles/Mercedes/Mercedes_BP.Mercedes_BP_C:ReceiveTick
	Function /Game/Vehicles/Mercedes/Mercedes_BP.Mercedes_BP_C:ExecuteUbergraph_Mercedes_BP
	Function /Game/Vehicles/Mercedes/Mercedes_BP.Mercedes_BP_C:Server Tick
	Function /Game/Vehicles/Mercedes/Mercedes_BP.Mercedes_BP_C:ExecuteUbergraph_Mercedes_BP
	Function /Game/Vehicles/Mercedes/Mercedes_BP.Mercedes_BP_C:Detect Drifting

[2017.10.06-22.06.55:071][649]LogScriptCore: Warning: Script Msg: Divide by zero detected: 0.000000 / 0
Script call stack:
	Function /Game/Vehicles/Mercedes/Mercedes_BP.Mercedes_BP_C:ReceiveTick
	Function /Game/Vehicles/Mercedes/Mercedes_BP.Mercedes_BP_C:ExecuteUbergraph_Mercedes_BP
	Function /Game/Vehicles/Mercedes/Mercedes_BP.Mercedes_BP_C:Server Tick
	Function /Game/Vehicles/Mercedes/Mercedes_BP.Mercedes_BP_C:ExecuteUbergraph_Mercedes_BP
	Function /Game/Vehicles/Mercedes/Mercedes_BP.Mercedes_BP_C:Detect Drifting

[2017.10.06-22.06.55:071][649]LogScriptCore: Warning: Script Msg: Divide by zero detected: 0.000000 / 0
Script call stack:
	Function /Game/Vehicles/Mercedes/Mercedes_BP.Mercedes_BP_C:ReceiveTick
	Function /Game/Vehicles/Mercedes/Mercedes_BP.Mercedes_BP_C:ExecuteUbergraph_Mercedes_BP
	Function /Game/Vehicles/Mercedes/Mercedes_BP.Mercedes_BP_C:Server Tick
	Function /Game/Vehicles/Mercedes/Mercedes_BP.Mercedes_BP_C:ExecuteUbergraph_Mercedes_BP
	Function /Game/Vehicles/Mercedes/Mercedes_BP.Mercedes_BP_C:Detect Drifting

[2017.10.06-22.07.16:043][255]LogTemp: Repeating last play command: Selected Viewport
[2017.10.06-22.07.16:097][255]LogPlayLevel: PlayLevel: No blueprints needed recompiling
[2017.10.06-22.07.16:097][255]PIE: New page: PIE session: KS_Test (Oct 6, 2017, 2:07:16 PM)
[2017.10.06-22.07.16:097][255]LogPlayLevel: Creating play world package: /Game/Maps/UEDPIE_0_KS_Test
[2017.10.06-22.07.17:096][255]LogPlayLevel: PIE: StaticDuplicateObject took: (0.998742s)
[2017.10.06-22.07.17:097][255]LogAIModule: Creating AISystem for world KS_Test
[2017.10.06-22.07.17:097][255]LogPlayLevel: PIE: World Init took: (0.001109s)
[2017.10.06-22.07.17:097][255]LogPlayLevel: PIE: Created PIE world by copying editor world from /Game/Maps/KS_Test.KS_Test to /Game/Maps/UEDPIE_0_KS_Test.KS_Test (1.000256s)
[2017.10.06-22.07.17:129][255]LogInit: XAudio2 using 'Speaker/HP (Realtek High Definition Audio)' : 2 channels at 48 kHz using 32 bits per sample (channel mask 0x3)
[2017.10.06-22.07.17:140][255]LogInit: FAudioDevice initialized.
[2017.10.06-22.07.17:170][255]LogLoad: Game class is 'Driving_Mode_C'
[2017.10.06-22.07.17:270][255]LogWorld: Bringing World /Game/Maps/UEDPIE_0_KS_Test.KS_Test up for play (max tick rate 60) at 2017.10.06-18.07.17
[2017.10.06-22.07.17:294][255]LogWorld: Bringing up level for play took: 0.122659
[2017.10.06-22.07.17:300][255]PIE: Play in editor start time for /Game/Maps/UEDPIE_0_KS_Test 1.914
[2017.10.06-22.07.17:302][255]LogScriptCore: Warning: Script Msg: Divide by zero detected: 0.000000 / 0
Script call stack:
	Function /Game/Vehicles/Mercedes/Mercedes_BP.Mercedes_BP_C:ReceiveTick
	Function /Game/Vehicles/Mercedes/Mercedes_BP.Mercedes_BP_C:ExecuteUbergraph_Mercedes_BP
	Function /Game/Vehicles/Mercedes/Mercedes_BP.Mercedes_BP_C:Server Tick
	Function /Game/Vehicles/Mercedes/Mercedes_BP.Mercedes_BP_C:ExecuteUbergraph_Mercedes_BP
	Function /Game/Vehicles/Mercedes/Mercedes_BP.Mercedes_BP_C:Detect Drifting

[2017.10.06-22.07.17:302][255]LogScriptCore: Warning: Script Msg: Divide by zero detected: 0.000000 / 0
Script call stack:
	Function /Game/Vehicles/Mercedes/Mercedes_BP.Mercedes_BP_C:ReceiveTick
	Function /Game/Vehicles/Mercedes/Mercedes_BP.Mercedes_BP_C:ExecuteUbergraph_Mercedes_BP
	Function /Game/Vehicles/Mercedes/Mercedes_BP.Mercedes_BP_C:Server Tick
	Function /Game/Vehicles/Mercedes/Mercedes_BP.Mercedes_BP_C:ExecuteUbergraph_Mercedes_BP
	Function /Game/Vehicles/Mercedes/Mercedes_BP.Mercedes_BP_C:Detect Drifting

[2017.10.06-22.07.17:302][255]LogScriptCore: Warning: Script Msg: Divide by zero detected: 0.000000 / 0
Script call stack:
	Function /Game/Vehicles/Mercedes/Mercedes_BP.Mercedes_BP_C:ReceiveTick
	Function /Game/Vehicles/Mercedes/Mercedes_BP.Mercedes_BP_C:ExecuteUbergraph_Mercedes_BP
	Function /Game/Vehicles/Mercedes/Mercedes_BP.Mercedes_BP_C:Server Tick
	Function /Game/Vehicles/Mercedes/Mercedes_BP.Mercedes_BP_C:ExecuteUbergraph_Mercedes_BP
	Function /Game/Vehicles/Mercedes/Mercedes_BP.Mercedes_BP_C:Detect Drifting

[2017.10.06-22.07.17:302][255]LogScriptCore: Warning: Script Msg: Divide by zero detected: 0.000000 / 0
Script call stack:
	Function /Game/Vehicles/Mercedes/Mercedes_BP.Mercedes_BP_C:ReceiveTick
	Function /Game/Vehicles/Mercedes/Mercedes_BP.Mercedes_BP_C:ExecuteUbergraph_Mercedes_BP
	Function /Game/Vehicles/Mercedes/Mercedes_BP.Mercedes_BP_C:Server Tick
	Function /Game/Vehicles/Mercedes/Mercedes_BP.Mercedes_BP_C:ExecuteUbergraph_Mercedes_BP
	Function /Game/Vehicles/Mercedes/Mercedes_BP.Mercedes_BP_C:Detect Drifting

[2017.10.06-22.07.17:318][256]LogScriptCore: Warning: Script Msg: Divide by zero detected: 0.000000 / 0
Script call stack:
	Function /Game/Vehicles/Mercedes/Mercedes_BP.Mercedes_BP_C:ReceiveTick
	Function /Game/Vehicles/Mercedes/Mercedes_BP.Mercedes_BP_C:ExecuteUbergraph_Mercedes_BP
	Function /Game/Vehicles/Mercedes/Mercedes_BP.Mercedes_BP_C:Server Tick
	Function /Game/Vehicles/Mercedes/Mercedes_BP.Mercedes_BP_C:ExecuteUbergraph_Mercedes_BP
	Function /Game/Vehicles/Mercedes/Mercedes_BP.Mercedes_BP_C:Detect Drifting

[2017.10.06-22.07.17:318][256]LogScriptCore: Warning: Script Msg: Divide by zero detected: 0.000000 / 0
Script call stack:
	Function /Game/Vehicles/Mercedes/Mercedes_BP.Mercedes_BP_C:ReceiveTick
	Function /Game/Vehicles/Mercedes/Mercedes_BP.Mercedes_BP_C:ExecuteUbergraph_Mercedes_BP
	Function /Game/Vehicles/Mercedes/Mercedes_BP.Mercedes_BP_C:Server Tick
	Function /Game/Vehicles/Mercedes/Mercedes_BP.Mercedes_BP_C:ExecuteUbergraph_Mercedes_BP
	Function /Game/Vehicles/Mercedes/Mercedes_BP.Mercedes_BP_C:Detect Drifting

[2017.10.06-22.07.17:318][256]LogScriptCore: Warning: Script Msg: Divide by zero detected: 0.000000 / 0
Script call stack:
	Function /Game/Vehicles/Mercedes/Mercedes_BP.Mercedes_BP_C:ReceiveTick
	Function /Game/Vehicles/Mercedes/Mercedes_BP.Mercedes_BP_C:ExecuteUbergraph_Mercedes_BP
	Function /Game/Vehicles/Mercedes/Mercedes_BP.Mercedes_BP_C:Server Tick
	Function /Game/Vehicles/Mercedes/Mercedes_BP.Mercedes_BP_C:ExecuteUbergraph_Mercedes_BP
	Function /Game/Vehicles/Mercedes/Mercedes_BP.Mercedes_BP_C:Detect Drifting

[2017.10.06-22.07.17:318][256]LogScriptCore: Warning: Script Msg: Divide by zero detected: 0.000000 / 0
Script call stack:
	Function /Game/Vehicles/Mercedes/Mercedes_BP.Mercedes_BP_C:ReceiveTick
	Function /Game/Vehicles/Mercedes/Mercedes_BP.Mercedes_BP_C:ExecuteUbergraph_Mercedes_BP
	Function /Game/Vehicles/Mercedes/Mercedes_BP.Mercedes_BP_C:Server Tick
	Function /Game/Vehicles/Mercedes/Mercedes_BP.Mercedes_BP_C:ExecuteUbergraph_Mercedes_BP
	Function /Game/Vehicles/Mercedes/Mercedes_BP.Mercedes_BP_C:Detect Drifting

[2017.10.06-22.07.56:797][341]LogTemp: Repeating last play command: Selected Viewport
[2017.10.06-22.07.56:849][341]LogPlayLevel: PlayLevel: No blueprints needed recompiling
[2017.10.06-22.07.56:850][341]PIE: New page: PIE session: KS_Test (Oct 6, 2017, 2:07:56 PM)
[2017.10.06-22.07.56:850][341]LogPlayLevel: Creating play world package: /Game/Maps/UEDPIE_0_KS_Test
[2017.10.06-22.07.57:817][341]LogPlayLevel: PIE: StaticDuplicateObject took: (0.966852s)
[2017.10.06-22.07.57:817][341]LogAIModule: Creating AISystem for world KS_Test
[2017.10.06-22.07.57:818][341]LogPlayLevel: PIE: World Init took: (0.001062s)
[2017.10.06-22.07.57:818][341]LogPlayLevel: PIE: Created PIE world by copying editor world from /Game/Maps/KS_Test.KS_Test to /Game/Maps/UEDPIE_0_KS_Test.KS_Test (0.968386s)
[2017.10.06-22.07.57:852][341]LogInit: XAudio2 using 'Speaker/HP (Realtek High Definition Audio)' : 2 channels at 48 kHz using 32 bits per sample (channel mask 0x3)
[2017.10.06-22.07.57:862][341]LogInit: FAudioDevice initialized.
[2017.10.06-22.07.57:896][341]LogLoad: Game class is 'Driving_Mode_C'
[2017.10.06-22.07.57:994][341]LogWorld: Bringing World /Game/Maps/UEDPIE_0_KS_Test.KS_Test up for play (max tick rate 60) at 2017.10.06-18.07.57
[2017.10.06-22.07.58:016][341]LogWorld: Bringing up level for play took: 0.118558
[2017.10.06-22.07.58:020][341]PIE: Play in editor start time for /Game/Maps/UEDPIE_0_KS_Test 0.635
[2017.10.06-22.07.58:022][341]LogScriptCore: Warning: Script Msg: Divide by zero detected: 0.000000 / 0
Script call stack:
	Function /Game/Vehicles/Mercedes/Mercedes_BP.Mercedes_BP_C:ReceiveTick
	Function /Game/Vehicles/Mercedes/Mercedes_BP.Mercedes_BP_C:ExecuteUbergraph_Mercedes_BP
	Function /Game/Vehicles/Mercedes/Mercedes_BP.Mercedes_BP_C:Server Tick
	Function /Game/Vehicles/Mercedes/Mercedes_BP.Mercedes_BP_C:ExecuteUbergraph_Mercedes_BP
	Function /Game/Vehicles/Mercedes/Mercedes_BP.Mercedes_BP_C:Detect Drifting

[2017.10.06-22.07.58:022][341]LogScriptCore: Warning: Script Msg: Divide by zero detected: 0.000000 / 0
Script call stack:
	Function /Game/Vehicles/Mercedes/Mercedes_BP.Mercedes_BP_C:ReceiveTick
	Function /Game/Vehicles/Mercedes/Mercedes_BP.Mercedes_BP_C:ExecuteUbergraph_Mercedes_BP
	Function /Game/Vehicles/Mercedes/Mercedes_BP.Mercedes_BP_C:Server Tick
	Function /Game/Vehicles/Mercedes/Mercedes_BP.Mercedes_BP_C:ExecuteUbergraph_Mercedes_BP
	Function /Game/Vehicles/Mercedes/Mercedes_BP.Mercedes_BP_C:Detect Drifting

[2017.10.06-22.07.58:022][341]LogScriptCore: Warning: Script Msg: Divide by zero detected: 0.000000 / 0
Script call stack:
	Function /Game/Vehicles/Mercedes/Mercedes_BP.Mercedes_BP_C:ReceiveTick
	Function /Game/Vehicles/Mercedes/Mercedes_BP.Mercedes_BP_C:ExecuteUbergraph_Mercedes_BP
	Function /Game/Vehicles/Mercedes/Mercedes_BP.Mercedes_BP_C:Server Tick
	Function /Game/Vehicles/Mercedes/Mercedes_BP.Mercedes_BP_C:ExecuteUbergraph_Mercedes_BP
	Function /Game/Vehicles/Mercedes/Mercedes_BP.Mercedes_BP_C:Detect Drifting

[2017.10.06-22.07.58:022][341]LogScriptCore: Warning: Script Msg: Divide by zero detected: 0.000000 / 0
Script call stack:
	Function /Game/Vehicles/Mercedes/Mercedes_BP.Mercedes_BP_C:ReceiveTick
	Function /Game/Vehicles/Mercedes/Mercedes_BP.Mercedes_BP_C:ExecuteUbergraph_Mercedes_BP
	Function /Game/Vehicles/Mercedes/Mercedes_BP.Mercedes_BP_C:Server Tick
	Function /Game/Vehicles/Mercedes/Mercedes_BP.Mercedes_BP_C:ExecuteUbergraph_Mercedes_BP
	Function /Game/Vehicles/Mercedes/Mercedes_BP.Mercedes_BP_C:Detect Drifting

[2017.10.06-22.07.58:041][342]LogScriptCore: Warning: Script Msg: Divide by zero detected: 0.000000 / 0
Script call stack:
	Function /Game/Vehicles/Mercedes/Mercedes_BP.Mercedes_BP_C:ReceiveTick
	Function /Game/Vehicles/Mercedes/Mercedes_BP.Mercedes_BP_C:ExecuteUbergraph_Mercedes_BP
	Function /Game/Vehicles/Mercedes/Mercedes_BP.Mercedes_BP_C:Server Tick
	Function /Game/Vehicles/Mercedes/Mercedes_BP.Mercedes_BP_C:ExecuteUbergraph_Mercedes_BP
	Function /Game/Vehicles/Mercedes/Mercedes_BP.Mercedes_BP_C:Detect Drifting

[2017.10.06-22.07.58:041][342]LogScriptCore: Warning: Script Msg: Divide by zero detected: 0.000000 / 0
Script call stack:
	Function /Game/Vehicles/Mercedes/Mercedes_BP.Mercedes_BP_C:ReceiveTick
	Function /Game/Vehicles/Mercedes/Mercedes_BP.Mercedes_BP_C:ExecuteUbergraph_Mercedes_BP
	Function /Game/Vehicles/Mercedes/Mercedes_BP.Mercedes_BP_C:Server Tick
	Function /Game/Vehicles/Mercedes/Mercedes_BP.Mercedes_BP_C:ExecuteUbergraph_Mercedes_BP
	Function /Game/Vehicles/Mercedes/Mercedes_BP.Mercedes_BP_C:Detect Drifting

[2017.10.06-22.07.58:041][342]LogScriptCore: Warning: Script Msg: Divide by zero detected: 0.000000 / 0
Script call stack:
	Function /Game/Vehicles/Mercedes/Mercedes_BP.Mercedes_BP_C:ReceiveTick
	Function /Game/Vehicles/Mercedes/Mercedes_BP.Mercedes_BP_C:ExecuteUbergraph_Mercedes_BP
	Function /Game/Vehicles/Mercedes/Mercedes_BP.Mercedes_BP_C:Server Tick
	Function /Game/Vehicles/Mercedes/Mercedes_BP.Mercedes_BP_C:ExecuteUbergraph_Mercedes_BP
	Function /Game/Vehicles/Mercedes/Mercedes_BP.Mercedes_BP_C:Detect Drifting

[2017.10.06-22.07.58:041][342]LogScriptCore: Warning: Script Msg: Divide by zero detected: 0.000000 / 0
Script call stack:
	Function /Game/Vehicles/Mercedes/Mercedes_BP.Mercedes_BP_C:ReceiveTick
	Function /Game/Vehicles/Mercedes/Mercedes_BP.Mercedes_BP_C:ExecuteUbergraph_Mercedes_BP
	Function /Game/Vehicles/Mercedes/Mercedes_BP.Mercedes_BP_C:Server Tick
	Function /Game/Vehicles/Mercedes/Mercedes_BP.Mercedes_BP_C:ExecuteUbergraph_Mercedes_BP
	Function /Game/Vehicles/Mercedes/Mercedes_BP.Mercedes_BP_C:Detect Drifting

[2017.10.06-22.18.45:196][558]Cmd: QUIT_EDITOR
[2017.10.06-22.18.45:262][558]LogWindowsTextInputMethodSystem: Display: IME system now deactivated.
[2017.10.06-22.18.45:262][558]LogWindowsTextInputMethodSystem: Display: IME system now deactivated.
[2017.10.06-22.18.45:278][558]LogExit: Preparing to exit.
[2017.10.06-22.18.46:340][558]LogDirectoryWatcher: A directory notification for 'C:/Users/wesda/Documents/Unreal Projects/StormHunters/fall-2017-storm-hunters/Content/' was aborted.
[2017.10.06-22.18.46:456][558]LogExit: Editor shut down
[2017.10.06-22.18.46:462][558]LogExit: Transaction tracking system shut down
[2017.10.06-22.18.46:722][558]LogDirectoryWatcher: A directory notification for '../../../Engine/Content/' was aborted.
[2017.10.06-22.18.46:722][558]LogDirectoryWatcher: A directory notification for '../../../../../../Users/wesda/Documents/Unreal Projects/StormHunters/fall-2017-storm-hunters/Content/' was aborted.
[2017.10.06-22.18.46:722][558]LogDirectoryWatcher: A directory notification for '../../../Engine/Plugins/2D/Paper2D/Content/' was aborted.
[2017.10.06-22.18.46:722][558]LogDirectoryWatcher: A directory notification for '../../../Engine/Plugins/Runtime/Oculus/OculusVR/Content/' was aborted.
[2017.10.06-22.18.46:722][558]LogDirectoryWatcher: A directory notification for '../../../Engine/Plugins/Runtime/Steam/SteamVR/Content/' was aborted.
[2017.10.06-22.18.46:804][558]LogExit: Object subsystem successfully closed.
[2017.10.06-22.18.46:834][558]LogD3D11RHI: Shutdown
[2017.10.06-22.18.46:834][558]LogD3D11RHI: CleanupD3DDevice
[2017.10.06-22.18.48:326][558]LogD3D11RHI: ~FD3D11DynamicRHI
[2017.10.06-22.18.48:346][558]LogModuleManager: Shutting down and abandoning module MovieSceneCapture (532)
[2017.10.06-22.18.48:347][558]LogModuleManager: Shutting down and abandoning module HierarchicalLODOutliner (530)
[2017.10.06-22.18.48:347][558]LogModuleManager: Shutting down and abandoning module SceneOutliner (528)
[2017.10.06-22.18.48:347][558]LogModuleManager: Shutting down and abandoning module AddContentDialog (526)
[2017.10.06-22.18.48:347][558]LogDirectoryWatcher: A directory notification for 'C:/Program Files/Epic Games/UE_4.17/FeaturePacks/' was aborted.
[2017.10.06-22.18.48:348][558]LogModuleManager: Shutting down and abandoning module WidgetCarousel (525)
[2017.10.06-22.18.48:348][558]LogModuleManager: Shutting down and abandoning module EditorWidgets (522)
[2017.10.06-22.18.48:348][558]LogModuleManager: Shutting down and abandoning module CollectionManager (520)
[2017.10.06-22.18.48:348][558]LogDirectoryWatcher: A directory notification for 'C:/Users/wesda/Documents/Unreal Projects/StormHunters/fall-2017-storm-hunters/Content/Collections/' was aborted.
[2017.10.06-22.18.48:348][558]LogDirectoryWatcher: A directory notification for 'C:/Users/wesda/Documents/Unreal Projects/StormHunters/fall-2017-storm-hunters/Content/Developers/wesda/Collections/' was aborted.
[2017.10.06-22.18.48:348][558]LogDirectoryWatcher: A directory notification for 'C:/Users/wesda/Documents/Unreal Projects/StormHunters/fall-2017-storm-hunters/Saved/Collections/' was aborted.
[2017.10.06-22.18.48:348][558]LogModuleManager: Shutting down and abandoning module StatsViewer (518)
[2017.10.06-22.18.48:348][558]LogModuleManager: Shutting down and abandoning module FoliageEdit (516)
[2017.10.06-22.18.48:348][558]LogModuleManager: Shutting down and abandoning module LandscapeEditor (514)
[2017.10.06-22.18.48:348][558]LogModuleManager: Shutting down and abandoning module MeshPaintMode (512)
[2017.10.06-22.18.48:348][558]LogModuleManager: Shutting down and abandoning module SceneDepthPickerMode (510)
[2017.10.06-22.18.48:348][558]LogModuleManager: Shutting down and abandoning module ActorPickerMode (508)
[2017.10.06-22.18.48:348][558]LogModuleManager: Shutting down and abandoning module GeometryMode (506)
[2017.10.06-22.18.48:348][558]LogModuleManager: Shutting down and abandoning module TextureAlignMode (504)
[2017.10.06-22.18.48:348][558]LogModuleManager: Shutting down and abandoning module BspMode (502)
[2017.10.06-22.18.48:348][558]LogModuleManager: Shutting down and abandoning module PIEPreviewDeviceProfileSelector (500)
[2017.10.06-22.18.48:348][558]LogModuleManager: Shutting down and abandoning module HardwareSurvey (498)
[2017.10.06-22.18.48:348][558]LogModuleManager: Shutting down and abandoning module SequenceRecorderSections (496)
[2017.10.06-22.18.48:348][558]LogModuleManager: Shutting down and abandoning module AutomationWorker (494)
[2017.10.06-22.18.48:348][558]LogModuleManager: Shutting down and abandoning module MatineeToLevelSequence (492)
[2017.10.06-22.18.48:348][558]LogModuleManager: Shutting down and abandoning module LevelSequenceEditor (490)
[2017.10.06-22.18.48:348][558]LogModuleManager: Shutting down and abandoning module PlacementMode (489)
[2017.10.06-22.18.48:348][558]LogModuleManager: Shutting down and abandoning module WmfMediaFactory (486)
[2017.10.06-22.18.48:348][558]LogModuleManager: Shutting down and abandoning module WmfMediaEditor (484)
[2017.10.06-22.18.48:348][558]LogModuleManager: Shutting down and abandoning module AvfMediaFactory (482)
[2017.10.06-22.18.48:348][558]LogModuleManager: Shutting down and abandoning module AvfMediaEditor (480)
[2017.10.06-22.18.48:348][558]LogModuleManager: Shutting down and abandoning module AndroidMediaFactory (478)
[2017.10.06-22.18.48:349][558]LogModuleManager: Shutting down and abandoning module Media (477)
[2017.10.06-22.18.48:349][558]LogModuleManager: Shutting down and abandoning module AndroidMediaEditor (474)
[2017.10.06-22.18.48:349][558]LogModuleManager: Shutting down and abandoning module CharacterAI (472)
[2017.10.06-22.18.48:349][558]LogModuleManager: Shutting down and abandoning module AudioCapture (470)
[2017.10.06-22.18.48:349][558]LogModuleManager: Shutting down and abandoning module SequenceRecorder (469)
[2017.10.06-22.18.48:349][558]LogModuleManager: Shutting down and abandoning module SmartSnapping (466)
[2017.10.06-22.18.48:349][558]LogModuleManager: Shutting down and abandoning module SessionServices (464)
[2017.10.06-22.18.48:349][558]LogModuleManager: Shutting down and abandoning module ViewportSnapping (462)
[2017.10.06-22.18.48:349][558]LogModuleManager: Shutting down and abandoning module ViewportInteraction (460)
[2017.10.06-22.18.48:349][558]LogModuleManager: Shutting down and abandoning module ClothPainter (458)
[2017.10.06-22.18.48:349][558]LogModuleManager: Shutting down and abandoning module LogVisualizer (456)
[2017.10.06-22.18.48:349][558]LogModuleManager: Shutting down and abandoning module IntroTutorials (454)
[2017.10.06-22.18.48:349][558]LogModuleManager: Shutting down and abandoning module GameProjectGeneration (453)
[2017.10.06-22.18.48:349][558]LogModuleManager: Shutting down and abandoning module IOSPlatformEditor (450)
[2017.10.06-22.18.48:349][558]LogModuleManager: Shutting down and abandoning module HTML5PlatformEditor (448)
[2017.10.06-22.18.48:349][558]LogModuleManager: Shutting down and abandoning module AndroidPlatformEditor (446)
[2017.10.06-22.18.48:349][558]LogModuleManager: Shutting down and abandoning module AndroidDeviceDetection (445)
[2017.10.06-22.18.49:091][558]LogModuleManager: Shutting down and abandoning module WindowsPlatformEditor (442)
[2017.10.06-22.18.49:091][558]LogModuleManager: Shutting down and abandoning module IOSRuntimeSettings (440)
[2017.10.06-22.18.49:091][558]LogModuleManager: Shutting down and abandoning module AndroidRuntimeSettings (438)
[2017.10.06-22.18.49:091][558]LogModuleManager: Shutting down and abandoning module InputBindingEditor (436)
[2017.10.06-22.18.49:091][558]LogModuleManager: Shutting down and abandoning module MergeActors (434)
[2017.10.06-22.18.49:091][558]LogModuleManager: Shutting down and abandoning module SizeMap (432)
[2017.10.06-22.18.49:091][558]LogModuleManager: Shutting down and abandoning module TreeMap (430)
[2017.10.06-22.18.49:091][558]LogModuleManager: Shutting down and abandoning module ReferenceViewer (428)
[2017.10.06-22.18.49:091][558]LogModuleManager: Shutting down and abandoning module LocalizationDashboard (426)
[2017.10.06-22.18.49:092][558]LogModuleManager: Shutting down and abandoning module LocalizationService (425)
[2017.10.06-22.18.49:092][558]LogModuleManager: Shutting down and abandoning module HardwareTargeting (422)
[2017.10.06-22.18.49:092][558]LogModuleManager: Shutting down and abandoning module DeviceProfileEditor (420)
[2017.10.06-22.18.49:092][558]LogModuleManager: Shutting down and abandoning module UndoHistory (418)
[2017.10.06-22.18.49:092][558]LogModuleManager: Shutting down and abandoning module XmlParser (416)
[2017.10.06-22.18.49:092][558]LogModuleManager: Shutting down and abandoning module Blutility (414)
[2017.10.06-22.18.49:092][558]LogModuleManager: Shutting down and abandoning module ProjectSettingsViewer (412)
[2017.10.06-22.18.49:092][558]LogModuleManager: Shutting down and abandoning module ProjectTargetPlatformEditor (411)
[2017.10.06-22.18.49:092][558]LogModuleManager: Shutting down and abandoning module EditorSettingsViewer (408)
[2017.10.06-22.18.49:092][558]LogModuleManager: Shutting down and abandoning module SettingsEditor (406)
[2017.10.06-22.18.49:092][558]LogModuleManager: Shutting down and abandoning module ProjectLauncher (404)
[2017.10.06-22.18.49:092][558]LogModuleManager: Shutting down and abandoning module SessionFrontend (402)
[2017.10.06-22.18.49:092][558]LogModuleManager: Shutting down and abandoning module ProfilerClient (400)
[2017.10.06-22.18.49:092][558]LogModuleManager: Shutting down and abandoning module DeviceManager (398)
[2017.10.06-22.18.49:092][558]LogModuleManager: Shutting down and abandoning module TargetDeviceServices (397)
[2017.10.06-22.18.49:157][558]LogModuleManager: Shutting down and abandoning module AutomationController (394)
[2017.10.06-22.18.49:157][558]LogModuleManager: Shutting down and abandoning module AutomationWindow (392)
[2017.10.06-22.18.49:157][558]LogModuleManager: Shutting down and abandoning module Layers (390)
[2017.10.06-22.18.49:157][558]LogModuleManager: Shutting down and abandoning module ComponentVisualizers (388)
[2017.10.06-22.18.49:157][558]LogModuleManager: Shutting down and abandoning module DetailCustomizations (386)
[2017.10.06-22.18.49:157][558]LogModuleManager: Shutting down and abandoning module PackagesDialog (384)
[2017.10.06-22.18.49:157][558]LogModuleManager: Shutting down and abandoning module Persona (382)
[2017.10.06-22.18.49:157][558]LogModuleManager: Shutting down and abandoning module AdvancedPreviewScene (381)
[2017.10.06-22.18.49:157][558]LogModuleManager: Shutting down and abandoning module AnimGraph (379)
[2017.10.06-22.18.49:157][558]LogModuleManager: Shutting down and abandoning module Kismet (376)
[2017.10.06-22.18.49:164][558]LogModuleManager: Shutting down and abandoning module ClassViewer (374)
[2017.10.06-22.18.49:164][558]LogModuleManager: Shutting down and abandoning module Toolbox (372)
[2017.10.06-22.18.49:164][558]LogModuleManager: Shutting down and abandoning module ModuleUI (370)
[2017.10.06-22.18.49:164][558]LogModuleManager: Shutting down and abandoning module MovieSceneTools (368)
[2017.10.06-22.18.49:164][558]LogModuleManager: Shutting down and abandoning module OutputLog (366)
[2017.10.06-22.18.49:164][558]LogModuleManager: Shutting down and abandoning module GammaUI (364)
[2017.10.06-22.18.49:164][558]LogModuleManager: Shutting down and abandoning module Documentation (362)
[2017.10.06-22.18.49:164][558]LogModuleManager: Shutting down and abandoning module MovieSceneTracks (360)
[2017.10.06-22.18.49:164][558]LogModuleManager: Shutting down and abandoning module MovieScene (358)
[2017.10.06-22.18.49:164][558]LogModuleManager: Shutting down and abandoning module Niagara (356)
[2017.10.06-22.18.49:164][558]LogModuleManager: Shutting down and abandoning module NiagaraEditor (355)
[2017.10.06-22.18.49:165][558]LogModuleManager: Shutting down and abandoning module StreamingPauseRendering (352)
[2017.10.06-22.18.49:165][558]LogModuleManager: Shutting down and abandoning module LauncherPlatform (350)
[2017.10.06-22.18.49:165][558]LogModuleManager: Shutting down and abandoning module AnalyticsET (348)
[2017.10.06-22.18.49:165][558]LogModuleManager: Shutting down and abandoning module PortalServices (346)
[2017.10.06-22.18.49:165][558]LogModuleManager: Shutting down and abandoning module PortalRpc (344)
[2017.10.06-22.18.49:165][558]LogModuleManager: Shutting down and abandoning module MessagingRpc (342)
[2017.10.06-22.18.49:165][558]LogModuleManager: Shutting down and abandoning module AIModule (340)
[2017.10.06-22.18.49:165][558]LogModuleManager: Shutting down and abandoning module GameplayDebugger (339)
[2017.10.06-22.18.49:165][558]LogModuleManager: Shutting down and abandoning module AITestSuite (337)
[2017.10.06-22.18.49:165][558]LogModuleManager: Shutting down and abandoning module ProfilerService (334)
[2017.10.06-22.18.49:175][558]LogModuleManager: Shutting down and abandoning module TaskGraph (332)
[2017.10.06-22.18.49:175][558]LogModuleManager: Shutting down and abandoning module SteamVRController (330)
[2017.10.06-22.18.49:175][558]LogModuleManager: Shutting down and abandoning module ProceduralMeshComponentEditor (328)
[2017.10.06-22.18.49:175][558]LogModuleManager: Shutting down and abandoning module ProceduralMeshComponent (326)
[2017.10.06-22.18.49:175][558]LogModuleManager: Shutting down and abandoning module OculusInput (324)
[2017.10.06-22.18.49:175][558]LogModuleManager: Shutting down and abandoning module MobilePatchingUtils (322)
[2017.10.06-22.18.49:175][558]LogModuleManager: Shutting down and abandoning module CustomMeshComponent (320)
[2017.10.06-22.18.49:175][558]LogModuleManager: Shutting down and abandoning module CableComponent (318)
[2017.10.06-22.18.49:175][558]LogModuleManager: Shutting down and abandoning module ArchVisCharacter (316)
[2017.10.06-22.18.49:175][558]LogModuleManager: Shutting down and abandoning module AndroidPermission (314)
[2017.10.06-22.18.49:175][558]LogModuleManager: Shutting down and abandoning module MediaPlayerEditor (310)
[2017.10.06-22.18.49:176][558]LogModuleManager: Shutting down and abandoning module HTML5Networking (308)
[2017.10.06-22.18.49:176][558]LogModuleManager: Shutting down and abandoning module AlembicImporter (306)
[2017.10.06-22.18.49:176][558]LogModuleManager: Shutting down and abandoning module AlembicLibrary (305)
[2017.10.06-22.18.49:176][558]LogModuleManager: Shutting down and abandoning module GeometryCache (304)
[2017.10.06-22.18.49:176][558]LogModuleManager: Shutting down and abandoning module GeometryCacheEd (303)
[2017.10.06-22.18.49:176][558]LogModuleManager: Shutting down and abandoning module SpeedTreeImporter (298)
[2017.10.06-22.18.49:176][558]LogModuleManager: Shutting down and abandoning module PluginBrowser (296)
[2017.10.06-22.18.49:176][558]LogModuleManager: Shutting down and abandoning module MobileLauncherProfileWizard (294)
[2017.10.06-22.18.49:176][558]LogModuleManager: Shutting down and abandoning module VisualStudioSourceCodeAccess (292)
[2017.10.06-22.18.49:176][558]LogModuleManager: Shutting down and abandoning module DesktopPlatform (291)
[2017.10.06-22.18.49:176][558]LogModuleManager: Shutting down and abandoning module UObjectPlugin (288)
[2017.10.06-22.18.49:176][558]LogModuleManager: Shutting down and abandoning module SubversionSourceControl (286)
[2017.10.06-22.18.49:176][558]LogModuleManager: Shutting down and abandoning module PerforceSourceControl (284)
[2017.10.06-22.18.49:176][558]LogModuleManager: Shutting down and abandoning module GitSourceControl (282)
[2017.10.06-22.18.49:176][558]LogModuleManager: Shutting down and abandoning module SourceControl (281)
[2017.10.06-22.18.49:176][558]LogModuleManager: Shutting down and abandoning module LightPropagationVolumeEditor (278)
[2017.10.06-22.18.49:176][558]LogModuleManager: Shutting down and abandoning module PaperTiledImporter (276)
[2017.10.06-22.18.49:176][558]LogModuleManager: Shutting down and abandoning module PaperSpriteSheetImporter (274)
[2017.10.06-22.18.49:176][558]LogModuleManager: Shutting down and abandoning module Paper2DEditor (272)
[2017.10.06-22.18.49:176][558]LogModuleManager: Shutting down and abandoning module MeshPaint (271)
[2017.10.06-22.18.49:176][558]LogModuleManager: Shutting down and abandoning module LevelEditor (269)
[2017.10.06-22.18.49:177][558]LogModuleManager: Shutting down and abandoning module PixelInspectorModule (268)
[2017.10.06-22.18.49:177][558]LogModuleManager: Shutting down and abandoning module MainFrame (266)
[2017.10.06-22.18.49:177][558]LogModuleManager: Shutting down and abandoning module HotReload (265)
[2017.10.06-22.18.49:180][558]LogModuleManager: Shutting down and abandoning module RuntimePhysXCooking (260)
[2017.10.06-22.18.49:180][558]LogModuleManager: Shutting down and abandoning module PhysXVehiclesEditor (258)
[2017.10.06-22.18.49:180][558]LogModuleManager: Shutting down and abandoning module PhysXVehicles (256)
[2017.10.06-22.18.49:180][558]LogModuleManager: Shutting down and abandoning module OculusEditor (254)
[2017.10.06-22.18.49:180][558]LogModuleManager: Shutting down and abandoning module LocationServicesBPLibrary (252)
[2017.10.06-22.18.49:180][558]LogModuleManager: Shutting down and abandoning module ImmediatePhysicsEditor (250)
[2017.10.06-22.18.49:180][558]LogModuleManager: Shutting down and abandoning module ImmediatePhysics (248)
[2017.10.06-22.18.49:180][558]LogModuleManager: Shutting down and abandoning module UdpMessaging (246)
[2017.10.06-22.18.49:281][558]LogModuleManager: Shutting down and abandoning module TcpMessaging (244)
[2017.10.06-22.18.49:381][558]LogModuleManager: Shutting down and abandoning module GameplayTagsEditor (242)
[2017.10.06-22.18.49:381][558]LogModuleManager: Shutting down and abandoning module FacialAnimationEditor (240)
[2017.10.06-22.18.49:381][558]LogModuleManager: Shutting down and abandoning module FacialAnimation (238)
[2017.10.06-22.18.49:381][558]LogModuleManager: Shutting down and abandoning module AssetManagerEditor (236)
[2017.10.06-22.18.49:381][558]LogModuleManager: Shutting down and abandoning module GraphEditor (235)
[2017.10.06-22.18.49:381][558]LogModuleManager: Shutting down and abandoning module ContentBrowser (233)
[2017.10.06-22.18.49:382][558]LogModuleManager: Shutting down and abandoning module LightPropagationVolumeRuntime (230)
[2017.10.06-22.18.49:382][558]LogModuleManager: Shutting down and abandoning module Paper2D (228)
[2017.10.06-22.18.49:382][558]LogModuleManager: Shutting down and abandoning module WindowsMoviePlayer (226)
[2017.10.06-22.18.49:382][558]LogModuleManager: Shutting down and abandoning module WmfMedia (224)
[2017.10.06-22.18.49:382][558]LogModuleManager: Shutting down and abandoning module PacketHandler (222)
[2017.10.06-22.18.49:382][558]LogModuleManager: Shutting down and abandoning module ClothingSystemEditor (220)
[2017.10.06-22.18.49:382][558]LogModuleManager: Shutting down and abandoning module ClothingSystemRuntime (218)
[2017.10.06-22.18.49:382][558]LogModuleManager: Shutting down and abandoning module Overlay (216)
[2017.10.06-22.18.49:382][558]LogModuleManager: Shutting down and abandoning module OverlayEditor (215)
[2017.10.06-22.18.49:382][558]LogModuleManager: Shutting down and abandoning module MediaAssets (212)
[2017.10.06-22.18.49:382][558]LogModuleManager: Shutting down and abandoning module VREditor (210)
[2017.10.06-22.18.49:382][558]LogModuleManager: Shutting down and abandoning module StringTableEditor (208)
[2017.10.06-22.18.49:383][558]LogModuleManager: Shutting down and abandoning module GameplayTasksEditor (206)
[2017.10.06-22.18.49:383][558]LogModuleManager: Shutting down and abandoning module BehaviorTreeEditor (204)
[2017.10.06-22.18.49:383][558]LogModuleManager: Shutting down and abandoning module FunctionalTesting (202)
[2017.10.06-22.18.49:383][558]LogModuleManager: Shutting down and abandoning module CollisionAnalyzer (200)
[2017.10.06-22.18.49:383][558]LogModuleManager: Shutting down and abandoning module WorkspaceMenuStructure (199)
[2017.10.06-22.18.49:383][558]LogModuleManager: Shutting down and abandoning module UMG (196)
[2017.10.06-22.18.49:383][558]LogModuleManager: Shutting down and abandoning module UMGEditor (195)
[2017.10.06-22.18.49:383][558]LogModuleManager: Shutting down and abandoning module Sequencer (194)
[2017.10.06-22.18.49:383][558]LogModuleManager: Shutting down and abandoning module MessageLog (191)
[2017.10.06-22.18.49:383][558]LogModuleManager: Shutting down and abandoning module SlateReflector (186)
[2017.10.06-22.18.49:383][558]LogModuleManager: Shutting down and abandoning module Slate (184)
[2017.10.06-22.18.49:383][558]LogModuleManager: Shutting down and abandoning module EditorStyle (182)
[2017.10.06-22.18.49:386][558]LogModuleManager: Shutting down and abandoning module MRMesh (180)
[2017.10.06-22.18.49:386][558]LogModuleManager: Shutting down and abandoning module SourceCodeAccess (178)
[2017.10.06-22.18.49:386][558]LogModuleManager: Shutting down and abandoning module HeadMountedDisplay (176)
[2017.10.06-22.18.49:386][558]LogModuleManager: Shutting down and abandoning module XAudio2 (174)
[2017.10.06-22.18.49:386][558]LogModuleManager: Shutting down and abandoning module Networking (172)
[2017.10.06-22.18.49:386][558]LogModuleManager: Shutting down and abandoning module Core (168)
[2017.10.06-22.18.49:386][558]LogModuleManager: Shutting down and abandoning module KismetCompiler (164)
[2017.10.06-22.18.49:386][558]LogModuleManager: Shutting down and abandoning module LevelSequence (162)
[2017.10.06-22.18.49:386][558]LogModuleManager: Shutting down and abandoning module MeshUtilities (160)
[2017.10.06-22.18.49:387][558]LogModuleManager: Shutting down and abandoning module MeshMergeUtilities (159)
[2017.10.06-22.18.49:387][558]LogModuleManager: Shutting down and abandoning module MeshReductionInterface (158)
[2017.10.06-22.18.49:387][558]LogModuleManager: Shutting down and abandoning module SimplygonSwarm (157)
[2017.10.06-22.18.49:387][558]LogModuleManager: Shutting down and abandoning module SimplygonMeshReduction (155)
[2017.10.06-22.18.49:387][558]LogModuleManager: Shutting down and abandoning module QuadricMeshReduction (153)
[2017.10.06-22.18.49:387][558]LogModuleManager: Shutting down and abandoning module MaterialBaking (149)
[2017.10.06-22.18.49:387][558]LogModuleManager: Shutting down and abandoning module DirectoryWatcher (146)
[2017.10.06-22.18.49:388][558]LogModuleManager: Shutting down and abandoning module DerivedDataCache (144)
[2017.10.06-22.18.49:481][558]LogDerivedDataCache: Shutdown
[2017.10.06-22.18.49:481][558]LogModuleManager: Shutting down and abandoning module TargetPlatform (142)
[2017.10.06-22.18.49:481][558]LogModuleManager: Shutting down and abandoning module VulkanShaderFormat (141)
[2017.10.06-22.18.49:481][558]LogModuleManager: Shutting down and abandoning module ShaderFormatVectorVM (139)
[2017.10.06-22.18.49:481][558]LogModuleManager: Shutting down and abandoning module ShaderFormatOpenGL (137)
[2017.10.06-22.18.49:481][558]LogModuleManager: Shutting down and abandoning module ShaderFormatD3D (135)
[2017.10.06-22.18.49:481][558]LogModuleManager: Shutting down and abandoning module MetalShaderFormat (133)
[2017.10.06-22.18.49:481][558]LogModuleManager: Shutting down and abandoning module TextureFormatUncompressed (131)
[2017.10.06-22.18.49:481][558]LogModuleManager: Shutting down and abandoning module TextureFormatPVR (129)
[2017.10.06-22.18.49:482][558]LogModuleManager: Shutting down and abandoning module TextureFormatDXT (127)
[2017.10.06-22.18.49:482][558]LogModuleManager: Shutting down and abandoning module TextureFormatIntelISPCTexComp (125)
[2017.10.06-22.18.49:482][558]LogModuleManager: Shutting down and abandoning module TextureFormatASTC (123)
[2017.10.06-22.18.49:482][558]LogModuleManager: Shutting down and abandoning module ImageWrapper (122)
[2017.10.06-22.18.49:482][558]LogModuleManager: Shutting down and abandoning module TextureFormatAndroid (119)
[2017.10.06-22.18.49:482][558]LogModuleManager: Shutting down and abandoning module AudioFormatOpus (117)
[2017.10.06-22.18.49:482][558]LogModuleManager: Shutting down and abandoning module AudioFormatOgg (115)
[2017.10.06-22.18.49:482][558]LogModuleManager: Shutting down and abandoning module AudioFormatADPCM (113)
[2017.10.06-22.18.49:482][558]LogModuleManager: Shutting down and abandoning module LinuxTargetPlatform (111)
[2017.10.06-22.18.49:482][558]LogModuleManager: Shutting down and abandoning module LinuxServerTargetPlatform (109)
[2017.10.06-22.18.49:482][558]LogModuleManager: Shutting down and abandoning module LinuxNoEditorTargetPlatform (107)
[2017.10.06-22.18.49:482][558]LogModuleManager: Shutting down and abandoning module LinuxClientTargetPlatform (105)
[2017.10.06-22.18.49:482][558]LogModuleManager: Shutting down and abandoning module TVOSTargetPlatform (103)
[2017.10.06-22.18.49:482][558]LogModuleManager: Shutting down and abandoning module Messaging (101)
[2017.10.06-22.18.49:482][558]LogModuleManager: Shutting down and abandoning module IOSTargetPlatform (99)
[2017.10.06-22.18.49:482][558]LogModuleManager: Shutting down and abandoning module HTML5TargetPlatform (97)
[2017.10.06-22.18.49:482][558]LogModuleManager: Shutting down and abandoning module Android_PVRTCTargetPlatform (95)
[2017.10.06-22.18.49:482][558]LogModuleManager: Shutting down and abandoning module Android_MultiTargetPlatform (93)
[2017.10.06-22.18.49:482][558]LogModuleManager: Shutting down and abandoning module Android_ETC2TargetPlatform (91)
[2017.10.06-22.18.49:482][558]LogModuleManager: Shutting down and abandoning module Android_ETC1TargetPlatform (89)
[2017.10.06-22.18.49:482][558]LogModuleManager: Shutting down and abandoning module Android_DXTTargetPlatform (87)
[2017.10.06-22.18.49:482][558]LogModuleManager: Shutting down and abandoning module Android_ATCTargetPlatform (85)
[2017.10.06-22.18.49:482][558]LogModuleManager: Shutting down and abandoning module Android_ASTCTargetPlatform (83)
[2017.10.06-22.18.49:482][558]LogModuleManager: Shutting down and abandoning module AndroidTargetPlatform (81)
[2017.10.06-22.18.49:482][558]LogModuleManager: Shutting down and abandoning module WindowsTargetPlatform (79)
[2017.10.06-22.18.49:482][558]LogModuleManager: Shutting down and abandoning module WindowsServerTargetPlatform (77)
[2017.10.06-22.18.49:482][558]LogModuleManager: Shutting down and abandoning module WindowsNoEditorTargetPlatform (75)
[2017.10.06-22.18.49:482][558]LogModuleManager: Shutting down and abandoning module WindowsClientTargetPlatform (73)
[2017.10.06-22.18.49:482][558]LogModuleManager: Shutting down and abandoning module MacTargetPlatform (71)
[2017.10.06-22.18.49:482][558]LogModuleManager: Shutting down and abandoning module MacServerTargetPlatform (69)
[2017.10.06-22.18.49:483][558]LogModuleManager: Shutting down and abandoning module MacNoEditorTargetPlatform (67)
[2017.10.06-22.18.49:483][558]LogModuleManager: Shutting down and abandoning module MacClientTargetPlatform (65)
[2017.10.06-22.18.49:483][558]LogModuleManager: Shutting down and abandoning module AllDesktopTargetPlatform (63)
[2017.10.06-22.18.49:483][558]LogModuleManager: Shutting down and abandoning module InputCore (60)
[2017.10.06-22.18.49:483][558]LogModuleManager: Shutting down and abandoning module Settings (58)
[2017.10.06-22.18.49:483][558]LogModuleManager: Shutting down and abandoning module PhysXCooking (56)
[2017.10.06-22.18.49:483][558]LogModuleManager: Shutting down and abandoning module SteamVR (54)
[2017.10.06-22.18.49:483][558]LogModuleManager: Shutting down and abandoning module OculusHMD (52)
[2017.10.06-22.18.49:483][558]LogModuleManager: Shutting down and abandoning module ExampleDeviceProfileSelector (50)
[2017.10.06-22.18.49:483][558]LogModuleManager: Shutting down and abandoning module OnlineBlueprintSupport (48)
[2017.10.06-22.18.49:483][558]LogModuleManager: Shutting down and abandoning module OnlineSubsystem (44)
[2017.10.06-22.18.49:483][558]LogOnline: Display: Unloading online subsystem: NULL
[2017.10.06-22.18.49:483][558]LogModuleManager: Shutting down and abandoning module XMPP (43)
[2017.10.06-22.18.49:483][558]LogModuleManager: Shutting down and abandoning module HTTP (41)
[2017.10.06-22.18.49:483][558]LogHttp: Display: Http module shutting down, but needs to wait on 1 outstanding Http requests:
[2017.10.06-22.18.49:483][558]LogHttp: Display: 	verb=[POST] url=[https://datarouter.ol.epicgames.com/datarouter/api/v1/public/data?SessionID=%7B6CEE9151-49AD-EF06-EE3A-368882E82EE6%7D&AppID=UEEditor.Rocket.Release&AppVersion=4.17.1-3586342%2B%2B%2BUE4%2BRelease-4.17&UserID=541d31574068fcf9c973a8878afe939b%7Ce37239e5ddae4f15abfd994a5e38b528%7C98667f09-aa33-4367-adb6-81f92e45f993&AppEnvironment=datacollector-binary&UploadType=eteventstream] status=Processing
[2017.10.06-22.18.49:507][558]LogModuleManager: Shutting down and abandoning module SSL (40)
[2017.10.06-22.18.49:509][558]LogModuleManager: Shutting down and abandoning module AnimationModifiers (36)
[2017.10.06-22.18.49:510][558]LogModuleManager: Shutting down and abandoning module PropertyEditor (35)
[2017.10.06-22.18.49:510][558]LogModuleManager: Shutting down and abandoning module AudioEditor (32)
[2017.10.06-22.18.49:510][558]LogModuleManager: Shutting down and abandoning module TextureCompressor (30)
[2017.10.06-22.18.49:510][558]LogModuleManager: Shutting down and abandoning module ShaderCore (28)
[2017.10.06-22.18.49:510][558]LogModuleManager: Shutting down and abandoning module Landscape (26)
[2017.10.06-22.18.49:510][558]LogModuleManager: Shutting down and abandoning module SlateRHIRenderer (24)
[2017.10.06-22.18.49:511][558]LogModuleManager: Shutting down and abandoning module OpenGLDrv (22)
[2017.10.06-22.18.49:511][558]LogModuleManager: Shutting down and abandoning module D3D11RHI (20)
[2017.10.06-22.18.49:511][558]LogModuleManager: Shutting down and abandoning module AnimGraphRuntime (18)
[2017.10.06-22.18.49:511][558]LogModuleManager: Shutting down and abandoning module Renderer (16)
[2017.10.06-22.18.49:511][558]LogModuleManager: Shutting down and abandoning module Engine (14)
[2017.10.06-22.18.49:511][558]LogModuleManager: Shutting down and abandoning module CoreUObject (12)
[2017.10.06-22.18.49:511][558]LogModuleManager: Shutting down and abandoning module NetworkFile (10)
[2017.10.06-22.18.49:511][558]LogModuleManager: Shutting down and abandoning module CookedIterativeFile (8)
[2017.10.06-22.18.49:511][558]LogModuleManager: Shutting down and abandoning module StreamingFile (6)
[2017.10.06-22.18.49:511][558]LogModuleManager: Shutting down and abandoning module SandboxFile (4)
[2017.10.06-22.18.49:511][558]LogModuleManager: Shutting down and abandoning module PakFile (2)
[2017.10.06-22.18.49:513][558]LogExit: Exiting.
[2017.10.06-22.18.49:544][558]Log file closed, 10/06/17 18:18:49
