Log file open, 10/07/17 13:01:10
LogWindows: LoadLibraryWithSearchPaths failed for file aqProf.dll. GetLastError=0
LogWindows: LoadLibraryWithSearchPaths failed for file VtuneApi.dll. GetLastError=0
LogWindows: LoadLibraryWithSearchPaths failed for file VtuneApi32e.dll. GetLastError=0
LogInit: Display: Running engine for game: StormHunters
LogPlatformFile: Not using cached read wrapper
LogInit: Display: RandInit(-1781267054) SRandInit(-1781267054).
LogTaskGraph: Started task graph with 5 named threads and 8 total threads with 3 sets of task threads.
LogStats: Stats thread started at 0.115408
LogD3D11RHI: Aftermath initialized
LogPluginManager: Mounting plugin Paper2D
LogPluginManager: Mounting plugin LightPropagationVolume
LogPluginManager: Mounting plugin CodeLiteSourceCodeAccess
LogPluginManager: Mounting plugin GitSourceControl
LogPluginManager: Mounting plugin KDevelopSourceCodeAccess
LogPluginManager: Mounting plugin NullSourceCodeAccess
LogPluginManager: Mounting plugin PerforceSourceControl
LogPluginManager: Mounting plugin SubversionSourceControl
LogPluginManager: Mounting plugin UObjectPlugin
LogPluginManager: Mounting plugin VisualStudioSourceCodeAccess
LogPluginManager: Mounting plugin XCodeSourceCodeAccess
LogPluginManager: Mounting plugin AssetManagerEditor
LogPluginManager: Mounting plugin AudioCapture
LogPluginManager: Mounting plugin FacialAnimation
LogPluginManager: Mounting plugin GameplayTagsEditor
LogPluginManager: Mounting plugin MobileLauncherProfileWizard
LogPluginManager: Mounting plugin PluginBrowser
LogPluginManager: Mounting plugin SpeedTreeImporter
LogPluginManager: Mounting plugin AlembicImporter
LogPluginManager: Mounting plugin CharacterAI
LogPluginManager: Mounting plugin HTML5Networking
LogPluginManager: Mounting plugin AndroidMedia
LogPluginManager: Mounting plugin AvfMedia
LogPluginManager: Mounting plugin MediaPlayerEditor
LogPluginManager: Mounting plugin WmfMedia
LogPluginManager: Mounting plugin TcpMessaging
LogPluginManager: Mounting plugin UdpMessaging
LogPluginManager: Mounting plugin LevelSequenceEditor
LogPluginManager: Mounting plugin MatineeToLevelSequence
LogPluginManager: Mounting plugin OnlineSubsystemGooglePlay
LogPluginManager: Mounting plugin OnlineSubsystemIOS
LogPluginManager: Mounting plugin OnlineSubsystem
LogPluginManager: Mounting plugin OnlineSubsystemNull
LogPluginManager: Mounting plugin OnlineSubsystemUtils
LogPluginManager: Mounting plugin AndroidDeviceProfileSelector
LogPluginManager: Mounting plugin AndroidMoviePlayer
LogPluginManager: Mounting plugin AndroidPermission
LogPluginManager: Mounting plugin AppleMoviePlayer
LogPluginManager: Mounting plugin ArchVisCharacter
LogPluginManager: Mounting plugin CableComponent
LogPluginManager: Mounting plugin CustomMeshComponent
LogPluginManager: Mounting plugin ExampleDeviceProfileSelector
LogPluginManager: Mounting plugin GoogleCloudMessaging
LogPluginManager: Mounting plugin ImmediatePhysics
LogPluginManager: Mounting plugin IOSDeviceProfileSelector
LogPluginManager: Mounting plugin LinuxDeviceProfileSelector
LogPluginManager: Mounting plugin LocationServicesBPLibrary
LogPluginManager: Mounting plugin MobilePatchingUtils
LogPluginManager: Mounting plugin OculusVR
LogPluginManager: Mounting plugin PhysXVehicles
LogPluginManager: Mounting plugin ProceduralMeshComponent
LogPluginManager: Mounting plugin RuntimePhysXCooking
LogPluginManager: Mounting plugin SteamVR
LogPluginManager: Mounting plugin WindowsMoviePlayer
LogInit: Using libcurl 7.47.1
LogInit:  - built for x86_64-pc-win32
LogInit:  - supports SSL with OpenSSL/1.0.2g
LogInit:  - supports HTTP deflate (compression) using libz 1.2.8
LogInit:  - other features:
LogInit:      CURL_VERSION_SSL
LogInit:      CURL_VERSION_LIBZ
LogInit:      CURL_VERSION_IPV6
LogInit:      CURL_VERSION_ASYNCHDNS
LogInit:      CURL_VERSION_LARGEFILE
LogInit:      CURL_VERSION_IDN
LogInit:  CurlRequestOptions (configurable via config and command line):
LogInit:  - bVerifyPeer = false  - Libcurl will NOT verify peer certificate
LogInit:  - bUseHttpProxy = false  - Libcurl will NOT use HTTP proxy
LogInit:  - bDontReuseConnections = false  - Libcurl will reuse connections
LogInit:  - CertBundlePath = nullptr  - Libcurl will use whatever was configured at build time.
LogInit: Build: ++UE4+Release-4.17-CL-3586342
LogInit: Engine Version: 4.17.1-3586342+++UE4+Release-4.17
LogInit: Compatible Engine Version: 4.17.0-3573198+++UE4+Release-4.17
LogInit: Net CL: 3573198
LogDevObjectVersion: Number of dev versions registered: 16
LogDevObjectVersion:   Dev-Blueprints (B0D832E4-1F89-4F0D-ACCF-7EB736FD4AA2): 10
LogDevObjectVersion:   Dev-Build (E1C64328-A22C-4D53-A36C-8E866417BD8C): 0
LogDevObjectVersion:   Dev-Core (375EC13C-06E4-48FB-B500-84F0262A717E): 2
LogDevObjectVersion:   Dev-Editor (E4B068ED-F494-42E9-A231-DA0B2E46BB41): 20
LogDevObjectVersion:   Dev-Framework (CFFC743F-43B0-4480-9391-14DF171D2073): 28
LogDevObjectVersion:   Dev-Mobile (B02B49B5-BB20-44E9-A304-32B752E40360): 0
LogDevObjectVersion:   Dev-Networking (A4E4105C-59A1-49B5-A7C5-40C4547EDFEE): 0
LogDevObjectVersion:   Dev-Online (39C831C9-5AE6-47DC-9A44-9C173E1C8E7C): 0
LogDevObjectVersion:   Dev-Physics (78F01B33-EBEA-4F98-B9B4-84EACCB95AA2): 0
LogDevObjectVersion:   Dev-Platform (6631380F-2D4D-43E0-8009-CF276956A95A): 0
LogDevObjectVersion:   Dev-Rendering (12F88B9F-8875-4AFC-A67C-D90C383ABD29): 19
LogDevObjectVersion:   Dev-Sequencer (7B5AE74C-D270-4C10-A958-57980B212A5A): 4
LogDevObjectVersion:   Dev-VR (D7296918-1DD6-4BDD-9DE2-64A83CC13884): 0
LogDevObjectVersion:   Dev-LoadTimes (C2A15278-BFE7-4AFE-6C17-90FF531DF755): 1
LogDevObjectVersion:   Private-Geometry (6EACA3D4-40EC-4CC1-B786-8BED09428FC5): 1
LogDevObjectVersion:   Dev-AnimPhys (29E575DD-E0A3-4627-9D10-D276232CDCEA): 7
LogInit: Compiled (64-bit): Aug 15 2017 02:05:26
LogInit: Compiled with Visual C++: 19.00.24215.01
LogInit: Build Configuration: Development
LogInit: Branch Name: ++UE4+Release-4.17
LogInit: Command line:  
LogInit: Base directory: C:/Program Files/Epic Games/UE_4.17/Engine/Binaries/Win64/
LogInit: Installed Engine Build: 1
LogInit: Presizing for max 8388607 objects, including 0 objects not considered by GC, pre-allocating 0 bytes for permanent pool.
LogInit: Object subsystem initialized
[2017.10.07-17.01.11:663][  0]LogInit: Selected Device Profile: [Windows]
[2017.10.07-17.01.11:663][  0]LogInit: Applying CVar settings loaded from the selected device profile: [Windows]
[2017.10.07-17.01.11:709][  0]LogInit: Computer: DESKTOP-5OGJ61U
[2017.10.07-17.01.11:709][  0]LogInit: User: wesda
[2017.10.07-17.01.11:709][  0]LogInit: CPU Page size=4096, Cores=2
[2017.10.07-17.01.11:709][  0]LogInit: High frequency timer resolution =2.343751 MHz
[2017.10.07-17.01.11:710][  0]LogMemory: Memory total: Physical=19.9GB (20GB approx)
[2017.10.07-17.01.11:710][  0]LogMemory: Platform Memory Stats for Windows
[2017.10.07-17.01.11:710][  0]LogMemory: Process Physical Memory: 278.21 MB used, 278.21 MB peak
[2017.10.07-17.01.11:710][  0]LogMemory: Process Virtual Memory: 276.02 MB used, 276.02 MB peak
[2017.10.07-17.01.11:710][  0]LogMemory: Physical Memory: 7013.30 MB used,  13338.29 MB free, 20351.60 MB total
[2017.10.07-17.01.11:710][  0]LogMemory: Virtual Memory: 667.22 MB used,  13338.29 MB free, 134217728.00 MB total
[2017.10.07-17.01.12:363][  0]LogInit: Using OS detected language (en-US).
[2017.10.07-17.01.12:363][  0]LogInit: Using OS detected locale (en-US).
[2017.10.07-17.01.12:449][  0]LogTextLocalizationManager: No specific localization for 'en-US' exists, so the 'en' localization will be used.
[2017.10.07-17.01.16:560][  0]LogD3D11RHI: D3D11 adapters:
[2017.10.07-17.01.16:571][  0]LogD3D11RHI:    0. 'Intel(R) HD Graphics 520' (Feature Level 11_0)
[2017.10.07-17.01.16:571][  0]LogD3D11RHI:       128/0/10175 MB DedicatedVideo/DedicatedSystem/SharedSystem, Outputs:1, VendorId:0x8086
[2017.10.07-17.01.16:573][  0]LogD3D11RHI:    1. 'Microsoft Basic Render Driver' (Feature Level 11_0)
[2017.10.07-17.01.16:573][  0]LogD3D11RHI:       0/0/10175 MB DedicatedVideo/DedicatedSystem/SharedSystem, Outputs:0, VendorId:0x1414
[2017.10.07-17.01.16:573][  0]LogD3D11RHI: Chosen D3D11 Adapter: 0
[2017.10.07-17.01.16:582][  0]LogD3D11RHI: Creating new Direct3DDevice
[2017.10.07-17.01.16:583][  0]LogD3D11RHI:     GPU DeviceId: 0x1916 (for the marketing name, search the web for "GPU Device Id")
[2017.10.07-17.01.16:583][  0]LogWindows: EnumDisplayDevices:
[2017.10.07-17.01.16:583][  0]LogWindows:    0. 'Intel(R) HD Graphics 520' (P:1 D:1)
[2017.10.07-17.01.16:583][  0]LogWindows:    1. 'Intel(R) HD Graphics 520' (P:0 D:0)
[2017.10.07-17.01.16:583][  0]LogWindows:    2. 'Intel(R) HD Graphics 520' (P:0 D:0)
[2017.10.07-17.01.16:583][  0]LogWindows: DebugString: FoundDriverCount:3 
[2017.10.07-17.01.16:583][  0]LogD3D11RHI:     Adapter Name: Intel(R) HD Graphics 520
[2017.10.07-17.01.16:583][  0]LogD3D11RHI:   Driver Version: 21.20.16.4590 (internal:21.20.16.4590, unified:21.20.16.4590)
[2017.10.07-17.01.16:583][  0]LogD3D11RHI:      Driver Date: 1-18-2017
[2017.10.07-17.01.16:583][  0]LogRHI: Texture pool is 1361 MB (70% of 1945 MB)
[2017.10.07-17.01.16:591][  0]LogD3D11RHI: Async texture creation enabled
[2017.10.07-17.01.16:638][  0]LogD3D11RHI: GPU Timing Frequency: 12.000000 (Debug: 2 0)
[2017.10.07-17.01.16:650][  0]LogShaderCompilers: Guid format shader working directory is -46 characters bigger than the processId version (../../../../../../Users/wesda/Documents/Unreal Projects/StormHunters/fall-2017-storm-hunters/Intermediate/Shaders/WorkingDirectory/7844/).
[2017.10.07-17.01.16:650][  0]LogShaderCompilers: Cleaned the shader compiler working directory 'C:/Users/wesda/AppData/Local/Temp/UnrealShaderWorkingDir/520E4A424E68F8389A58AEB3DD8C39AF/'.
[2017.10.07-17.01.16:651][  0]LogShaderCompilers: Display: Using Local Shader Compiler.
[2017.10.07-17.01.19:296][  0]LogTemp: Display: Loaded TP AllDesktopTargetPlatform
[2017.10.07-17.01.19:352][  0]LogTemp: Display: Loaded TP MacClientTargetPlatform
[2017.10.07-17.01.19:409][  0]LogTemp: Display: Loaded TP MacNoEditorTargetPlatform
[2017.10.07-17.01.19:467][  0]LogTemp: Display: Loaded TP MacServerTargetPlatform
[2017.10.07-17.01.19:533][  0]LogTemp: Display: Loaded TP MacTargetPlatform
[2017.10.07-17.01.19:591][  0]LogTemp: Display: Loaded TP WindowsClientTargetPlatform
[2017.10.07-17.01.19:648][  0]LogTemp: Display: Loaded TP WindowsNoEditorTargetPlatform
[2017.10.07-17.01.19:710][  0]LogTemp: Display: Loaded TP WindowsServerTargetPlatform
[2017.10.07-17.01.19:771][  0]LogTemp: Display: Loaded TP WindowsTargetPlatform
[2017.10.07-17.01.19:842][  0]LogTemp: Display: Loaded TP AndroidTargetPlatform
[2017.10.07-17.01.19:903][  0]LogTemp: Display: Loaded TP Android_ASTCTargetPlatform
[2017.10.07-17.01.19:958][  0]LogTemp: Display: Loaded TP Android_ATCTargetPlatform
[2017.10.07-17.01.20:017][  0]LogTemp: Display: Loaded TP Android_DXTTargetPlatform
[2017.10.07-17.01.20:078][  0]LogTemp: Display: Loaded TP Android_ETC1TargetPlatform
[2017.10.07-17.01.20:141][  0]LogTemp: Display: Loaded TP Android_ETC2TargetPlatform
[2017.10.07-17.01.20:271][  0]LogTemp: Display: Loaded TP Android_MultiTargetPlatform
[2017.10.07-17.01.20:271][  0]LogTemp: Display: Loaded TP Android_PVRTCTargetPlatform
[2017.10.07-17.01.20:316][  0]LogTemp: Display: Loaded TP HTML5TargetPlatform
[2017.10.07-17.01.20:450][  0]LogTemp: Display: Loaded TP IOSTargetPlatform
[2017.10.07-17.01.20:489][  0]LogTemp: Display: Loaded TP TVOSTargetPlatform
[2017.10.07-17.01.20:551][  0]LogTemp: Display: Loaded TP LinuxClientTargetPlatform
[2017.10.07-17.01.20:616][  0]LogTemp: Display: Loaded TP LinuxNoEditorTargetPlatform
[2017.10.07-17.01.20:679][  0]LogTemp: Display: Loaded TP LinuxServerTargetPlatform
[2017.10.07-17.01.20:747][  0]LogTemp: Display: Loaded TP LinuxTargetPlatform
[2017.10.07-17.01.20:747][  0]LogTargetPlatformManager: Display: Building Assets For Windows
[2017.10.07-17.01.21:512][  0]LogDerivedDataCache: Display: Max Cache Size: 512 MB
[2017.10.07-17.01.22:425][  0]LogDerivedDataCache: Loaded boot cache 0.91s 93MB C:/Users/wesda/AppData/Local/UnrealEngine/4.17/DerivedDataCache/Boot.ddc.
[2017.10.07-17.01.22:426][  0]LogDerivedDataCache: Display: Loaded Boot cache: C:/Users/wesda/AppData/Local/UnrealEngine/4.17/DerivedDataCache/Boot.ddc
[2017.10.07-17.01.22:426][  0]LogDerivedDataCache: FDerivedDataBackendGraph:  Pak pak cache file ../../../../../../Users/wesda/Documents/Unreal Projects/StormHunters/fall-2017-storm-hunters/DerivedDataCache/DDC.ddp not found, will not use a pak cache.
[2017.10.07-17.01.22:426][  0]LogDerivedDataCache: Unable to find inner node Pak for hierarchical cache Hierarchy.
[2017.10.07-17.01.22:426][  0]LogDerivedDataCache: FDerivedDataBackendGraph:  CompressedPak pak cache file ../../../../../../Users/wesda/Documents/Unreal Projects/StormHunters/fall-2017-storm-hunters/DerivedDataCache/Compressed.ddp not found, will not use a pak cache.
[2017.10.07-17.01.22:426][  0]LogDerivedDataCache: Unable to find inner node CompressedPak for hierarchical cache Hierarchy.
[2017.10.07-17.01.22:459][  0]LogDerivedDataCache: Display: Pak cache opened for reading ../../../Engine/DerivedDataCache/Compressed.ddp.
[2017.10.07-17.01.22:471][  0]LogDerivedDataCache: Using Local data cache path C:/Users/wesda/AppData/Local/UnrealEngine/Common/DerivedDataCache: Writable
[2017.10.07-17.01.22:490][  0]LogMaterial: Verifying Global Shaders for PCD3D_SM5
[2017.10.07-17.01.22:501][  0]LogSlate: Using Freetype 2.6.0
[2017.10.07-17.01.22:518][  0]LogSlate: SlateFontCache - WITH_FREETYPE: 1, WITH_HARFBUZZ: 1
[2017.10.07-17.01.22:518][  0]LogSlate: SlateFontCache - WITH_FREETYPE: 1, WITH_HARFBUZZ: 1
[2017.10.07-17.01.24:027][  0]LogAssetRegistry: FAssetRegistry took 0.0331 seconds to start up
[2017.10.07-17.01.24:239][  0]LogInit: Selected Device Profile: [Windows]
[2017.10.07-17.01.24:821][  0]LogContentStreaming: Texture pool size is 0.00 MB
[2017.10.07-17.01.25:245][  0]LogSimplygon: Simplygon DLL not present - disabling.
[2017.10.07-17.01.25:291][  0]LogMeshReduction: Using SimplygonSwarm for distributed automatic mesh merging
[2017.10.07-17.01.25:291][  0]LogMeshReduction: Using QuadricMeshReduction for automatic static mesh reduction
[2017.10.07-17.01.25:292][  0]LogMeshReduction: No automatic skeletal mesh reduction module available
[2017.10.07-17.01.25:292][  0]LogMeshReduction: No automatic mesh merging module available
[2017.10.07-17.01.25:292][  0]LogMeshMerging: No automatic mesh merging module available
[2017.10.07-17.01.26:383][  0]LogNetVersion: StormHunters , NetCL: 3573198, EngineNetVer: 2, GameNetVer: 0 (Checksum: 4212083981)
[2017.10.07-17.01.27:043][  0]LogPackageLocalizationCache: Processed 5 localized package path(s) for 2 prioritized culture(s) in 0.073849 seconds
[2017.10.07-17.01.27:051][  0]LogUObjectArray: 35825 objects as part of root set at end of initial load.
[2017.10.07-17.01.27:051][  0]LogUObjectAllocator: 7529104 out of 0 bytes used by permanent object pool.
[2017.10.07-17.01.27:051][  0]LogUObjectArray: CloseDisregardForGC: 0/0 objects in disregard for GC pool
[2017.10.07-17.01.27:116][  0]LogInit: WinSock: version 1.1 (2.2), MaxSocks=32767, MaxUdp=65467
[2017.10.07-17.01.34:247][  0]LogTcpMessaging: Initializing TcpMessaging bridge
[2017.10.07-17.01.34:290][  0]LogUdpMessaging: Initializing bridge on interface 0.0.0.0:0 to multicast group 230.0.0.1:6666.
[2017.10.07-17.01.35:197][  0]LogMaterial: Uniform references updated for custom material expression Custom.
[2017.10.07-17.01.35:797][  0]SourceControl: Source control is disabled
[2017.10.07-17.01.35:798][  0]SourceControl: Source control is disabled
[2017.10.07-17.01.35:862][  0]SourceControl: Source control is disabled
[2017.10.07-17.01.35:915][  0]SourceControl: Source control is disabled
[2017.10.07-17.01.36:620][  0]LogAndroidPermission: UAndroidPermissionCallbackProxy::GetInstance
[2017.10.07-17.01.36:869][  0]LogOcInput: OculusInput pre-init called
[2017.10.07-17.01.37:217][  0]LogEngine: Initializing Engine...
[2017.10.07-17.01.37:222][  0]LogHMD: Failed to initialize OpenVR with code 110
[2017.10.07-17.01.37:714][  0]LogStats: UGameplayTagsManager::ConstructGameplayTagTree: Construct from data asset -  0.000 s
[2017.10.07-17.01.37:715][  0]LogStats: UGameplayTagsManager::ConstructGameplayTagTree: GameplayTagTreeChangedEvent.Broadcast -  0.000 s
[2017.10.07-17.01.37:892][  0]LogAIModule: Creating AISystem for world Untitled
[2017.10.07-17.01.37:914][  0]LogInit: XAudio2 using 'Speaker/HP (Realtek High Definition Audio)' : 2 channels at 48 kHz using 32 bits per sample (channel mask 0x3)
[2017.10.07-17.01.37:980][  0]LogInit: FAudioDevice initialized.
[2017.10.07-17.01.38:088][  0]LogDerivedDataCache: Saved boot cache 0.11s 93MB C:/Users/wesda/AppData/Local/UnrealEngine/4.17/DerivedDataCache/Boot.ddc.
[2017.10.07-17.01.38:105][  0]LogInit: Texture streaming: Enabled
[2017.10.07-17.01.38:236][  0]LogEngineSessionManager: EngineSessionManager initialized
[2017.10.07-17.01.38:556][  0]LogInit: Transaction tracking system initialized
[2017.10.07-17.01.38:926][  0]BlueprintLog: New page: Editor Load
[2017.10.07-17.01.40:025][  0]LocalizationService: Localization service is disabled
[2017.10.07-17.01.40:930][  0]LogConsoleResponse: Display: 
[2017.10.07-17.01.41:484][  0]LogCook: Display: Max memory allowance for cook 16384mb min free memory 0mb
[2017.10.07-17.01.41:484][  0]LogCook: Display: Mobile HDR setting 1
[2017.10.07-17.01.41:486][  0]LogGameplayTags: Display: UGameplayTagsManager::DoneAddingNativeTags. DelegateIsBound: 0
[2017.10.07-17.01.41:787][  0]LogFileCache: Scanning file cache for directory 'C:/Users/wesda/Documents/Unreal Projects/StormHunters/fall-2017-storm-hunters/Content/' took 0.02s
[2017.10.07-17.01.42:793][  0]SourceControl: Source control is disabled
[2017.10.07-17.01.42:797][  0]Cmd: MAP LOAD FILE="../../../../../../Users/wesda/Documents/Unreal Projects/StormHunters/fall-2017-storm-hunters/Content/StarterContent/Maps/Minimal_Default.umap" TEMPLATE=0 SHOWPROGRESS=1 FEATURELEVEL=3
[2017.10.07-17.01.42:807][  0]LightingResults: New page: Lighting Build
[2017.10.07-17.01.42:857][  0]MapCheck: New page: Map Check
[2017.10.07-17.01.42:857][  0]LightingResults: New page: Lighting Build
[2017.10.07-17.01.53:898][  0]LogAIModule: Creating AISystem for world Minimal_Default
[2017.10.07-17.01.58:461][  0]LogEditorServer: Finished looking for orphan Actors (0.000 secs)
[2017.10.07-17.01.58:726][  0]Cmd: MAP CHECKDEP NOCLEARLOG
[2017.10.07-17.01.58:815][  0]MapCheck: Map check complete: 0 Error(s), 0 Warning(s), took 88.051ms to complete.
[2017.10.07-17.01.58:815][  0]LogFileHelpers: Loading map 'Minimal_Default' took 16.019
[2017.10.07-17.01.59:109][  0]LogCollectionManager: Loaded 0 collections in 0.001652 seconds
[2017.10.07-17.01.59:230][  0]LogFileCache: Scanning file cache for directory 'C:/Users/wesda/Documents/Unreal Projects/StormHunters/fall-2017-storm-hunters/Saved/Collections/' took 0.01s
[2017.10.07-17.01.59:230][  0]LogFileCache: Scanning file cache for directory 'C:/Users/wesda/Documents/Unreal Projects/StormHunters/fall-2017-storm-hunters/Content/Developers/wesda/Collections/' took 0.01s
[2017.10.07-17.01.59:230][  0]LogFileCache: Scanning file cache for directory 'C:/Users/wesda/Documents/Unreal Projects/StormHunters/fall-2017-storm-hunters/Content/Collections/' took 0.01s
[2017.10.07-17.01.59:230][  0]LogCollectionManager: Rebuilt the GUID cache for 0 collections in 0.000001 seconds
[2017.10.07-17.01.59:245][  0]LogContentBrowser: Native class hierarchy populated in 0.0115 seconds. Added 2386 classes and 500 folders.
[2017.10.07-17.01.59:324][  0]LogContentBrowser: Native class hierarchy updated for 'WidgetCarousel' in 0.0012 seconds. Added 0 classes and 0 folders.
[2017.10.07-17.01.59:872][  0]LogContentBrowser: Native class hierarchy updated for 'AddContentDialog' in 0.0008 seconds. Added 0 classes and 0 folders.
[2017.10.07-17.01.59:939][  0]LogContentBrowser: Native class hierarchy updated for 'SceneOutliner' in 0.0008 seconds. Added 1 classes and 2 folders.
[2017.10.07-17.02.00:454][  0]LogSlate: Took 0.007895 seconds to synchronously load lazily loaded font '../../../Engine/Content/Slate/Fonts/Roboto-Regular.ttf' (155K)
[2017.10.07-17.02.00:462][  0]LogSlate: Took 0.005378 seconds to synchronously load lazily loaded font '../../../Engine/Content/Slate/Fonts/Roboto-Bold.ttf' (160K)
[2017.10.07-17.02.00:477][  0]LogSlate: Took 0.005855 seconds to synchronously load lazily loaded font '../../../Engine/Content/Editor/Slate/Fonts/FontAwesome.ttf' (139K)
[2017.10.07-17.02.00:693][  0]LogRenderer: Reallocating scene render targets to support 580x324 Format 10 NumSamples 1 (Frame:1).
[2017.10.07-17.02.01:459][  0]LogSlate: Took 0.006909 seconds to synchronously load lazily loaded font '../../../Engine/Content/Slate/Fonts/Roboto-Light.ttf' (159K)
[2017.10.07-17.02.01:613][  0]LogContentBrowser: Native class hierarchy updated for 'HierarchicalLODOutliner' in 0.0008 seconds. Added 1 classes and 2 folders.
[2017.10.07-17.02.01:613][  0]LogLoad: (Engine Initialization) Total time: 52.95 seconds
[2017.10.07-17.02.01:613][  0]LogLoad: (Engine Initialization) Total Blueprint compile time: 0.00 seconds
[2017.10.07-17.02.01:614][  0]LogExternalProfiler: Found external profiler: VSPerf
[2017.10.07-17.02.01:614][  0]LogExternalProfiler: Using external profiler: VSPerf
[2017.10.07-17.02.01:999][  0]LogContentStreaming: Texture pool size now 1000 MB
[2017.10.07-17.02.02:287][  1]LogFileCache: Retrieving MD5 hashes for directory 'C:/Users/wesda/Documents/Unreal Projects/StormHunters/fall-2017-storm-hunters/Content/' took 0.32s
[2017.10.07-17.02.02:312][  1]LogAssetRegistry: Asset discovery search completed in 38.3083 seconds
[2017.10.07-17.02.02:315][  1]LogCollectionManager: Rebuilt the object cache for 0 collections in 0.000000 seconds (found 0 objects)
[2017.10.07-17.02.02:315][  1]LogCollectionManager: Fixed up redirectors for 0 collections in 0.000053 seconds (updated 0 objects)
[2017.10.07-17.02.15:252][204]LogSlate: Took 0.000239 seconds to synchronously load lazily loaded font '../../../Engine/Content/Slate/Fonts/Roboto-Light.ttf' (159K)
[2017.10.07-17.02.21:931][204]LogSlate: Took 0.000147 seconds to synchronously load lazily loaded font '../../../Engine/Content/Slate/Fonts/Roboto-Regular.ttf' (155K)
[2017.10.07-17.02.36:232][204]LogAIModule: Creating AISystem for world KS_Test
[2017.10.07-17.02.36:453][204]Cmd: MAP LOAD FILE="../../../../../../Users/wesda/Documents/Unreal Projects/StormHunters/fall-2017-storm-hunters/Content/Maps/KS_Test.umap" TEMPLATE=0 SHOWPROGRESS=1 FEATURELEVEL=3
[2017.10.07-17.02.36:453][204]LightingResults: New page: Lighting Build
[2017.10.07-17.02.36:454][204]LoadErrors: New page: Loading map: KS_Test.umap
[2017.10.07-17.02.36:460][204]MapCheck: New page: Map Check
[2017.10.07-17.02.36:460][204]LightingResults: New page: Lighting Build
[2017.10.07-17.02.45:093][204]LogEditorServer: Finished looking for orphan Actors (0.000 secs)
[2017.10.07-17.02.45:470][204]Cmd: MAP CHECKDEP NOCLEARLOG
[2017.10.07-17.02.45:587][204]MapCheck: Map check complete: 0 Error(s), 0 Warning(s), took 116.029ms to complete.
[2017.10.07-17.02.45:587][204]LogFileHelpers: Loading map 'KS_Test' took 9.135
[2017.10.07-17.07.12:178][172]LogTemp: Repeating last play command: Selected Viewport
[2017.10.07-17.07.12:302][172]LogPlayLevel: PlayLevel: No blueprints needed recompiling
[2017.10.07-17.07.12:303][172]PIE: New page: PIE session: KS_Test (Oct 7, 2017, 9:07:12 AM)
[2017.10.07-17.07.12:303][172]LogPlayLevel: Creating play world package: /Game/Maps/UEDPIE_0_KS_Test
[2017.10.07-17.07.13:086][172]LogPlayLevel: PIE: StaticDuplicateObject took: (0.783116s)
[2017.10.07-17.07.13:087][172]LogAIModule: Creating AISystem for world KS_Test
[2017.10.07-17.07.13:088][172]LogPlayLevel: PIE: World Init took: (0.001077s)
[2017.10.07-17.07.13:088][172]LogPlayLevel: PIE: Created PIE world by copying editor world from /Game/Maps/KS_Test.KS_Test to /Game/Maps/UEDPIE_0_KS_Test.KS_Test (0.784584s)
[2017.10.07-17.07.13:115][172]LogInit: XAudio2 using 'Speaker/HP (Realtek High Definition Audio)' : 2 channels at 48 kHz using 32 bits per sample (channel mask 0x3)
[2017.10.07-17.07.13:126][172]LogInit: FAudioDevice initialized.
[2017.10.07-17.07.13:174][172]LogLoad: Game class is 'Driving_Mode_C'
[2017.10.07-17.07.13:288][172]LogWorld: Bringing World /Game/Maps/UEDPIE_0_KS_Test.KS_Test up for play (max tick rate 60) at 2017.10.07-13.07.13
[2017.10.07-17.07.13:316][172]LogWorld: Bringing up level for play took: 0.138593
[2017.10.07-17.07.13:361][172]LogContentBrowser: Native class hierarchy updated for 'MovieSceneCapture' in 0.0008 seconds. Added 11 classes and 0 folders.
[2017.10.07-17.07.13:370][172]PIE: Play in editor start time for /Game/Maps/UEDPIE_0_KS_Test 1.884
[2017.10.07-17.07.13:374][172]LogScriptCore: Warning: Script Msg: Divide by zero detected: 0.000000 / 0
Script call stack:
	Function /Game/Vehicles/Mercedes/Mercedes_BP.Mercedes_BP_C:ReceiveTick
	Function /Game/Vehicles/Mercedes/Mercedes_BP.Mercedes_BP_C:ExecuteUbergraph_Mercedes_BP
	Function /Game/Vehicles/Mercedes/Mercedes_BP.Mercedes_BP_C:Server Tick
	Function /Game/Vehicles/Mercedes/Mercedes_BP.Mercedes_BP_C:ExecuteUbergraph_Mercedes_BP
	Function /Game/Vehicles/Mercedes/Mercedes_BP.Mercedes_BP_C:Detect Drifting

[2017.10.07-17.07.13:374][172]LogScriptCore: Warning: Script Msg: Divide by zero detected: 0.000000 / 0
Script call stack:
	Function /Game/Vehicles/Mercedes/Mercedes_BP.Mercedes_BP_C:ReceiveTick
	Function /Game/Vehicles/Mercedes/Mercedes_BP.Mercedes_BP_C:ExecuteUbergraph_Mercedes_BP
	Function /Game/Vehicles/Mercedes/Mercedes_BP.Mercedes_BP_C:Server Tick
	Function /Game/Vehicles/Mercedes/Mercedes_BP.Mercedes_BP_C:ExecuteUbergraph_Mercedes_BP
	Function /Game/Vehicles/Mercedes/Mercedes_BP.Mercedes_BP_C:Detect Drifting

[2017.10.07-17.07.13:374][172]LogScriptCore: Warning: Script Msg: Divide by zero detected: 0.000000 / 0
Script call stack:
	Function /Game/Vehicles/Mercedes/Mercedes_BP.Mercedes_BP_C:ReceiveTick
	Function /Game/Vehicles/Mercedes/Mercedes_BP.Mercedes_BP_C:ExecuteUbergraph_Mercedes_BP
	Function /Game/Vehicles/Mercedes/Mercedes_BP.Mercedes_BP_C:Server Tick
	Function /Game/Vehicles/Mercedes/Mercedes_BP.Mercedes_BP_C:ExecuteUbergraph_Mercedes_BP
	Function /Game/Vehicles/Mercedes/Mercedes_BP.Mercedes_BP_C:Detect Drifting

[2017.10.07-17.07.13:374][172]LogScriptCore: Warning: Script Msg: Divide by zero detected: 0.000000 / 0
Script call stack:
	Function /Game/Vehicles/Mercedes/Mercedes_BP.Mercedes_BP_C:ReceiveTick
	Function /Game/Vehicles/Mercedes/Mercedes_BP.Mercedes_BP_C:ExecuteUbergraph_Mercedes_BP
	Function /Game/Vehicles/Mercedes/Mercedes_BP.Mercedes_BP_C:Server Tick
	Function /Game/Vehicles/Mercedes/Mercedes_BP.Mercedes_BP_C:ExecuteUbergraph_Mercedes_BP
	Function /Game/Vehicles/Mercedes/Mercedes_BP.Mercedes_BP_C:Detect Drifting

[2017.10.07-17.07.13:414][173]LogScriptCore: Warning: Script Msg: Divide by zero detected: 0.000000 / 0
Script call stack:
	Function /Game/Vehicles/Mercedes/Mercedes_BP.Mercedes_BP_C:ReceiveTick
	Function /Game/Vehicles/Mercedes/Mercedes_BP.Mercedes_BP_C:ExecuteUbergraph_Mercedes_BP
	Function /Game/Vehicles/Mercedes/Mercedes_BP.Mercedes_BP_C:Server Tick
	Function /Game/Vehicles/Mercedes/Mercedes_BP.Mercedes_BP_C:ExecuteUbergraph_Mercedes_BP
	Function /Game/Vehicles/Mercedes/Mercedes_BP.Mercedes_BP_C:Detect Drifting

[2017.10.07-17.07.13:414][173]LogScriptCore: Warning: Script Msg: Divide by zero detected: 0.000000 / 0
Script call stack:
	Function /Game/Vehicles/Mercedes/Mercedes_BP.Mercedes_BP_C:ReceiveTick
	Function /Game/Vehicles/Mercedes/Mercedes_BP.Mercedes_BP_C:ExecuteUbergraph_Mercedes_BP
	Function /Game/Vehicles/Mercedes/Mercedes_BP.Mercedes_BP_C:Server Tick
	Function /Game/Vehicles/Mercedes/Mercedes_BP.Mercedes_BP_C:ExecuteUbergraph_Mercedes_BP
	Function /Game/Vehicles/Mercedes/Mercedes_BP.Mercedes_BP_C:Detect Drifting

[2017.10.07-17.07.13:414][173]LogScriptCore: Warning: Script Msg: Divide by zero detected: 0.000000 / 0
Script call stack:
	Function /Game/Vehicles/Mercedes/Mercedes_BP.Mercedes_BP_C:ReceiveTick
	Function /Game/Vehicles/Mercedes/Mercedes_BP.Mercedes_BP_C:ExecuteUbergraph_Mercedes_BP
	Function /Game/Vehicles/Mercedes/Mercedes_BP.Mercedes_BP_C:Server Tick
	Function /Game/Vehicles/Mercedes/Mercedes_BP.Mercedes_BP_C:ExecuteUbergraph_Mercedes_BP
	Function /Game/Vehicles/Mercedes/Mercedes_BP.Mercedes_BP_C:Detect Drifting

[2017.10.07-17.07.13:414][173]LogScriptCore: Warning: Script Msg: Divide by zero detected: 0.000000 / 0
Script call stack:
	Function /Game/Vehicles/Mercedes/Mercedes_BP.Mercedes_BP_C:ReceiveTick
	Function /Game/Vehicles/Mercedes/Mercedes_BP.Mercedes_BP_C:ExecuteUbergraph_Mercedes_BP
	Function /Game/Vehicles/Mercedes/Mercedes_BP.Mercedes_BP_C:Server Tick
	Function /Game/Vehicles/Mercedes/Mercedes_BP.Mercedes_BP_C:ExecuteUbergraph_Mercedes_BP
	Function /Game/Vehicles/Mercedes/Mercedes_BP.Mercedes_BP_C:Detect Drifting

[2017.10.07-17.09.53:486][250]LogTemp: Repeating last play command: Selected Viewport
[2017.10.07-17.09.53:524][250]LogPlayLevel: PlayLevel: No blueprints needed recompiling
[2017.10.07-17.09.53:524][250]PIE: New page: PIE session: KS_Test (Oct 7, 2017, 9:09:53 AM)
[2017.10.07-17.09.53:524][250]LogPlayLevel: Creating play world package: /Game/Maps/UEDPIE_0_KS_Test
[2017.10.07-17.09.54:360][250]LogPlayLevel: PIE: StaticDuplicateObject took: (0.835660s)
[2017.10.07-17.09.54:361][250]LogAIModule: Creating AISystem for world KS_Test
[2017.10.07-17.09.54:361][250]LogPlayLevel: PIE: World Init took: (0.000985s)
[2017.10.07-17.09.54:362][250]LogPlayLevel: PIE: Created PIE world by copying editor world from /Game/Maps/KS_Test.KS_Test to /Game/Maps/UEDPIE_0_KS_Test.KS_Test (0.837091s)
[2017.10.07-17.09.54:389][250]LogInit: XAudio2 using 'Speaker/HP (Realtek High Definition Audio)' : 2 channels at 48 kHz using 32 bits per sample (channel mask 0x3)
[2017.10.07-17.09.54:399][250]LogInit: FAudioDevice initialized.
[2017.10.07-17.09.54:431][250]LogLoad: Game class is 'Driving_Mode_C'
[2017.10.07-17.09.54:528][250]LogWorld: Bringing World /Game/Maps/UEDPIE_0_KS_Test.KS_Test up for play (max tick rate 60) at 2017.10.07-13.09.54
[2017.10.07-17.09.54:550][250]LogWorld: Bringing up level for play took: 0.118073
[2017.10.07-17.09.54:554][250]PIE: Play in editor start time for /Game/Maps/UEDPIE_0_KS_Test 1.068
[2017.10.07-17.09.54:556][250]LogScriptCore: Warning: Script Msg: Divide by zero detected: 0.000000 / 0
Script call stack:
	Function /Game/Vehicles/Mercedes/Mercedes_BP.Mercedes_BP_C:ReceiveTick
	Function /Game/Vehicles/Mercedes/Mercedes_BP.Mercedes_BP_C:ExecuteUbergraph_Mercedes_BP
	Function /Game/Vehicles/Mercedes/Mercedes_BP.Mercedes_BP_C:Server Tick
	Function /Game/Vehicles/Mercedes/Mercedes_BP.Mercedes_BP_C:ExecuteUbergraph_Mercedes_BP
	Function /Game/Vehicles/Mercedes/Mercedes_BP.Mercedes_BP_C:Detect Drifting

[2017.10.07-17.09.54:556][250]LogScriptCore: Warning: Script Msg: Divide by zero detected: 0.000000 / 0
Script call stack:
	Function /Game/Vehicles/Mercedes/Mercedes_BP.Mercedes_BP_C:ReceiveTick
	Function /Game/Vehicles/Mercedes/Mercedes_BP.Mercedes_BP_C:ExecuteUbergraph_Mercedes_BP
	Function /Game/Vehicles/Mercedes/Mercedes_BP.Mercedes_BP_C:Server Tick
	Function /Game/Vehicles/Mercedes/Mercedes_BP.Mercedes_BP_C:ExecuteUbergraph_Mercedes_BP
	Function /Game/Vehicles/Mercedes/Mercedes_BP.Mercedes_BP_C:Detect Drifting

[2017.10.07-17.09.54:556][250]LogScriptCore: Warning: Script Msg: Divide by zero detected: 0.000000 / 0
Script call stack:
	Function /Game/Vehicles/Mercedes/Mercedes_BP.Mercedes_BP_C:ReceiveTick
	Function /Game/Vehicles/Mercedes/Mercedes_BP.Mercedes_BP_C:ExecuteUbergraph_Mercedes_BP
	Function /Game/Vehicles/Mercedes/Mercedes_BP.Mercedes_BP_C:Server Tick
	Function /Game/Vehicles/Mercedes/Mercedes_BP.Mercedes_BP_C:ExecuteUbergraph_Mercedes_BP
	Function /Game/Vehicles/Mercedes/Mercedes_BP.Mercedes_BP_C:Detect Drifting

[2017.10.07-17.09.54:556][250]LogScriptCore: Warning: Script Msg: Divide by zero detected: 0.000000 / 0
Script call stack:
	Function /Game/Vehicles/Mercedes/Mercedes_BP.Mercedes_BP_C:ReceiveTick
	Function /Game/Vehicles/Mercedes/Mercedes_BP.Mercedes_BP_C:ExecuteUbergraph_Mercedes_BP
	Function /Game/Vehicles/Mercedes/Mercedes_BP.Mercedes_BP_C:Server Tick
	Function /Game/Vehicles/Mercedes/Mercedes_BP.Mercedes_BP_C:ExecuteUbergraph_Mercedes_BP
	Function /Game/Vehicles/Mercedes/Mercedes_BP.Mercedes_BP_C:Detect Drifting

[2017.10.07-17.09.54:574][251]LogScriptCore: Warning: Script Msg: Divide by zero detected: 0.000000 / 0
Script call stack:
	Function /Game/Vehicles/Mercedes/Mercedes_BP.Mercedes_BP_C:ReceiveTick
	Function /Game/Vehicles/Mercedes/Mercedes_BP.Mercedes_BP_C:ExecuteUbergraph_Mercedes_BP
	Function /Game/Vehicles/Mercedes/Mercedes_BP.Mercedes_BP_C:Server Tick
	Function /Game/Vehicles/Mercedes/Mercedes_BP.Mercedes_BP_C:ExecuteUbergraph_Mercedes_BP
	Function /Game/Vehicles/Mercedes/Mercedes_BP.Mercedes_BP_C:Detect Drifting

[2017.10.07-17.09.54:574][251]LogScriptCore: Warning: Script Msg: Divide by zero detected: 0.000000 / 0
Script call stack:
	Function /Game/Vehicles/Mercedes/Mercedes_BP.Mercedes_BP_C:ReceiveTick
	Function /Game/Vehicles/Mercedes/Mercedes_BP.Mercedes_BP_C:ExecuteUbergraph_Mercedes_BP
	Function /Game/Vehicles/Mercedes/Mercedes_BP.Mercedes_BP_C:Server Tick
	Function /Game/Vehicles/Mercedes/Mercedes_BP.Mercedes_BP_C:ExecuteUbergraph_Mercedes_BP
	Function /Game/Vehicles/Mercedes/Mercedes_BP.Mercedes_BP_C:Detect Drifting

[2017.10.07-17.09.54:574][251]LogScriptCore: Warning: Script Msg: Divide by zero detected: 0.000000 / 0
Script call stack:
	Function /Game/Vehicles/Mercedes/Mercedes_BP.Mercedes_BP_C:ReceiveTick
	Function /Game/Vehicles/Mercedes/Mercedes_BP.Mercedes_BP_C:ExecuteUbergraph_Mercedes_BP
	Function /Game/Vehicles/Mercedes/Mercedes_BP.Mercedes_BP_C:Server Tick
	Function /Game/Vehicles/Mercedes/Mercedes_BP.Mercedes_BP_C:ExecuteUbergraph_Mercedes_BP
	Function /Game/Vehicles/Mercedes/Mercedes_BP.Mercedes_BP_C:Detect Drifting

[2017.10.07-17.09.54:574][251]LogScriptCore: Warning: Script Msg: Divide by zero detected: 0.000000 / 0
Script call stack:
	Function /Game/Vehicles/Mercedes/Mercedes_BP.Mercedes_BP_C:ReceiveTick
	Function /Game/Vehicles/Mercedes/Mercedes_BP.Mercedes_BP_C:ExecuteUbergraph_Mercedes_BP
	Function /Game/Vehicles/Mercedes/Mercedes_BP.Mercedes_BP_C:Server Tick
	Function /Game/Vehicles/Mercedes/Mercedes_BP.Mercedes_BP_C:ExecuteUbergraph_Mercedes_BP
	Function /Game/Vehicles/Mercedes/Mercedes_BP.Mercedes_BP_C:Detect Drifting

[2017.10.07-17.10.30:286][372]LogTemp: Repeating last play command: Selected Viewport
[2017.10.07-17.10.30:320][372]LogPlayLevel: PlayLevel: No blueprints needed recompiling
[2017.10.07-17.10.30:321][372]PIE: New page: PIE session: KS_Test (Oct 7, 2017, 9:10:30 AM)
[2017.10.07-17.10.30:321][372]LogPlayLevel: Creating play world package: /Game/Maps/UEDPIE_0_KS_Test
[2017.10.07-17.10.31:095][372]LogPlayLevel: PIE: StaticDuplicateObject took: (0.774225s)
[2017.10.07-17.10.31:096][372]LogAIModule: Creating AISystem for world KS_Test
[2017.10.07-17.10.31:096][372]LogPlayLevel: PIE: World Init took: (0.001013s)
[2017.10.07-17.10.31:097][372]LogPlayLevel: PIE: Created PIE world by copying editor world from /Game/Maps/KS_Test.KS_Test to /Game/Maps/UEDPIE_0_KS_Test.KS_Test (0.775829s)
[2017.10.07-17.10.31:126][372]LogInit: XAudio2 using 'Speaker/HP (Realtek High Definition Audio)' : 2 channels at 48 kHz using 32 bits per sample (channel mask 0x3)
[2017.10.07-17.10.31:136][372]LogInit: FAudioDevice initialized.
[2017.10.07-17.10.31:171][372]LogLoad: Game class is 'Driving_Mode_C'
[2017.10.07-17.10.31:263][372]LogWorld: Bringing World /Game/Maps/UEDPIE_0_KS_Test.KS_Test up for play (max tick rate 60) at 2017.10.07-13.10.31
[2017.10.07-17.10.31:284][372]LogWorld: Bringing up level for play took: 0.113088
[2017.10.07-17.10.31:288][372]PIE: Play in editor start time for /Game/Maps/UEDPIE_0_KS_Test 1.803
[2017.10.07-17.10.31:290][372]LogScriptCore: Warning: Script Msg: Divide by zero detected: 0.000000 / 0
Script call stack:
	Function /Game/Vehicles/Mercedes/Mercedes_BP.Mercedes_BP_C:ReceiveTick
	Function /Game/Vehicles/Mercedes/Mercedes_BP.Mercedes_BP_C:ExecuteUbergraph_Mercedes_BP
	Function /Game/Vehicles/Mercedes/Mercedes_BP.Mercedes_BP_C:Server Tick
	Function /Game/Vehicles/Mercedes/Mercedes_BP.Mercedes_BP_C:ExecuteUbergraph_Mercedes_BP
	Function /Game/Vehicles/Mercedes/Mercedes_BP.Mercedes_BP_C:Detect Drifting

[2017.10.07-17.10.31:290][372]LogScriptCore: Warning: Script Msg: Divide by zero detected: 0.000000 / 0
Script call stack:
	Function /Game/Vehicles/Mercedes/Mercedes_BP.Mercedes_BP_C:ReceiveTick
	Function /Game/Vehicles/Mercedes/Mercedes_BP.Mercedes_BP_C:ExecuteUbergraph_Mercedes_BP
	Function /Game/Vehicles/Mercedes/Mercedes_BP.Mercedes_BP_C:Server Tick
	Function /Game/Vehicles/Mercedes/Mercedes_BP.Mercedes_BP_C:ExecuteUbergraph_Mercedes_BP
	Function /Game/Vehicles/Mercedes/Mercedes_BP.Mercedes_BP_C:Detect Drifting

[2017.10.07-17.10.31:290][372]LogScriptCore: Warning: Script Msg: Divide by zero detected: 0.000000 / 0
Script call stack:
	Function /Game/Vehicles/Mercedes/Mercedes_BP.Mercedes_BP_C:ReceiveTick
	Function /Game/Vehicles/Mercedes/Mercedes_BP.Mercedes_BP_C:ExecuteUbergraph_Mercedes_BP
	Function /Game/Vehicles/Mercedes/Mercedes_BP.Mercedes_BP_C:Server Tick
	Function /Game/Vehicles/Mercedes/Mercedes_BP.Mercedes_BP_C:ExecuteUbergraph_Mercedes_BP
	Function /Game/Vehicles/Mercedes/Mercedes_BP.Mercedes_BP_C:Detect Drifting

[2017.10.07-17.10.31:290][372]LogScriptCore: Warning: Script Msg: Divide by zero detected: 0.000000 / 0
Script call stack:
	Function /Game/Vehicles/Mercedes/Mercedes_BP.Mercedes_BP_C:ReceiveTick
	Function /Game/Vehicles/Mercedes/Mercedes_BP.Mercedes_BP_C:ExecuteUbergraph_Mercedes_BP
	Function /Game/Vehicles/Mercedes/Mercedes_BP.Mercedes_BP_C:Server Tick
	Function /Game/Vehicles/Mercedes/Mercedes_BP.Mercedes_BP_C:ExecuteUbergraph_Mercedes_BP
	Function /Game/Vehicles/Mercedes/Mercedes_BP.Mercedes_BP_C:Detect Drifting

[2017.10.07-17.10.31:307][373]LogScriptCore: Warning: Script Msg: Divide by zero detected: 0.000000 / 0
Script call stack:
	Function /Game/Vehicles/Mercedes/Mercedes_BP.Mercedes_BP_C:ReceiveTick
	Function /Game/Vehicles/Mercedes/Mercedes_BP.Mercedes_BP_C:ExecuteUbergraph_Mercedes_BP
	Function /Game/Vehicles/Mercedes/Mercedes_BP.Mercedes_BP_C:Server Tick
	Function /Game/Vehicles/Mercedes/Mercedes_BP.Mercedes_BP_C:ExecuteUbergraph_Mercedes_BP
	Function /Game/Vehicles/Mercedes/Mercedes_BP.Mercedes_BP_C:Detect Drifting

[2017.10.07-17.10.31:307][373]LogScriptCore: Warning: Script Msg: Divide by zero detected: 0.000000 / 0
Script call stack:
	Function /Game/Vehicles/Mercedes/Mercedes_BP.Mercedes_BP_C:ReceiveTick
	Function /Game/Vehicles/Mercedes/Mercedes_BP.Mercedes_BP_C:ExecuteUbergraph_Mercedes_BP
	Function /Game/Vehicles/Mercedes/Mercedes_BP.Mercedes_BP_C:Server Tick
	Function /Game/Vehicles/Mercedes/Mercedes_BP.Mercedes_BP_C:ExecuteUbergraph_Mercedes_BP
	Function /Game/Vehicles/Mercedes/Mercedes_BP.Mercedes_BP_C:Detect Drifting

[2017.10.07-17.10.31:307][373]LogScriptCore: Warning: Script Msg: Divide by zero detected: 0.000000 / 0
Script call stack:
	Function /Game/Vehicles/Mercedes/Mercedes_BP.Mercedes_BP_C:ReceiveTick
	Function /Game/Vehicles/Mercedes/Mercedes_BP.Mercedes_BP_C:ExecuteUbergraph_Mercedes_BP
	Function /Game/Vehicles/Mercedes/Mercedes_BP.Mercedes_BP_C:Server Tick
	Function /Game/Vehicles/Mercedes/Mercedes_BP.Mercedes_BP_C:ExecuteUbergraph_Mercedes_BP
	Function /Game/Vehicles/Mercedes/Mercedes_BP.Mercedes_BP_C:Detect Drifting

[2017.10.07-17.10.31:308][373]LogScriptCore: Warning: Script Msg: Divide by zero detected: 0.000000 / 0
Script call stack:
	Function /Game/Vehicles/Mercedes/Mercedes_BP.Mercedes_BP_C:ReceiveTick
	Function /Game/Vehicles/Mercedes/Mercedes_BP.Mercedes_BP_C:ExecuteUbergraph_Mercedes_BP
	Function /Game/Vehicles/Mercedes/Mercedes_BP.Mercedes_BP_C:Server Tick
	Function /Game/Vehicles/Mercedes/Mercedes_BP.Mercedes_BP_C:ExecuteUbergraph_Mercedes_BP
	Function /Game/Vehicles/Mercedes/Mercedes_BP.Mercedes_BP_C:Detect Drifting

[2017.10.07-17.13.22:839][481]LogRenderer: Reallocating scene render targets to support 952x564 Format 10 NumSamples 1 (Frame:1).
[2017.10.07-17.15.03:487][759]Cmd: SELECT NONE
[2017.10.07-17.15.30:229][ 67]LogStaticMesh: Building static mesh Road4...
[2017.10.07-17.15.30:259][ 67]LogStaticMesh: Built static mesh [0.03s] /Game/Meshes/RoadMeshes/Road4.Road4
[2017.10.07-17.18.57:184][ 44]LogSavePackage: Save=45.39ms
[2017.10.07-17.18.57:184][ 44]LogSavePackage: Moving '../../../../../../Users/wesda/Documents/Unreal Projects/StormHunters/fall-2017-storm-hunters/Saved/Road49D6CFE6443314EDB1488F98A167A1D92.tmp' to '../../../../../../Users/wesda/Documents/Unreal Projects/StormHunters/fall-2017-storm-hunters/Content/Meshes/RoadMeshes/Road4.uasset'
[2017.10.07-17.18.57:196][ 44]LogSavePackage: Display: Finished SavePackage ../../../../../../Users/wesda/Documents/Unreal Projects/StormHunters/fall-2017-storm-hunters/Content/Meshes/RoadMeshes/Road4.uasset
[2017.10.07-17.19.07:375][206]LogTemp: Repeating last play command: Selected Viewport
[2017.10.07-17.19.07:462][206]LogPlayLevel: PlayLevel: No blueprints needed recompiling
[2017.10.07-17.19.07:463][206]PIE: New page: PIE session: KS_Test (Oct 7, 2017, 9:19:07 AM)
[2017.10.07-17.19.07:464][206]LogPlayLevel: Creating play world package: /Game/Maps/UEDPIE_0_KS_Test
[2017.10.07-17.19.08:302][206]LogPlayLevel: PIE: StaticDuplicateObject took: (0.838294s)
[2017.10.07-17.19.08:303][206]LogAIModule: Creating AISystem for world KS_Test
[2017.10.07-17.19.08:303][206]LogPlayLevel: PIE: World Init took: (0.001372s)
[2017.10.07-17.19.08:303][206]LogPlayLevel: PIE: Created PIE world by copying editor world from /Game/Maps/KS_Test.KS_Test to /Game/Maps/UEDPIE_0_KS_Test.KS_Test (0.840116s)
[2017.10.07-17.19.08:352][206]LogInit: XAudio2 using 'Speaker/HP (Realtek High Definition Audio)' : 2 channels at 48 kHz using 32 bits per sample (channel mask 0x3)
[2017.10.07-17.19.08:365][206]LogInit: FAudioDevice initialized.
[2017.10.07-17.19.08:397][206]LogLoad: Game class is 'Driving_Mode_C'
[2017.10.07-17.19.09:701][206]LogWorld: Bringing World /Game/Maps/UEDPIE_0_KS_Test.KS_Test up for play (max tick rate 0) at 2017.10.07-13.19.09
[2017.10.07-17.19.09:748][206]LogWorld: Bringing up level for play took: 1.350146
[2017.10.07-17.19.09:753][206]PIE: Play in editor start time for /Game/Maps/UEDPIE_0_KS_Test 2.267
[2017.10.07-17.19.09:767][206]LogScriptCore: Warning: Script Msg: Divide by zero detected: 0.000000 / 0
Script call stack:
	Function /Game/Vehicles/Mercedes/Mercedes_BP.Mercedes_BP_C:ReceiveTick
	Function /Game/Vehicles/Mercedes/Mercedes_BP.Mercedes_BP_C:ExecuteUbergraph_Mercedes_BP
	Function /Game/Vehicles/Mercedes/Mercedes_BP.Mercedes_BP_C:Server Tick
	Function /Game/Vehicles/Mercedes/Mercedes_BP.Mercedes_BP_C:ExecuteUbergraph_Mercedes_BP
	Function /Game/Vehicles/Mercedes/Mercedes_BP.Mercedes_BP_C:Detect Drifting

[2017.10.07-17.19.09:768][206]LogScriptCore: Warning: Script Msg: Divide by zero detected: 0.000000 / 0
Script call stack:
	Function /Game/Vehicles/Mercedes/Mercedes_BP.Mercedes_BP_C:ReceiveTick
	Function /Game/Vehicles/Mercedes/Mercedes_BP.Mercedes_BP_C:ExecuteUbergraph_Mercedes_BP
	Function /Game/Vehicles/Mercedes/Mercedes_BP.Mercedes_BP_C:Server Tick
	Function /Game/Vehicles/Mercedes/Mercedes_BP.Mercedes_BP_C:ExecuteUbergraph_Mercedes_BP
	Function /Game/Vehicles/Mercedes/Mercedes_BP.Mercedes_BP_C:Detect Drifting

[2017.10.07-17.19.09:768][206]LogScriptCore: Warning: Script Msg: Divide by zero detected: 0.000000 / 0
Script call stack:
	Function /Game/Vehicles/Mercedes/Mercedes_BP.Mercedes_BP_C:ReceiveTick
	Function /Game/Vehicles/Mercedes/Mercedes_BP.Mercedes_BP_C:ExecuteUbergraph_Mercedes_BP
	Function /Game/Vehicles/Mercedes/Mercedes_BP.Mercedes_BP_C:Server Tick
	Function /Game/Vehicles/Mercedes/Mercedes_BP.Mercedes_BP_C:ExecuteUbergraph_Mercedes_BP
	Function /Game/Vehicles/Mercedes/Mercedes_BP.Mercedes_BP_C:Detect Drifting

[2017.10.07-17.19.09:768][206]LogScriptCore: Warning: Script Msg: Divide by zero detected: 0.000000 / 0
Script call stack:
	Function /Game/Vehicles/Mercedes/Mercedes_BP.Mercedes_BP_C:ReceiveTick
	Function /Game/Vehicles/Mercedes/Mercedes_BP.Mercedes_BP_C:ExecuteUbergraph_Mercedes_BP
	Function /Game/Vehicles/Mercedes/Mercedes_BP.Mercedes_BP_C:Server Tick
	Function /Game/Vehicles/Mercedes/Mercedes_BP.Mercedes_BP_C:ExecuteUbergraph_Mercedes_BP
	Function /Game/Vehicles/Mercedes/Mercedes_BP.Mercedes_BP_C:Detect Drifting

[2017.10.07-17.19.10:898][207]LogScriptCore: Warning: Script Msg: Divide by zero detected: 0.000000 / 0
Script call stack:
	Function /Game/Vehicles/Mercedes/Mercedes_BP.Mercedes_BP_C:ReceiveTick
	Function /Game/Vehicles/Mercedes/Mercedes_BP.Mercedes_BP_C:ExecuteUbergraph_Mercedes_BP
	Function /Game/Vehicles/Mercedes/Mercedes_BP.Mercedes_BP_C:Server Tick
	Function /Game/Vehicles/Mercedes/Mercedes_BP.Mercedes_BP_C:ExecuteUbergraph_Mercedes_BP
	Function /Game/Vehicles/Mercedes/Mercedes_BP.Mercedes_BP_C:Detect Drifting

[2017.10.07-17.19.10:898][207]LogScriptCore: Warning: Script Msg: Divide by zero detected: 0.000000 / 0
Script call stack:
	Function /Game/Vehicles/Mercedes/Mercedes_BP.Mercedes_BP_C:ReceiveTick
	Function /Game/Vehicles/Mercedes/Mercedes_BP.Mercedes_BP_C:ExecuteUbergraph_Mercedes_BP
	Function /Game/Vehicles/Mercedes/Mercedes_BP.Mercedes_BP_C:Server Tick
	Function /Game/Vehicles/Mercedes/Mercedes_BP.Mercedes_BP_C:ExecuteUbergraph_Mercedes_BP
	Function /Game/Vehicles/Mercedes/Mercedes_BP.Mercedes_BP_C:Detect Drifting

[2017.10.07-17.19.10:898][207]LogScriptCore: Warning: Script Msg: Divide by zero detected: 0.000000 / 0
Script call stack:
	Function /Game/Vehicles/Mercedes/Mercedes_BP.Mercedes_BP_C:ReceiveTick
	Function /Game/Vehicles/Mercedes/Mercedes_BP.Mercedes_BP_C:ExecuteUbergraph_Mercedes_BP
	Function /Game/Vehicles/Mercedes/Mercedes_BP.Mercedes_BP_C:Server Tick
	Function /Game/Vehicles/Mercedes/Mercedes_BP.Mercedes_BP_C:ExecuteUbergraph_Mercedes_BP
	Function /Game/Vehicles/Mercedes/Mercedes_BP.Mercedes_BP_C:Detect Drifting

[2017.10.07-17.19.10:898][207]LogScriptCore: Warning: Script Msg: Divide by zero detected: 0.000000 / 0
Script call stack:
	Function /Game/Vehicles/Mercedes/Mercedes_BP.Mercedes_BP_C:ReceiveTick
	Function /Game/Vehicles/Mercedes/Mercedes_BP.Mercedes_BP_C:ExecuteUbergraph_Mercedes_BP
	Function /Game/Vehicles/Mercedes/Mercedes_BP.Mercedes_BP_C:Server Tick
	Function /Game/Vehicles/Mercedes/Mercedes_BP.Mercedes_BP_C:ExecuteUbergraph_Mercedes_BP
	Function /Game/Vehicles/Mercedes/Mercedes_BP.Mercedes_BP_C:Detect Drifting

[2017.10.07-17.19.38:186][856]LogTemp: Repeating last play command: Selected Viewport
[2017.10.07-17.19.38:251][856]LogPlayLevel: PlayLevel: No blueprints needed recompiling
[2017.10.07-17.19.38:252][856]PIE: New page: PIE session: KS_Test (Oct 7, 2017, 9:19:38 AM)
[2017.10.07-17.19.38:252][856]LogPlayLevel: Creating play world package: /Game/Maps/UEDPIE_0_KS_Test
[2017.10.07-17.19.39:083][856]LogPlayLevel: PIE: StaticDuplicateObject took: (0.830242s)
[2017.10.07-17.19.39:083][856]LogAIModule: Creating AISystem for world KS_Test
[2017.10.07-17.19.39:084][856]LogPlayLevel: PIE: World Init took: (0.001081s)
[2017.10.07-17.19.39:084][856]LogPlayLevel: PIE: Created PIE world by copying editor world from /Game/Maps/KS_Test.KS_Test to /Game/Maps/UEDPIE_0_KS_Test.KS_Test (0.831850s)
[2017.10.07-17.19.39:129][856]LogInit: XAudio2 using 'Speaker/HP (Realtek High Definition Audio)' : 2 channels at 48 kHz using 32 bits per sample (channel mask 0x3)
[2017.10.07-17.19.39:140][856]LogInit: FAudioDevice initialized.
[2017.10.07-17.19.39:172][856]LogLoad: Game class is 'Driving_Mode_C'
[2017.10.07-17.19.40:486][856]LogWorld: Bringing World /Game/Maps/UEDPIE_0_KS_Test.KS_Test up for play (max tick rate 0) at 2017.10.07-13.19.40
[2017.10.07-17.19.40:533][856]LogWorld: Bringing up level for play took: 1.359947
[2017.10.07-17.19.40:538][856]PIE: Play in editor start time for /Game/Maps/UEDPIE_0_KS_Test 3.052
[2017.10.07-17.19.40:552][856]LogScriptCore: Warning: Script Msg: Divide by zero detected: 0.000000 / 0
Script call stack:
	Function /Game/Vehicles/Mercedes/Mercedes_BP.Mercedes_BP_C:ReceiveTick
	Function /Game/Vehicles/Mercedes/Mercedes_BP.Mercedes_BP_C:ExecuteUbergraph_Mercedes_BP
	Function /Game/Vehicles/Mercedes/Mercedes_BP.Mercedes_BP_C:Server Tick
	Function /Game/Vehicles/Mercedes/Mercedes_BP.Mercedes_BP_C:ExecuteUbergraph_Mercedes_BP
	Function /Game/Vehicles/Mercedes/Mercedes_BP.Mercedes_BP_C:Detect Drifting

[2017.10.07-17.19.40:552][856]LogScriptCore: Warning: Script Msg: Divide by zero detected: 0.000000 / 0
Script call stack:
	Function /Game/Vehicles/Mercedes/Mercedes_BP.Mercedes_BP_C:ReceiveTick
	Function /Game/Vehicles/Mercedes/Mercedes_BP.Mercedes_BP_C:ExecuteUbergraph_Mercedes_BP
	Function /Game/Vehicles/Mercedes/Mercedes_BP.Mercedes_BP_C:Server Tick
	Function /Game/Vehicles/Mercedes/Mercedes_BP.Mercedes_BP_C:ExecuteUbergraph_Mercedes_BP
	Function /Game/Vehicles/Mercedes/Mercedes_BP.Mercedes_BP_C:Detect Drifting

[2017.10.07-17.19.40:552][856]LogScriptCore: Warning: Script Msg: Divide by zero detected: 0.000000 / 0
Script call stack:
	Function /Game/Vehicles/Mercedes/Mercedes_BP.Mercedes_BP_C:ReceiveTick
	Function /Game/Vehicles/Mercedes/Mercedes_BP.Mercedes_BP_C:ExecuteUbergraph_Mercedes_BP
	Function /Game/Vehicles/Mercedes/Mercedes_BP.Mercedes_BP_C:Server Tick
	Function /Game/Vehicles/Mercedes/Mercedes_BP.Mercedes_BP_C:ExecuteUbergraph_Mercedes_BP
	Function /Game/Vehicles/Mercedes/Mercedes_BP.Mercedes_BP_C:Detect Drifting

[2017.10.07-17.19.40:552][856]LogScriptCore: Warning: Script Msg: Divide by zero detected: 0.000000 / 0
Script call stack:
	Function /Game/Vehicles/Mercedes/Mercedes_BP.Mercedes_BP_C:ReceiveTick
	Function /Game/Vehicles/Mercedes/Mercedes_BP.Mercedes_BP_C:ExecuteUbergraph_Mercedes_BP
	Function /Game/Vehicles/Mercedes/Mercedes_BP.Mercedes_BP_C:Server Tick
	Function /Game/Vehicles/Mercedes/Mercedes_BP.Mercedes_BP_C:ExecuteUbergraph_Mercedes_BP
	Function /Game/Vehicles/Mercedes/Mercedes_BP.Mercedes_BP_C:Detect Drifting

[2017.10.07-17.19.40:893][857]LogScriptCore: Warning: Script Msg: Divide by zero detected: 0.000000 / 0
Script call stack:
	Function /Game/Vehicles/Mercedes/Mercedes_BP.Mercedes_BP_C:ReceiveTick
	Function /Game/Vehicles/Mercedes/Mercedes_BP.Mercedes_BP_C:ExecuteUbergraph_Mercedes_BP
	Function /Game/Vehicles/Mercedes/Mercedes_BP.Mercedes_BP_C:Server Tick
	Function /Game/Vehicles/Mercedes/Mercedes_BP.Mercedes_BP_C:ExecuteUbergraph_Mercedes_BP
	Function /Game/Vehicles/Mercedes/Mercedes_BP.Mercedes_BP_C:Detect Drifting

[2017.10.07-17.19.40:893][857]LogScriptCore: Warning: Script Msg: Divide by zero detected: 0.000000 / 0
Script call stack:
	Function /Game/Vehicles/Mercedes/Mercedes_BP.Mercedes_BP_C:ReceiveTick
	Function /Game/Vehicles/Mercedes/Mercedes_BP.Mercedes_BP_C:ExecuteUbergraph_Mercedes_BP
	Function /Game/Vehicles/Mercedes/Mercedes_BP.Mercedes_BP_C:Server Tick
	Function /Game/Vehicles/Mercedes/Mercedes_BP.Mercedes_BP_C:ExecuteUbergraph_Mercedes_BP
	Function /Game/Vehicles/Mercedes/Mercedes_BP.Mercedes_BP_C:Detect Drifting

[2017.10.07-17.19.40:893][857]LogScriptCore: Warning: Script Msg: Divide by zero detected: 0.000000 / 0
Script call stack:
	Function /Game/Vehicles/Mercedes/Mercedes_BP.Mercedes_BP_C:ReceiveTick
	Function /Game/Vehicles/Mercedes/Mercedes_BP.Mercedes_BP_C:ExecuteUbergraph_Mercedes_BP
	Function /Game/Vehicles/Mercedes/Mercedes_BP.Mercedes_BP_C:Server Tick
	Function /Game/Vehicles/Mercedes/Mercedes_BP.Mercedes_BP_C:ExecuteUbergraph_Mercedes_BP
	Function /Game/Vehicles/Mercedes/Mercedes_BP.Mercedes_BP_C:Detect Drifting

[2017.10.07-17.19.40:893][857]LogScriptCore: Warning: Script Msg: Divide by zero detected: 0.000000 / 0
Script call stack:
	Function /Game/Vehicles/Mercedes/Mercedes_BP.Mercedes_BP_C:ReceiveTick
	Function /Game/Vehicles/Mercedes/Mercedes_BP.Mercedes_BP_C:ExecuteUbergraph_Mercedes_BP
	Function /Game/Vehicles/Mercedes/Mercedes_BP.Mercedes_BP_C:Server Tick
	Function /Game/Vehicles/Mercedes/Mercedes_BP.Mercedes_BP_C:ExecuteUbergraph_Mercedes_BP
	Function /Game/Vehicles/Mercedes/Mercedes_BP.Mercedes_BP_C:Detect Drifting

[2017.10.07-17.22.16:653][216]LogSavePackage: Save=41.39ms
[2017.10.07-17.22.16:653][216]LogSavePackage: Moving '../../../../../../Users/wesda/Documents/Unreal Projects/StormHunters/fall-2017-storm-hunters/Saved/Road4CB310468493C53307D4FECB4CBEC1940.tmp' to '../../../../../../Users/wesda/Documents/Unreal Projects/StormHunters/fall-2017-storm-hunters/Content/Meshes/RoadMeshes/Road4.uasset'
[2017.10.07-17.22.16:667][216]LogSavePackage: Display: Finished SavePackage ../../../../../../Users/wesda/Documents/Unreal Projects/StormHunters/fall-2017-storm-hunters/Content/Meshes/RoadMeshes/Road4.uasset
[2017.10.07-17.22.20:048][273]LogTemp: Repeating last play command: Selected Viewport
[2017.10.07-17.22.20:133][273]LogPlayLevel: PlayLevel: No blueprints needed recompiling
[2017.10.07-17.22.20:133][273]PIE: New page: PIE session: KS_Test (Oct 7, 2017, 9:22:20 AM)
[2017.10.07-17.22.20:134][273]LogPlayLevel: Creating play world package: /Game/Maps/UEDPIE_0_KS_Test
[2017.10.07-17.22.20:982][273]LogPlayLevel: PIE: StaticDuplicateObject took: (0.848245s)
[2017.10.07-17.22.20:983][273]LogAIModule: Creating AISystem for world KS_Test
[2017.10.07-17.22.20:984][273]LogPlayLevel: PIE: World Init took: (0.001310s)
[2017.10.07-17.22.20:984][273]LogPlayLevel: PIE: Created PIE world by copying editor world from /Game/Maps/KS_Test.KS_Test to /Game/Maps/UEDPIE_0_KS_Test.KS_Test (0.850032s)
[2017.10.07-17.22.21:029][273]LogInit: XAudio2 using 'Speaker/HP (Realtek High Definition Audio)' : 2 channels at 48 kHz using 32 bits per sample (channel mask 0x3)
[2017.10.07-17.22.21:041][273]LogInit: FAudioDevice initialized.
[2017.10.07-17.22.21:074][273]LogLoad: Game class is 'Driving_Mode_C'
[2017.10.07-17.22.22:377][273]LogWorld: Bringing World /Game/Maps/UEDPIE_0_KS_Test.KS_Test up for play (max tick rate 0) at 2017.10.07-13.22.22
[2017.10.07-17.22.22:425][273]LogWorld: Bringing up level for play took: 1.350271
[2017.10.07-17.22.22:430][273]PIE: Play in editor start time for /Game/Maps/UEDPIE_0_KS_Test 2.944
[2017.10.07-17.22.22:446][273]LogScriptCore: Warning: Script Msg: Divide by zero detected: 0.000000 / 0
Script call stack:
	Function /Game/Vehicles/Mercedes/Mercedes_BP.Mercedes_BP_C:ReceiveTick
	Function /Game/Vehicles/Mercedes/Mercedes_BP.Mercedes_BP_C:ExecuteUbergraph_Mercedes_BP
	Function /Game/Vehicles/Mercedes/Mercedes_BP.Mercedes_BP_C:Server Tick
	Function /Game/Vehicles/Mercedes/Mercedes_BP.Mercedes_BP_C:ExecuteUbergraph_Mercedes_BP
	Function /Game/Vehicles/Mercedes/Mercedes_BP.Mercedes_BP_C:Detect Drifting

[2017.10.07-17.22.22:446][273]LogScriptCore: Warning: Script Msg: Divide by zero detected: 0.000000 / 0
Script call stack:
	Function /Game/Vehicles/Mercedes/Mercedes_BP.Mercedes_BP_C:ReceiveTick
	Function /Game/Vehicles/Mercedes/Mercedes_BP.Mercedes_BP_C:ExecuteUbergraph_Mercedes_BP
	Function /Game/Vehicles/Mercedes/Mercedes_BP.Mercedes_BP_C:Server Tick
	Function /Game/Vehicles/Mercedes/Mercedes_BP.Mercedes_BP_C:ExecuteUbergraph_Mercedes_BP
	Function /Game/Vehicles/Mercedes/Mercedes_BP.Mercedes_BP_C:Detect Drifting

[2017.10.07-17.22.22:446][273]LogScriptCore: Warning: Script Msg: Divide by zero detected: 0.000000 / 0
Script call stack:
	Function /Game/Vehicles/Mercedes/Mercedes_BP.Mercedes_BP_C:ReceiveTick
	Function /Game/Vehicles/Mercedes/Mercedes_BP.Mercedes_BP_C:ExecuteUbergraph_Mercedes_BP
	Function /Game/Vehicles/Mercedes/Mercedes_BP.Mercedes_BP_C:Server Tick
	Function /Game/Vehicles/Mercedes/Mercedes_BP.Mercedes_BP_C:ExecuteUbergraph_Mercedes_BP
	Function /Game/Vehicles/Mercedes/Mercedes_BP.Mercedes_BP_C:Detect Drifting

[2017.10.07-17.22.22:446][273]LogScriptCore: Warning: Script Msg: Divide by zero detected: 0.000000 / 0
Script call stack:
	Function /Game/Vehicles/Mercedes/Mercedes_BP.Mercedes_BP_C:ReceiveTick
	Function /Game/Vehicles/Mercedes/Mercedes_BP.Mercedes_BP_C:ExecuteUbergraph_Mercedes_BP
	Function /Game/Vehicles/Mercedes/Mercedes_BP.Mercedes_BP_C:Server Tick
	Function /Game/Vehicles/Mercedes/Mercedes_BP.Mercedes_BP_C:ExecuteUbergraph_Mercedes_BP
	Function /Game/Vehicles/Mercedes/Mercedes_BP.Mercedes_BP_C:Detect Drifting

[2017.10.07-17.22.23:529][274]LogScriptCore: Warning: Script Msg: Divide by zero detected: 0.000000 / 0
Script call stack:
	Function /Game/Vehicles/Mercedes/Mercedes_BP.Mercedes_BP_C:ReceiveTick
	Function /Game/Vehicles/Mercedes/Mercedes_BP.Mercedes_BP_C:ExecuteUbergraph_Mercedes_BP
	Function /Game/Vehicles/Mercedes/Mercedes_BP.Mercedes_BP_C:Server Tick
	Function /Game/Vehicles/Mercedes/Mercedes_BP.Mercedes_BP_C:ExecuteUbergraph_Mercedes_BP
	Function /Game/Vehicles/Mercedes/Mercedes_BP.Mercedes_BP_C:Detect Drifting

[2017.10.07-17.22.23:529][274]LogScriptCore: Warning: Script Msg: Divide by zero detected: 0.000000 / 0
Script call stack:
	Function /Game/Vehicles/Mercedes/Mercedes_BP.Mercedes_BP_C:ReceiveTick
	Function /Game/Vehicles/Mercedes/Mercedes_BP.Mercedes_BP_C:ExecuteUbergraph_Mercedes_BP
	Function /Game/Vehicles/Mercedes/Mercedes_BP.Mercedes_BP_C:Server Tick
	Function /Game/Vehicles/Mercedes/Mercedes_BP.Mercedes_BP_C:ExecuteUbergraph_Mercedes_BP
	Function /Game/Vehicles/Mercedes/Mercedes_BP.Mercedes_BP_C:Detect Drifting

[2017.10.07-17.22.23:530][274]LogScriptCore: Warning: Script Msg: Divide by zero detected: 0.000000 / 0
Script call stack:
	Function /Game/Vehicles/Mercedes/Mercedes_BP.Mercedes_BP_C:ReceiveTick
	Function /Game/Vehicles/Mercedes/Mercedes_BP.Mercedes_BP_C:ExecuteUbergraph_Mercedes_BP
	Function /Game/Vehicles/Mercedes/Mercedes_BP.Mercedes_BP_C:Server Tick
	Function /Game/Vehicles/Mercedes/Mercedes_BP.Mercedes_BP_C:ExecuteUbergraph_Mercedes_BP
	Function /Game/Vehicles/Mercedes/Mercedes_BP.Mercedes_BP_C:Detect Drifting

[2017.10.07-17.22.23:530][274]LogScriptCore: Warning: Script Msg: Divide by zero detected: 0.000000 / 0
Script call stack:
	Function /Game/Vehicles/Mercedes/Mercedes_BP.Mercedes_BP_C:ReceiveTick
	Function /Game/Vehicles/Mercedes/Mercedes_BP.Mercedes_BP_C:ExecuteUbergraph_Mercedes_BP
	Function /Game/Vehicles/Mercedes/Mercedes_BP.Mercedes_BP_C:Server Tick
	Function /Game/Vehicles/Mercedes/Mercedes_BP.Mercedes_BP_C:ExecuteUbergraph_Mercedes_BP
	Function /Game/Vehicles/Mercedes/Mercedes_BP.Mercedes_BP_C:Detect Drifting

[2017.10.07-17.23.03:160][219]LogTemp: Repeating last play command: Selected Viewport
[2017.10.07-17.23.03:235][219]LogPlayLevel: PlayLevel: No blueprints needed recompiling
[2017.10.07-17.23.03:236][219]PIE: New page: PIE session: KS_Test (Oct 7, 2017, 9:23:03 AM)
[2017.10.07-17.23.03:236][219]LogPlayLevel: Creating play world package: /Game/Maps/UEDPIE_0_KS_Test
[2017.10.07-17.23.04:206][219]LogPlayLevel: PIE: StaticDuplicateObject took: (0.970286s)
[2017.10.07-17.23.04:207][219]LogAIModule: Creating AISystem for world KS_Test
[2017.10.07-17.23.04:207][219]LogPlayLevel: PIE: World Init took: (0.001071s)
[2017.10.07-17.23.04:208][219]LogPlayLevel: PIE: Created PIE world by copying editor world from /Game/Maps/KS_Test.KS_Test to /Game/Maps/UEDPIE_0_KS_Test.KS_Test (0.971800s)
[2017.10.07-17.23.04:266][219]LogInit: XAudio2 using 'Speaker/HP (Realtek High Definition Audio)' : 2 channels at 48 kHz using 32 bits per sample (channel mask 0x3)
[2017.10.07-17.23.04:280][219]LogInit: FAudioDevice initialized.
[2017.10.07-17.23.04:311][219]LogLoad: Game class is 'Driving_Mode_C'
[2017.10.07-17.23.05:923][219]LogWorld: Bringing World /Game/Maps/UEDPIE_0_KS_Test.KS_Test up for play (max tick rate 0) at 2017.10.07-13.23.05
[2017.10.07-17.23.05:978][219]LogWorld: Bringing up level for play took: 1.667034
[2017.10.07-17.23.05:983][219]PIE: Play in editor start time for /Game/Maps/UEDPIE_0_KS_Test 2.498
[2017.10.07-17.23.05:999][219]LogScriptCore: Warning: Script Msg: Divide by zero detected: 0.000000 / 0
Script call stack:
	Function /Game/Vehicles/Mercedes/Mercedes_BP.Mercedes_BP_C:ReceiveTick
	Function /Game/Vehicles/Mercedes/Mercedes_BP.Mercedes_BP_C:ExecuteUbergraph_Mercedes_BP
	Function /Game/Vehicles/Mercedes/Mercedes_BP.Mercedes_BP_C:Server Tick
	Function /Game/Vehicles/Mercedes/Mercedes_BP.Mercedes_BP_C:ExecuteUbergraph_Mercedes_BP
	Function /Game/Vehicles/Mercedes/Mercedes_BP.Mercedes_BP_C:Detect Drifting

[2017.10.07-17.23.05:999][219]LogScriptCore: Warning: Script Msg: Divide by zero detected: 0.000000 / 0
Script call stack:
	Function /Game/Vehicles/Mercedes/Mercedes_BP.Mercedes_BP_C:ReceiveTick
	Function /Game/Vehicles/Mercedes/Mercedes_BP.Mercedes_BP_C:ExecuteUbergraph_Mercedes_BP
	Function /Game/Vehicles/Mercedes/Mercedes_BP.Mercedes_BP_C:Server Tick
	Function /Game/Vehicles/Mercedes/Mercedes_BP.Mercedes_BP_C:ExecuteUbergraph_Mercedes_BP
	Function /Game/Vehicles/Mercedes/Mercedes_BP.Mercedes_BP_C:Detect Drifting

[2017.10.07-17.23.05:999][219]LogScriptCore: Warning: Script Msg: Divide by zero detected: 0.000000 / 0
Script call stack:
	Function /Game/Vehicles/Mercedes/Mercedes_BP.Mercedes_BP_C:ReceiveTick
	Function /Game/Vehicles/Mercedes/Mercedes_BP.Mercedes_BP_C:ExecuteUbergraph_Mercedes_BP
	Function /Game/Vehicles/Mercedes/Mercedes_BP.Mercedes_BP_C:Server Tick
	Function /Game/Vehicles/Mercedes/Mercedes_BP.Mercedes_BP_C:ExecuteUbergraph_Mercedes_BP
	Function /Game/Vehicles/Mercedes/Mercedes_BP.Mercedes_BP_C:Detect Drifting

[2017.10.07-17.23.05:999][219]LogScriptCore: Warning: Script Msg: Divide by zero detected: 0.000000 / 0
Script call stack:
	Function /Game/Vehicles/Mercedes/Mercedes_BP.Mercedes_BP_C:ReceiveTick
	Function /Game/Vehicles/Mercedes/Mercedes_BP.Mercedes_BP_C:ExecuteUbergraph_Mercedes_BP
	Function /Game/Vehicles/Mercedes/Mercedes_BP.Mercedes_BP_C:Server Tick
	Function /Game/Vehicles/Mercedes/Mercedes_BP.Mercedes_BP_C:ExecuteUbergraph_Mercedes_BP
	Function /Game/Vehicles/Mercedes/Mercedes_BP.Mercedes_BP_C:Detect Drifting

[2017.10.07-17.23.06:775][220]LogScriptCore: Warning: Script Msg: Divide by zero detected: 0.000000 / 0
Script call stack:
	Function /Game/Vehicles/Mercedes/Mercedes_BP.Mercedes_BP_C:ReceiveTick
	Function /Game/Vehicles/Mercedes/Mercedes_BP.Mercedes_BP_C:ExecuteUbergraph_Mercedes_BP
	Function /Game/Vehicles/Mercedes/Mercedes_BP.Mercedes_BP_C:Server Tick
	Function /Game/Vehicles/Mercedes/Mercedes_BP.Mercedes_BP_C:ExecuteUbergraph_Mercedes_BP
	Function /Game/Vehicles/Mercedes/Mercedes_BP.Mercedes_BP_C:Detect Drifting

[2017.10.07-17.23.06:776][220]LogScriptCore: Warning: Script Msg: Divide by zero detected: 0.000000 / 0
Script call stack:
	Function /Game/Vehicles/Mercedes/Mercedes_BP.Mercedes_BP_C:ReceiveTick
	Function /Game/Vehicles/Mercedes/Mercedes_BP.Mercedes_BP_C:ExecuteUbergraph_Mercedes_BP
	Function /Game/Vehicles/Mercedes/Mercedes_BP.Mercedes_BP_C:Server Tick
	Function /Game/Vehicles/Mercedes/Mercedes_BP.Mercedes_BP_C:ExecuteUbergraph_Mercedes_BP
	Function /Game/Vehicles/Mercedes/Mercedes_BP.Mercedes_BP_C:Detect Drifting

[2017.10.07-17.23.06:776][220]LogScriptCore: Warning: Script Msg: Divide by zero detected: 0.000000 / 0
Script call stack:
	Function /Game/Vehicles/Mercedes/Mercedes_BP.Mercedes_BP_C:ReceiveTick
	Function /Game/Vehicles/Mercedes/Mercedes_BP.Mercedes_BP_C:ExecuteUbergraph_Mercedes_BP
	Function /Game/Vehicles/Mercedes/Mercedes_BP.Mercedes_BP_C:Server Tick
	Function /Game/Vehicles/Mercedes/Mercedes_BP.Mercedes_BP_C:ExecuteUbergraph_Mercedes_BP
	Function /Game/Vehicles/Mercedes/Mercedes_BP.Mercedes_BP_C:Detect Drifting

[2017.10.07-17.23.06:776][220]LogScriptCore: Warning: Script Msg: Divide by zero detected: 0.000000 / 0
Script call stack:
	Function /Game/Vehicles/Mercedes/Mercedes_BP.Mercedes_BP_C:ReceiveTick
	Function /Game/Vehicles/Mercedes/Mercedes_BP.Mercedes_BP_C:ExecuteUbergraph_Mercedes_BP
	Function /Game/Vehicles/Mercedes/Mercedes_BP.Mercedes_BP_C:Server Tick
	Function /Game/Vehicles/Mercedes/Mercedes_BP.Mercedes_BP_C:ExecuteUbergraph_Mercedes_BP
	Function /Game/Vehicles/Mercedes/Mercedes_BP.Mercedes_BP_C:Detect Drifting

[2017.10.07-17.23.29:288][769]LogTemp: Repeating last play command: Selected Viewport
[2017.10.07-17.23.29:370][769]LogPlayLevel: PlayLevel: No blueprints needed recompiling
[2017.10.07-17.23.29:370][769]PIE: New page: PIE session: KS_Test (Oct 7, 2017, 9:23:29 AM)
[2017.10.07-17.23.29:370][769]LogPlayLevel: Creating play world package: /Game/Maps/UEDPIE_0_KS_Test
[2017.10.07-17.23.30:165][769]LogPlayLevel: PIE: StaticDuplicateObject took: (0.795339s)
[2017.10.07-17.23.30:166][769]LogAIModule: Creating AISystem for world KS_Test
[2017.10.07-17.23.30:167][769]LogPlayLevel: PIE: World Init took: (0.001223s)
[2017.10.07-17.23.30:167][769]LogPlayLevel: PIE: Created PIE world by copying editor world from /Game/Maps/KS_Test.KS_Test to /Game/Maps/UEDPIE_0_KS_Test.KS_Test (0.797163s)
[2017.10.07-17.23.30:215][769]LogInit: XAudio2 using 'Speaker/HP (Realtek High Definition Audio)' : 2 channels at 48 kHz using 32 bits per sample (channel mask 0x3)
[2017.10.07-17.23.30:228][769]LogInit: FAudioDevice initialized.
[2017.10.07-17.23.30:261][769]LogLoad: Game class is 'Driving_Mode_C'
[2017.10.07-17.23.31:603][769]LogWorld: Bringing World /Game/Maps/UEDPIE_0_KS_Test.KS_Test up for play (max tick rate 0) at 2017.10.07-13.23.31
[2017.10.07-17.23.31:648][769]LogWorld: Bringing up level for play took: 1.385293
[2017.10.07-17.23.31:652][769]PIE: Play in editor start time for /Game/Maps/UEDPIE_0_KS_Test 2.166
[2017.10.07-17.23.31:668][769]LogScriptCore: Warning: Script Msg: Divide by zero detected: 0.000000 / 0
Script call stack:
	Function /Game/Vehicles/Mercedes/Mercedes_BP.Mercedes_BP_C:ReceiveTick
	Function /Game/Vehicles/Mercedes/Mercedes_BP.Mercedes_BP_C:ExecuteUbergraph_Mercedes_BP
	Function /Game/Vehicles/Mercedes/Mercedes_BP.Mercedes_BP_C:Server Tick
	Function /Game/Vehicles/Mercedes/Mercedes_BP.Mercedes_BP_C:ExecuteUbergraph_Mercedes_BP
	Function /Game/Vehicles/Mercedes/Mercedes_BP.Mercedes_BP_C:Detect Drifting

[2017.10.07-17.23.31:668][769]LogScriptCore: Warning: Script Msg: Divide by zero detected: 0.000000 / 0
Script call stack:
	Function /Game/Vehicles/Mercedes/Mercedes_BP.Mercedes_BP_C:ReceiveTick
	Function /Game/Vehicles/Mercedes/Mercedes_BP.Mercedes_BP_C:ExecuteUbergraph_Mercedes_BP
	Function /Game/Vehicles/Mercedes/Mercedes_BP.Mercedes_BP_C:Server Tick
	Function /Game/Vehicles/Mercedes/Mercedes_BP.Mercedes_BP_C:ExecuteUbergraph_Mercedes_BP
	Function /Game/Vehicles/Mercedes/Mercedes_BP.Mercedes_BP_C:Detect Drifting

[2017.10.07-17.23.31:668][769]LogScriptCore: Warning: Script Msg: Divide by zero detected: 0.000000 / 0
Script call stack:
	Function /Game/Vehicles/Mercedes/Mercedes_BP.Mercedes_BP_C:ReceiveTick
	Function /Game/Vehicles/Mercedes/Mercedes_BP.Mercedes_BP_C:ExecuteUbergraph_Mercedes_BP
	Function /Game/Vehicles/Mercedes/Mercedes_BP.Mercedes_BP_C:Server Tick
	Function /Game/Vehicles/Mercedes/Mercedes_BP.Mercedes_BP_C:ExecuteUbergraph_Mercedes_BP
	Function /Game/Vehicles/Mercedes/Mercedes_BP.Mercedes_BP_C:Detect Drifting

[2017.10.07-17.23.31:668][769]LogScriptCore: Warning: Script Msg: Divide by zero detected: 0.000000 / 0
Script call stack:
	Function /Game/Vehicles/Mercedes/Mercedes_BP.Mercedes_BP_C:ReceiveTick
	Function /Game/Vehicles/Mercedes/Mercedes_BP.Mercedes_BP_C:ExecuteUbergraph_Mercedes_BP
	Function /Game/Vehicles/Mercedes/Mercedes_BP.Mercedes_BP_C:Server Tick
	Function /Game/Vehicles/Mercedes/Mercedes_BP.Mercedes_BP_C:ExecuteUbergraph_Mercedes_BP
	Function /Game/Vehicles/Mercedes/Mercedes_BP.Mercedes_BP_C:Detect Drifting

[2017.10.07-17.23.31:978][770]LogScriptCore: Warning: Script Msg: Divide by zero detected: 0.000000 / 0
Script call stack:
	Function /Game/Vehicles/Mercedes/Mercedes_BP.Mercedes_BP_C:ReceiveTick
	Function /Game/Vehicles/Mercedes/Mercedes_BP.Mercedes_BP_C:ExecuteUbergraph_Mercedes_BP
	Function /Game/Vehicles/Mercedes/Mercedes_BP.Mercedes_BP_C:Server Tick
	Function /Game/Vehicles/Mercedes/Mercedes_BP.Mercedes_BP_C:ExecuteUbergraph_Mercedes_BP
	Function /Game/Vehicles/Mercedes/Mercedes_BP.Mercedes_BP_C:Detect Drifting

[2017.10.07-17.23.31:978][770]LogScriptCore: Warning: Script Msg: Divide by zero detected: 0.000000 / 0
Script call stack:
	Function /Game/Vehicles/Mercedes/Mercedes_BP.Mercedes_BP_C:ReceiveTick
	Function /Game/Vehicles/Mercedes/Mercedes_BP.Mercedes_BP_C:ExecuteUbergraph_Mercedes_BP
	Function /Game/Vehicles/Mercedes/Mercedes_BP.Mercedes_BP_C:Server Tick
	Function /Game/Vehicles/Mercedes/Mercedes_BP.Mercedes_BP_C:ExecuteUbergraph_Mercedes_BP
	Function /Game/Vehicles/Mercedes/Mercedes_BP.Mercedes_BP_C:Detect Drifting

[2017.10.07-17.23.31:978][770]LogScriptCore: Warning: Script Msg: Divide by zero detected: 0.000000 / 0
Script call stack:
	Function /Game/Vehicles/Mercedes/Mercedes_BP.Mercedes_BP_C:ReceiveTick
	Function /Game/Vehicles/Mercedes/Mercedes_BP.Mercedes_BP_C:ExecuteUbergraph_Mercedes_BP
	Function /Game/Vehicles/Mercedes/Mercedes_BP.Mercedes_BP_C:Server Tick
	Function /Game/Vehicles/Mercedes/Mercedes_BP.Mercedes_BP_C:ExecuteUbergraph_Mercedes_BP
	Function /Game/Vehicles/Mercedes/Mercedes_BP.Mercedes_BP_C:Detect Drifting

[2017.10.07-17.23.31:978][770]LogScriptCore: Warning: Script Msg: Divide by zero detected: 0.000000 / 0
Script call stack:
	Function /Game/Vehicles/Mercedes/Mercedes_BP.Mercedes_BP_C:ReceiveTick
	Function /Game/Vehicles/Mercedes/Mercedes_BP.Mercedes_BP_C:ExecuteUbergraph_Mercedes_BP
	Function /Game/Vehicles/Mercedes/Mercedes_BP.Mercedes_BP_C:Server Tick
	Function /Game/Vehicles/Mercedes/Mercedes_BP.Mercedes_BP_C:ExecuteUbergraph_Mercedes_BP
	Function /Game/Vehicles/Mercedes/Mercedes_BP.Mercedes_BP_C:Detect Drifting

[2017.10.07-17.25.13:227][642]LogTexture: Display: Building textures: Texture2D_2 (G8, 128X128)
