Log file open, 10/10/17 16:56:45
LogWindows: LoadLibraryWithSearchPaths failed for file aqProf.dll. GetLastError=0
LogWindows: LoadLibraryWithSearchPaths failed for file VtuneApi.dll. GetLastError=0
LogWindows: LoadLibraryWithSearchPaths failed for file VtuneApi32e.dll. GetLastError=0
LogInit: Display: Running engine for game: StormHunters
LogPlatformFile: Not using cached read wrapper
LogInit: Display: RandInit(-1027145839) SRandInit(-1027145839).
LogTaskGraph: Started task graph with 5 named threads and 8 total threads with 3 sets of task threads.
LogStats: Stats thread started at 1.258927
LogD3D11RHI: Aftermath initialized
LogPluginManager: Mounting plugin Paper2D
LogPluginManager: Mounting plugin LightPropagationVolume
LogPluginManager: Mounting plugin CodeLiteSourceCodeAccess
LogPluginManager: Mounting plugin GitSourceControl
LogPluginManager: Mounting plugin KDevelopSourceCodeAccess
LogPluginManager: Mounting plugin NullSourceCodeAccess
LogPluginManager: Mounting plugin PerforceSourceControl
LogPluginManager: Mounting plugin SubversionSourceControl
LogPluginManager: Mounting plugin UObjectPlugin
LogPluginManager: Mounting plugin VisualStudioSourceCodeAccess
LogPluginManager: Mounting plugin XCodeSourceCodeAccess
LogPluginManager: Mounting plugin AssetManagerEditor
LogPluginManager: Mounting plugin AudioCapture
LogPluginManager: Mounting plugin FacialAnimation
LogPluginManager: Mounting plugin GameplayTagsEditor
LogPluginManager: Mounting plugin MobileLauncherProfileWizard
LogPluginManager: Mounting plugin PluginBrowser
LogPluginManager: Mounting plugin SpeedTreeImporter
LogPluginManager: Mounting plugin AlembicImporter
LogPluginManager: Mounting plugin CharacterAI
LogPluginManager: Mounting plugin HTML5Networking
LogPluginManager: Mounting plugin AndroidMedia
LogPluginManager: Mounting plugin AvfMedia
LogPluginManager: Mounting plugin MediaPlayerEditor
LogPluginManager: Mounting plugin WmfMedia
LogPluginManager: Mounting plugin TcpMessaging
LogPluginManager: Mounting plugin UdpMessaging
LogPluginManager: Mounting plugin LevelSequenceEditor
LogPluginManager: Mounting plugin MatineeToLevelSequence
LogPluginManager: Mounting plugin OnlineSubsystemGooglePlay
LogPluginManager: Mounting plugin OnlineSubsystemIOS
LogPluginManager: Mounting plugin OnlineSubsystem
LogPluginManager: Mounting plugin OnlineSubsystemNull
LogPluginManager: Mounting plugin OnlineSubsystemUtils
LogPluginManager: Mounting plugin AndroidDeviceProfileSelector
LogPluginManager: Mounting plugin AndroidMoviePlayer
LogPluginManager: Mounting plugin AndroidPermission
LogPluginManager: Mounting plugin AppleMoviePlayer
LogPluginManager: Mounting plugin ArchVisCharacter
LogPluginManager: Mounting plugin CableComponent
LogPluginManager: Mounting plugin CustomMeshComponent
LogPluginManager: Mounting plugin ExampleDeviceProfileSelector
LogPluginManager: Mounting plugin GoogleCloudMessaging
LogPluginManager: Mounting plugin ImmediatePhysics
LogPluginManager: Mounting plugin IOSDeviceProfileSelector
LogPluginManager: Mounting plugin LinuxDeviceProfileSelector
LogPluginManager: Mounting plugin LocationServicesBPLibrary
LogPluginManager: Mounting plugin MobilePatchingUtils
LogPluginManager: Mounting plugin OculusVR
LogPluginManager: Mounting plugin PhysXVehicles
LogPluginManager: Mounting plugin ProceduralMeshComponent
LogPluginManager: Mounting plugin RuntimePhysXCooking
LogPluginManager: Mounting plugin SteamVR
LogPluginManager: Mounting plugin WindowsMoviePlayer
LogInit: Using libcurl 7.47.1
LogInit:  - built for x86_64-pc-win32
LogInit:  - supports SSL with OpenSSL/1.0.2g
LogInit:  - supports HTTP deflate (compression) using libz 1.2.8
LogInit:  - other features:
LogInit:      CURL_VERSION_SSL
LogInit:      CURL_VERSION_LIBZ
LogInit:      CURL_VERSION_IPV6
LogInit:      CURL_VERSION_ASYNCHDNS
LogInit:      CURL_VERSION_LARGEFILE
LogInit:      CURL_VERSION_IDN
LogInit:  CurlRequestOptions (configurable via config and command line):
LogInit:  - bVerifyPeer = false  - Libcurl will NOT verify peer certificate
LogInit:  - bUseHttpProxy = false  - Libcurl will NOT use HTTP proxy
LogInit:  - bDontReuseConnections = false  - Libcurl will reuse connections
LogInit:  - CertBundlePath = nullptr  - Libcurl will use whatever was configured at build time.
LogInit: Build: ++UE4+Release-4.17-CL-3586342
LogInit: Engine Version: 4.17.1-3586342+++UE4+Release-4.17
LogInit: Compatible Engine Version: 4.17.0-3573198+++UE4+Release-4.17
LogInit: Net CL: 3573198
LogDevObjectVersion: Number of dev versions registered: 16
LogDevObjectVersion:   Dev-Blueprints (B0D832E4-1F89-4F0D-ACCF-7EB736FD4AA2): 10
LogDevObjectVersion:   Dev-Build (E1C64328-A22C-4D53-A36C-8E866417BD8C): 0
LogDevObjectVersion:   Dev-Core (375EC13C-06E4-48FB-B500-84F0262A717E): 2
LogDevObjectVersion:   Dev-Editor (E4B068ED-F494-42E9-A231-DA0B2E46BB41): 20
LogDevObjectVersion:   Dev-Framework (CFFC743F-43B0-4480-9391-14DF171D2073): 28
LogDevObjectVersion:   Dev-Mobile (B02B49B5-BB20-44E9-A304-32B752E40360): 0
LogDevObjectVersion:   Dev-Networking (A4E4105C-59A1-49B5-A7C5-40C4547EDFEE): 0
LogDevObjectVersion:   Dev-Online (39C831C9-5AE6-47DC-9A44-9C173E1C8E7C): 0
LogDevObjectVersion:   Dev-Physics (78F01B33-EBEA-4F98-B9B4-84EACCB95AA2): 0
LogDevObjectVersion:   Dev-Platform (6631380F-2D4D-43E0-8009-CF276956A95A): 0
LogDevObjectVersion:   Dev-Rendering (12F88B9F-8875-4AFC-A67C-D90C383ABD29): 19
LogDevObjectVersion:   Dev-Sequencer (7B5AE74C-D270-4C10-A958-57980B212A5A): 4
LogDevObjectVersion:   Dev-VR (D7296918-1DD6-4BDD-9DE2-64A83CC13884): 0
LogDevObjectVersion:   Dev-LoadTimes (C2A15278-BFE7-4AFE-6C17-90FF531DF755): 1
LogDevObjectVersion:   Private-Geometry (6EACA3D4-40EC-4CC1-B786-8BED09428FC5): 1
LogDevObjectVersion:   Dev-AnimPhys (29E575DD-E0A3-4627-9D10-D276232CDCEA): 7
LogInit: Compiled (64-bit): Aug 15 2017 02:05:26
LogInit: Compiled with Visual C++: 19.00.24215.01
LogInit: Build Configuration: Development
LogInit: Branch Name: ++UE4+Release-4.17
LogInit: Command line:  
LogInit: Base directory: C:/Program Files/Epic Games/UE_4.17/Engine/Binaries/Win64/
LogInit: Installed Engine Build: 1
LogInit: Presizing for max 8388607 objects, including 0 objects not considered by GC, pre-allocating 0 bytes for permanent pool.
LogInit: Object subsystem initialized
[2017.10.10-20.56.46:043][  0]LogInit: Selected Device Profile: [Windows]
[2017.10.10-20.56.46:043][  0]LogInit: Applying CVar settings loaded from the selected device profile: [Windows]
[2017.10.10-20.56.46:081][  0]LogInit: Computer: DESKTOP-5OGJ61U
[2017.10.10-20.56.46:081][  0]LogInit: User: wesda
[2017.10.10-20.56.46:081][  0]LogInit: CPU Page size=4096, Cores=2
[2017.10.10-20.56.46:081][  0]LogInit: High frequency timer resolution =2.343751 MHz
[2017.10.10-20.56.46:082][  0]LogMemory: Memory total: Physical=19.9GB (20GB approx)
[2017.10.10-20.56.46:082][  0]LogMemory: Platform Memory Stats for Windows
[2017.10.10-20.56.46:082][  0]LogMemory: Process Physical Memory: 278.23 MB used, 278.23 MB peak
[2017.10.10-20.56.46:082][  0]LogMemory: Process Virtual Memory: 276.17 MB used, 276.17 MB peak
[2017.10.10-20.56.46:082][  0]LogMemory: Physical Memory: 7678.87 MB used,  12672.73 MB free, 20351.60 MB total
[2017.10.10-20.56.46:082][  0]LogMemory: Virtual Memory: 667.22 MB used,  12672.73 MB free, 134217728.00 MB total
[2017.10.10-20.56.46:619][  0]LogInit: Using OS detected language (en-US).
[2017.10.10-20.56.46:619][  0]LogInit: Using OS detected locale (en-US).
[2017.10.10-20.56.46:699][  0]LogTextLocalizationManager: No specific localization for 'en-US' exists, so the 'en' localization will be used.
[2017.10.10-20.56.50:583][  0]LogD3D11RHI: D3D11 adapters:
[2017.10.10-20.56.50:594][  0]LogD3D11RHI:    0. 'Intel(R) HD Graphics 520' (Feature Level 11_0)
[2017.10.10-20.56.50:594][  0]LogD3D11RHI:       128/0/10175 MB DedicatedVideo/DedicatedSystem/SharedSystem, Outputs:1, VendorId:0x8086
[2017.10.10-20.56.50:596][  0]LogD3D11RHI:    1. 'Microsoft Basic Render Driver' (Feature Level 11_0)
[2017.10.10-20.56.50:596][  0]LogD3D11RHI:       0/0/10175 MB DedicatedVideo/DedicatedSystem/SharedSystem, Outputs:0, VendorId:0x1414
[2017.10.10-20.56.50:596][  0]LogD3D11RHI: Chosen D3D11 Adapter: 0
[2017.10.10-20.56.50:603][  0]LogD3D11RHI: Creating new Direct3DDevice
[2017.10.10-20.56.50:603][  0]LogD3D11RHI:     GPU DeviceId: 0x1916 (for the marketing name, search the web for "GPU Device Id")
[2017.10.10-20.56.50:603][  0]LogWindows: EnumDisplayDevices:
[2017.10.10-20.56.50:604][  0]LogWindows:    0. 'Intel(R) HD Graphics 520' (P:1 D:1)
[2017.10.10-20.56.50:604][  0]LogWindows:    1. 'Intel(R) HD Graphics 520' (P:0 D:0)
[2017.10.10-20.56.50:604][  0]LogWindows:    2. 'Intel(R) HD Graphics 520' (P:0 D:0)
[2017.10.10-20.56.50:604][  0]LogWindows: DebugString: FoundDriverCount:3 
[2017.10.10-20.56.50:604][  0]LogD3D11RHI:     Adapter Name: Intel(R) HD Graphics 520
[2017.10.10-20.56.50:604][  0]LogD3D11RHI:   Driver Version: 21.20.16.4590 (internal:21.20.16.4590, unified:21.20.16.4590)
[2017.10.10-20.56.50:604][  0]LogD3D11RHI:      Driver Date: 1-18-2017
[2017.10.10-20.56.50:604][  0]LogRHI: Texture pool is 1361 MB (70% of 1945 MB)
[2017.10.10-20.56.50:612][  0]LogD3D11RHI: Async texture creation enabled
[2017.10.10-20.56.50:662][  0]LogD3D11RHI: GPU Timing Frequency: 12.000000 (Debug: 2 0)
[2017.10.10-20.56.50:673][  0]LogShaderCompilers: Guid format shader working directory is -47 characters bigger than the processId version (../../../../../../Users/wesda/Documents/Unreal Projects/StormHunters/fall-2017-storm-hunters/Intermediate/Shaders/WorkingDirectory/10804/).
[2017.10.10-20.56.50:674][  0]LogShaderCompilers: Cleaned the shader compiler working directory 'C:/Users/wesda/AppData/Local/Temp/UnrealShaderWorkingDir/0DBA00B54D4B075F7AAE94BD240E8D20/'.
[2017.10.10-20.56.50:675][  0]LogShaderCompilers: Display: Using Local Shader Compiler.
[2017.10.10-20.56.53:409][  0]LogTemp: Display: Loaded TP AllDesktopTargetPlatform
[2017.10.10-20.56.53:465][  0]LogTemp: Display: Loaded TP MacClientTargetPlatform
[2017.10.10-20.56.53:522][  0]LogTemp: Display: Loaded TP MacNoEditorTargetPlatform
[2017.10.10-20.56.53:580][  0]LogTemp: Display: Loaded TP MacServerTargetPlatform
[2017.10.10-20.56.53:648][  0]LogTemp: Display: Loaded TP MacTargetPlatform
[2017.10.10-20.56.53:705][  0]LogTemp: Display: Loaded TP WindowsClientTargetPlatform
[2017.10.10-20.56.53:763][  0]LogTemp: Display: Loaded TP WindowsNoEditorTargetPlatform
[2017.10.10-20.56.53:822][  0]LogTemp: Display: Loaded TP WindowsServerTargetPlatform
[2017.10.10-20.56.53:875][  0]LogTemp: Display: Loaded TP WindowsTargetPlatform
[2017.10.10-20.56.53:940][  0]LogTemp: Display: Loaded TP AndroidTargetPlatform
[2017.10.10-20.56.53:999][  0]LogTemp: Display: Loaded TP Android_ASTCTargetPlatform
[2017.10.10-20.56.54:058][  0]LogTemp: Display: Loaded TP Android_ATCTargetPlatform
[2017.10.10-20.56.54:117][  0]LogTemp: Display: Loaded TP Android_DXTTargetPlatform
[2017.10.10-20.56.54:179][  0]LogTemp: Display: Loaded TP Android_ETC1TargetPlatform
[2017.10.10-20.56.54:235][  0]LogTemp: Display: Loaded TP Android_ETC2TargetPlatform
[2017.10.10-20.56.54:351][  0]LogTemp: Display: Loaded TP Android_MultiTargetPlatform
[2017.10.10-20.56.54:351][  0]LogTemp: Display: Loaded TP Android_PVRTCTargetPlatform
[2017.10.10-20.56.54:395][  0]LogTemp: Display: Loaded TP HTML5TargetPlatform
[2017.10.10-20.56.54:507][  0]LogTemp: Display: Loaded TP IOSTargetPlatform
[2017.10.10-20.56.54:574][  0]LogTemp: Display: Loaded TP TVOSTargetPlatform
[2017.10.10-20.56.54:634][  0]LogTemp: Display: Loaded TP LinuxClientTargetPlatform
[2017.10.10-20.56.54:690][  0]LogTemp: Display: Loaded TP LinuxNoEditorTargetPlatform
[2017.10.10-20.56.54:749][  0]LogTemp: Display: Loaded TP LinuxServerTargetPlatform
[2017.10.10-20.56.54:816][  0]LogTemp: Display: Loaded TP LinuxTargetPlatform
[2017.10.10-20.56.54:816][  0]LogTargetPlatformManager: Display: Building Assets For Windows
[2017.10.10-20.56.55:593][  0]LogDerivedDataCache: Display: Max Cache Size: 512 MB
[2017.10.10-20.56.56:349][  0]LogDerivedDataCache: Loaded boot cache 0.75s 93MB C:/Users/wesda/AppData/Local/UnrealEngine/4.17/DerivedDataCache/Boot.ddc.
[2017.10.10-20.56.56:349][  0]LogDerivedDataCache: Display: Loaded Boot cache: C:/Users/wesda/AppData/Local/UnrealEngine/4.17/DerivedDataCache/Boot.ddc
[2017.10.10-20.56.56:349][  0]LogDerivedDataCache: FDerivedDataBackendGraph:  Pak pak cache file ../../../../../../Users/wesda/Documents/Unreal Projects/StormHunters/fall-2017-storm-hunters/DerivedDataCache/DDC.ddp not found, will not use a pak cache.
[2017.10.10-20.56.56:349][  0]LogDerivedDataCache: Unable to find inner node Pak for hierarchical cache Hierarchy.
[2017.10.10-20.56.56:349][  0]LogDerivedDataCache: FDerivedDataBackendGraph:  CompressedPak pak cache file ../../../../../../Users/wesda/Documents/Unreal Projects/StormHunters/fall-2017-storm-hunters/DerivedDataCache/Compressed.ddp not found, will not use a pak cache.
[2017.10.10-20.56.56:349][  0]LogDerivedDataCache: Unable to find inner node CompressedPak for hierarchical cache Hierarchy.
[2017.10.10-20.56.56:396][  0]LogDerivedDataCache: Display: Pak cache opened for reading ../../../Engine/DerivedDataCache/Compressed.ddp.
[2017.10.10-20.56.56:411][  0]LogDerivedDataCache: Using Local data cache path C:/Users/wesda/AppData/Local/UnrealEngine/Common/DerivedDataCache: Writable
[2017.10.10-20.56.56:433][  0]LogMaterial: Verifying Global Shaders for PCD3D_SM5
[2017.10.10-20.56.56:440][  0]LogSlate: Using Freetype 2.6.0
[2017.10.10-20.56.56:471][  0]LogSlate: SlateFontCache - WITH_FREETYPE: 1, WITH_HARFBUZZ: 1
[2017.10.10-20.56.56:471][  0]LogSlate: SlateFontCache - WITH_FREETYPE: 1, WITH_HARFBUZZ: 1
[2017.10.10-20.56.57:875][  0]LogAssetRegistry: FAssetRegistry took 0.0311 seconds to start up
[2017.10.10-20.56.58:122][  0]LogInit: Selected Device Profile: [Windows]
[2017.10.10-20.56.58:743][  0]LogContentStreaming: Texture pool size is 0.00 MB
[2017.10.10-20.56.59:197][  0]LogSimplygon: Simplygon DLL not present - disabling.
[2017.10.10-20.56.59:254][  0]LogMeshReduction: Using SimplygonSwarm for distributed automatic mesh merging
[2017.10.10-20.56.59:255][  0]LogMeshReduction: Using QuadricMeshReduction for automatic static mesh reduction
[2017.10.10-20.56.59:255][  0]LogMeshReduction: No automatic skeletal mesh reduction module available
[2017.10.10-20.56.59:255][  0]LogMeshReduction: No automatic mesh merging module available
[2017.10.10-20.56.59:255][  0]LogMeshMerging: No automatic mesh merging module available
[2017.10.10-20.57.00:389][  0]LogNetVersion: StormHunters , NetCL: 3573198, EngineNetVer: 2, GameNetVer: 0 (Checksum: 4212083981)
[2017.10.10-20.57.01:071][  0]LogPackageLocalizationCache: Processed 5 localized package path(s) for 2 prioritized culture(s) in 0.068163 seconds
[2017.10.10-20.57.01:079][  0]LogUObjectArray: 35825 objects as part of root set at end of initial load.
[2017.10.10-20.57.01:079][  0]LogUObjectAllocator: 7529104 out of 0 bytes used by permanent object pool.
[2017.10.10-20.57.01:079][  0]LogUObjectArray: CloseDisregardForGC: 0/0 objects in disregard for GC pool
[2017.10.10-20.57.01:157][  0]LogInit: WinSock: version 1.1 (2.2), MaxSocks=32767, MaxUdp=65467
[2017.10.10-20.57.09:728][  0]LogTcpMessaging: Initializing TcpMessaging bridge
[2017.10.10-20.57.09:775][  0]LogUdpMessaging: Initializing bridge on interface 0.0.0.0:0 to multicast group 230.0.0.1:6666.
[2017.10.10-20.57.10:825][  0]LogMaterial: Uniform references updated for custom material expression Custom.
[2017.10.10-20.57.11:441][  0]SourceControl: Source control is disabled
[2017.10.10-20.57.11:441][  0]SourceControl: Source control is disabled
[2017.10.10-20.57.11:506][  0]SourceControl: Source control is disabled
[2017.10.10-20.57.11:563][  0]SourceControl: Source control is disabled
[2017.10.10-20.57.12:367][  0]LogAndroidPermission: UAndroidPermissionCallbackProxy::GetInstance
[2017.10.10-20.57.12:670][  0]LogOcInput: OculusInput pre-init called
[2017.10.10-20.57.13:055][  0]LogEngine: Initializing Engine...
[2017.10.10-20.57.13:059][  0]LogHMD: Failed to initialize OpenVR with code 110
[2017.10.10-20.57.13:584][  0]LogStats: UGameplayTagsManager::ConstructGameplayTagTree: Construct from data asset -  0.000 s
[2017.10.10-20.57.13:585][  0]LogStats: UGameplayTagsManager::ConstructGameplayTagTree: GameplayTagTreeChangedEvent.Broadcast -  0.000 s
[2017.10.10-20.57.13:759][  0]LogAIModule: Creating AISystem for world Untitled
[2017.10.10-20.57.13:781][  0]LogInit: XAudio2 using 'Speaker/HP (Realtek High Definition Audio)' : 2 channels at 48 kHz using 32 bits per sample (channel mask 0x3)
[2017.10.10-20.57.13:852][  0]LogInit: FAudioDevice initialized.
[2017.10.10-20.57.13:959][  0]LogDerivedDataCache: Saved boot cache 0.11s 93MB C:/Users/wesda/AppData/Local/UnrealEngine/4.17/DerivedDataCache/Boot.ddc.
[2017.10.10-20.57.13:978][  0]LogInit: Texture streaming: Enabled
[2017.10.10-20.57.14:116][  0]LogEngineSessionManager: EngineSessionManager initialized
[2017.10.10-20.57.14:440][  0]LogInit: Transaction tracking system initialized
[2017.10.10-20.57.14:844][  0]BlueprintLog: New page: Editor Load
[2017.10.10-20.57.16:153][  0]LocalizationService: Localization service is disabled
[2017.10.10-20.57.17:213][  0]LogConsoleResponse: Display: 
[2017.10.10-20.57.17:770][  0]LogCook: Display: Max memory allowance for cook 16384mb min free memory 0mb
[2017.10.10-20.57.17:770][  0]LogCook: Display: Mobile HDR setting 1
[2017.10.10-20.57.17:772][  0]LogGameplayTags: Display: UGameplayTagsManager::DoneAddingNativeTags. DelegateIsBound: 0
[2017.10.10-20.57.17:811][  0]LogFileCache: Scanning file cache for directory 'C:/Users/wesda/Documents/Unreal Projects/StormHunters/fall-2017-storm-hunters/Content/' took 0.02s
[2017.10.10-20.57.19:200][  0]SourceControl: Source control is disabled
[2017.10.10-20.57.19:205][  0]Cmd: MAP LOAD FILE="../../../../../../Users/wesda/Documents/Unreal Projects/StormHunters/fall-2017-storm-hunters/Content/StarterContent/Maps/Minimal_Default.umap" TEMPLATE=0 SHOWPROGRESS=1 FEATURELEVEL=3
[2017.10.10-20.57.19:215][  0]LightingResults: New page: Lighting Build
[2017.10.10-20.57.19:271][  0]MapCheck: New page: Map Check
[2017.10.10-20.57.19:271][  0]LightingResults: New page: Lighting Build
[2017.10.10-20.57.31:658][  0]LogAIModule: Creating AISystem for world Minimal_Default
[2017.10.10-20.57.38:467][  0]LogEditorServer: Finished looking for orphan Actors (0.000 secs)
[2017.10.10-20.57.38:750][  0]Cmd: MAP CHECKDEP NOCLEARLOG
[2017.10.10-20.57.38:836][  0]MapCheck: Map check complete: 0 Error(s), 0 Warning(s), took 86.658ms to complete.
[2017.10.10-20.57.38:837][  0]LogFileHelpers: Loading map 'Minimal_Default' took 19.634
[2017.10.10-20.57.38:928][  0]LogWindowsTextInputMethodSystem: Display: IME system now deactivated.
[2017.10.10-20.57.38:929][  0]LogWindowsTextInputMethodSystem: Display: IME system now deactivated.
[2017.10.10-20.57.39:152][  0]LogCollectionManager: Loaded 0 collections in 0.002769 seconds
[2017.10.10-20.57.39:277][  0]LogFileCache: Scanning file cache for directory 'C:/Users/wesda/Documents/Unreal Projects/StormHunters/fall-2017-storm-hunters/Saved/Collections/' took 0.01s
[2017.10.10-20.57.39:277][  0]LogFileCache: Scanning file cache for directory 'C:/Users/wesda/Documents/Unreal Projects/StormHunters/fall-2017-storm-hunters/Content/Developers/wesda/Collections/' took 0.01s
[2017.10.10-20.57.39:277][  0]LogFileCache: Scanning file cache for directory 'C:/Users/wesda/Documents/Unreal Projects/StormHunters/fall-2017-storm-hunters/Content/Collections/' took 0.01s
[2017.10.10-20.57.39:277][  0]LogCollectionManager: Rebuilt the GUID cache for 0 collections in 0.000000 seconds
[2017.10.10-20.57.39:290][  0]LogContentBrowser: Native class hierarchy populated in 0.0115 seconds. Added 2386 classes and 500 folders.
[2017.10.10-20.57.39:369][  0]LogContentBrowser: Native class hierarchy updated for 'WidgetCarousel' in 0.0011 seconds. Added 0 classes and 0 folders.
[2017.10.10-20.57.39:989][  0]LogContentBrowser: Native class hierarchy updated for 'AddContentDialog' in 0.0010 seconds. Added 0 classes and 0 folders.
[2017.10.10-20.57.40:050][  0]LogContentBrowser: Native class hierarchy updated for 'SceneOutliner' in 0.0007 seconds. Added 1 classes and 2 folders.
[2017.10.10-20.57.40:499][  0]LogSlate: Took 0.011171 seconds to synchronously load lazily loaded font '../../../Engine/Content/Slate/Fonts/Roboto-Regular.ttf' (155K)
[2017.10.10-20.57.40:509][  0]LogSlate: Took 0.005821 seconds to synchronously load lazily loaded font '../../../Engine/Content/Slate/Fonts/Roboto-Bold.ttf' (160K)
[2017.10.10-20.57.40:525][  0]LogSlate: Took 0.005836 seconds to synchronously load lazily loaded font '../../../Engine/Content/Editor/Slate/Fonts/FontAwesome.ttf' (139K)
[2017.10.10-20.57.40:755][  0]LogRenderer: Reallocating scene render targets to support 580x324 Format 10 NumSamples 1 (Frame:1).
[2017.10.10-20.57.41:505][  0]LogSlate: Took 0.006826 seconds to synchronously load lazily loaded font '../../../Engine/Content/Slate/Fonts/Roboto-Light.ttf' (159K)
[2017.10.10-20.57.41:652][  0]LogContentBrowser: Native class hierarchy updated for 'HierarchicalLODOutliner' in 0.0007 seconds. Added 1 classes and 2 folders.
[2017.10.10-20.57.41:652][  0]LogLoad: (Engine Initialization) Total time: 60.45 seconds
[2017.10.10-20.57.41:652][  0]LogLoad: (Engine Initialization) Total Blueprint compile time: 0.00 seconds
[2017.10.10-20.57.41:652][  0]LogExternalProfiler: Found external profiler: VSPerf
[2017.10.10-20.57.41:652][  0]LogExternalProfiler: Using external profiler: VSPerf
[2017.10.10-20.57.41:718][  0]LogContentStreaming: Texture pool size now 1000 MB
[2017.10.10-20.57.41:744][  1]LogFileCache: Retrieving MD5 hashes for directory 'C:/Users/wesda/Documents/Unreal Projects/StormHunters/fall-2017-storm-hunters/Content/' took 0.05s
[2017.10.10-20.57.41:770][  1]LogAssetRegistry: Asset discovery search completed in 43.9175 seconds
[2017.10.10-20.57.41:773][  1]LogCollectionManager: Rebuilt the object cache for 0 collections in 0.000000 seconds (found 0 objects)
[2017.10.10-20.57.41:773][  1]LogCollectionManager: Fixed up redirectors for 0 collections in 0.000062 seconds (updated 0 objects)
[2017.10.10-20.58.37:573][239]LogSlate: Took 0.000167 seconds to synchronously load lazily loaded font '../../../Engine/Content/Slate/Fonts/Roboto-Light.ttf' (159K)
[2017.10.10-20.59.15:683][860]LogSlate: Took 0.007191 seconds to synchronously load lazily loaded font '../../../Engine/Content/Editor/Slate/Fonts/Roboto-BoldCondensedItalic.ttf' (160K)
[2017.10.10-21.03.11:493][887]LogContentBrowser: Native class hierarchy updated for 'BlueprintGraph' in 0.0012 seconds. Added 113 classes and 0 folders.
[2017.10.10-21.03.12:291][887]LogSlate: Took 0.000180 seconds to synchronously load lazily loaded font '../../../Engine/Content/Slate/Fonts/Roboto-Regular.ttf' (155K)
[2017.10.10-21.03.12:484][887]LogSlate: Took 0.005204 seconds to synchronously load lazily loaded font '../../../Engine/Content/Editor/Slate/Fonts/Roboto-BoldCondensed.ttf' (158K)
[2017.10.10-21.03.12:648][888]LogSlate: Took 0.007574 seconds to synchronously load lazily loaded font '../../../Engine/Content/Editor/Slate/Fonts/Roboto-Italic.ttf' (157K)
[2017.10.10-21.09.31:424][611]Cmd: OBJ SAVEPACKAGE PACKAGE="/Game/Races/Race_Struct" FILE="../../../../../../Users/wesda/Documents/Unreal Projects/StormHunters/fall-2017-storm-hunters/Content/Races/Race_Struct.uasset" SILENT=true
[2017.10.10-21.09.31:451][611]LogSavePackage: Save=19.71ms
[2017.10.10-21.09.31:451][611]LogSavePackage: Moving '../../../../../../Users/wesda/Documents/Unreal Projects/StormHunters/fall-2017-storm-hunters/Saved/Race_Struct2DEBE6454DB400CA3AB72381E175CAD7.tmp' to '../../../../../../Users/wesda/Documents/Unreal Projects/StormHunters/fall-2017-storm-hunters/Content/Races/Race_Struct.uasset'
[2017.10.10-21.09.31:468][611]LogSavePackage: Display: Finished SavePackage ../../../../../../Users/wesda/Documents/Unreal Projects/StormHunters/fall-2017-storm-hunters/Content/Races/Race_Struct.uasset
[2017.10.10-21.11.47:158][ 66]LogSavePackage: Save=14.15ms
[2017.10.10-21.11.47:158][ 66]LogSavePackage: Moving '../../../../../../Users/wesda/Documents/Unreal Projects/StormHunters/fall-2017-storm-hunters/Saved/Tornado_Setup_Struct0FDF94B348A72C974460A5AC06D2CEB3.tmp' to '../../../../../../Users/wesda/Documents/Unreal Projects/StormHunters/fall-2017-storm-hunters/Content/Weather/Tornado/Tornado_Setup_Struct.uasset'
[2017.10.10-21.11.47:168][ 66]LogSavePackage: Display: Finished SavePackage ../../../../../../Users/wesda/Documents/Unreal Projects/StormHunters/fall-2017-storm-hunters/Content/Weather/Tornado/Tornado_Setup_Struct.uasset
[2017.10.10-21.12.37:036][ 89]LogSlate: Took 0.000431 seconds to synchronously load lazily loaded font '../../../Engine/Content/Slate/Fonts/Roboto-Light.ttf' (159K)
[2017.10.10-21.14.55:818][455]LogSavePackage: Save=17.81ms
[2017.10.10-21.14.55:818][455]LogSavePackage: Moving '../../../../../../Users/wesda/Documents/Unreal Projects/StormHunters/fall-2017-storm-hunters/Saved/Checkpoint_Setup_StructD9112A1540DBA8D4F2667C82DEBA9D23.tmp' to '../../../../../../Users/wesda/Documents/Unreal Projects/StormHunters/fall-2017-storm-hunters/Content/Races/Checkpoint_Setup_Struct.uasset'
[2017.10.10-21.14.55:824][455]LogSavePackage: Display: Finished SavePackage ../../../../../../Users/wesda/Documents/Unreal Projects/StormHunters/fall-2017-storm-hunters/Content/Races/Checkpoint_Setup_Struct.uasset
[2017.10.10-21.15.40:309][258]Cmd: OBJ SAVEPACKAGE PACKAGE="/Game/Races/Race_Struct" FILE="../../../../../../Users/wesda/Documents/Unreal Projects/StormHunters/fall-2017-storm-hunters/Content/Races/Race_Struct.uasset" SILENT=true
[2017.10.10-21.15.40:340][258]LogSavePackage: Save=16.32ms
[2017.10.10-21.15.40:340][258]LogSavePackage: Moving '../../../../../../Users/wesda/Documents/Unreal Projects/StormHunters/fall-2017-storm-hunters/Saved/Race_Struct42E8AC2B49D9C69F82333480B282EA38.tmp' to '../../../../../../Users/wesda/Documents/Unreal Projects/StormHunters/fall-2017-storm-hunters/Content/Races/Race_Struct.uasset'
[2017.10.10-21.15.40:348][258]LogSavePackage: Display: Finished SavePackage ../../../../../../Users/wesda/Documents/Unreal Projects/StormHunters/fall-2017-storm-hunters/Content/Races/Race_Struct.uasset
[2017.10.10-21.17.39:116][ 44]LogD3D11RHI: Timed out while waiting for GPU to catch up. (500 ms)
[2017.10.10-21.19.13:216][ 26]LogActorComponent: UnregisterComponent: (/Engine/Transient.EditorFloorComp) Not registered. Aborting.
[2017.10.10-21.19.19:302][245]LogActorComponent: UnregisterComponent: (/Engine/Transient.EditorFloorComp) Not registered. Aborting.
[2017.10.10-21.19.21:309][320]LogActorComponent: UnregisterComponent: (/Engine/Transient.EditorFloorComp) Not registered. Aborting.
[2017.10.10-21.20.01:605][ 29]LogClass: UUserDefinedStruct.Serialize 'STRUCT_REINST_Race_Struct_150' validation: Struct 'UserDefinedStruct /Engine/Transient.STRUCT_REINST_Race_Struct_150' is empty
[2017.10.10-21.20.09:039][388]LogClass: UUserDefinedStruct.Serialize 'STRUCT_REINST_Race_Struct_154' validation: Struct 'UserDefinedStruct /Engine/Transient.STRUCT_REINST_Race_Struct_154' is empty
[2017.10.10-21.20.12:999][611]LogClass: UUserDefinedStruct.Serialize 'STRUCT_REINST_Race_Struct_158' validation: Struct 'UserDefinedStruct /Engine/Transient.STRUCT_REINST_Race_Struct_158' is empty
[2017.10.10-21.20.17:178][793]LogClass: UUserDefinedStruct.Serialize 'STRUCT_REINST_Race_Struct_162' validation: Struct 'UserDefinedStruct /Engine/Transient.STRUCT_REINST_Race_Struct_162' is empty
[2017.10.10-21.20.18:431][847]LogClass: UUserDefinedStruct.Serialize 'STRUCT_REINST_Race_Struct_166' validation: Struct 'UserDefinedStruct /Engine/Transient.STRUCT_REINST_Race_Struct_166' is empty
[2017.10.10-21.20.19:027][874]LogClass: UUserDefinedStruct.Serialize 'STRUCT_REINST_Race_Struct_170' validation: Struct 'UserDefinedStruct /Engine/Transient.STRUCT_REINST_Race_Struct_170' is empty
[2017.10.10-21.20.19:671][903]LogClass: UUserDefinedStruct.Serialize 'STRUCT_REINST_Race_Struct_174' validation: Struct 'UserDefinedStruct /Engine/Transient.STRUCT_REINST_Race_Struct_174' is empty
[2017.10.10-21.20.20:372][934]LogClass: UUserDefinedStruct.Serialize 'STRUCT_REINST_Race_Struct_178' validation: Struct 'UserDefinedStruct /Engine/Transient.STRUCT_REINST_Race_Struct_178' is empty
[2017.10.10-21.20.21:078][966]LogClass: UUserDefinedStruct.Serialize 'STRUCT_REINST_Race_Struct_182' validation: Struct 'UserDefinedStruct /Engine/Transient.STRUCT_REINST_Race_Struct_182' is empty
[2017.10.10-21.20.21:776][997]LogClass: UUserDefinedStruct.Serialize 'STRUCT_REINST_Race_Struct_186' validation: Struct 'UserDefinedStruct /Engine/Transient.STRUCT_REINST_Race_Struct_186' is empty
[2017.10.10-21.20.31:972][426]LogSavePackage: Save=14.92ms
[2017.10.10-21.20.31:972][426]LogSavePackage: Moving '../../../../../../Users/wesda/Documents/Unreal Projects/StormHunters/fall-2017-storm-hunters/Saved/Tornado_Setup_Struct0591876F4D0449BF9CD23D900AE7906E.tmp' to '../../../../../../Users/wesda/Documents/Unreal Projects/StormHunters/fall-2017-storm-hunters/Content/Weather/Tornado/Tornado_Setup_Struct.uasset'
[2017.10.10-21.20.31:978][426]LogSavePackage: Display: Finished SavePackage ../../../../../../Users/wesda/Documents/Unreal Projects/StormHunters/fall-2017-storm-hunters/Content/Weather/Tornado/Tornado_Setup_Struct.uasset
[2017.10.10-21.22.43:794][363]LogSavePackage: Save=14.50ms
[2017.10.10-21.22.43:794][363]LogSavePackage: Moving '../../../../../../Users/wesda/Documents/Unreal Projects/StormHunters/fall-2017-storm-hunters/Saved/Tornado_WP_Setup_StructDA61F2454AD83A0E3EC7F4A8F232415A.tmp' to '../../../../../../Users/wesda/Documents/Unreal Projects/StormHunters/fall-2017-storm-hunters/Content/Weather/Tornado/Tornado_WP_Setup_Struct.uasset'
[2017.10.10-21.22.43:801][363]LogSavePackage: Display: Finished SavePackage ../../../../../../Users/wesda/Documents/Unreal Projects/StormHunters/fall-2017-storm-hunters/Content/Weather/Tornado/Tornado_WP_Setup_Struct.uasset
[2017.10.10-21.23.29:295][549]Cmd: OBJ SAVEPACKAGE PACKAGE="/Game/Races/Race_Struct" FILE="../../../../../../Users/wesda/Documents/Unreal Projects/StormHunters/fall-2017-storm-hunters/Content/Races/Race_Struct.uasset" SILENT=true
[2017.10.10-21.23.29:322][549]LogSavePackage: Save=13.95ms
[2017.10.10-21.23.29:322][549]LogSavePackage: Moving '../../../../../../Users/wesda/Documents/Unreal Projects/StormHunters/fall-2017-storm-hunters/Saved/Race_Struct3D3960044EA7820875A303A10EDB5344.tmp' to '../../../../../../Users/wesda/Documents/Unreal Projects/StormHunters/fall-2017-storm-hunters/Content/Races/Race_Struct.uasset'
[2017.10.10-21.23.29:329][549]LogSavePackage: Display: Finished SavePackage ../../../../../../Users/wesda/Documents/Unreal Projects/StormHunters/fall-2017-storm-hunters/Content/Races/Race_Struct.uasset
[2017.10.10-21.24.01:777][213]LogActorComponent: UnregisterComponent: (/Engine/Transient.EditorFloorComp) Not registered. Aborting.
[2017.10.10-21.29.09:833][552]Cmd: OBJ SAVEPACKAGE PACKAGE="/Game/Races/Race_Struct" FILE="../../../../../../Users/wesda/Documents/Unreal Projects/StormHunters/fall-2017-storm-hunters/Content/Races/Race_Struct.uasset" SILENT=true
[2017.10.10-21.29.09:856][552]LogSavePackage: Save=10.39ms
[2017.10.10-21.29.09:856][552]LogSavePackage: Moving '../../../../../../Users/wesda/Documents/Unreal Projects/StormHunters/fall-2017-storm-hunters/Saved/Race_Struct7BAACDEA43150F41442B35876C0BECD5.tmp' to '../../../../../../Users/wesda/Documents/Unreal Projects/StormHunters/fall-2017-storm-hunters/Content/Races/Race_Struct.uasset'
[2017.10.10-21.29.09:862][552]LogSavePackage: Display: Finished SavePackage ../../../../../../Users/wesda/Documents/Unreal Projects/StormHunters/fall-2017-storm-hunters/Content/Races/Race_Struct.uasset
[2017.10.10-21.31.55:816][871]LogAIModule: Creating AISystem for world KS_Test
[2017.10.10-21.33.17:928][871]LogSavePackage: Save=6.28ms
[2017.10.10-21.33.17:928][871]LogSavePackage: Moving '../../../../../../Users/wesda/Documents/Unreal Projects/StormHunters/fall-2017-storm-hunters/Saved/Race_Data_TableD02327944D88699C8CC844A7F7B63BF4.tmp' to '../../../../../../Users/wesda/Documents/Unreal Projects/StormHunters/fall-2017-storm-hunters/Content/Races/Race_Data_Table.uasset'
[2017.10.10-21.33.17:935][871]LogSavePackage: Display: Finished SavePackage ../../../../../../Users/wesda/Documents/Unreal Projects/StormHunters/fall-2017-storm-hunters/Content/Races/Race_Data_Table.uasset
[2017.10.10-21.33.17:936][871]Cmd: MAP LOAD FILE="../../../../../../Users/wesda/Documents/Unreal Projects/StormHunters/fall-2017-storm-hunters/Content/Maps/KS_Test.umap" TEMPLATE=0 SHOWPROGRESS=1 FEATURELEVEL=3
[2017.10.10-21.33.17:937][871]LightingResults: New page: Lighting Build
[2017.10.10-21.33.17:938][871]LoadErrors: New page: Loading map: KS_Test.umap
[2017.10.10-21.33.17:944][871]MapCheck: New page: Map Check
[2017.10.10-21.33.17:944][871]LightingResults: New page: Lighting Build
[2017.10.10-21.33.25:988][871]LogEditorServer: Finished looking for orphan Actors (0.000 secs)
[2017.10.10-21.33.26:515][871]Cmd: MAP CHECKDEP NOCLEARLOG
[2017.10.10-21.33.26:680][871]MapCheck: Map check complete: 0 Error(s), 0 Warning(s), took 164.658ms to complete.
[2017.10.10-21.33.26:681][871]LogFileHelpers: Loading map 'KS_Test' took 8.746
[2017.10.10-21.36.22:549][362]Cmd: SELECT NONE
[2017.10.10-21.39.42:619][330]LogSavePackage: Save=8.36ms
[2017.10.10-21.39.42:619][330]LogSavePackage: Moving '../../../../../../Users/wesda/Documents/Unreal Projects/StormHunters/fall-2017-storm-hunters/Saved/Race_Data_TableBBC324F64A55B8C42656D99EAE5BA493.tmp' to '../../../../../../Users/wesda/Documents/Unreal Projects/StormHunters/fall-2017-storm-hunters/Content/Races/Race_Data_Table.uasset'
[2017.10.10-21.39.42:624][330]LogSavePackage: Display: Finished SavePackage ../../../../../../Users/wesda/Documents/Unreal Projects/StormHunters/fall-2017-storm-hunters/Content/Races/Race_Data_Table.uasset
[2017.10.10-21.41.27:906][690]LogClass: UUserDefinedStruct.Serialize 'STRUCT_REINST_Race_Struct_240' validation: Struct 'UserDefinedStruct /Engine/Transient.STRUCT_REINST_Race_Struct_240' is empty
[2017.10.10-21.41.39:122][112]LogSavePackage: Save=6.67ms
[2017.10.10-21.41.39:122][112]LogSavePackage: Moving '../../../../../../Users/wesda/Documents/Unreal Projects/StormHunters/fall-2017-storm-hunters/Saved/Checkpoint_Setup_Struct412F20084F30FF44344221BB6A630772.tmp' to '../../../../../../Users/wesda/Documents/Unreal Projects/StormHunters/fall-2017-storm-hunters/Content/Races/Checkpoint_Setup_Struct.uasset'
[2017.10.10-21.41.39:127][112]LogSavePackage: Display: Finished SavePackage ../../../../../../Users/wesda/Documents/Unreal Projects/StormHunters/fall-2017-storm-hunters/Content/Races/Checkpoint_Setup_Struct.uasset
[2017.10.10-21.42.00:728][884]LogSavePackage: Save=8.10ms
[2017.10.10-21.42.00:728][884]LogSavePackage: Moving '../../../../../../Users/wesda/Documents/Unreal Projects/StormHunters/fall-2017-storm-hunters/Saved/Race_Data_Table4314D2AA48795FF2F826418E3FFD48D5.tmp' to '../../../../../../Users/wesda/Documents/Unreal Projects/StormHunters/fall-2017-storm-hunters/Content/Races/Race_Data_Table.uasset'
[2017.10.10-21.42.00:732][884]LogSavePackage: Display: Finished SavePackage ../../../../../../Users/wesda/Documents/Unreal Projects/StormHunters/fall-2017-storm-hunters/Content/Races/Race_Data_Table.uasset
[2017.10.10-21.43.12:969][513]LogSavePackage: Save=6.93ms
[2017.10.10-21.43.12:969][513]LogSavePackage: Moving '../../../../../../Users/wesda/Documents/Unreal Projects/StormHunters/fall-2017-storm-hunters/Saved/Race_Data_TableDE123B084597CF65E58C5AAC84529AA6.tmp' to '../../../../../../Users/wesda/Documents/Unreal Projects/StormHunters/fall-2017-storm-hunters/Content/Races/Race_Data_Table.uasset'
[2017.10.10-21.43.12:973][513]LogSavePackage: Display: Finished SavePackage ../../../../../../Users/wesda/Documents/Unreal Projects/StormHunters/fall-2017-storm-hunters/Content/Races/Race_Data_Table.uasset
[2017.10.10-21.45.39:959][968]LogSavePackage: Save=7.64ms
[2017.10.10-21.45.39:959][968]LogSavePackage: Moving '../../../../../../Users/wesda/Documents/Unreal Projects/StormHunters/fall-2017-storm-hunters/Saved/Race_Data_TableC098DF2B47B634D350B6E8BEC488A899.tmp' to '../../../../../../Users/wesda/Documents/Unreal Projects/StormHunters/fall-2017-storm-hunters/Content/Races/Race_Data_Table.uasset'
[2017.10.10-21.45.39:963][968]LogSavePackage: Display: Finished SavePackage ../../../../../../Users/wesda/Documents/Unreal Projects/StormHunters/fall-2017-storm-hunters/Content/Races/Race_Data_Table.uasset
[2017.10.10-21.45.49:394][230]Cmd: OBJ SAVEPACKAGE PACKAGE="/Game/Races/Race_Struct" FILE="../../../../../../Users/wesda/Documents/Unreal Projects/StormHunters/fall-2017-storm-hunters/Content/Races/Race_Struct.uasset" SILENT=true
[2017.10.10-21.45.49:412][230]LogSavePackage: Save=8.35ms
[2017.10.10-21.45.49:412][230]LogSavePackage: Moving '../../../../../../Users/wesda/Documents/Unreal Projects/StormHunters/fall-2017-storm-hunters/Saved/Race_Struct409512FB4B9CBEE3E0DCAA84221CA5CE.tmp' to '../../../../../../Users/wesda/Documents/Unreal Projects/StormHunters/fall-2017-storm-hunters/Content/Races/Race_Struct.uasset'
[2017.10.10-21.45.49:417][230]LogSavePackage: Display: Finished SavePackage ../../../../../../Users/wesda/Documents/Unreal Projects/StormHunters/fall-2017-storm-hunters/Content/Races/Race_Struct.uasset
[2017.10.10-21.46.41:458][682]LogRenderer: Reallocating scene render targets to support 732x380 Format 10 NumSamples 1 (Frame:1).
[2017.10.10-21.48.02:019][649]LogSlate: Warning: Prevented a slow task dialog from being summoned while a context menu was open
[2017.10.10-21.50.25:732][482]BlueprintLog: New page: Compile Race_Master_BP
[2017.10.10-21.50.26:809][506]LogSavePackage: Save=48.77ms
[2017.10.10-21.50.26:809][506]LogSavePackage: Moving '../../../../../../Users/wesda/Documents/Unreal Projects/StormHunters/fall-2017-storm-hunters/Saved/Race_Master_BPE185A5844FAE4BDE9E20BD87194AFA66.tmp' to '../../../../../../Users/wesda/Documents/Unreal Projects/StormHunters/fall-2017-storm-hunters/Content/Races/Race_Master_BP.uasset'
[2017.10.10-21.50.26:813][506]LogSavePackage: Display: Finished SavePackage ../../../../../../Users/wesda/Documents/Unreal Projects/StormHunters/fall-2017-storm-hunters/Content/Races/Race_Master_BP.uasset
[2017.10.10-21.51.29:012][318]LogSlate: Warning: Prevented a slow task dialog from being summoned while a context menu was open
[2017.10.10-21.54.03:141][971]BlueprintLog: New page: Compile Race_Master_BP
[2017.10.10-21.54.04:191][994]LogSavePackage: Save=58.88ms
[2017.10.10-21.54.04:191][994]LogSavePackage: Moving '../../../../../../Users/wesda/Documents/Unreal Projects/StormHunters/fall-2017-storm-hunters/Saved/Race_Master_BP146F37F9457DC5C68B5AAC9419FD77EA.tmp' to '../../../../../../Users/wesda/Documents/Unreal Projects/StormHunters/fall-2017-storm-hunters/Content/Races/Race_Master_BP.uasset'
[2017.10.10-21.54.04:197][994]LogSavePackage: Display: Finished SavePackage ../../../../../../Users/wesda/Documents/Unreal Projects/StormHunters/fall-2017-storm-hunters/Content/Races/Race_Master_BP.uasset
[2017.10.10-21.57.40:503][371]BlueprintLog: New page: Compile Race_Master_BP
[2017.10.10-21.57.40:533][371]LogBlueprint: Error: [Compiler Race_Master_BP] Spawn node  SpawnActor NONE  must have a  Class  specified.
[2017.10.10-21.57.40:537][371]LogBlueprint: Error: [Compiler Race_Master_BP] Invalid property 'CallFunc_GetDataTableRowFromName_OutRow' structure 'Race_Struct' error: Struct 'UserDefinedStruct /Game/Races/Race_Struct.Race_Struct' Property 'Checkpoints_29_69CD2FCF41F974BBEA63C1BF128D6E64' Error ( Struct 'UserDefinedStruct /Engine/Transient.STRUCT_REINST_Checkpoint_Setup_Struct_239' is not compiled )
[2017.10.10-21.57.40:537][371]LogBlueprint: Error: [Compiler Race_Master_BP] Failed to create property CallFunc_GetDataTableRowFromName_OutRow from  <None>  due to a bad or unknown type (Race Struct Structure)
[2017.10.10-21.57.40:742][371]LogBlueprint: Warning: [Compiler Race_Master_BP] [3659.59] Compile of Race_Master_BP failed. 3 Fatal Issue(s) 0 Warning(s) [in 238 ms] (/Game/Races/Race_Master_BP.Race_Master_BP)
[2017.10.10-21.58.10:253][728]Cmd: OBJ SAVEPACKAGE PACKAGE="/Game/Races/Race_Struct" FILE="../../../../../../Users/wesda/Documents/Unreal Projects/StormHunters/fall-2017-storm-hunters/Content/Races/Race_Struct.uasset" SILENT=true
[2017.10.10-21.58.10:272][728]LogSavePackage: Save=8.48ms
[2017.10.10-21.58.10:272][728]LogSavePackage: Moving '../../../../../../Users/wesda/Documents/Unreal Projects/StormHunters/fall-2017-storm-hunters/Saved/Race_StructA1A54F294DC268ED96CE218C00B6E099.tmp' to '../../../../../../Users/wesda/Documents/Unreal Projects/StormHunters/fall-2017-storm-hunters/Content/Races/Race_Struct.uasset'
[2017.10.10-21.58.10:274][728]LogSavePackage: Display: Finished SavePackage ../../../../../../Users/wesda/Documents/Unreal Projects/StormHunters/fall-2017-storm-hunters/Content/Races/Race_Struct.uasset
[2017.10.10-21.58.11:660][782]BlueprintLog: New page: Compile Race_Master_BP
[2017.10.10-21.58.11:691][782]LogBlueprint: Error: [Compiler Race_Master_BP] Spawn node  SpawnActor NONE  must have a  Class  specified.
[2017.10.10-21.58.11:694][782]LogBlueprint: Error: [Compiler Race_Master_BP] Invalid property 'CallFunc_GetDataTableRowFromName_OutRow' structure 'Race_Struct' error: Struct 'UserDefinedStruct /Game/Races/Race_Struct.Race_Struct' Property 'Checkpoints_29_69CD2FCF41F974BBEA63C1BF128D6E64' Error ( Struct 'UserDefinedStruct /Engine/Transient.STRUCT_REINST_Checkpoint_Setup_Struct_239' is not compiled )
[2017.10.10-21.58.11:694][782]LogBlueprint: Error: [Compiler Race_Master_BP] Failed to create property CallFunc_GetDataTableRowFromName_OutRow from  <None>  due to a bad or unknown type (Race Struct Structure)
[2017.10.10-21.58.11:878][782]LogBlueprint: Warning: [Compiler Race_Master_BP] [3690.73] Compile of Race_Master_BP failed. 3 Fatal Issue(s) 0 Warning(s) [in 218 ms] (/Game/Races/Race_Master_BP.Race_Master_BP)
[2017.10.10-21.58.33:963][745]LogSavePackage: Save=8.36ms
[2017.10.10-21.58.33:963][745]LogSavePackage: Moving '../../../../../../Users/wesda/Documents/Unreal Projects/StormHunters/fall-2017-storm-hunters/Saved/Checkpoint_Setup_StructDCDF442547D4B374CBD3E09D63B29537.tmp' to '../../../../../../Users/wesda/Documents/Unreal Projects/StormHunters/fall-2017-storm-hunters/Content/Races/Checkpoint_Setup_Struct.uasset'
[2017.10.10-21.58.33:965][745]LogSavePackage: Display: Finished SavePackage ../../../../../../Users/wesda/Documents/Unreal Projects/StormHunters/fall-2017-storm-hunters/Content/Races/Checkpoint_Setup_Struct.uasset
[2017.10.10-21.58.49:066][349]BlueprintLog: New page: Compile Race_Master_BP
[2017.10.10-21.58.49:097][349]LogBlueprint: Error: [Compiler Race_Master_BP] Spawn node  SpawnActor NONE  must have a  Class  specified.
[2017.10.10-21.58.49:101][349]LogBlueprint: Error: [Compiler Race_Master_BP] Invalid property 'CallFunc_GetDataTableRowFromName_OutRow' structure 'Race_Struct' error: Struct 'UserDefinedStruct /Game/Races/Race_Struct.Race_Struct' Property 'Checkpoints_29_69CD2FCF41F974BBEA63C1BF128D6E64' Error ( Struct 'UserDefinedStruct /Engine/Transient.STRUCT_REINST_Checkpoint_Setup_Struct_239' is not compiled )
[2017.10.10-21.58.49:101][349]LogBlueprint: Error: [Compiler Race_Master_BP] Failed to create property CallFunc_GetDataTableRowFromName_OutRow from  <None>  due to a bad or unknown type (Race Struct Structure)
[2017.10.10-21.58.49:294][349]LogBlueprint: Warning: [Compiler Race_Master_BP] [3728.14] Compile of Race_Master_BP failed. 3 Fatal Issue(s) 0 Warning(s) [in 227 ms] (/Game/Races/Race_Master_BP.Race_Master_BP)
[2017.10.10-21.59.23:228][823]LogFileHelpers: Editor autosave (incl. sublevels) for '/Game/Maps/KS_Test' took 0.040
[2017.10.10-21.59.23:230][823]OBJ SavePackage: Generating thumbnails for [0] asset(s) in package [/Game/Races/Race_Master_BP] ([1] browsable assets)...
[2017.10.10-21.59.23:231][823]OBJ SavePackage: Finished generating thumbnails for package [/Game/Races/Race_Master_BP]
[2017.10.10-21.59.23:319][823]LogSavePackage: Save=76.17ms
[2017.10.10-21.59.23:319][823]LogSavePackage: Moving '../../../../../../Users/wesda/Documents/Unreal Projects/StormHunters/fall-2017-storm-hunters/Saved/Race_Master_BP_Auto146C565FE4086F21C8445DC9C676E674C.tmp' to '../../../../../../Users/wesda/Documents/Unreal Projects/StormHunters/fall-2017-storm-hunters/Saved/Autosaves/Game/Races/Race_Master_BP_Auto1.uasset'
[2017.10.10-21.59.23:321][823]LogSavePackage: Display: Finished SavePackage ../../../../../../Users/wesda/Documents/Unreal Projects/StormHunters/fall-2017-storm-hunters/Saved/Autosaves/Game/Races/Race_Master_BP_Auto1.uasset
[2017.10.10-21.59.23:321][823]LogFileHelpers: Auto-saving content packages took 0.092
[2017.10.10-22.00.32:023][190]LogSavePackage: Save=73.92ms
[2017.10.10-22.00.32:024][190]LogSavePackage: Moving '../../../../../../Users/wesda/Documents/Unreal Projects/StormHunters/fall-2017-storm-hunters/Saved/Race_Master_BPB460C00D4B0C5DD1D7F68DA3C9DE38D8.tmp' to '../../../../../../Users/wesda/Documents/Unreal Projects/StormHunters/fall-2017-storm-hunters/Content/Races/Race_Master_BP.uasset'
[2017.10.10-22.00.32:028][190]LogSavePackage: Display: Finished SavePackage ../../../../../../Users/wesda/Documents/Unreal Projects/StormHunters/fall-2017-storm-hunters/Content/Races/Race_Master_BP.uasset
[2017.10.10-22.00.35:897][322]LogActorComponent: UnregisterComponent: (/Engine/Transient.EditorFloorComp) Not registered. Aborting.
[2017.10.10-22.00.41:144][504]LogWindowsTextInputMethodSystem: Display: IME system now deactivated.
[2017.10.10-22.00.41:146][504]LogWindowsTextInputMethodSystem: Display: IME system now deactivated.
[2017.10.10-22.00.41:455][505]Cmd: QUIT_EDITOR
[2017.10.10-22.00.41:514][505]LogExit: Preparing to exit.
[2017.10.10-22.00.42:693][505]LogDirectoryWatcher: A directory notification for 'C:/Users/wesda/Documents/Unreal Projects/StormHunters/fall-2017-storm-hunters/Content/' was aborted.
[2017.10.10-22.00.42:977][505]LogExit: Editor shut down
[2017.10.10-22.00.43:014][505]LogExit: Transaction tracking system shut down
[2017.10.10-22.00.43:398][505]LogDirectoryWatcher: A directory notification for '../../../Engine/Content/' was aborted.
[2017.10.10-22.00.43:398][505]LogDirectoryWatcher: A directory notification for '../../../../../../Users/wesda/Documents/Unreal Projects/StormHunters/fall-2017-storm-hunters/Content/' was aborted.
[2017.10.10-22.00.43:398][505]LogDirectoryWatcher: A directory notification for '../../../Engine/Plugins/2D/Paper2D/Content/' was aborted.
[2017.10.10-22.00.43:398][505]LogDirectoryWatcher: A directory notification for '../../../Engine/Plugins/Runtime/Oculus/OculusVR/Content/' was aborted.
[2017.10.10-22.00.43:398][505]LogDirectoryWatcher: A directory notification for '../../../Engine/Plugins/Runtime/Steam/SteamVR/Content/' was aborted.
[2017.10.10-22.00.43:714][505]LogExit: Object subsystem successfully closed.
[2017.10.10-22.00.43:778][505]LogD3D11RHI: Shutdown
[2017.10.10-22.00.43:778][505]LogD3D11RHI: CleanupD3DDevice
[2017.10.10-22.00.44:441][505]LogD3D11RHI: ~FD3D11DynamicRHI
[2017.10.10-22.00.44:473][505]LogModuleManager: Shutting down and abandoning module DataTableEditor (536)
[2017.10.10-22.00.44:473][505]LogModuleManager: Shutting down and abandoning module BlueprintGraph (534)
[2017.10.10-22.00.44:473][505]LogModuleManager: Shutting down and abandoning module BlueprintProfiler (532)
[2017.10.10-22.00.44:474][505]LogModuleManager: Shutting down and abandoning module HierarchicalLODOutliner (530)
[2017.10.10-22.00.44:474][505]LogModuleManager: Shutting down and abandoning module SceneOutliner (528)
[2017.10.10-22.00.44:474][505]LogModuleManager: Shutting down and abandoning module AddContentDialog (526)
[2017.10.10-22.00.44:474][505]LogDirectoryWatcher: A directory notification for 'C:/Program Files/Epic Games/UE_4.17/FeaturePacks/' was aborted.
[2017.10.10-22.00.44:480][505]LogModuleManager: Shutting down and abandoning module WidgetCarousel (525)
[2017.10.10-22.00.44:480][505]LogModuleManager: Shutting down and abandoning module EditorWidgets (522)
[2017.10.10-22.00.44:480][505]LogModuleManager: Shutting down and abandoning module CollectionManager (520)
[2017.10.10-22.00.44:480][505]LogDirectoryWatcher: A directory notification for 'C:/Users/wesda/Documents/Unreal Projects/StormHunters/fall-2017-storm-hunters/Content/Collections/' was aborted.
[2017.10.10-22.00.44:480][505]LogDirectoryWatcher: A directory notification for 'C:/Users/wesda/Documents/Unreal Projects/StormHunters/fall-2017-storm-hunters/Content/Developers/wesda/Collections/' was aborted.
[2017.10.10-22.00.44:480][505]LogDirectoryWatcher: A directory notification for 'C:/Users/wesda/Documents/Unreal Projects/StormHunters/fall-2017-storm-hunters/Saved/Collections/' was aborted.
[2017.10.10-22.00.44:480][505]LogModuleManager: Shutting down and abandoning module StatsViewer (518)
[2017.10.10-22.00.44:480][505]LogModuleManager: Shutting down and abandoning module FoliageEdit (516)
[2017.10.10-22.00.44:480][505]LogModuleManager: Shutting down and abandoning module LandscapeEditor (514)
[2017.10.10-22.00.44:482][505]LogModuleManager: Shutting down and abandoning module MeshPaintMode (512)
[2017.10.10-22.00.44:482][505]LogModuleManager: Shutting down and abandoning module SceneDepthPickerMode (510)
[2017.10.10-22.00.44:482][505]LogModuleManager: Shutting down and abandoning module ActorPickerMode (508)
[2017.10.10-22.00.44:482][505]LogModuleManager: Shutting down and abandoning module GeometryMode (506)
[2017.10.10-22.00.44:482][505]LogModuleManager: Shutting down and abandoning module TextureAlignMode (504)
[2017.10.10-22.00.44:482][505]LogModuleManager: Shutting down and abandoning module BspMode (502)
[2017.10.10-22.00.44:482][505]LogModuleManager: Shutting down and abandoning module PIEPreviewDeviceProfileSelector (500)
[2017.10.10-22.00.44:482][505]LogModuleManager: Shutting down and abandoning module HardwareSurvey (498)
[2017.10.10-22.00.44:482][505]LogModuleManager: Shutting down and abandoning module SequenceRecorderSections (496)
[2017.10.10-22.00.44:482][505]LogModuleManager: Shutting down and abandoning module AutomationWorker (494)
[2017.10.10-22.00.44:482][505]LogModuleManager: Shutting down and abandoning module MatineeToLevelSequence (492)
[2017.10.10-22.00.44:482][505]LogModuleManager: Shutting down and abandoning module LevelSequenceEditor (490)
[2017.10.10-22.00.44:484][505]LogModuleManager: Shutting down and abandoning module PlacementMode (489)
[2017.10.10-22.00.44:484][505]LogModuleManager: Shutting down and abandoning module WmfMediaFactory (486)
[2017.10.10-22.00.44:484][505]LogModuleManager: Shutting down and abandoning module WmfMediaEditor (484)
[2017.10.10-22.00.44:484][505]LogModuleManager: Shutting down and abandoning module AvfMediaFactory (482)
[2017.10.10-22.00.44:484][505]LogModuleManager: Shutting down and abandoning module AvfMediaEditor (480)
[2017.10.10-22.00.44:484][505]LogModuleManager: Shutting down and abandoning module AndroidMediaFactory (478)
[2017.10.10-22.00.44:484][505]LogModuleManager: Shutting down and abandoning module Media (477)
[2017.10.10-22.00.44:484][505]LogModuleManager: Shutting down and abandoning module AndroidMediaEditor (474)
[2017.10.10-22.00.44:484][505]LogModuleManager: Shutting down and abandoning module CharacterAI (472)
[2017.10.10-22.00.44:484][505]LogModuleManager: Shutting down and abandoning module AudioCapture (470)
[2017.10.10-22.00.44:484][505]LogModuleManager: Shutting down and abandoning module SequenceRecorder (469)
[2017.10.10-22.00.44:484][505]LogModuleManager: Shutting down and abandoning module SmartSnapping (466)
[2017.10.10-22.00.44:484][505]LogModuleManager: Shutting down and abandoning module SessionServices (464)
[2017.10.10-22.00.44:485][505]LogModuleManager: Shutting down and abandoning module ViewportSnapping (462)
[2017.10.10-22.00.44:485][505]LogModuleManager: Shutting down and abandoning module ViewportInteraction (460)
[2017.10.10-22.00.44:485][505]LogModuleManager: Shutting down and abandoning module ClothPainter (458)
[2017.10.10-22.00.44:485][505]LogModuleManager: Shutting down and abandoning module LogVisualizer (456)
[2017.10.10-22.00.44:486][505]LogModuleManager: Shutting down and abandoning module IntroTutorials (454)
[2017.10.10-22.00.44:486][505]LogModuleManager: Shutting down and abandoning module GameProjectGeneration (453)
[2017.10.10-22.00.44:487][505]LogModuleManager: Shutting down and abandoning module IOSPlatformEditor (450)
[2017.10.10-22.00.44:488][505]LogModuleManager: Shutting down and abandoning module HTML5PlatformEditor (448)
[2017.10.10-22.00.44:488][505]LogModuleManager: Shutting down and abandoning module AndroidPlatformEditor (446)
[2017.10.10-22.00.44:488][505]LogModuleManager: Shutting down and abandoning module AndroidDeviceDetection (445)
[2017.10.10-22.00.44:962][505]LogModuleManager: Shutting down and abandoning module WindowsPlatformEditor (442)
[2017.10.10-22.00.44:962][505]LogModuleManager: Shutting down and abandoning module IOSRuntimeSettings (440)
[2017.10.10-22.00.44:962][505]LogModuleManager: Shutting down and abandoning module AndroidRuntimeSettings (438)
[2017.10.10-22.00.44:962][505]LogModuleManager: Shutting down and abandoning module InputBindingEditor (436)
[2017.10.10-22.00.44:964][505]LogModuleManager: Shutting down and abandoning module MergeActors (434)
[2017.10.10-22.00.44:965][505]LogModuleManager: Shutting down and abandoning module SizeMap (432)
[2017.10.10-22.00.44:965][505]LogModuleManager: Shutting down and abandoning module TreeMap (430)
[2017.10.10-22.00.44:966][505]LogModuleManager: Shutting down and abandoning module ReferenceViewer (428)
[2017.10.10-22.00.44:966][505]LogModuleManager: Shutting down and abandoning module LocalizationDashboard (426)
[2017.10.10-22.00.44:967][505]LogModuleManager: Shutting down and abandoning module LocalizationService (425)
[2017.10.10-22.00.44:967][505]LogModuleManager: Shutting down and abandoning module HardwareTargeting (422)
[2017.10.10-22.00.44:967][505]LogModuleManager: Shutting down and abandoning module DeviceProfileEditor (420)
[2017.10.10-22.00.44:968][505]LogModuleManager: Shutting down and abandoning module UndoHistory (418)
[2017.10.10-22.00.44:968][505]LogModuleManager: Shutting down and abandoning module XmlParser (416)
[2017.10.10-22.00.44:968][505]LogModuleManager: Shutting down and abandoning module Blutility (414)
[2017.10.10-22.00.44:968][505]LogModuleManager: Shutting down and abandoning module ProjectSettingsViewer (412)
[2017.10.10-22.00.44:968][505]LogModuleManager: Shutting down and abandoning module ProjectTargetPlatformEditor (411)
[2017.10.10-22.00.44:969][505]LogModuleManager: Shutting down and abandoning module EditorSettingsViewer (408)
[2017.10.10-22.00.44:970][505]LogModuleManager: Shutting down and abandoning module SettingsEditor (406)
[2017.10.10-22.00.44:971][505]LogModuleManager: Shutting down and abandoning module ProjectLauncher (404)
[2017.10.10-22.00.44:972][505]LogModuleManager: Shutting down and abandoning module SessionFrontend (402)
[2017.10.10-22.00.44:972][505]LogModuleManager: Shutting down and abandoning module ProfilerClient (400)
[2017.10.10-22.00.44:973][505]LogModuleManager: Shutting down and abandoning module DeviceManager (398)
[2017.10.10-22.00.44:973][505]LogModuleManager: Shutting down and abandoning module TargetDeviceServices (397)
[2017.10.10-22.00.45:042][505]LogModuleManager: Shutting down and abandoning module AutomationController (394)
[2017.10.10-22.00.45:042][505]LogModuleManager: Shutting down and abandoning module AutomationWindow (392)
[2017.10.10-22.00.45:044][505]LogModuleManager: Shutting down and abandoning module Layers (390)
[2017.10.10-22.00.45:047][505]LogModuleManager: Shutting down and abandoning module ComponentVisualizers (388)
[2017.10.10-22.00.45:047][505]LogModuleManager: Shutting down and abandoning module DetailCustomizations (386)
[2017.10.10-22.00.45:047][505]LogModuleManager: Shutting down and abandoning module PackagesDialog (384)
[2017.10.10-22.00.45:047][505]LogModuleManager: Shutting down and abandoning module Persona (382)
[2017.10.10-22.00.45:049][505]LogModuleManager: Shutting down and abandoning module AdvancedPreviewScene (381)
[2017.10.10-22.00.45:049][505]LogModuleManager: Shutting down and abandoning module AnimGraph (379)
[2017.10.10-22.00.45:050][505]LogModuleManager: Shutting down and abandoning module Kismet (376)
[2017.10.10-22.00.45:079][505]LogModuleManager: Shutting down and abandoning module ClassViewer (374)
[2017.10.10-22.00.45:081][505]LogModuleManager: Shutting down and abandoning module Toolbox (372)
[2017.10.10-22.00.45:081][505]LogModuleManager: Shutting down and abandoning module ModuleUI (370)
[2017.10.10-22.00.45:081][505]LogModuleManager: Shutting down and abandoning module MovieSceneTools (368)
[2017.10.10-22.00.45:082][505]LogModuleManager: Shutting down and abandoning module OutputLog (366)
[2017.10.10-22.00.45:083][505]LogModuleManager: Shutting down and abandoning module GammaUI (364)
[2017.10.10-22.00.45:084][505]LogModuleManager: Shutting down and abandoning module Documentation (362)
[2017.10.10-22.00.45:084][505]LogModuleManager: Shutting down and abandoning module MovieSceneTracks (360)
[2017.10.10-22.00.45:084][505]LogModuleManager: Shutting down and abandoning module MovieScene (358)
[2017.10.10-22.00.45:084][505]LogModuleManager: Shutting down and abandoning module Niagara (356)
[2017.10.10-22.00.45:084][505]LogModuleManager: Shutting down and abandoning module NiagaraEditor (355)
[2017.10.10-22.00.45:085][505]LogModuleManager: Shutting down and abandoning module StreamingPauseRendering (352)
[2017.10.10-22.00.45:085][505]LogModuleManager: Shutting down and abandoning module LauncherPlatform (350)
[2017.10.10-22.00.45:085][505]LogModuleManager: Shutting down and abandoning module AnalyticsET (348)
[2017.10.10-22.00.45:085][505]LogModuleManager: Shutting down and abandoning module PortalServices (346)
[2017.10.10-22.00.45:085][505]LogModuleManager: Shutting down and abandoning module PortalRpc (344)
[2017.10.10-22.00.45:085][505]LogModuleManager: Shutting down and abandoning module MessagingRpc (342)
[2017.10.10-22.00.45:085][505]LogModuleManager: Shutting down and abandoning module AIModule (340)
[2017.10.10-22.00.45:085][505]LogModuleManager: Shutting down and abandoning module GameplayDebugger (339)
[2017.10.10-22.00.45:085][505]LogModuleManager: Shutting down and abandoning module AITestSuite (337)
[2017.10.10-22.00.45:085][505]LogModuleManager: Shutting down and abandoning module ProfilerService (334)
[2017.10.10-22.00.45:204][505]LogModuleManager: Shutting down and abandoning module TaskGraph (332)
[2017.10.10-22.00.45:206][505]LogModuleManager: Shutting down and abandoning module SteamVRController (330)
[2017.10.10-22.00.45:206][505]LogModuleManager: Shutting down and abandoning module ProceduralMeshComponentEditor (328)
[2017.10.10-22.00.45:206][505]LogModuleManager: Shutting down and abandoning module ProceduralMeshComponent (326)
[2017.10.10-22.00.45:206][505]LogModuleManager: Shutting down and abandoning module OculusInput (324)
[2017.10.10-22.00.45:206][505]LogModuleManager: Shutting down and abandoning module MobilePatchingUtils (322)
[2017.10.10-22.00.45:206][505]LogModuleManager: Shutting down and abandoning module CustomMeshComponent (320)
[2017.10.10-22.00.45:206][505]LogModuleManager: Shutting down and abandoning module CableComponent (318)
[2017.10.10-22.00.45:206][505]LogModuleManager: Shutting down and abandoning module ArchVisCharacter (316)
[2017.10.10-22.00.45:206][505]LogModuleManager: Shutting down and abandoning module AndroidPermission (314)
[2017.10.10-22.00.45:206][505]LogModuleManager: Shutting down and abandoning module MediaPlayerEditor (310)
[2017.10.10-22.00.45:208][505]LogModuleManager: Shutting down and abandoning module HTML5Networking (308)
[2017.10.10-22.00.45:208][505]LogModuleManager: Shutting down and abandoning module AlembicImporter (306)
[2017.10.10-22.00.45:208][505]LogModuleManager: Shutting down and abandoning module AlembicLibrary (305)
[2017.10.10-22.00.45:208][505]LogModuleManager: Shutting down and abandoning module GeometryCache (304)
[2017.10.10-22.00.45:208][505]LogModuleManager: Shutting down and abandoning module GeometryCacheEd (303)
[2017.10.10-22.00.45:208][505]LogModuleManager: Shutting down and abandoning module SpeedTreeImporter (298)
[2017.10.10-22.00.45:208][505]LogModuleManager: Shutting down and abandoning module PluginBrowser (296)
[2017.10.10-22.00.45:209][505]LogModuleManager: Shutting down and abandoning module MobileLauncherProfileWizard (294)
[2017.10.10-22.00.45:210][505]LogModuleManager: Shutting down and abandoning module VisualStudioSourceCodeAccess (292)
[2017.10.10-22.00.45:210][505]LogModuleManager: Shutting down and abandoning module DesktopPlatform (291)
[2017.10.10-22.00.45:210][505]LogModuleManager: Shutting down and abandoning module UObjectPlugin (288)
[2017.10.10-22.00.45:210][505]LogModuleManager: Shutting down and abandoning module SubversionSourceControl (286)
[2017.10.10-22.00.45:210][505]LogModuleManager: Shutting down and abandoning module PerforceSourceControl (284)
[2017.10.10-22.00.45:210][505]LogModuleManager: Shutting down and abandoning module GitSourceControl (282)
[2017.10.10-22.00.45:210][505]LogModuleManager: Shutting down and abandoning module SourceControl (281)
[2017.10.10-22.00.45:212][505]LogModuleManager: Shutting down and abandoning module LightPropagationVolumeEditor (278)
[2017.10.10-22.00.45:212][505]LogModuleManager: Shutting down and abandoning module PaperTiledImporter (276)
[2017.10.10-22.00.45:212][505]LogModuleManager: Shutting down and abandoning module PaperSpriteSheetImporter (274)
[2017.10.10-22.00.45:212][505]LogModuleManager: Shutting down and abandoning module Paper2DEditor (272)
[2017.10.10-22.00.45:212][505]LogModuleManager: Shutting down and abandoning module MeshPaint (271)
[2017.10.10-22.00.45:212][505]LogModuleManager: Shutting down and abandoning module LevelEditor (269)
[2017.10.10-22.00.45:216][505]LogModuleManager: Shutting down and abandoning module PixelInspectorModule (268)
[2017.10.10-22.00.45:216][505]LogModuleManager: Shutting down and abandoning module MainFrame (266)
[2017.10.10-22.00.45:216][505]LogModuleManager: Shutting down and abandoning module HotReload (265)
[2017.10.10-22.00.45:218][505]LogModuleManager: Shutting down and abandoning module RuntimePhysXCooking (260)
[2017.10.10-22.00.45:218][505]LogModuleManager: Shutting down and abandoning module PhysXVehiclesEditor (258)
[2017.10.10-22.00.45:218][505]LogModuleManager: Shutting down and abandoning module PhysXVehicles (256)
[2017.10.10-22.00.45:218][505]LogModuleManager: Shutting down and abandoning module OculusEditor (254)
[2017.10.10-22.00.45:218][505]LogModuleManager: Shutting down and abandoning module LocationServicesBPLibrary (252)
[2017.10.10-22.00.45:218][505]LogModuleManager: Shutting down and abandoning module ImmediatePhysicsEditor (250)
[2017.10.10-22.00.45:218][505]LogModuleManager: Shutting down and abandoning module ImmediatePhysics (248)
[2017.10.10-22.00.45:218][505]LogModuleManager: Shutting down and abandoning module UdpMessaging (246)
[2017.10.10-22.00.45:320][505]LogModuleManager: Shutting down and abandoning module TcpMessaging (244)
[2017.10.10-22.00.45:421][505]LogModuleManager: Shutting down and abandoning module GameplayTagsEditor (242)
[2017.10.10-22.00.45:423][505]LogModuleManager: Shutting down and abandoning module FacialAnimationEditor (240)
[2017.10.10-22.00.45:423][505]LogModuleManager: Shutting down and abandoning module FacialAnimation (238)
[2017.10.10-22.00.45:423][505]LogModuleManager: Shutting down and abandoning module AssetManagerEditor (236)
[2017.10.10-22.00.45:423][505]LogModuleManager: Shutting down and abandoning module GraphEditor (235)
[2017.10.10-22.00.45:423][505]LogModuleManager: Shutting down and abandoning module ContentBrowser (233)
[2017.10.10-22.00.45:429][505]LogModuleManager: Shutting down and abandoning module LightPropagationVolumeRuntime (230)
[2017.10.10-22.00.45:430][505]LogModuleManager: Shutting down and abandoning module Paper2D (228)
[2017.10.10-22.00.45:430][505]LogModuleManager: Shutting down and abandoning module WindowsMoviePlayer (226)
[2017.10.10-22.00.45:430][505]LogModuleManager: Shutting down and abandoning module WmfMedia (224)
[2017.10.10-22.00.45:430][505]LogModuleManager: Shutting down and abandoning module PacketHandler (222)
[2017.10.10-22.00.45:430][505]LogModuleManager: Shutting down and abandoning module ClothingSystemEditor (220)
[2017.10.10-22.00.45:430][505]LogModuleManager: Shutting down and abandoning module ClothingSystemRuntime (218)
[2017.10.10-22.00.45:431][505]LogModuleManager: Shutting down and abandoning module Overlay (216)
[2017.10.10-22.00.45:431][505]LogModuleManager: Shutting down and abandoning module OverlayEditor (215)
[2017.10.10-22.00.45:431][505]LogModuleManager: Shutting down and abandoning module MediaAssets (212)
[2017.10.10-22.00.45:431][505]LogModuleManager: Shutting down and abandoning module VREditor (210)
[2017.10.10-22.00.45:432][505]LogModuleManager: Shutting down and abandoning module StringTableEditor (208)
[2017.10.10-22.00.45:432][505]LogModuleManager: Shutting down and abandoning module GameplayTasksEditor (206)
[2017.10.10-22.00.45:432][505]LogModuleManager: Shutting down and abandoning module BehaviorTreeEditor (204)
[2017.10.10-22.00.45:432][505]LogModuleManager: Shutting down and abandoning module FunctionalTesting (202)
[2017.10.10-22.00.45:432][505]LogModuleManager: Shutting down and abandoning module CollisionAnalyzer (200)
[2017.10.10-22.00.45:433][505]LogModuleManager: Shutting down and abandoning module WorkspaceMenuStructure (199)
[2017.10.10-22.00.45:433][505]LogModuleManager: Shutting down and abandoning module UMG (196)
[2017.10.10-22.00.45:433][505]LogModuleManager: Shutting down and abandoning module UMGEditor (195)
[2017.10.10-22.00.45:433][505]LogModuleManager: Shutting down and abandoning module Sequencer (194)
[2017.10.10-22.00.45:434][505]LogModuleManager: Shutting down and abandoning module MessageLog (191)
[2017.10.10-22.00.45:434][505]LogModuleManager: Shutting down and abandoning module SlateReflector (186)
[2017.10.10-22.00.45:435][505]LogModuleManager: Shutting down and abandoning module Slate (184)
[2017.10.10-22.00.45:435][505]LogModuleManager: Shutting down and abandoning module EditorStyle (182)
[2017.10.10-22.00.45:438][505]LogModuleManager: Shutting down and abandoning module MRMesh (180)
[2017.10.10-22.00.45:438][505]LogModuleManager: Shutting down and abandoning module SourceCodeAccess (178)
[2017.10.10-22.00.45:438][505]LogModuleManager: Shutting down and abandoning module HeadMountedDisplay (176)
[2017.10.10-22.00.45:438][505]LogModuleManager: Shutting down and abandoning module XAudio2 (174)
[2017.10.10-22.00.45:438][505]LogModuleManager: Shutting down and abandoning module Networking (172)
[2017.10.10-22.00.45:438][505]LogModuleManager: Shutting down and abandoning module Core (168)
[2017.10.10-22.00.45:438][505]LogModuleManager: Shutting down and abandoning module KismetCompiler (164)
[2017.10.10-22.00.45:438][505]LogModuleManager: Shutting down and abandoning module LevelSequence (162)
[2017.10.10-22.00.45:438][505]LogModuleManager: Shutting down and abandoning module MeshUtilities (160)
[2017.10.10-22.00.45:439][505]LogModuleManager: Shutting down and abandoning module MeshMergeUtilities (159)
[2017.10.10-22.00.45:440][505]LogModuleManager: Shutting down and abandoning module MeshReductionInterface (158)
[2017.10.10-22.00.45:440][505]LogModuleManager: Shutting down and abandoning module SimplygonSwarm (157)
[2017.10.10-22.00.45:441][505]LogModuleManager: Shutting down and abandoning module SimplygonMeshReduction (155)
[2017.10.10-22.00.45:441][505]LogModuleManager: Shutting down and abandoning module QuadricMeshReduction (153)
[2017.10.10-22.00.45:441][505]LogModuleManager: Shutting down and abandoning module MaterialBaking (149)
[2017.10.10-22.00.45:441][505]LogModuleManager: Shutting down and abandoning module DirectoryWatcher (146)
[2017.10.10-22.00.45:447][505]LogModuleManager: Shutting down and abandoning module DerivedDataCache (144)
[2017.10.10-22.00.45:489][505]LogDerivedDataCache: Shutdown
[2017.10.10-22.00.45:489][505]LogModuleManager: Shutting down and abandoning module TargetPlatform (142)
[2017.10.10-22.00.45:489][505]LogModuleManager: Shutting down and abandoning module VulkanShaderFormat (141)
[2017.10.10-22.00.45:489][505]LogModuleManager: Shutting down and abandoning module ShaderFormatVectorVM (139)
[2017.10.10-22.00.45:490][505]LogModuleManager: Shutting down and abandoning module ShaderFormatOpenGL (137)
[2017.10.10-22.00.45:491][505]LogModuleManager: Shutting down and abandoning module ShaderFormatD3D (135)
[2017.10.10-22.00.45:491][505]LogModuleManager: Shutting down and abandoning module MetalShaderFormat (133)
[2017.10.10-22.00.45:492][505]LogModuleManager: Shutting down and abandoning module TextureFormatUncompressed (131)
[2017.10.10-22.00.45:492][505]LogModuleManager: Shutting down and abandoning module TextureFormatPVR (129)
[2017.10.10-22.00.45:492][505]LogModuleManager: Shutting down and abandoning module TextureFormatDXT (127)
[2017.10.10-22.00.45:492][505]LogModuleManager: Shutting down and abandoning module TextureFormatIntelISPCTexComp (125)
[2017.10.10-22.00.45:493][505]LogModuleManager: Shutting down and abandoning module TextureFormatASTC (123)
[2017.10.10-22.00.45:493][505]LogModuleManager: Shutting down and abandoning module ImageWrapper (122)
[2017.10.10-22.00.45:494][505]LogModuleManager: Shutting down and abandoning module TextureFormatAndroid (119)
[2017.10.10-22.00.45:494][505]LogModuleManager: Shutting down and abandoning module AudioFormatOpus (117)
[2017.10.10-22.00.45:494][505]LogModuleManager: Shutting down and abandoning module AudioFormatOgg (115)
[2017.10.10-22.00.45:494][505]LogModuleManager: Shutting down and abandoning module AudioFormatADPCM (113)
[2017.10.10-22.00.45:494][505]LogModuleManager: Shutting down and abandoning module LinuxTargetPlatform (111)
[2017.10.10-22.00.45:494][505]LogModuleManager: Shutting down and abandoning module LinuxServerTargetPlatform (109)
[2017.10.10-22.00.45:494][505]LogModuleManager: Shutting down and abandoning module LinuxNoEditorTargetPlatform (107)
[2017.10.10-22.00.45:494][505]LogModuleManager: Shutting down and abandoning module LinuxClientTargetPlatform (105)
[2017.10.10-22.00.45:494][505]LogModuleManager: Shutting down and abandoning module TVOSTargetPlatform (103)
[2017.10.10-22.00.45:494][505]LogModuleManager: Shutting down and abandoning module Messaging (101)
[2017.10.10-22.00.45:494][505]LogModuleManager: Shutting down and abandoning module IOSTargetPlatform (99)
[2017.10.10-22.00.45:494][505]LogModuleManager: Shutting down and abandoning module HTML5TargetPlatform (97)
[2017.10.10-22.00.45:494][505]LogModuleManager: Shutting down and abandoning module Android_PVRTCTargetPlatform (95)
[2017.10.10-22.00.45:494][505]LogModuleManager: Shutting down and abandoning module Android_MultiTargetPlatform (93)
[2017.10.10-22.00.45:494][505]LogModuleManager: Shutting down and abandoning module Android_ETC2TargetPlatform (91)
[2017.10.10-22.00.45:494][505]LogModuleManager: Shutting down and abandoning module Android_ETC1TargetPlatform (89)
[2017.10.10-22.00.45:494][505]LogModuleManager: Shutting down and abandoning module Android_DXTTargetPlatform (87)
[2017.10.10-22.00.45:494][505]LogModuleManager: Shutting down and abandoning module Android_ATCTargetPlatform (85)
[2017.10.10-22.00.45:494][505]LogModuleManager: Shutting down and abandoning module Android_ASTCTargetPlatform (83)
[2017.10.10-22.00.45:494][505]LogModuleManager: Shutting down and abandoning module AndroidTargetPlatform (81)
[2017.10.10-22.00.45:494][505]LogModuleManager: Shutting down and abandoning module WindowsTargetPlatform (79)
[2017.10.10-22.00.45:494][505]LogModuleManager: Shutting down and abandoning module WindowsServerTargetPlatform (77)
[2017.10.10-22.00.45:495][505]LogModuleManager: Shutting down and abandoning module WindowsNoEditorTargetPlatform (75)
[2017.10.10-22.00.45:495][505]LogModuleManager: Shutting down and abandoning module WindowsClientTargetPlatform (73)
[2017.10.10-22.00.45:495][505]LogModuleManager: Shutting down and abandoning module MacTargetPlatform (71)
[2017.10.10-22.00.45:495][505]LogModuleManager: Shutting down and abandoning module MacServerTargetPlatform (69)
[2017.10.10-22.00.45:495][505]LogModuleManager: Shutting down and abandoning module MacNoEditorTargetPlatform (67)
[2017.10.10-22.00.45:495][505]LogModuleManager: Shutting down and abandoning module MacClientTargetPlatform (65)
[2017.10.10-22.00.45:495][505]LogModuleManager: Shutting down and abandoning module AllDesktopTargetPlatform (63)
[2017.10.10-22.00.45:495][505]LogModuleManager: Shutting down and abandoning module InputCore (60)
[2017.10.10-22.00.45:495][505]LogModuleManager: Shutting down and abandoning module Settings (58)
[2017.10.10-22.00.45:495][505]LogModuleManager: Shutting down and abandoning module PhysXCooking (56)
[2017.10.10-22.00.45:495][505]LogModuleManager: Shutting down and abandoning module SteamVR (54)
[2017.10.10-22.00.45:495][505]LogModuleManager: Shutting down and abandoning module OculusHMD (52)
[2017.10.10-22.00.45:495][505]LogModuleManager: Shutting down and abandoning module ExampleDeviceProfileSelector (50)
[2017.10.10-22.00.45:495][505]LogModuleManager: Shutting down and abandoning module OnlineBlueprintSupport (48)
[2017.10.10-22.00.45:495][505]LogModuleManager: Shutting down and abandoning module OnlineSubsystem (44)
[2017.10.10-22.00.45:495][505]LogOnline: Display: Unloading online subsystem: NULL
[2017.10.10-22.00.45:496][505]LogModuleManager: Shutting down and abandoning module XMPP (43)
[2017.10.10-22.00.45:497][505]LogModuleManager: Shutting down and abandoning module HTTP (41)
[2017.10.10-22.00.45:497][505]LogHttp: Display: Http module shutting down, but needs to wait on 1 outstanding Http requests:
[2017.10.10-22.00.45:497][505]LogHttp: Display: 	verb=[POST] url=[https://datarouter.ol.epicgames.com/datarouter/api/v1/public/data?SessionID=%7BAE6152EB-41F5-659E-DD1B-A9A5D6099B33%7D&AppID=UEEditor.Rocket.Release&AppVersion=4.17.1-3586342%2B%2B%2BUE4%2BRelease-4.17&UserID=541d31574068fcf9c973a8878afe939b%7Ce37239e5ddae4f15abfd994a5e38b528%7C98667f09-aa33-4367-adb6-81f92e45f993&AppEnvironment=datacollector-binary&UploadType=eteventstream] status=Processing
[2017.10.10-22.00.45:531][505]LogModuleManager: Shutting down and abandoning module SSL (40)
[2017.10.10-22.00.45:534][505]LogModuleManager: Shutting down and abandoning module AnimationModifiers (36)
[2017.10.10-22.00.45:534][505]LogModuleManager: Shutting down and abandoning module PropertyEditor (35)
[2017.10.10-22.00.45:534][505]LogModuleManager: Shutting down and abandoning module AudioEditor (32)
[2017.10.10-22.00.45:535][505]LogModuleManager: Shutting down and abandoning module TextureCompressor (30)
[2017.10.10-22.00.45:535][505]LogModuleManager: Shutting down and abandoning module ShaderCore (28)
[2017.10.10-22.00.45:535][505]LogModuleManager: Shutting down and abandoning module Landscape (26)
[2017.10.10-22.00.45:535][505]LogModuleManager: Shutting down and abandoning module SlateRHIRenderer (24)
[2017.10.10-22.00.45:540][505]LogModuleManager: Shutting down and abandoning module OpenGLDrv (22)
[2017.10.10-22.00.45:541][505]LogModuleManager: Shutting down and abandoning module D3D11RHI (20)
[2017.10.10-22.00.45:541][505]LogModuleManager: Shutting down and abandoning module AnimGraphRuntime (18)
[2017.10.10-22.00.45:541][505]LogModuleManager: Shutting down and abandoning module Renderer (16)
[2017.10.10-22.00.45:541][505]LogModuleManager: Shutting down and abandoning module Engine (14)
[2017.10.10-22.00.45:541][505]LogModuleManager: Shutting down and abandoning module CoreUObject (12)
[2017.10.10-22.00.45:541][505]LogModuleManager: Shutting down and abandoning module NetworkFile (10)
[2017.10.10-22.00.45:541][505]LogModuleManager: Shutting down and abandoning module CookedIterativeFile (8)
[2017.10.10-22.00.45:541][505]LogModuleManager: Shutting down and abandoning module StreamingFile (6)
[2017.10.10-22.00.45:541][505]LogModuleManager: Shutting down and abandoning module SandboxFile (4)
[2017.10.10-22.00.45:541][505]LogModuleManager: Shutting down and abandoning module PakFile (2)
[2017.10.10-22.00.45:543][505]LogExit: Exiting.
[2017.10.10-22.00.45:572][505]Log file closed, 10/10/17 18:00:45
