Log file open, 10/10/17 18:10:10
LogWindows: LoadLibraryWithSearchPaths failed for file aqProf.dll. GetLastError=0
LogWindows: LoadLibraryWithSearchPaths failed for file VtuneApi.dll. GetLastError=0
LogWindows: LoadLibraryWithSearchPaths failed for file VtuneApi32e.dll. GetLastError=0
LogInit: Display: Running engine for game: StormHunters
LogPlatformFile: Not using cached read wrapper
LogInit: Display: RandInit(711516158) SRandInit(711516158).
LogTaskGraph: Started task graph with 5 named threads and 8 total threads with 3 sets of task threads.
LogStats: Stats thread started at 0.113649
LogD3D11RHI: Aftermath initialized
LogPluginManager: Mounting plugin Paper2D
LogPluginManager: Mounting plugin LightPropagationVolume
LogPluginManager: Mounting plugin CodeLiteSourceCodeAccess
LogPluginManager: Mounting plugin GitSourceControl
LogPluginManager: Mounting plugin KDevelopSourceCodeAccess
LogPluginManager: Mounting plugin NullSourceCodeAccess
LogPluginManager: Mounting plugin PerforceSourceControl
LogPluginManager: Mounting plugin SubversionSourceControl
LogPluginManager: Mounting plugin UObjectPlugin
LogPluginManager: Mounting plugin VisualStudioSourceCodeAccess
LogPluginManager: Mounting plugin XCodeSourceCodeAccess
LogPluginManager: Mounting plugin AssetManagerEditor
LogPluginManager: Mounting plugin AudioCapture
LogPluginManager: Mounting plugin FacialAnimation
LogPluginManager: Mounting plugin GameplayTagsEditor
LogPluginManager: Mounting plugin MobileLauncherProfileWizard
LogPluginManager: Mounting plugin PluginBrowser
LogPluginManager: Mounting plugin SpeedTreeImporter
LogPluginManager: Mounting plugin AlembicImporter
LogPluginManager: Mounting plugin CharacterAI
LogPluginManager: Mounting plugin HTML5Networking
LogPluginManager: Mounting plugin AndroidMedia
LogPluginManager: Mounting plugin AvfMedia
LogPluginManager: Mounting plugin MediaPlayerEditor
LogPluginManager: Mounting plugin WmfMedia
LogPluginManager: Mounting plugin TcpMessaging
LogPluginManager: Mounting plugin UdpMessaging
LogPluginManager: Mounting plugin LevelSequenceEditor
LogPluginManager: Mounting plugin MatineeToLevelSequence
LogPluginManager: Mounting plugin OnlineSubsystemGooglePlay
LogPluginManager: Mounting plugin OnlineSubsystemIOS
LogPluginManager: Mounting plugin OnlineSubsystem
LogPluginManager: Mounting plugin OnlineSubsystemNull
LogPluginManager: Mounting plugin OnlineSubsystemUtils
LogPluginManager: Mounting plugin AndroidDeviceProfileSelector
LogPluginManager: Mounting plugin AndroidMoviePlayer
LogPluginManager: Mounting plugin AndroidPermission
LogPluginManager: Mounting plugin AppleMoviePlayer
LogPluginManager: Mounting plugin ArchVisCharacter
LogPluginManager: Mounting plugin CableComponent
LogPluginManager: Mounting plugin CustomMeshComponent
LogPluginManager: Mounting plugin ExampleDeviceProfileSelector
LogPluginManager: Mounting plugin GoogleCloudMessaging
LogPluginManager: Mounting plugin ImmediatePhysics
LogPluginManager: Mounting plugin IOSDeviceProfileSelector
LogPluginManager: Mounting plugin LinuxDeviceProfileSelector
LogPluginManager: Mounting plugin LocationServicesBPLibrary
LogPluginManager: Mounting plugin MobilePatchingUtils
LogPluginManager: Mounting plugin OculusVR
LogPluginManager: Mounting plugin PhysXVehicles
LogPluginManager: Mounting plugin ProceduralMeshComponent
LogPluginManager: Mounting plugin RuntimePhysXCooking
LogPluginManager: Mounting plugin SteamVR
LogPluginManager: Mounting plugin WindowsMoviePlayer
LogInit: Using libcurl 7.47.1
LogInit:  - built for x86_64-pc-win32
LogInit:  - supports SSL with OpenSSL/1.0.2g
LogInit:  - supports HTTP deflate (compression) using libz 1.2.8
LogInit:  - other features:
LogInit:      CURL_VERSION_SSL
LogInit:      CURL_VERSION_LIBZ
LogInit:      CURL_VERSION_IPV6
LogInit:      CURL_VERSION_ASYNCHDNS
LogInit:      CURL_VERSION_LARGEFILE
LogInit:      CURL_VERSION_IDN
LogInit:  CurlRequestOptions (configurable via config and command line):
LogInit:  - bVerifyPeer = false  - Libcurl will NOT verify peer certificate
LogInit:  - bUseHttpProxy = false  - Libcurl will NOT use HTTP proxy
LogInit:  - bDontReuseConnections = false  - Libcurl will reuse connections
LogInit:  - CertBundlePath = nullptr  - Libcurl will use whatever was configured at build time.
LogInit: Build: ++UE4+Release-4.17-CL-3586342
LogInit: Engine Version: 4.17.1-3586342+++UE4+Release-4.17
LogInit: Compatible Engine Version: 4.17.0-3573198+++UE4+Release-4.17
LogInit: Net CL: 3573198
LogDevObjectVersion: Number of dev versions registered: 16
LogDevObjectVersion:   Dev-Blueprints (B0D832E4-1F89-4F0D-ACCF-7EB736FD4AA2): 10
LogDevObjectVersion:   Dev-Build (E1C64328-A22C-4D53-A36C-8E866417BD8C): 0
LogDevObjectVersion:   Dev-Core (375EC13C-06E4-48FB-B500-84F0262A717E): 2
LogDevObjectVersion:   Dev-Editor (E4B068ED-F494-42E9-A231-DA0B2E46BB41): 20
LogDevObjectVersion:   Dev-Framework (CFFC743F-43B0-4480-9391-14DF171D2073): 28
LogDevObjectVersion:   Dev-Mobile (B02B49B5-BB20-44E9-A304-32B752E40360): 0
LogDevObjectVersion:   Dev-Networking (A4E4105C-59A1-49B5-A7C5-40C4547EDFEE): 0
LogDevObjectVersion:   Dev-Online (39C831C9-5AE6-47DC-9A44-9C173E1C8E7C): 0
LogDevObjectVersion:   Dev-Physics (78F01B33-EBEA-4F98-B9B4-84EACCB95AA2): 0
LogDevObjectVersion:   Dev-Platform (6631380F-2D4D-43E0-8009-CF276956A95A): 0
LogDevObjectVersion:   Dev-Rendering (12F88B9F-8875-4AFC-A67C-D90C383ABD29): 19
LogDevObjectVersion:   Dev-Sequencer (7B5AE74C-D270-4C10-A958-57980B212A5A): 4
LogDevObjectVersion:   Dev-VR (D7296918-1DD6-4BDD-9DE2-64A83CC13884): 0
LogDevObjectVersion:   Dev-LoadTimes (C2A15278-BFE7-4AFE-6C17-90FF531DF755): 1
LogDevObjectVersion:   Private-Geometry (6EACA3D4-40EC-4CC1-B786-8BED09428FC5): 1
LogDevObjectVersion:   Dev-AnimPhys (29E575DD-E0A3-4627-9D10-D276232CDCEA): 7
LogInit: Compiled (64-bit): Aug 15 2017 02:05:26
LogInit: Compiled with Visual C++: 19.00.24215.01
LogInit: Build Configuration: Development
LogInit: Branch Name: ++UE4+Release-4.17
LogInit: Command line:  
LogInit: Base directory: C:/Program Files/Epic Games/UE_4.17/Engine/Binaries/Win64/
LogInit: Installed Engine Build: 1
LogInit: Presizing for max 8388607 objects, including 0 objects not considered by GC, pre-allocating 0 bytes for permanent pool.
LogInit: Object subsystem initialized
[2017.10.10-22.10.10:719][  0]LogInit: Selected Device Profile: [Windows]
[2017.10.10-22.10.10:719][  0]LogInit: Applying CVar settings loaded from the selected device profile: [Windows]
[2017.10.10-22.10.10:732][  0]LogInit: Computer: DESKTOP-5OGJ61U
[2017.10.10-22.10.10:732][  0]LogInit: User: wesda
[2017.10.10-22.10.10:732][  0]LogInit: CPU Page size=4096, Cores=2
[2017.10.10-22.10.10:732][  0]LogInit: High frequency timer resolution =2.343751 MHz
[2017.10.10-22.10.10:732][  0]LogMemory: Memory total: Physical=19.9GB (20GB approx)
[2017.10.10-22.10.10:732][  0]LogMemory: Platform Memory Stats for Windows
[2017.10.10-22.10.10:732][  0]LogMemory: Process Physical Memory: 278.17 MB used, 278.17 MB peak
[2017.10.10-22.10.10:732][  0]LogMemory: Process Virtual Memory: 276.25 MB used, 276.25 MB peak
[2017.10.10-22.10.10:732][  0]LogMemory: Physical Memory: 6835.36 MB used,  13516.23 MB free, 20351.60 MB total
[2017.10.10-22.10.10:732][  0]LogMemory: Virtual Memory: 667.22 MB used,  13516.23 MB free, 134217728.00 MB total
[2017.10.10-22.10.10:940][  0]LogInit: Using OS detected language (en-US).
[2017.10.10-22.10.10:940][  0]LogInit: Using OS detected locale (en-US).
[2017.10.10-22.10.10:944][  0]LogTextLocalizationManager: No specific localization for 'en-US' exists, so the 'en' localization will be used.
[2017.10.10-22.10.11:748][  0]LogD3D11RHI: D3D11 adapters:
[2017.10.10-22.10.11:756][  0]LogD3D11RHI:    0. 'Intel(R) HD Graphics 520' (Feature Level 11_0)
[2017.10.10-22.10.11:756][  0]LogD3D11RHI:       128/0/10175 MB DedicatedVideo/DedicatedSystem/SharedSystem, Outputs:1, VendorId:0x8086
[2017.10.10-22.10.11:758][  0]LogD3D11RHI:    1. 'Microsoft Basic Render Driver' (Feature Level 11_0)
[2017.10.10-22.10.11:758][  0]LogD3D11RHI:       0/0/10175 MB DedicatedVideo/DedicatedSystem/SharedSystem, Outputs:0, VendorId:0x1414
[2017.10.10-22.10.11:758][  0]LogD3D11RHI: Chosen D3D11 Adapter: 0
[2017.10.10-22.10.11:765][  0]LogD3D11RHI: Creating new Direct3DDevice
[2017.10.10-22.10.11:765][  0]LogD3D11RHI:     GPU DeviceId: 0x1916 (for the marketing name, search the web for "GPU Device Id")
[2017.10.10-22.10.11:765][  0]LogWindows: EnumDisplayDevices:
[2017.10.10-22.10.11:765][  0]LogWindows:    0. 'Intel(R) HD Graphics 520' (P:1 D:1)
[2017.10.10-22.10.11:765][  0]LogWindows:    1. 'Intel(R) HD Graphics 520' (P:0 D:0)
[2017.10.10-22.10.11:765][  0]LogWindows:    2. 'Intel(R) HD Graphics 520' (P:0 D:0)
[2017.10.10-22.10.11:765][  0]LogWindows: DebugString: FoundDriverCount:3 
[2017.10.10-22.10.11:765][  0]LogD3D11RHI:     Adapter Name: Intel(R) HD Graphics 520
[2017.10.10-22.10.11:765][  0]LogD3D11RHI:   Driver Version: 21.20.16.4590 (internal:21.20.16.4590, unified:21.20.16.4590)
[2017.10.10-22.10.11:765][  0]LogD3D11RHI:      Driver Date: 1-18-2017
[2017.10.10-22.10.11:765][  0]LogRHI: Texture pool is 1361 MB (70% of 1945 MB)
[2017.10.10-22.10.11:771][  0]LogD3D11RHI: Async texture creation enabled
[2017.10.10-22.10.11:778][  0]LogD3D11RHI: GPU Timing Frequency: 12.000000 (Debug: 2 0)
[2017.10.10-22.10.11:779][  0]LogShaderCompilers: Guid format shader working directory is -46 characters bigger than the processId version (../../../../../../Users/wesda/Documents/Unreal Projects/StormHunters/fall-2017-storm-hunters/Intermediate/Shaders/WorkingDirectory/9720/).
[2017.10.10-22.10.11:779][  0]LogShaderCompilers: Cleaned the shader compiler working directory 'C:/Users/wesda/AppData/Local/Temp/UnrealShaderWorkingDir/6E358B4D4C608EF63CF073AD4B745658/'.
[2017.10.10-22.10.11:779][  0]LogShaderCompilers: Display: Using Local Shader Compiler.
[2017.10.10-22.10.12:842][  0]LogTemp: Display: Loaded TP AllDesktopTargetPlatform
[2017.10.10-22.10.12:900][  0]LogTemp: Display: Loaded TP MacClientTargetPlatform
[2017.10.10-22.10.12:958][  0]LogTemp: Display: Loaded TP MacNoEditorTargetPlatform
[2017.10.10-22.10.13:019][  0]LogTemp: Display: Loaded TP MacServerTargetPlatform
[2017.10.10-22.10.13:077][  0]LogTemp: Display: Loaded TP MacTargetPlatform
[2017.10.10-22.10.13:134][  0]LogTemp: Display: Loaded TP WindowsClientTargetPlatform
[2017.10.10-22.10.13:191][  0]LogTemp: Display: Loaded TP WindowsNoEditorTargetPlatform
[2017.10.10-22.10.13:251][  0]LogTemp: Display: Loaded TP WindowsServerTargetPlatform
[2017.10.10-22.10.13:301][  0]LogTemp: Display: Loaded TP WindowsTargetPlatform
[2017.10.10-22.10.13:357][  0]LogTemp: Display: Loaded TP AndroidTargetPlatform
[2017.10.10-22.10.13:413][  0]LogTemp: Display: Loaded TP Android_ASTCTargetPlatform
[2017.10.10-22.10.13:469][  0]LogTemp: Display: Loaded TP Android_ATCTargetPlatform
[2017.10.10-22.10.13:526][  0]LogTemp: Display: Loaded TP Android_DXTTargetPlatform
[2017.10.10-22.10.13:583][  0]LogTemp: Display: Loaded TP Android_ETC1TargetPlatform
[2017.10.10-22.10.13:639][  0]LogTemp: Display: Loaded TP Android_ETC2TargetPlatform
[2017.10.10-22.10.13:753][  0]LogTemp: Display: Loaded TP Android_MultiTargetPlatform
[2017.10.10-22.10.13:753][  0]LogTemp: Display: Loaded TP Android_PVRTCTargetPlatform
[2017.10.10-22.10.13:797][  0]LogTemp: Display: Loaded TP HTML5TargetPlatform
[2017.10.10-22.10.13:902][  0]LogTemp: Display: Loaded TP IOSTargetPlatform
[2017.10.10-22.10.13:936][  0]LogTemp: Display: Loaded TP TVOSTargetPlatform
[2017.10.10-22.10.13:990][  0]LogTemp: Display: Loaded TP LinuxClientTargetPlatform
[2017.10.10-22.10.14:046][  0]LogTemp: Display: Loaded TP LinuxNoEditorTargetPlatform
[2017.10.10-22.10.14:101][  0]LogTemp: Display: Loaded TP LinuxServerTargetPlatform
[2017.10.10-22.10.14:156][  0]LogTemp: Display: Loaded TP LinuxTargetPlatform
[2017.10.10-22.10.14:156][  0]LogTargetPlatformManager: Display: Building Assets For Windows
[2017.10.10-22.10.14:682][  0]LogDerivedDataCache: Display: Max Cache Size: 512 MB
[2017.10.10-22.10.14:793][  0]LogDerivedDataCache: Loaded boot cache 0.11s 93MB C:/Users/wesda/AppData/Local/UnrealEngine/4.17/DerivedDataCache/Boot.ddc.
[2017.10.10-22.10.14:793][  0]LogDerivedDataCache: Display: Loaded Boot cache: C:/Users/wesda/AppData/Local/UnrealEngine/4.17/DerivedDataCache/Boot.ddc
[2017.10.10-22.10.14:793][  0]LogDerivedDataCache: FDerivedDataBackendGraph:  Pak pak cache file ../../../../../../Users/wesda/Documents/Unreal Projects/StormHunters/fall-2017-storm-hunters/DerivedDataCache/DDC.ddp not found, will not use a pak cache.
[2017.10.10-22.10.14:793][  0]LogDerivedDataCache: Unable to find inner node Pak for hierarchical cache Hierarchy.
[2017.10.10-22.10.14:793][  0]LogDerivedDataCache: FDerivedDataBackendGraph:  CompressedPak pak cache file ../../../../../../Users/wesda/Documents/Unreal Projects/StormHunters/fall-2017-storm-hunters/DerivedDataCache/Compressed.ddp not found, will not use a pak cache.
[2017.10.10-22.10.14:793][  0]LogDerivedDataCache: Unable to find inner node CompressedPak for hierarchical cache Hierarchy.
[2017.10.10-22.10.14:813][  0]LogDerivedDataCache: Display: Pak cache opened for reading ../../../Engine/DerivedDataCache/Compressed.ddp.
[2017.10.10-22.10.14:826][  0]LogDerivedDataCache: Using Local data cache path C:/Users/wesda/AppData/Local/UnrealEngine/Common/DerivedDataCache: Writable
[2017.10.10-22.10.14:839][  0]LogMaterial: Verifying Global Shaders for PCD3D_SM5
[2017.10.10-22.10.14:839][  0]LogSlate: Using Freetype 2.6.0
[2017.10.10-22.10.14:840][  0]LogSlate: SlateFontCache - WITH_FREETYPE: 1, WITH_HARFBUZZ: 1
[2017.10.10-22.10.14:840][  0]LogSlate: SlateFontCache - WITH_FREETYPE: 1, WITH_HARFBUZZ: 1
[2017.10.10-22.10.15:131][  0]LogAssetRegistry: FAssetRegistry took 0.0264 seconds to start up
[2017.10.10-22.10.15:283][  0]LogInit: Selected Device Profile: [Windows]
[2017.10.10-22.10.15:478][  0]LogContentStreaming: Texture pool size is 0.00 MB
[2017.10.10-22.10.15:817][  0]LogSimplygon: Simplygon DLL not present - disabling.
[2017.10.10-22.10.15:863][  0]LogMeshReduction: Using SimplygonSwarm for distributed automatic mesh merging
[2017.10.10-22.10.15:863][  0]LogMeshReduction: Using QuadricMeshReduction for automatic static mesh reduction
[2017.10.10-22.10.15:863][  0]LogMeshReduction: No automatic skeletal mesh reduction module available
[2017.10.10-22.10.15:863][  0]LogMeshReduction: No automatic mesh merging module available
[2017.10.10-22.10.15:863][  0]LogMeshMerging: No automatic mesh merging module available
[2017.10.10-22.10.16:308][  0]LogNetVersion: StormHunters , NetCL: 3573198, EngineNetVer: 2, GameNetVer: 0 (Checksum: 4212083981)
[2017.10.10-22.10.16:585][  0]LogPackageLocalizationCache: Processed 5 localized package path(s) for 2 prioritized culture(s) in 0.052611 seconds
[2017.10.10-22.10.16:591][  0]LogUObjectArray: 35825 objects as part of root set at end of initial load.
[2017.10.10-22.10.16:592][  0]LogUObjectAllocator: 7529104 out of 0 bytes used by permanent object pool.
[2017.10.10-22.10.16:592][  0]LogUObjectArray: CloseDisregardForGC: 0/0 objects in disregard for GC pool
[2017.10.10-22.10.16:661][  0]LogInit: WinSock: version 1.1 (2.2), MaxSocks=32767, MaxUdp=65467
[2017.10.10-22.10.19:528][  0]LogTcpMessaging: Initializing TcpMessaging bridge
[2017.10.10-22.10.19:568][  0]LogUdpMessaging: Initializing bridge on interface 0.0.0.0:0 to multicast group 230.0.0.1:6666.
[2017.10.10-22.10.20:255][  0]LogMaterial: Uniform references updated for custom material expression Custom.
[2017.10.10-22.10.20:712][  0]SourceControl: Source control is disabled
[2017.10.10-22.10.20:712][  0]SourceControl: Source control is disabled
[2017.10.10-22.10.20:763][  0]SourceControl: Source control is disabled
[2017.10.10-22.10.20:813][  0]SourceControl: Source control is disabled
[2017.10.10-22.10.21:426][  0]LogAndroidPermission: UAndroidPermissionCallbackProxy::GetInstance
[2017.10.10-22.10.21:685][  0]LogOcInput: OculusInput pre-init called
[2017.10.10-22.10.21:966][  0]LogEngine: Initializing Engine...
[2017.10.10-22.10.21:967][  0]LogHMD: Failed to initialize OpenVR with code 110
[2017.10.10-22.10.22:253][  0]LogStats: UGameplayTagsManager::ConstructGameplayTagTree: Construct from data asset -  0.000 s
[2017.10.10-22.10.22:253][  0]LogStats: UGameplayTagsManager::ConstructGameplayTagTree: GameplayTagTreeChangedEvent.Broadcast -  0.000 s
[2017.10.10-22.10.22:400][  0]LogAIModule: Creating AISystem for world Untitled
[2017.10.10-22.10.22:409][  0]LogInit: XAudio2 using 'Speaker/HP (Realtek High Definition Audio)' : 2 channels at 48 kHz using 32 bits per sample (channel mask 0x3)
[2017.10.10-22.10.22:443][  0]LogInit: FAudioDevice initialized.
[2017.10.10-22.10.22:555][  0]LogDerivedDataCache: Saved boot cache 0.11s 93MB C:/Users/wesda/AppData/Local/UnrealEngine/4.17/DerivedDataCache/Boot.ddc.
[2017.10.10-22.10.22:572][  0]LogInit: Texture streaming: Enabled
[2017.10.10-22.10.22:703][  0]LogEngineSessionManager: EngineSessionManager initialized
[2017.10.10-22.10.22:948][  0]LogInit: Transaction tracking system initialized
[2017.10.10-22.10.23:304][  0]BlueprintLog: New page: Editor Load
[2017.10.10-22.10.24:301][  0]LocalizationService: Localization service is disabled
[2017.10.10-22.10.25:088][  0]LogConsoleResponse: Display: 
[2017.10.10-22.10.25:315][  0]LogCook: Display: Max memory allowance for cook 16384mb min free memory 0mb
[2017.10.10-22.10.25:315][  0]LogCook: Display: Mobile HDR setting 1
[2017.10.10-22.10.25:315][  0]LogGameplayTags: Display: UGameplayTagsManager::DoneAddingNativeTags. DelegateIsBound: 0
[2017.10.10-22.10.25:752][  0]LogFileCache: Scanning file cache for directory 'C:/Users/wesda/Documents/Unreal Projects/StormHunters/fall-2017-storm-hunters/Content/' took 0.02s
[2017.10.10-22.10.26:489][  0]SourceControl: Source control is disabled
[2017.10.10-22.10.26:490][  0]Cmd: MAP LOAD FILE="../../../../../../Users/wesda/Documents/Unreal Projects/StormHunters/fall-2017-storm-hunters/Content/StarterContent/Maps/Minimal_Default.umap" TEMPLATE=0 SHOWPROGRESS=1 FEATURELEVEL=3
[2017.10.10-22.10.26:490][  0]LightingResults: New page: Lighting Build
[2017.10.10-22.10.26:539][  0]MapCheck: New page: Map Check
[2017.10.10-22.10.26:539][  0]LightingResults: New page: Lighting Build
[2017.10.10-22.10.32:416][  0]LogAIModule: Creating AISystem for world Minimal_Default
[2017.10.10-22.10.32:781][  0]LogEditorServer: Finished looking for orphan Actors (0.000 secs)
[2017.10.10-22.10.33:073][  0]Cmd: MAP CHECKDEP NOCLEARLOG
[2017.10.10-22.10.33:165][  0]MapCheck: Map check complete: 0 Error(s), 0 Warning(s), took 91.11ms to complete.
[2017.10.10-22.10.33:165][  0]LogFileHelpers: Loading map 'Minimal_Default' took 6.675
[2017.10.10-22.10.33:223][  0]LogWindowsTextInputMethodSystem: Display: IME system now deactivated.
[2017.10.10-22.10.33:223][  0]LogWindowsTextInputMethodSystem: Display: IME system now deactivated.
[2017.10.10-22.10.33:323][  0]LogCollectionManager: Loaded 0 collections in 0.002054 seconds
[2017.10.10-22.10.33:408][  0]LogFileCache: Scanning file cache for directory 'C:/Users/wesda/Documents/Unreal Projects/StormHunters/fall-2017-storm-hunters/Saved/Collections/' took 0.01s
[2017.10.10-22.10.33:408][  0]LogFileCache: Scanning file cache for directory 'C:/Users/wesda/Documents/Unreal Projects/StormHunters/fall-2017-storm-hunters/Content/Developers/wesda/Collections/' took 0.01s
[2017.10.10-22.10.33:408][  0]LogFileCache: Scanning file cache for directory 'C:/Users/wesda/Documents/Unreal Projects/StormHunters/fall-2017-storm-hunters/Content/Collections/' took 0.01s
[2017.10.10-22.10.33:408][  0]LogCollectionManager: Rebuilt the GUID cache for 0 collections in 0.000000 seconds
[2017.10.10-22.10.33:419][  0]LogContentBrowser: Native class hierarchy populated in 0.0104 seconds. Added 2386 classes and 500 folders.
[2017.10.10-22.10.33:494][  0]LogContentBrowser: Native class hierarchy updated for 'WidgetCarousel' in 0.0008 seconds. Added 0 classes and 0 folders.
[2017.10.10-22.10.33:534][  0]LogContentBrowser: Native class hierarchy updated for 'AddContentDialog' in 0.0007 seconds. Added 0 classes and 0 folders.
[2017.10.10-22.10.33:584][  0]LogContentBrowser: Native class hierarchy updated for 'SceneOutliner' in 0.0007 seconds. Added 1 classes and 2 folders.
[2017.10.10-22.10.33:862][  0]LogSlate: Took 0.000264 seconds to synchronously load lazily loaded font '../../../Engine/Content/Slate/Fonts/Roboto-Regular.ttf' (155K)
[2017.10.10-22.10.33:865][  0]LogSlate: Took 0.000294 seconds to synchronously load lazily loaded font '../../../Engine/Content/Slate/Fonts/Roboto-Bold.ttf' (160K)
[2017.10.10-22.10.33:870][  0]LogSlate: Took 0.000218 seconds to synchronously load lazily loaded font '../../../Engine/Content/Editor/Slate/Fonts/FontAwesome.ttf' (139K)
[2017.10.10-22.10.34:006][  0]LogRenderer: Reallocating scene render targets to support 580x324 Format 10 NumSamples 1 (Frame:1).
[2017.10.10-22.10.34:712][  0]LogSlate: Took 0.000222 seconds to synchronously load lazily loaded font '../../../Engine/Content/Slate/Fonts/Roboto-Light.ttf' (159K)
[2017.10.10-22.10.34:864][  0]LogContentBrowser: Native class hierarchy updated for 'HierarchicalLODOutliner' in 0.0007 seconds. Added 1 classes and 2 folders.
[2017.10.10-22.10.34:864][  0]LogLoad: (Engine Initialization) Total time: 25.71 seconds
[2017.10.10-22.10.34:864][  0]LogLoad: (Engine Initialization) Total Blueprint compile time: 0.00 seconds
[2017.10.10-22.10.34:864][  0]LogExternalProfiler: Found external profiler: VSPerf
[2017.10.10-22.10.34:864][  0]LogExternalProfiler: Using external profiler: VSPerf
[2017.10.10-22.10.34:928][  0]LogContentStreaming: Texture pool size now 1000 MB
[2017.10.10-22.10.34:947][  1]LogFileCache: Retrieving MD5 hashes for directory 'C:/Users/wesda/Documents/Unreal Projects/StormHunters/fall-2017-storm-hunters/Content/' took 0.04s
[2017.10.10-22.10.34:972][  1]LogAssetRegistry: Asset discovery search completed in 19.8630 seconds
[2017.10.10-22.10.34:975][  1]LogCollectionManager: Rebuilt the object cache for 0 collections in 0.000000 seconds (found 0 objects)
[2017.10.10-22.10.34:975][  1]LogCollectionManager: Fixed up redirectors for 0 collections in 0.000063 seconds (updated 0 objects)
[2017.10.10-22.10.45:163][416]LogStats: FPlatformStackWalk::StackWalkAndDump -  0.292 s
[2017.10.10-22.10.45:163][416]LogOutputDevice: Error: === Handled ensure: ===
[2017.10.10-22.10.45:163][416]LogOutputDevice: Error: 
[2017.10.10-22.10.45:163][416]LogOutputDevice: Error: Ensure condition failed: DefaultStructInstance.IsValid() && DefaultStructInstance.GetStruct() == GetOwnerStruct() [File:D:\Build\++UE4+Release-4.17+Compile\Sync\Engine\Source\Editor\UnrealEd\Private\UserDefinedStructEditorData.cpp] [Line: 133]
[2017.10.10-22.10.45:163][416]LogOutputDevice: Error: 
[2017.10.10-22.10.45:163][416]LogOutputDevice: Error: Stack: 
[2017.10.10-22.10.45:163][416]LogOutputDevice: Error: UE4Editor-Core.dll!0x00000000587B3606
[2017.10.10-22.10.45:163][416]LogOutputDevice: Error: UE4Editor-Core.dll!0x000000005853C2D2
[2017.10.10-22.10.45:163][416]LogOutputDevice: Error: UE4Editor-Core.dll!0x0000000058554746
[2017.10.10-22.10.45:163][416]LogOutputDevice: Error: UE4Editor-UnrealEd.dll!0x0000000054250C94
[2017.10.10-22.10.45:163][416]LogOutputDevice: Error: UE4Editor-UnrealEd.dll!0x0000000053E172DE
[2017.10.10-22.10.45:163][416]LogOutputDevice: Error: UE4Editor-Engine.dll!0x00000000560E46F5
[2017.10.10-22.10.45:163][416]LogOutputDevice: Error: UE4Editor-CoreUObject.dll!0x0000000062083969
[2017.10.10-22.10.45:163][416]LogOutputDevice: Error: UE4Editor-Engine.dll!0x000000005552E6CC
[2017.10.10-22.10.45:163][416]LogOutputDevice: Error: UE4Editor-CoreUObject.dll!0x00000000620DB350
[2017.10.10-22.10.45:163][416]LogOutputDevice: Error: UE4Editor-BlueprintGraph.dll!0x000000005136F29F
[2017.10.10-22.10.45:163][416]LogOutputDevice: Error: UE4Editor-UnrealEd.dll!0x0000000053D6C59D
[2017.10.10-22.10.45:163][416]LogOutputDevice: Error: UE4Editor-Engine.dll!0x00000000552BB918
[2017.10.10-22.10.45:163][416]LogOutputDevice: Error: UE4Editor-CoreUObject.dll!0x0000000061F6B805
[2017.10.10-22.10.45:163][416]LogOutputDevice: Error: UE4Editor-CoreUObject.dll!0x0000000061F42F50
[2017.10.10-22.10.45:163][416]LogOutputDevice: Error: UE4Editor-CoreUObject.dll!0x00000000620DB5EA
[2017.10.10-22.10.45:163][416]LogOutputDevice: Error: UE4Editor-CoreUObject.dll!0x00000000620AB47B
[2017.10.10-22.10.45:163][416]LogOutputDevice: Error: UE4Editor-CoreUObject.dll!0x00000000620D03F1
[2017.10.10-22.10.45:163][416]LogOutputDevice: Error: UE4Editor-CoreUObject.dll!0x00000000620AA414
[2017.10.10-22.10.45:163][416]LogOutputDevice: Error: UE4Editor-CoreUObject.dll!0x00000000620AB84B
[2017.10.10-22.10.45:163][416]LogOutputDevice: Error: UE4Editor-CoreUObject.dll!0x00000000620D17C9
[2017.10.10-22.10.45:163][416]LogOutputDevice: Error: UE4Editor-CoreUObject.dll!0x00000000621F1908
[2017.10.10-22.10.45:163][416]LogOutputDevice: Error: UE4Editor-CoreUObject.dll!0x00000000621F0EA2
[2017.10.10-22.10.45:163][416]LogOutputDevice: Error: UE4Editor-CoreUObject.dll!0x0000000062205FC8
[2017.10.10-22.10.45:163][416]LogOutputDevice: Error: UE4Editor-CoreUObject.dll!0x000000006221013A
[2017.10.10-22.10.45:163][416]LogOutputDevice: Error: UE4Editor-CoreUObject.dll!0x000000006220F8B2
[2017.10.10-22.10.45:163][416]LogOutputDevice: Error: UE4Editor-ContentBrowser.dll!0x0000000046FDED17
[2017.10.10-22.10.45:163][416]LogOutputDevice: Error: UE4Editor-ContentBrowser.dll!0x000000004712112F
[2017.10.10-22.10.45:163][416]LogOutputDevice: Error: UE4Editor-ContentBrowser.dll!0x00000000470D3DA7
[2017.10.10-22.10.45:163][416]LogOutputDevice: Error: UE4Editor-ContentBrowser.dll!0x00000000470DB637
[2017.10.10-22.10.45:163][416]LogOutputDevice: Error: UE4Editor-ContentBrowser.dll!0x000000004712B669
[2017.10.10-22.10.45:163][416]LogOutputDevice: Error: UE4Editor-ContentBrowser.dll!0x00000000470D22F1
[2017.10.10-22.10.45:163][416]LogOutputDevice: Error: UE4Editor-ContentBrowser.dll!0x00000000470DA43F
[2017.10.10-22.10.45:163][416]LogOutputDevice: Error: UE4Editor-ContentBrowser.dll!0x00000000470D8148
[2017.10.10-22.10.45:163][416]LogOutputDevice: Error: UE4Editor-ContentBrowser.dll!0x0000000047138150
[2017.10.10-22.10.45:163][416]LogOutputDevice: Error: UE4Editor-ContentBrowser.dll!0x000000004712B8CA
[2017.10.10-22.10.45:163][416]LogOutputDevice: Error: UE4Editor-Slate.dll!0x000000005F8F5F9E
[2017.10.10-22.10.45:163][416]LogOutputDevice: Error: UE4Editor-Slate.dll!0x000000005F8C6D9E
[2017.10.10-22.10.45:163][416]LogOutputDevice: Error: UE4Editor-Slate.dll!0x000000005F95F7C4
[2017.10.10-22.10.45:163][416]LogOutputDevice: Error: UE4Editor-Slate.dll!0x000000005F949092
[2017.10.10-22.10.45:164][416]LogOutputDevice: Error: UE4Editor-Slate.dll!0x000000005F93AC40
[2017.10.10-22.10.45:164][416]LogOutputDevice: Error: UE4Editor-Core.dll!0x000000005878B377
[2017.10.10-22.10.45:164][416]LogOutputDevice: Error: UE4Editor-Core.dll!0x0000000058773B51
[2017.10.10-22.10.45:164][416]LogOutputDevice: Error: UE4Editor-Core.dll!0x000000005878D22B
[2017.10.10-22.10.45:164][416]LogOutputDevice: Error: UE4Editor-Core.dll!0x000000005876ECB2
[2017.10.10-22.10.45:164][416]LogOutputDevice: Error: USER32.dll!0x00000000B201BC50
[2017.10.10-22.10.45:164][416]LogOutputDevice: Error: USER32.dll!0x00000000B201B5CF
[2017.10.10-22.10.45:164][416]LogOutputDevice: Error: UE4Editor-Core.dll!0x000000005878D936
[2017.10.10-22.10.45:164][416]LogOutputDevice: Error: UE4Editor.exe!0x0000000058F64BE2
[2017.10.10-22.10.45:164][416]LogOutputDevice: Error: UE4Editor.exe!0x0000000058F73970
[2017.10.10-22.10.45:164][416]LogOutputDevice: Error: UE4Editor.exe!0x0000000058F739EA
[2017.10.10-22.10.45:164][416]LogOutputDevice: Error: UE4Editor.exe!0x0000000058F802D9
[2017.10.10-22.10.45:164][416]LogOutputDevice: Error: UE4Editor.exe!0x0000000058F81C47
[2017.10.10-22.10.45:164][416]LogOutputDevice: Error: KERNEL32.DLL!0x00000000B1E02774
[2017.10.10-22.10.45:164][416]LogOutputDevice: Error: ntdll.dll!0x00000000B36D0D51
[2017.10.10-22.10.45:164][416]LogOutputDevice: Error: 
[2017.10.10-22.10.45:173][416]LogStats:                SubmitErrorReport -  0.000 s
[2017.10.10-22.10.45:736][416]LogStats:                    SendNewReport -  0.563 s
[2017.10.10-22.10.45:736][416]LogStats:             FDebug::EnsureFailed -  0.866 s
[2017.10.10-22.10.45:736][416]LogClass: Warning: Property Checkpoints_29_69CD2FCF41F974BBEA63C1BF128D6E64 of Checkpoints_29_69CD2FCF41F974BBEA63C1BF128D6E64 has a struct type mismatch (tag STRUCT_REINST_Checkpoint_Setup_Struct_239 != prop FallbackStruct) in package:  ../../../../../../Users/wesda/Documents/Unreal Projects/StormHunters/fall-2017-storm-hunters/Content/Races/Race_Data_Table.uasset. If that struct got renamed, add an entry to ActiveStructRedirects.
[2017.10.10-22.10.45:751][416]LogBlueprint: Error: [Compiler Race_Master_BP] Invalid property 'CallFunc_GetDataTableRowFromName_OutRow' structure 'Race_Struct' error: Struct 'UserDefinedStruct /Game/Races/Race_Struct.Race_Struct' is not compiled
[2017.10.10-22.10.45:751][416]LogBlueprint: Error: [Compiler Race_Master_BP] Failed to create property CallFunc_GetDataTableRowFromName_OutRow from  <None>  due to a bad or unknown type (Race Struct Structure)
[2017.10.10-22.10.45:752][416]LogBlueprint: Warning: [Compiler Race_Master_BP] [0036.60] Compile of Race_Master_BP failed. 2 Fatal Issue(s) 0 Warning(s) [in 15 ms] (/Game/Races/Race_Master_BP.Race_Master_BP)
[2017.10.10-22.10.45:840][416]LogSlate: Took 0.000147 seconds to synchronously load lazily loaded font '../../../Engine/Content/Slate/Fonts/Roboto-Light.ttf' (159K)
[2017.10.10-22.10.46:357][416]LogContentBrowser: Native class hierarchy updated for 'BlueprintGraph' in 0.0011 seconds. Added 113 classes and 0 folders.
[2017.10.10-22.10.47:342][416]LogSlate: Took 0.000198 seconds to synchronously load lazily loaded font '../../../Engine/Content/Slate/Fonts/Roboto-Regular.ttf' (155K)
[2017.10.10-22.10.47:707][416]LogSlate: Took 0.000202 seconds to synchronously load lazily loaded font '../../../Engine/Content/Editor/Slate/Fonts/Roboto-BoldCondensed.ttf' (158K)
[2017.10.10-22.10.51:080][540]BlueprintLog: New page: Compile Race_Master_BP
[2017.10.10-22.10.51:114][540]LogBlueprint: Error: [Compiler Race_Master_BP] Invalid property 'CallFunc_GetDataTableRowFromName_OutRow' structure 'Race_Struct' error: Struct 'UserDefinedStruct /Game/Races/Race_Struct.Race_Struct' is not compiled
[2017.10.10-22.10.51:115][540]LogBlueprint: Error: [Compiler Race_Master_BP] Failed to create property CallFunc_GetDataTableRowFromName_OutRow from  <None>  due to a bad or unknown type (Race Struct Structure)
[2017.10.10-22.10.51:308][540]LogBlueprint: Warning: [Compiler Race_Master_BP] [0042.16] Compile of Race_Master_BP failed. 2 Fatal Issue(s) 0 Warning(s) [in 228 ms] (/Game/Races/Race_Master_BP.Race_Master_BP)
[2017.10.10-22.10.58:621][838]LogSlate: Took 0.000230 seconds to synchronously load lazily loaded font '../../../Engine/Content/Editor/Slate/Fonts/Roboto-Italic.ttf' (157K)
[2017.10.10-22.11.06:362][151]BlueprintLog: New page: Compile Race_Master_BP
[2017.10.10-22.11.19:980][802]LogSlate: Took 0.000166 seconds to synchronously load lazily loaded font '../../../Engine/Content/Slate/Fonts/Roboto-Light.ttf' (159K)
[2017.10.10-22.11.23:560][966]BlueprintLog: New page: Compile Race_Master_BP
[2017.10.10-22.11.23:602][966]LogBlueprint: Error: [Compiler Race_Master_BP] Invalid property 'CallFunc_GetDataTableRowFromName_OutRow' structure 'Race_Struct' error: Struct 'UserDefinedStruct /Game/Races/Race_Struct.Race_Struct' is not compiled
[2017.10.10-22.11.23:602][966]LogBlueprint: Error: [Compiler Race_Master_BP] Failed to create property CallFunc_GetDataTableRowFromName_OutRow from  <None>  due to a bad or unknown type (Race Struct Structure)
[2017.10.10-22.11.23:810][966]LogBlueprint: Warning: [Compiler Race_Master_BP] [0074.66] Compile of Race_Master_BP failed. 2 Fatal Issue(s) 0 Warning(s) [in 250 ms] (/Game/Races/Race_Master_BP.Race_Master_BP)
[2017.10.10-22.12.10:137][836]LogSavePackage: Save=9.30ms
[2017.10.10-22.12.10:137][836]LogSavePackage: Moving '../../../../../../Users/wesda/Documents/Unreal Projects/StormHunters/fall-2017-storm-hunters/Saved/Checkpoint_Setup_Struct5B2E8F33432402EB1B92F989904AA613.tmp' to '../../../../../../Users/wesda/Documents/Unreal Projects/StormHunters/fall-2017-storm-hunters/Content/Races/Checkpoint_Setup_Struct.uasset'
[2017.10.10-22.12.10:138][836]LogSavePackage: Display: Finished SavePackage ../../../../../../Users/wesda/Documents/Unreal Projects/StormHunters/fall-2017-storm-hunters/Content/Races/Checkpoint_Setup_Struct.uasset
[2017.10.10-22.12.12:355][923]LogSlate: Took 0.000187 seconds to synchronously load lazily loaded font '../../../Engine/Content/Editor/Slate/Fonts/Roboto-BoldCondensedItalic.ttf' (160K)
[2017.10.10-22.12.25:438][543]Cmd: OBJ SAVEPACKAGE PACKAGE="/Game/Races/Race_Struct" FILE="../../../../../../Users/wesda/Documents/Unreal Projects/StormHunters/fall-2017-storm-hunters/Content/Races/Race_Struct.uasset" SILENT=true
[2017.10.10-22.12.25:446][543]LogProperty: Error: UStructProperty::Serialize Saving: Property 'StructProperty /Game/Races/Race_Struct.Race_Struct:Checkpoints_29_69CD2FCF41F974BBEA63C1BF128D6E64.Checkpoints_29_69CD2FCF41F974BBEA63C1BF128D6E64'. FallbackStruct structure.
[2017.10.10-22.12.25:452][543]LogSavePackage: Save=8.93ms
[2017.10.10-22.12.25:452][543]LogSavePackage: Moving '../../../../../../Users/wesda/Documents/Unreal Projects/StormHunters/fall-2017-storm-hunters/Saved/Race_StructA55536D44390417FF8093B96D8F32A32.tmp' to '../../../../../../Users/wesda/Documents/Unreal Projects/StormHunters/fall-2017-storm-hunters/Content/Races/Race_Struct.uasset'
[2017.10.10-22.12.25:454][543]LogSavePackage: Display: Finished SavePackage ../../../../../../Users/wesda/Documents/Unreal Projects/StormHunters/fall-2017-storm-hunters/Content/Races/Race_Struct.uasset
[2017.10.10-22.13.15:317][459]LogSavePackage: Save=8.42ms
[2017.10.10-22.13.15:317][459]LogSavePackage: Moving '../../../../../../Users/wesda/Documents/Unreal Projects/StormHunters/fall-2017-storm-hunters/Saved/Tornado_WP_Setup_StructFAC47E234908165CD682A2801220665C.tmp' to '../../../../../../Users/wesda/Documents/Unreal Projects/StormHunters/fall-2017-storm-hunters/Content/Weather/Tornado/Tornado_WP_Setup_Struct.uasset'
[2017.10.10-22.13.15:322][459]LogSavePackage: Display: Finished SavePackage ../../../../../../Users/wesda/Documents/Unreal Projects/StormHunters/fall-2017-storm-hunters/Content/Weather/Tornado/Tornado_WP_Setup_Struct.uasset
[2017.10.10-22.13.35:854][251]Cmd: OBJ SAVEPACKAGE PACKAGE="/Game/Races/Race_Struct" FILE="../../../../../../Users/wesda/Documents/Unreal Projects/StormHunters/fall-2017-storm-hunters/Content/Races/Race_Struct.uasset" SILENT=true
[2017.10.10-22.13.35:862][251]LogProperty: Error: UStructProperty::Serialize Saving: Property 'StructProperty /Game/Races/Race_Struct.Race_Struct:Checkpoints_29_69CD2FCF41F974BBEA63C1BF128D6E64.Checkpoints_29_69CD2FCF41F974BBEA63C1BF128D6E64'. FallbackStruct structure.
[2017.10.10-22.13.35:867][251]LogSavePackage: Save=7.99ms
[2017.10.10-22.13.35:867][251]LogSavePackage: Moving '../../../../../../Users/wesda/Documents/Unreal Projects/StormHunters/fall-2017-storm-hunters/Saved/Race_StructDA2430C743FCB12654C4A7AB9D0E2EED.tmp' to '../../../../../../Users/wesda/Documents/Unreal Projects/StormHunters/fall-2017-storm-hunters/Content/Races/Race_Struct.uasset'
[2017.10.10-22.13.35:871][251]LogSavePackage: Display: Finished SavePackage ../../../../../../Users/wesda/Documents/Unreal Projects/StormHunters/fall-2017-storm-hunters/Content/Races/Race_Struct.uasset
[2017.10.10-22.13.37:748][329]BlueprintLog: New page: Compile Race_Master_BP
[2017.10.10-22.13.37:774][329]LogBlueprint: Error: [Compiler Race_Master_BP] Invalid property 'CallFunc_GetDataTableRowFromName_OutRow' structure 'Race_Struct' error: Struct unknown (deleted?). Parent 'UserDefinedStruct /Game/Races/Race_Struct.Race_Struct' Property: 'Checkpoints_29_69CD2FCF41F974BBEA63C1BF128D6E64'
[2017.10.10-22.13.37:774][329]LogBlueprint: Error: [Compiler Race_Master_BP] Failed to create property CallFunc_GetDataTableRowFromName_OutRow from  <None>  due to a bad or unknown type (Race Struct Structure)
[2017.10.10-22.13.37:960][329]LogBlueprint: Warning: [Compiler Race_Master_BP] [0208.81] Compile of Race_Master_BP failed. 2 Fatal Issue(s) 0 Warning(s) [in 211 ms] (/Game/Races/Race_Master_BP.Race_Master_BP)
[2017.10.10-22.14.00:215][399]BlueprintLog: New page: Compile Race_Master_BP
[2017.10.10-22.14.00:235][399]LogBlueprint: Error: [Compiler Race_Master_BP] No DataTable in  Get Data Table Row NONE
[2017.10.10-22.14.00:239][399]LogBlueprint: Error: [Compiler Race_Master_BP] GetDataTableRow must have a DataTable specified.
[2017.10.10-22.14.00:419][399]LogBlueprint: Warning: [Compiler Race_Master_BP] [0231.27] Compile of Race_Master_BP failed. 2 Fatal Issue(s) 0 Warning(s) [in 203 ms] (/Game/Races/Race_Master_BP.Race_Master_BP)
[2017.10.10-22.14.04:516][575]BlueprintLog: New page: Compile Race_Master_BP
[2017.10.10-22.14.04:542][575]LogBlueprint: Error: [Compiler Race_Master_BP] Invalid property 'CallFunc_GetDataTableRowFromName_OutRow' structure 'Race_Struct' error: Struct unknown (deleted?). Parent 'UserDefinedStruct /Game/Races/Race_Struct.Race_Struct' Property: 'Checkpoints_29_69CD2FCF41F974BBEA63C1BF128D6E64'
[2017.10.10-22.14.04:542][575]LogBlueprint: Error: [Compiler Race_Master_BP] Failed to create property CallFunc_GetDataTableRowFromName_OutRow from  <None>  due to a bad or unknown type (Race Struct Structure)
[2017.10.10-22.14.04:722][575]LogBlueprint: Warning: [Compiler Race_Master_BP] [0235.57] Compile of Race_Master_BP failed. 2 Fatal Issue(s) 0 Warning(s) [in 205 ms] (/Game/Races/Race_Master_BP.Race_Master_BP)
[2017.10.10-22.15.37:196][506]Cmd: OBJ SAVEPACKAGE PACKAGE="/Game/Races/Race_Struct" FILE="../../../../../../Users/wesda/Documents/Unreal Projects/StormHunters/fall-2017-storm-hunters/Content/Races/Race_Struct.uasset" SILENT=true
[2017.10.10-22.15.37:216][506]LogSavePackage: Save=8.77ms
[2017.10.10-22.15.37:216][506]LogSavePackage: Moving '../../../../../../Users/wesda/Documents/Unreal Projects/StormHunters/fall-2017-storm-hunters/Saved/Race_Struct2F46F785413979AD67AA3C9473FD88BC.tmp' to '../../../../../../Users/wesda/Documents/Unreal Projects/StormHunters/fall-2017-storm-hunters/Content/Races/Race_Struct.uasset'
[2017.10.10-22.15.37:220][506]LogSavePackage: Display: Finished SavePackage ../../../../../../Users/wesda/Documents/Unreal Projects/StormHunters/fall-2017-storm-hunters/Content/Races/Race_Struct.uasset
[2017.10.10-22.15.52:544][175]Cmd: OBJ SAVEPACKAGE PACKAGE="/Game/Races/Race_Struct" FILE="../../../../../../Users/wesda/Documents/Unreal Projects/StormHunters/fall-2017-storm-hunters/Content/Races/Race_Struct.uasset" SILENT=true
[2017.10.10-22.15.52:555][175]LogSavePackage: Save=7.87ms
[2017.10.10-22.15.52:555][175]LogSavePackage: Moving '../../../../../../Users/wesda/Documents/Unreal Projects/StormHunters/fall-2017-storm-hunters/Saved/Race_Struct1FFA6CA841D39D77B2983A9F1C0A792A.tmp' to '../../../../../../Users/wesda/Documents/Unreal Projects/StormHunters/fall-2017-storm-hunters/Content/Races/Race_Struct.uasset'
[2017.10.10-22.15.52:559][175]LogSavePackage: Display: Finished SavePackage ../../../../../../Users/wesda/Documents/Unreal Projects/StormHunters/fall-2017-storm-hunters/Content/Races/Race_Struct.uasset
[2017.10.10-22.16.28:015][572]LogSavePackage: Save=7.90ms
[2017.10.10-22.16.28:015][572]LogSavePackage: Moving '../../../../../../Users/wesda/Documents/Unreal Projects/StormHunters/fall-2017-storm-hunters/Saved/Race_Data_Table1567BE004A1E118FE1730896D81718F6.tmp' to '../../../../../../Users/wesda/Documents/Unreal Projects/StormHunters/fall-2017-storm-hunters/Content/Races/Race_Data_Table.uasset'
[2017.10.10-22.16.28:021][572]LogSavePackage: Display: Finished SavePackage ../../../../../../Users/wesda/Documents/Unreal Projects/StormHunters/fall-2017-storm-hunters/Content/Races/Race_Data_Table.uasset
[2017.10.10-22.16.32:965][765]BlueprintLog: New page: Compile Race_Master_BP
[2017.10.10-22.16.54:004][726]LogEditorTransaction: Undo Split Struct Pin
[2017.10.10-22.17.18:810][939]BlueprintLog: New page: Compile Race_Master_BP
[2017.10.10-22.20.37:084][713]BlueprintLog: New page: Compile Race_Master_BP
[2017.10.10-22.20.37:117][713]LogBlueprint: Error: [Compiler Race_Master_BP] The current value of the ' Spawn Transform ' pin is invalid: 'Spawn Transform' must have an input wired into it ("by ref" params expect a valid input to operate on).
[2017.10.10-22.20.37:117][713]LogBlueprint: Error: [Compiler Race_Master_BP] The current value of the ' Spawn Transform ' pin is invalid: 'Spawn Transform' must have an input wired into it ("by ref" params expect a valid input to operate on).
[2017.10.10-22.20.37:304][713]LogBlueprint: Warning: [Compiler Race_Master_BP] [0628.15] Compile of Race_Master_BP failed. 2 Fatal Issue(s) 0 Warning(s) [in 220 ms] (/Game/Races/Race_Master_BP.Race_Master_BP)
[2017.10.10-22.21.04:245][963]BlueprintLog: New page: Compile Race_Master_BP
[2017.10.10-22.21.47:561][998]LogSlate: Warning: Prevented a slow task dialog from being summoned while a context menu was open
[2017.10.10-22.22.38:506][446]BlueprintLog: New page: Compile Race_Master_BP
[2017.10.10-22.23.59:142][449]LogSlate: Warning: Prevented a slow task dialog from being summoned while a context menu was open
[2017.10.10-22.24.23:973][658]BlueprintLog: New page: Compile Race_Master_BP
[2017.10.10-22.24.30:305][812]LogSavePackage: Save=125.25ms
[2017.10.10-22.24.30:305][812]LogSavePackage: Moving '../../../../../../Users/wesda/Documents/Unreal Projects/StormHunters/fall-2017-storm-hunters/Saved/Race_Master_BP98A89DF74816B0C7D3E850B2488F2E42.tmp' to '../../../../../../Users/wesda/Documents/Unreal Projects/StormHunters/fall-2017-storm-hunters/Content/Races/Race_Master_BP.uasset'
[2017.10.10-22.24.30:311][812]LogSavePackage: Display: Finished SavePackage ../../../../../../Users/wesda/Documents/Unreal Projects/StormHunters/fall-2017-storm-hunters/Content/Races/Race_Master_BP.uasset
[2017.10.10-22.24.43:889][289]LogWindowsTextInputMethodSystem: Display: IME system now deactivated.
[2017.10.10-22.24.43:890][289]LogWindowsTextInputMethodSystem: Display: IME system now deactivated.
[2017.10.10-22.24.44:105][290]Cmd: QUIT_EDITOR
[2017.10.10-22.24.44:142][290]LogExit: Preparing to exit.
[2017.10.10-22.24.45:211][290]LogDirectoryWatcher: A directory notification for 'C:/Users/wesda/Documents/Unreal Projects/StormHunters/fall-2017-storm-hunters/Content/' was aborted.
[2017.10.10-22.24.45:349][290]LogExit: Editor shut down
[2017.10.10-22.24.45:354][290]LogExit: Transaction tracking system shut down
[2017.10.10-22.24.45:543][290]LogDirectoryWatcher: A directory notification for '../../../Engine/Content/' was aborted.
[2017.10.10-22.24.45:544][290]LogDirectoryWatcher: A directory notification for '../../../../../../Users/wesda/Documents/Unreal Projects/StormHunters/fall-2017-storm-hunters/Content/' was aborted.
[2017.10.10-22.24.45:544][290]LogDirectoryWatcher: A directory notification for '../../../Engine/Plugins/2D/Paper2D/Content/' was aborted.
[2017.10.10-22.24.45:544][290]LogDirectoryWatcher: A directory notification for '../../../Engine/Plugins/Runtime/Oculus/OculusVR/Content/' was aborted.
[2017.10.10-22.24.45:544][290]LogDirectoryWatcher: A directory notification for '../../../Engine/Plugins/Runtime/Steam/SteamVR/Content/' was aborted.
[2017.10.10-22.24.45:661][290]LogExit: Object subsystem successfully closed.
[2017.10.10-22.24.45:685][290]LogD3D11RHI: Shutdown
[2017.10.10-22.24.45:685][290]LogD3D11RHI: CleanupD3DDevice
[2017.10.10-22.24.45:898][290]LogD3D11RHI: ~FD3D11DynamicRHI
[2017.10.10-22.24.45:912][290]LogModuleManager: Shutting down and abandoning module DataTableEditor (536)
[2017.10.10-22.24.45:912][290]LogModuleManager: Shutting down and abandoning module BlueprintGraph (534)
[2017.10.10-22.24.45:912][290]LogModuleManager: Shutting down and abandoning module BlueprintProfiler (532)
[2017.10.10-22.24.45:912][290]LogModuleManager: Shutting down and abandoning module HierarchicalLODOutliner (530)
[2017.10.10-22.24.45:912][290]LogModuleManager: Shutting down and abandoning module SceneOutliner (528)
[2017.10.10-22.24.45:912][290]LogModuleManager: Shutting down and abandoning module AddContentDialog (526)
[2017.10.10-22.24.45:913][290]LogDirectoryWatcher: A directory notification for 'C:/Program Files/Epic Games/UE_4.17/FeaturePacks/' was aborted.
[2017.10.10-22.24.45:913][290]LogModuleManager: Shutting down and abandoning module WidgetCarousel (525)
[2017.10.10-22.24.45:914][290]LogModuleManager: Shutting down and abandoning module EditorWidgets (522)
[2017.10.10-22.24.45:914][290]LogModuleManager: Shutting down and abandoning module CollectionManager (520)
[2017.10.10-22.24.45:914][290]LogDirectoryWatcher: A directory notification for 'C:/Users/wesda/Documents/Unreal Projects/StormHunters/fall-2017-storm-hunters/Content/Collections/' was aborted.
[2017.10.10-22.24.45:914][290]LogDirectoryWatcher: A directory notification for 'C:/Users/wesda/Documents/Unreal Projects/StormHunters/fall-2017-storm-hunters/Content/Developers/wesda/Collections/' was aborted.
[2017.10.10-22.24.45:914][290]LogDirectoryWatcher: A directory notification for 'C:/Users/wesda/Documents/Unreal Projects/StormHunters/fall-2017-storm-hunters/Saved/Collections/' was aborted.
[2017.10.10-22.24.45:914][290]LogModuleManager: Shutting down and abandoning module StatsViewer (518)
[2017.10.10-22.24.45:914][290]LogModuleManager: Shutting down and abandoning module FoliageEdit (516)
[2017.10.10-22.24.45:914][290]LogModuleManager: Shutting down and abandoning module LandscapeEditor (514)
[2017.10.10-22.24.45:914][290]LogModuleManager: Shutting down and abandoning module MeshPaintMode (512)
[2017.10.10-22.24.45:914][290]LogModuleManager: Shutting down and abandoning module SceneDepthPickerMode (510)
[2017.10.10-22.24.45:914][290]LogModuleManager: Shutting down and abandoning module ActorPickerMode (508)
[2017.10.10-22.24.45:914][290]LogModuleManager: Shutting down and abandoning module GeometryMode (506)
[2017.10.10-22.24.45:914][290]LogModuleManager: Shutting down and abandoning module TextureAlignMode (504)
[2017.10.10-22.24.45:914][290]LogModuleManager: Shutting down and abandoning module BspMode (502)
[2017.10.10-22.24.45:914][290]LogModuleManager: Shutting down and abandoning module PIEPreviewDeviceProfileSelector (500)
[2017.10.10-22.24.45:914][290]LogModuleManager: Shutting down and abandoning module HardwareSurvey (498)
[2017.10.10-22.24.45:914][290]LogModuleManager: Shutting down and abandoning module SequenceRecorderSections (496)
[2017.10.10-22.24.45:914][290]LogModuleManager: Shutting down and abandoning module AutomationWorker (494)
[2017.10.10-22.24.45:914][290]LogModuleManager: Shutting down and abandoning module MatineeToLevelSequence (492)
[2017.10.10-22.24.45:914][290]LogModuleManager: Shutting down and abandoning module LevelSequenceEditor (490)
[2017.10.10-22.24.45:914][290]LogModuleManager: Shutting down and abandoning module PlacementMode (489)
[2017.10.10-22.24.45:914][290]LogModuleManager: Shutting down and abandoning module WmfMediaFactory (486)
[2017.10.10-22.24.45:914][290]LogModuleManager: Shutting down and abandoning module WmfMediaEditor (484)
[2017.10.10-22.24.45:914][290]LogModuleManager: Shutting down and abandoning module AvfMediaFactory (482)
[2017.10.10-22.24.45:914][290]LogModuleManager: Shutting down and abandoning module AvfMediaEditor (480)
[2017.10.10-22.24.45:914][290]LogModuleManager: Shutting down and abandoning module AndroidMediaFactory (478)
[2017.10.10-22.24.45:914][290]LogModuleManager: Shutting down and abandoning module Media (477)
[2017.10.10-22.24.45:914][290]LogModuleManager: Shutting down and abandoning module AndroidMediaEditor (474)
[2017.10.10-22.24.45:914][290]LogModuleManager: Shutting down and abandoning module CharacterAI (472)
[2017.10.10-22.24.45:914][290]LogModuleManager: Shutting down and abandoning module AudioCapture (470)
[2017.10.10-22.24.45:915][290]LogModuleManager: Shutting down and abandoning module SequenceRecorder (469)
[2017.10.10-22.24.45:915][290]LogModuleManager: Shutting down and abandoning module SmartSnapping (466)
[2017.10.10-22.24.45:915][290]LogModuleManager: Shutting down and abandoning module SessionServices (464)
[2017.10.10-22.24.45:915][290]LogModuleManager: Shutting down and abandoning module ViewportSnapping (462)
[2017.10.10-22.24.45:915][290]LogModuleManager: Shutting down and abandoning module ViewportInteraction (460)
[2017.10.10-22.24.45:915][290]LogModuleManager: Shutting down and abandoning module ClothPainter (458)
[2017.10.10-22.24.45:915][290]LogModuleManager: Shutting down and abandoning module LogVisualizer (456)
[2017.10.10-22.24.45:915][290]LogModuleManager: Shutting down and abandoning module IntroTutorials (454)
[2017.10.10-22.24.45:915][290]LogModuleManager: Shutting down and abandoning module GameProjectGeneration (453)
[2017.10.10-22.24.45:915][290]LogModuleManager: Shutting down and abandoning module IOSPlatformEditor (450)
[2017.10.10-22.24.45:915][290]LogModuleManager: Shutting down and abandoning module HTML5PlatformEditor (448)
[2017.10.10-22.24.45:915][290]LogModuleManager: Shutting down and abandoning module AndroidPlatformEditor (446)
[2017.10.10-22.24.45:915][290]LogModuleManager: Shutting down and abandoning module AndroidDeviceDetection (445)
[2017.10.10-22.24.46:071][290]LogModuleManager: Shutting down and abandoning module WindowsPlatformEditor (442)
[2017.10.10-22.24.46:071][290]LogModuleManager: Shutting down and abandoning module IOSRuntimeSettings (440)
[2017.10.10-22.24.46:071][290]LogModuleManager: Shutting down and abandoning module AndroidRuntimeSettings (438)
[2017.10.10-22.24.46:071][290]LogModuleManager: Shutting down and abandoning module InputBindingEditor (436)
[2017.10.10-22.24.46:071][290]LogModuleManager: Shutting down and abandoning module MergeActors (434)
[2017.10.10-22.24.46:071][290]LogModuleManager: Shutting down and abandoning module SizeMap (432)
[2017.10.10-22.24.46:071][290]LogModuleManager: Shutting down and abandoning module TreeMap (430)
[2017.10.10-22.24.46:071][290]LogModuleManager: Shutting down and abandoning module ReferenceViewer (428)
[2017.10.10-22.24.46:071][290]LogModuleManager: Shutting down and abandoning module LocalizationDashboard (426)
[2017.10.10-22.24.46:071][290]LogModuleManager: Shutting down and abandoning module LocalizationService (425)
[2017.10.10-22.24.46:072][290]LogModuleManager: Shutting down and abandoning module HardwareTargeting (422)
[2017.10.10-22.24.46:072][290]LogModuleManager: Shutting down and abandoning module DeviceProfileEditor (420)
[2017.10.10-22.24.46:072][290]LogModuleManager: Shutting down and abandoning module UndoHistory (418)
[2017.10.10-22.24.46:072][290]LogModuleManager: Shutting down and abandoning module XmlParser (416)
[2017.10.10-22.24.46:072][290]LogModuleManager: Shutting down and abandoning module Blutility (414)
[2017.10.10-22.24.46:072][290]LogModuleManager: Shutting down and abandoning module ProjectSettingsViewer (412)
[2017.10.10-22.24.46:072][290]LogModuleManager: Shutting down and abandoning module ProjectTargetPlatformEditor (411)
[2017.10.10-22.24.46:072][290]LogModuleManager: Shutting down and abandoning module EditorSettingsViewer (408)
[2017.10.10-22.24.46:072][290]LogModuleManager: Shutting down and abandoning module SettingsEditor (406)
[2017.10.10-22.24.46:072][290]LogModuleManager: Shutting down and abandoning module ProjectLauncher (404)
[2017.10.10-22.24.46:072][290]LogModuleManager: Shutting down and abandoning module SessionFrontend (402)
[2017.10.10-22.24.46:072][290]LogModuleManager: Shutting down and abandoning module ProfilerClient (400)
[2017.10.10-22.24.46:072][290]LogModuleManager: Shutting down and abandoning module DeviceManager (398)
[2017.10.10-22.24.46:072][290]LogModuleManager: Shutting down and abandoning module TargetDeviceServices (397)
[2017.10.10-22.24.46:135][290]LogModuleManager: Shutting down and abandoning module AutomationController (394)
[2017.10.10-22.24.46:135][290]LogModuleManager: Shutting down and abandoning module AutomationWindow (392)
[2017.10.10-22.24.46:135][290]LogModuleManager: Shutting down and abandoning module Layers (390)
[2017.10.10-22.24.46:135][290]LogModuleManager: Shutting down and abandoning module ComponentVisualizers (388)
[2017.10.10-22.24.46:135][290]LogModuleManager: Shutting down and abandoning module DetailCustomizations (386)
[2017.10.10-22.24.46:135][290]LogModuleManager: Shutting down and abandoning module PackagesDialog (384)
[2017.10.10-22.24.46:135][290]LogModuleManager: Shutting down and abandoning module Persona (382)
[2017.10.10-22.24.46:135][290]LogModuleManager: Shutting down and abandoning module AdvancedPreviewScene (381)
[2017.10.10-22.24.46:135][290]LogModuleManager: Shutting down and abandoning module AnimGraph (379)
[2017.10.10-22.24.46:135][290]LogModuleManager: Shutting down and abandoning module Kismet (376)
[2017.10.10-22.24.46:148][290]LogModuleManager: Shutting down and abandoning module ClassViewer (374)
[2017.10.10-22.24.46:151][290]LogModuleManager: Shutting down and abandoning module Toolbox (372)
[2017.10.10-22.24.46:151][290]LogModuleManager: Shutting down and abandoning module ModuleUI (370)
[2017.10.10-22.24.46:151][290]LogModuleManager: Shutting down and abandoning module MovieSceneTools (368)
[2017.10.10-22.24.46:151][290]LogModuleManager: Shutting down and abandoning module OutputLog (366)
[2017.10.10-22.24.46:151][290]LogModuleManager: Shutting down and abandoning module GammaUI (364)
[2017.10.10-22.24.46:151][290]LogModuleManager: Shutting down and abandoning module Documentation (362)
[2017.10.10-22.24.46:151][290]LogModuleManager: Shutting down and abandoning module MovieSceneTracks (360)
[2017.10.10-22.24.46:151][290]LogModuleManager: Shutting down and abandoning module MovieScene (358)
[2017.10.10-22.24.46:151][290]LogModuleManager: Shutting down and abandoning module Niagara (356)
[2017.10.10-22.24.46:152][290]LogModuleManager: Shutting down and abandoning module NiagaraEditor (355)
[2017.10.10-22.24.46:152][290]LogModuleManager: Shutting down and abandoning module StreamingPauseRendering (352)
[2017.10.10-22.24.46:152][290]LogModuleManager: Shutting down and abandoning module LauncherPlatform (350)
[2017.10.10-22.24.46:152][290]LogModuleManager: Shutting down and abandoning module AnalyticsET (348)
[2017.10.10-22.24.46:152][290]LogModuleManager: Shutting down and abandoning module PortalServices (346)
[2017.10.10-22.24.46:152][290]LogModuleManager: Shutting down and abandoning module PortalRpc (344)
[2017.10.10-22.24.46:152][290]LogModuleManager: Shutting down and abandoning module MessagingRpc (342)
[2017.10.10-22.24.46:152][290]LogModuleManager: Shutting down and abandoning module AIModule (340)
[2017.10.10-22.24.46:152][290]LogModuleManager: Shutting down and abandoning module GameplayDebugger (339)
[2017.10.10-22.24.46:152][290]LogModuleManager: Shutting down and abandoning module AITestSuite (337)
[2017.10.10-22.24.46:152][290]LogModuleManager: Shutting down and abandoning module ProfilerService (334)
[2017.10.10-22.24.46:369][290]LogModuleManager: Shutting down and abandoning module TaskGraph (332)
[2017.10.10-22.24.46:369][290]LogModuleManager: Shutting down and abandoning module SteamVRController (330)
[2017.10.10-22.24.46:369][290]LogModuleManager: Shutting down and abandoning module ProceduralMeshComponentEditor (328)
[2017.10.10-22.24.46:369][290]LogModuleManager: Shutting down and abandoning module ProceduralMeshComponent (326)
[2017.10.10-22.24.46:369][290]LogModuleManager: Shutting down and abandoning module OculusInput (324)
[2017.10.10-22.24.46:369][290]LogModuleManager: Shutting down and abandoning module MobilePatchingUtils (322)
[2017.10.10-22.24.46:369][290]LogModuleManager: Shutting down and abandoning module CustomMeshComponent (320)
[2017.10.10-22.24.46:369][290]LogModuleManager: Shutting down and abandoning module CableComponent (318)
[2017.10.10-22.24.46:369][290]LogModuleManager: Shutting down and abandoning module ArchVisCharacter (316)
[2017.10.10-22.24.46:369][290]LogModuleManager: Shutting down and abandoning module AndroidPermission (314)
[2017.10.10-22.24.46:369][290]LogModuleManager: Shutting down and abandoning module MediaPlayerEditor (310)
[2017.10.10-22.24.46:369][290]LogModuleManager: Shutting down and abandoning module HTML5Networking (308)
[2017.10.10-22.24.46:370][290]LogModuleManager: Shutting down and abandoning module AlembicImporter (306)
[2017.10.10-22.24.46:370][290]LogModuleManager: Shutting down and abandoning module AlembicLibrary (305)
[2017.10.10-22.24.46:370][290]LogModuleManager: Shutting down and abandoning module GeometryCache (304)
[2017.10.10-22.24.46:370][290]LogModuleManager: Shutting down and abandoning module GeometryCacheEd (303)
[2017.10.10-22.24.46:370][290]LogModuleManager: Shutting down and abandoning module SpeedTreeImporter (298)
[2017.10.10-22.24.46:370][290]LogModuleManager: Shutting down and abandoning module PluginBrowser (296)
[2017.10.10-22.24.46:370][290]LogModuleManager: Shutting down and abandoning module MobileLauncherProfileWizard (294)
[2017.10.10-22.24.46:370][290]LogModuleManager: Shutting down and abandoning module VisualStudioSourceCodeAccess (292)
[2017.10.10-22.24.46:370][290]LogModuleManager: Shutting down and abandoning module DesktopPlatform (291)
[2017.10.10-22.24.46:370][290]LogModuleManager: Shutting down and abandoning module UObjectPlugin (288)
[2017.10.10-22.24.46:370][290]LogModuleManager: Shutting down and abandoning module SubversionSourceControl (286)
[2017.10.10-22.24.46:370][290]LogModuleManager: Shutting down and abandoning module PerforceSourceControl (284)
[2017.10.10-22.24.46:370][290]LogModuleManager: Shutting down and abandoning module GitSourceControl (282)
[2017.10.10-22.24.46:371][290]LogModuleManager: Shutting down and abandoning module SourceControl (281)
[2017.10.10-22.24.46:371][290]LogModuleManager: Shutting down and abandoning module LightPropagationVolumeEditor (278)
[2017.10.10-22.24.46:371][290]LogModuleManager: Shutting down and abandoning module PaperTiledImporter (276)
[2017.10.10-22.24.46:371][290]LogModuleManager: Shutting down and abandoning module PaperSpriteSheetImporter (274)
[2017.10.10-22.24.46:371][290]LogModuleManager: Shutting down and abandoning module Paper2DEditor (272)
[2017.10.10-22.24.46:371][290]LogModuleManager: Shutting down and abandoning module MeshPaint (271)
[2017.10.10-22.24.46:371][290]LogModuleManager: Shutting down and abandoning module LevelEditor (269)
[2017.10.10-22.24.46:373][290]LogModuleManager: Shutting down and abandoning module PixelInspectorModule (268)
[2017.10.10-22.24.46:373][290]LogModuleManager: Shutting down and abandoning module MainFrame (266)
[2017.10.10-22.24.46:373][290]LogModuleManager: Shutting down and abandoning module HotReload (265)
[2017.10.10-22.24.46:374][290]LogModuleManager: Shutting down and abandoning module RuntimePhysXCooking (260)
[2017.10.10-22.24.46:374][290]LogModuleManager: Shutting down and abandoning module PhysXVehiclesEditor (258)
[2017.10.10-22.24.46:374][290]LogModuleManager: Shutting down and abandoning module PhysXVehicles (256)
[2017.10.10-22.24.46:374][290]LogModuleManager: Shutting down and abandoning module OculusEditor (254)
[2017.10.10-22.24.46:374][290]LogModuleManager: Shutting down and abandoning module LocationServicesBPLibrary (252)
[2017.10.10-22.24.46:374][290]LogModuleManager: Shutting down and abandoning module ImmediatePhysicsEditor (250)
[2017.10.10-22.24.46:374][290]LogModuleManager: Shutting down and abandoning module ImmediatePhysics (248)
[2017.10.10-22.24.46:374][290]LogModuleManager: Shutting down and abandoning module UdpMessaging (246)
[2017.10.10-22.24.46:476][290]LogModuleManager: Shutting down and abandoning module TcpMessaging (244)
[2017.10.10-22.24.46:577][290]LogModuleManager: Shutting down and abandoning module GameplayTagsEditor (242)
[2017.10.10-22.24.46:577][290]LogModuleManager: Shutting down and abandoning module FacialAnimationEditor (240)
[2017.10.10-22.24.46:577][290]LogModuleManager: Shutting down and abandoning module FacialAnimation (238)
[2017.10.10-22.24.46:577][290]LogModuleManager: Shutting down and abandoning module AssetManagerEditor (236)
[2017.10.10-22.24.46:577][290]LogModuleManager: Shutting down and abandoning module GraphEditor (235)
[2017.10.10-22.24.46:577][290]LogModuleManager: Shutting down and abandoning module ContentBrowser (233)
[2017.10.10-22.24.46:578][290]LogModuleManager: Shutting down and abandoning module LightPropagationVolumeRuntime (230)
[2017.10.10-22.24.46:578][290]LogModuleManager: Shutting down and abandoning module Paper2D (228)
[2017.10.10-22.24.46:578][290]LogModuleManager: Shutting down and abandoning module WindowsMoviePlayer (226)
[2017.10.10-22.24.46:578][290]LogModuleManager: Shutting down and abandoning module WmfMedia (224)
[2017.10.10-22.24.46:578][290]LogModuleManager: Shutting down and abandoning module PacketHandler (222)
[2017.10.10-22.24.46:578][290]LogModuleManager: Shutting down and abandoning module ClothingSystemEditor (220)
[2017.10.10-22.24.46:578][290]LogModuleManager: Shutting down and abandoning module ClothingSystemRuntime (218)
[2017.10.10-22.24.46:578][290]LogModuleManager: Shutting down and abandoning module Overlay (216)
[2017.10.10-22.24.46:578][290]LogModuleManager: Shutting down and abandoning module OverlayEditor (215)
[2017.10.10-22.24.46:578][290]LogModuleManager: Shutting down and abandoning module MediaAssets (212)
[2017.10.10-22.24.46:578][290]LogModuleManager: Shutting down and abandoning module VREditor (210)
[2017.10.10-22.24.46:578][290]LogModuleManager: Shutting down and abandoning module StringTableEditor (208)
[2017.10.10-22.24.46:578][290]LogModuleManager: Shutting down and abandoning module GameplayTasksEditor (206)
[2017.10.10-22.24.46:578][290]LogModuleManager: Shutting down and abandoning module BehaviorTreeEditor (204)
[2017.10.10-22.24.46:578][290]LogModuleManager: Shutting down and abandoning module FunctionalTesting (202)
[2017.10.10-22.24.46:578][290]LogModuleManager: Shutting down and abandoning module CollisionAnalyzer (200)
[2017.10.10-22.24.46:578][290]LogModuleManager: Shutting down and abandoning module WorkspaceMenuStructure (199)
[2017.10.10-22.24.46:578][290]LogModuleManager: Shutting down and abandoning module UMG (196)
[2017.10.10-22.24.46:578][290]LogModuleManager: Shutting down and abandoning module UMGEditor (195)
[2017.10.10-22.24.46:578][290]LogModuleManager: Shutting down and abandoning module Sequencer (194)
[2017.10.10-22.24.46:578][290]LogModuleManager: Shutting down and abandoning module MessageLog (191)
[2017.10.10-22.24.46:578][290]LogModuleManager: Shutting down and abandoning module SlateReflector (186)
[2017.10.10-22.24.46:578][290]LogModuleManager: Shutting down and abandoning module Slate (184)
[2017.10.10-22.24.46:578][290]LogModuleManager: Shutting down and abandoning module EditorStyle (182)
[2017.10.10-22.24.46:581][290]LogModuleManager: Shutting down and abandoning module MRMesh (180)
[2017.10.10-22.24.46:581][290]LogModuleManager: Shutting down and abandoning module SourceCodeAccess (178)
[2017.10.10-22.24.46:581][290]LogModuleManager: Shutting down and abandoning module HeadMountedDisplay (176)
[2017.10.10-22.24.46:581][290]LogModuleManager: Shutting down and abandoning module XAudio2 (174)
[2017.10.10-22.24.46:581][290]LogModuleManager: Shutting down and abandoning module Networking (172)
[2017.10.10-22.24.46:581][290]LogModuleManager: Shutting down and abandoning module Core (168)
[2017.10.10-22.24.46:581][290]LogModuleManager: Shutting down and abandoning module KismetCompiler (164)
[2017.10.10-22.24.46:581][290]LogModuleManager: Shutting down and abandoning module LevelSequence (162)
[2017.10.10-22.24.46:581][290]LogModuleManager: Shutting down and abandoning module MeshUtilities (160)
[2017.10.10-22.24.46:581][290]LogModuleManager: Shutting down and abandoning module MeshMergeUtilities (159)
[2017.10.10-22.24.46:581][290]LogModuleManager: Shutting down and abandoning module MeshReductionInterface (158)
[2017.10.10-22.24.46:581][290]LogModuleManager: Shutting down and abandoning module SimplygonSwarm (157)
[2017.10.10-22.24.46:581][290]LogModuleManager: Shutting down and abandoning module SimplygonMeshReduction (155)
[2017.10.10-22.24.46:581][290]LogModuleManager: Shutting down and abandoning module QuadricMeshReduction (153)
[2017.10.10-22.24.46:581][290]LogModuleManager: Shutting down and abandoning module MaterialBaking (149)
[2017.10.10-22.24.46:581][290]LogModuleManager: Shutting down and abandoning module DirectoryWatcher (146)
[2017.10.10-22.24.46:582][290]LogModuleManager: Shutting down and abandoning module DerivedDataCache (144)
[2017.10.10-22.24.46:596][290]LogDerivedDataCache: Shutdown
[2017.10.10-22.24.46:596][290]LogModuleManager: Shutting down and abandoning module TargetPlatform (142)
[2017.10.10-22.24.46:596][290]LogModuleManager: Shutting down and abandoning module VulkanShaderFormat (141)
[2017.10.10-22.24.46:596][290]LogModuleManager: Shutting down and abandoning module ShaderFormatVectorVM (139)
[2017.10.10-22.24.46:596][290]LogModuleManager: Shutting down and abandoning module ShaderFormatOpenGL (137)
[2017.10.10-22.24.46:596][290]LogModuleManager: Shutting down and abandoning module ShaderFormatD3D (135)
[2017.10.10-22.24.46:596][290]LogModuleManager: Shutting down and abandoning module MetalShaderFormat (133)
[2017.10.10-22.24.46:596][290]LogModuleManager: Shutting down and abandoning module TextureFormatUncompressed (131)
[2017.10.10-22.24.46:596][290]LogModuleManager: Shutting down and abandoning module TextureFormatPVR (129)
[2017.10.10-22.24.46:596][290]LogModuleManager: Shutting down and abandoning module TextureFormatDXT (127)
[2017.10.10-22.24.46:596][290]LogModuleManager: Shutting down and abandoning module TextureFormatIntelISPCTexComp (125)
[2017.10.10-22.24.46:596][290]LogModuleManager: Shutting down and abandoning module TextureFormatASTC (123)
[2017.10.10-22.24.46:596][290]LogModuleManager: Shutting down and abandoning module ImageWrapper (122)
[2017.10.10-22.24.46:596][290]LogModuleManager: Shutting down and abandoning module TextureFormatAndroid (119)
[2017.10.10-22.24.46:596][290]LogModuleManager: Shutting down and abandoning module AudioFormatOpus (117)
[2017.10.10-22.24.46:596][290]LogModuleManager: Shutting down and abandoning module AudioFormatOgg (115)
[2017.10.10-22.24.46:597][290]LogModuleManager: Shutting down and abandoning module AudioFormatADPCM (113)
[2017.10.10-22.24.46:597][290]LogModuleManager: Shutting down and abandoning module LinuxTargetPlatform (111)
[2017.10.10-22.24.46:597][290]LogModuleManager: Shutting down and abandoning module LinuxServerTargetPlatform (109)
[2017.10.10-22.24.46:597][290]LogModuleManager: Shutting down and abandoning module LinuxNoEditorTargetPlatform (107)
[2017.10.10-22.24.46:597][290]LogModuleManager: Shutting down and abandoning module LinuxClientTargetPlatform (105)
[2017.10.10-22.24.46:597][290]LogModuleManager: Shutting down and abandoning module TVOSTargetPlatform (103)
[2017.10.10-22.24.46:597][290]LogModuleManager: Shutting down and abandoning module Messaging (101)
[2017.10.10-22.24.46:597][290]LogModuleManager: Shutting down and abandoning module IOSTargetPlatform (99)
[2017.10.10-22.24.46:597][290]LogModuleManager: Shutting down and abandoning module HTML5TargetPlatform (97)
[2017.10.10-22.24.46:597][290]LogModuleManager: Shutting down and abandoning module Android_PVRTCTargetPlatform (95)
[2017.10.10-22.24.46:597][290]LogModuleManager: Shutting down and abandoning module Android_MultiTargetPlatform (93)
[2017.10.10-22.24.46:597][290]LogModuleManager: Shutting down and abandoning module Android_ETC2TargetPlatform (91)
[2017.10.10-22.24.46:597][290]LogModuleManager: Shutting down and abandoning module Android_ETC1TargetPlatform (89)
[2017.10.10-22.24.46:597][290]LogModuleManager: Shutting down and abandoning module Android_DXTTargetPlatform (87)
[2017.10.10-22.24.46:597][290]LogModuleManager: Shutting down and abandoning module Android_ATCTargetPlatform (85)
[2017.10.10-22.24.46:597][290]LogModuleManager: Shutting down and abandoning module Android_ASTCTargetPlatform (83)
[2017.10.10-22.24.46:597][290]LogModuleManager: Shutting down and abandoning module AndroidTargetPlatform (81)
[2017.10.10-22.24.46:597][290]LogModuleManager: Shutting down and abandoning module WindowsTargetPlatform (79)
[2017.10.10-22.24.46:597][290]LogModuleManager: Shutting down and abandoning module WindowsServerTargetPlatform (77)
[2017.10.10-22.24.46:597][290]LogModuleManager: Shutting down and abandoning module WindowsNoEditorTargetPlatform (75)
[2017.10.10-22.24.46:597][290]LogModuleManager: Shutting down and abandoning module WindowsClientTargetPlatform (73)
[2017.10.10-22.24.46:597][290]LogModuleManager: Shutting down and abandoning module MacTargetPlatform (71)
[2017.10.10-22.24.46:597][290]LogModuleManager: Shutting down and abandoning module MacServerTargetPlatform (69)
[2017.10.10-22.24.46:597][290]LogModuleManager: Shutting down and abandoning module MacNoEditorTargetPlatform (67)
[2017.10.10-22.24.46:597][290]LogModuleManager: Shutting down and abandoning module MacClientTargetPlatform (65)
[2017.10.10-22.24.46:597][290]LogModuleManager: Shutting down and abandoning module AllDesktopTargetPlatform (63)
[2017.10.10-22.24.46:597][290]LogModuleManager: Shutting down and abandoning module InputCore (60)
[2017.10.10-22.24.46:597][290]LogModuleManager: Shutting down and abandoning module Settings (58)
[2017.10.10-22.24.46:597][290]LogModuleManager: Shutting down and abandoning module PhysXCooking (56)
[2017.10.10-22.24.46:597][290]LogModuleManager: Shutting down and abandoning module SteamVR (54)
[2017.10.10-22.24.46:597][290]LogModuleManager: Shutting down and abandoning module OculusHMD (52)
[2017.10.10-22.24.46:597][290]LogModuleManager: Shutting down and abandoning module ExampleDeviceProfileSelector (50)
[2017.10.10-22.24.46:597][290]LogModuleManager: Shutting down and abandoning module OnlineBlueprintSupport (48)
[2017.10.10-22.24.46:597][290]LogModuleManager: Shutting down and abandoning module OnlineSubsystem (44)
[2017.10.10-22.24.46:597][290]LogOnline: Display: Unloading online subsystem: NULL
[2017.10.10-22.24.46:597][290]LogModuleManager: Shutting down and abandoning module XMPP (43)
[2017.10.10-22.24.46:597][290]LogModuleManager: Shutting down and abandoning module HTTP (41)
[2017.10.10-22.24.46:597][290]LogHttp: Display: Http module shutting down, but needs to wait on 1 outstanding Http requests:
[2017.10.10-22.24.46:597][290]LogHttp: Display: 	verb=[POST] url=[https://datarouter.ol.epicgames.com/datarouter/api/v1/public/data?SessionID=%7B64667CAD-4A04-4F22-87D0-49B78A574424%7D&AppID=UEEditor.Rocket.Release&AppVersion=4.17.1-3586342%2B%2B%2BUE4%2BRelease-4.17&UserID=541d31574068fcf9c973a8878afe939b%7Ce37239e5ddae4f15abfd994a5e38b528%7C98667f09-aa33-4367-adb6-81f92e45f993&AppEnvironment=datacollector-binary&UploadType=eteventstream] status=Processing
[2017.10.10-22.24.46:619][290]LogModuleManager: Shutting down and abandoning module SSL (40)
[2017.10.10-22.24.46:620][290]LogModuleManager: Shutting down and abandoning module AnimationModifiers (36)
[2017.10.10-22.24.46:620][290]LogModuleManager: Shutting down and abandoning module PropertyEditor (35)
[2017.10.10-22.24.46:620][290]LogModuleManager: Shutting down and abandoning module AudioEditor (32)
[2017.10.10-22.24.46:620][290]LogModuleManager: Shutting down and abandoning module TextureCompressor (30)
[2017.10.10-22.24.46:620][290]LogModuleManager: Shutting down and abandoning module ShaderCore (28)
[2017.10.10-22.24.46:620][290]LogModuleManager: Shutting down and abandoning module Landscape (26)
[2017.10.10-22.24.46:620][290]LogModuleManager: Shutting down and abandoning module SlateRHIRenderer (24)
[2017.10.10-22.24.46:621][290]LogModuleManager: Shutting down and abandoning module OpenGLDrv (22)
[2017.10.10-22.24.46:622][290]LogModuleManager: Shutting down and abandoning module D3D11RHI (20)
[2017.10.10-22.24.46:622][290]LogModuleManager: Shutting down and abandoning module AnimGraphRuntime (18)
[2017.10.10-22.24.46:622][290]LogModuleManager: Shutting down and abandoning module Renderer (16)
[2017.10.10-22.24.46:622][290]LogModuleManager: Shutting down and abandoning module Engine (14)
[2017.10.10-22.24.46:622][290]LogModuleManager: Shutting down and abandoning module CoreUObject (12)
[2017.10.10-22.24.46:622][290]LogModuleManager: Shutting down and abandoning module NetworkFile (10)
[2017.10.10-22.24.46:622][290]LogModuleManager: Shutting down and abandoning module CookedIterativeFile (8)
[2017.10.10-22.24.46:622][290]LogModuleManager: Shutting down and abandoning module StreamingFile (6)
[2017.10.10-22.24.46:622][290]LogModuleManager: Shutting down and abandoning module SandboxFile (4)
[2017.10.10-22.24.46:622][290]LogModuleManager: Shutting down and abandoning module PakFile (2)
[2017.10.10-22.24.46:623][290]LogExit: Exiting.
[2017.10.10-22.24.46:648][290]Log file closed, 10/10/17 18:24:46
