Log file open, 09/29/17 21:14:09
LogWindows: LoadLibraryWithSearchPaths failed for file aqProf.dll. GetLastError=0
LogWindows: LoadLibraryWithSearchPaths failed for file VtuneApi.dll. GetLastError=0
LogWindows: LoadLibraryWithSearchPaths failed for file VtuneApi32e.dll. GetLastError=0
LogInit: Display: Running engine for game: StormHunters
LogPlatformFile: Not using cached read wrapper
LogInit: Display: RandInit(-2120812470) SRandInit(-2120812470).
LogTaskGraph: Started task graph with 5 named threads and 8 total threads with 3 sets of task threads.
LogStats: Stats thread started at 1.359738
LogD3D11RHI: Aftermath initialized
LogPluginManager: Mounting plugin Paper2D
LogPluginManager: Mounting plugin LightPropagationVolume
LogPluginManager: Mounting plugin CodeLiteSourceCodeAccess
LogPluginManager: Mounting plugin GitSourceControl
LogPluginManager: Mounting plugin KDevelopSourceCodeAccess
LogPluginManager: Mounting plugin NullSourceCodeAccess
LogPluginManager: Mounting plugin PerforceSourceControl
LogPluginManager: Mounting plugin SubversionSourceControl
LogPluginManager: Mounting plugin UObjectPlugin
LogPluginManager: Mounting plugin VisualStudioSourceCodeAccess
LogPluginManager: Mounting plugin XCodeSourceCodeAccess
LogPluginManager: Mounting plugin AssetManagerEditor
LogPluginManager: Mounting plugin AudioCapture
LogPluginManager: Mounting plugin FacialAnimation
LogPluginManager: Mounting plugin GameplayTagsEditor
LogPluginManager: Mounting plugin MobileLauncherProfileWizard
LogPluginManager: Mounting plugin PluginBrowser
LogPluginManager: Mounting plugin SpeedTreeImporter
LogPluginManager: Mounting plugin AlembicImporter
LogPluginManager: Mounting plugin CharacterAI
LogPluginManager: Mounting plugin HTML5Networking
LogPluginManager: Mounting plugin AndroidMedia
LogPluginManager: Mounting plugin AvfMedia
LogPluginManager: Mounting plugin MediaPlayerEditor
LogPluginManager: Mounting plugin WmfMedia
LogPluginManager: Mounting plugin TcpMessaging
LogPluginManager: Mounting plugin UdpMessaging
LogPluginManager: Mounting plugin LevelSequenceEditor
LogPluginManager: Mounting plugin MatineeToLevelSequence
LogPluginManager: Mounting plugin OnlineSubsystemGooglePlay
LogPluginManager: Mounting plugin OnlineSubsystemIOS
LogPluginManager: Mounting plugin OnlineSubsystem
LogPluginManager: Mounting plugin OnlineSubsystemNull
LogPluginManager: Mounting plugin OnlineSubsystemUtils
LogPluginManager: Mounting plugin AndroidDeviceProfileSelector
LogPluginManager: Mounting plugin AndroidMoviePlayer
LogPluginManager: Mounting plugin AndroidPermission
LogPluginManager: Mounting plugin AppleMoviePlayer
LogPluginManager: Mounting plugin ArchVisCharacter
LogPluginManager: Mounting plugin CableComponent
LogPluginManager: Mounting plugin CustomMeshComponent
LogPluginManager: Mounting plugin ExampleDeviceProfileSelector
LogPluginManager: Mounting plugin GoogleCloudMessaging
LogPluginManager: Mounting plugin ImmediatePhysics
LogPluginManager: Mounting plugin IOSDeviceProfileSelector
LogPluginManager: Mounting plugin LinuxDeviceProfileSelector
LogPluginManager: Mounting plugin LocationServicesBPLibrary
LogPluginManager: Mounting plugin MobilePatchingUtils
LogPluginManager: Mounting plugin OculusVR
LogPluginManager: Mounting plugin PhysXVehicles
LogPluginManager: Mounting plugin ProceduralMeshComponent
LogPluginManager: Mounting plugin RuntimePhysXCooking
LogPluginManager: Mounting plugin SteamVR
LogPluginManager: Mounting plugin WindowsMoviePlayer
LogInit: Using libcurl 7.47.1
LogInit:  - built for x86_64-pc-win32
LogInit:  - supports SSL with OpenSSL/1.0.2g
LogInit:  - supports HTTP deflate (compression) using libz 1.2.8
LogInit:  - other features:
LogInit:      CURL_VERSION_SSL
LogInit:      CURL_VERSION_LIBZ
LogInit:      CURL_VERSION_IPV6
LogInit:      CURL_VERSION_ASYNCHDNS
LogInit:      CURL_VERSION_LARGEFILE
LogInit:      CURL_VERSION_IDN
LogInit:  CurlRequestOptions (configurable via config and command line):
LogInit:  - bVerifyPeer = false  - Libcurl will NOT verify peer certificate
LogInit:  - bUseHttpProxy = false  - Libcurl will NOT use HTTP proxy
LogInit:  - bDontReuseConnections = false  - Libcurl will reuse connections
LogInit:  - CertBundlePath = nullptr  - Libcurl will use whatever was configured at build time.
LogInit: Build: ++UE4+Release-4.17-CL-3586342
LogInit: Engine Version: 4.17.1-3586342+++UE4+Release-4.17
LogInit: Compatible Engine Version: 4.17.0-3573198+++UE4+Release-4.17
LogInit: Net CL: 3573198
LogDevObjectVersion: Number of dev versions registered: 16
LogDevObjectVersion:   Dev-Blueprints (B0D832E4-1F89-4F0D-ACCF-7EB736FD4AA2): 10
LogDevObjectVersion:   Dev-Build (E1C64328-A22C-4D53-A36C-8E866417BD8C): 0
LogDevObjectVersion:   Dev-Core (375EC13C-06E4-48FB-B500-84F0262A717E): 2
LogDevObjectVersion:   Dev-Editor (E4B068ED-F494-42E9-A231-DA0B2E46BB41): 20
LogDevObjectVersion:   Dev-Framework (CFFC743F-43B0-4480-9391-14DF171D2073): 28
LogDevObjectVersion:   Dev-Mobile (B02B49B5-BB20-44E9-A304-32B752E40360): 0
LogDevObjectVersion:   Dev-Networking (A4E4105C-59A1-49B5-A7C5-40C4547EDFEE): 0
LogDevObjectVersion:   Dev-Online (39C831C9-5AE6-47DC-9A44-9C173E1C8E7C): 0
LogDevObjectVersion:   Dev-Physics (78F01B33-EBEA-4F98-B9B4-84EACCB95AA2): 0
LogDevObjectVersion:   Dev-Platform (6631380F-2D4D-43E0-8009-CF276956A95A): 0
LogDevObjectVersion:   Dev-Rendering (12F88B9F-8875-4AFC-A67C-D90C383ABD29): 19
LogDevObjectVersion:   Dev-Sequencer (7B5AE74C-D270-4C10-A958-57980B212A5A): 4
LogDevObjectVersion:   Dev-VR (D7296918-1DD6-4BDD-9DE2-64A83CC13884): 0
LogDevObjectVersion:   Dev-LoadTimes (C2A15278-BFE7-4AFE-6C17-90FF531DF755): 1
LogDevObjectVersion:   Private-Geometry (6EACA3D4-40EC-4CC1-B786-8BED09428FC5): 1
LogDevObjectVersion:   Dev-AnimPhys (29E575DD-E0A3-4627-9D10-D276232CDCEA): 7
LogInit: Compiled (64-bit): Aug 15 2017 02:05:26
LogInit: Compiled with Visual C++: 19.00.24215.01
LogInit: Build Configuration: Development
LogInit: Branch Name: ++UE4+Release-4.17
LogInit: Command line:  
LogInit: Base directory: C:/Program Files/Epic Games/UE_4.17/Engine/Binaries/Win64/
LogInit: Installed Engine Build: 1
LogInit: Presizing for max 8388607 objects, including 0 objects not considered by GC, pre-allocating 0 bytes for permanent pool.
LogInit: Object subsystem initialized
[2017.09.30-01.14.10:111][  0]LogInit: Selected Device Profile: [Windows]
[2017.09.30-01.14.10:111][  0]LogInit: Applying CVar settings loaded from the selected device profile: [Windows]
[2017.09.30-01.14.10:153][  0]LogInit: Computer: DESKTOP-5OGJ61U
[2017.09.30-01.14.10:153][  0]LogInit: User: wesda
[2017.09.30-01.14.10:153][  0]LogInit: CPU Page size=4096, Cores=2
[2017.09.30-01.14.10:153][  0]LogInit: High frequency timer resolution =2.343751 MHz
[2017.09.30-01.14.10:154][  0]LogMemory: Memory total: Physical=19.9GB (20GB approx)
[2017.09.30-01.14.10:154][  0]LogMemory: Platform Memory Stats for Windows
[2017.09.30-01.14.10:154][  0]LogMemory: Process Physical Memory: 279.12 MB used, 279.12 MB peak
[2017.09.30-01.14.10:154][  0]LogMemory: Process Virtual Memory: 276.21 MB used, 276.21 MB peak
[2017.09.30-01.14.10:154][  0]LogMemory: Physical Memory: 5771.64 MB used,  14579.96 MB free, 20351.60 MB total
[2017.09.30-01.14.10:154][  0]LogMemory: Virtual Memory: 667.22 MB used,  14579.96 MB free, 134217728.00 MB total
[2017.09.30-01.14.10:717][  0]LogInit: Using OS detected language (en-US).
[2017.09.30-01.14.10:717][  0]LogInit: Using OS detected locale (en-US).
[2017.09.30-01.14.10:796][  0]LogTextLocalizationManager: No specific localization for 'en-US' exists, so the 'en' localization will be used.
[2017.09.30-01.14.14:848][  0]LogD3D11RHI: D3D11 adapters:
[2017.09.30-01.14.14:858][  0]LogD3D11RHI:    0. 'Intel(R) HD Graphics 520' (Feature Level 11_0)
[2017.09.30-01.14.14:858][  0]LogD3D11RHI:       128/0/10175 MB DedicatedVideo/DedicatedSystem/SharedSystem, Outputs:1, VendorId:0x8086
[2017.09.30-01.14.14:861][  0]LogD3D11RHI:    1. 'Microsoft Basic Render Driver' (Feature Level 11_0)
[2017.09.30-01.14.14:861][  0]LogD3D11RHI:       0/0/10175 MB DedicatedVideo/DedicatedSystem/SharedSystem, Outputs:0, VendorId:0x1414
[2017.09.30-01.14.14:861][  0]LogD3D11RHI: Chosen D3D11 Adapter: 0
[2017.09.30-01.14.14:869][  0]LogD3D11RHI: Creating new Direct3DDevice
[2017.09.30-01.14.14:869][  0]LogD3D11RHI:     GPU DeviceId: 0x1916 (for the marketing name, search the web for "GPU Device Id")
[2017.09.30-01.14.14:869][  0]LogWindows: EnumDisplayDevices:
[2017.09.30-01.14.14:870][  0]LogWindows:    0. 'Intel(R) HD Graphics 520' (P:1 D:1)
[2017.09.30-01.14.14:870][  0]LogWindows:    1. 'Intel(R) HD Graphics 520' (P:0 D:0)
[2017.09.30-01.14.14:870][  0]LogWindows:    2. 'Intel(R) HD Graphics 520' (P:0 D:0)
[2017.09.30-01.14.14:870][  0]LogWindows: DebugString: FoundDriverCount:3 
[2017.09.30-01.14.14:870][  0]LogD3D11RHI:     Adapter Name: Intel(R) HD Graphics 520
[2017.09.30-01.14.14:870][  0]LogD3D11RHI:   Driver Version: 21.20.16.4590 (internal:21.20.16.4590, unified:21.20.16.4590)
[2017.09.30-01.14.14:870][  0]LogD3D11RHI:      Driver Date: 1-18-2017
[2017.09.30-01.14.14:870][  0]LogRHI: Texture pool is 1361 MB (70% of 1945 MB)
[2017.09.30-01.14.14:877][  0]LogD3D11RHI: Async texture creation enabled
[2017.09.30-01.14.14:927][  0]LogD3D11RHI: GPU Timing Frequency: 12.000000 (Debug: 2 0)
[2017.09.30-01.14.14:934][  0]LogShaderCompilers: Guid format shader working directory is -46 characters bigger than the processId version (../../../../../../Users/wesda/Documents/Unreal Projects/StormHunters/fall-2017-storm-hunters/Intermediate/Shaders/WorkingDirectory/7428/).
[2017.09.30-01.14.14:934][  0]LogShaderCompilers: Cleaned the shader compiler working directory 'C:/Users/wesda/AppData/Local/Temp/UnrealShaderWorkingDir/9541BF754E1012AD0BA6549A69CD4F9B/'.
[2017.09.30-01.14.14:935][  0]LogShaderCompilers: Display: Using Local Shader Compiler.
[2017.09.30-01.14.17:829][  0]LogTemp: Display: Loaded TP AllDesktopTargetPlatform
[2017.09.30-01.14.17:884][  0]LogTemp: Display: Loaded TP MacClientTargetPlatform
[2017.09.30-01.14.17:940][  0]LogTemp: Display: Loaded TP MacNoEditorTargetPlatform
[2017.09.30-01.14.17:996][  0]LogTemp: Display: Loaded TP MacServerTargetPlatform
[2017.09.30-01.14.18:063][  0]LogTemp: Display: Loaded TP MacTargetPlatform
[2017.09.30-01.14.18:120][  0]LogTemp: Display: Loaded TP WindowsClientTargetPlatform
[2017.09.30-01.14.18:177][  0]LogTemp: Display: Loaded TP WindowsNoEditorTargetPlatform
[2017.09.30-01.14.18:238][  0]LogTemp: Display: Loaded TP WindowsServerTargetPlatform
[2017.09.30-01.14.18:290][  0]LogTemp: Display: Loaded TP WindowsTargetPlatform
[2017.09.30-01.14.18:352][  0]LogTemp: Display: Loaded TP AndroidTargetPlatform
[2017.09.30-01.14.18:409][  0]LogTemp: Display: Loaded TP Android_ASTCTargetPlatform
[2017.09.30-01.14.18:464][  0]LogTemp: Display: Loaded TP Android_ATCTargetPlatform
[2017.09.30-01.14.18:523][  0]LogTemp: Display: Loaded TP Android_DXTTargetPlatform
[2017.09.30-01.14.18:580][  0]LogTemp: Display: Loaded TP Android_ETC1TargetPlatform
[2017.09.30-01.14.18:635][  0]LogTemp: Display: Loaded TP Android_ETC2TargetPlatform
[2017.09.30-01.14.18:751][  0]LogTemp: Display: Loaded TP Android_MultiTargetPlatform
[2017.09.30-01.14.18:752][  0]LogTemp: Display: Loaded TP Android_PVRTCTargetPlatform
[2017.09.30-01.14.18:797][  0]LogTemp: Display: Loaded TP HTML5TargetPlatform
[2017.09.30-01.14.18:917][  0]LogTemp: Display: Loaded TP IOSTargetPlatform
[2017.09.30-01.14.18:948][  0]LogTemp: Display: Loaded TP TVOSTargetPlatform
[2017.09.30-01.14.19:004][  0]LogTemp: Display: Loaded TP LinuxClientTargetPlatform
[2017.09.30-01.14.19:059][  0]LogTemp: Display: Loaded TP LinuxNoEditorTargetPlatform
[2017.09.30-01.14.19:115][  0]LogTemp: Display: Loaded TP LinuxServerTargetPlatform
[2017.09.30-01.14.19:178][  0]LogTemp: Display: Loaded TP LinuxTargetPlatform
[2017.09.30-01.14.19:178][  0]LogTargetPlatformManager: Display: Building Assets For Windows
[2017.09.30-01.14.19:930][  0]LogDerivedDataCache: Display: Max Cache Size: 512 MB
[2017.09.30-01.14.21:160][  0]LogDerivedDataCache: Loaded boot cache 1.23s 93MB C:/Users/wesda/AppData/Local/UnrealEngine/4.17/DerivedDataCache/Boot.ddc.
[2017.09.30-01.14.21:160][  0]LogDerivedDataCache: Display: Loaded Boot cache: C:/Users/wesda/AppData/Local/UnrealEngine/4.17/DerivedDataCache/Boot.ddc
[2017.09.30-01.14.21:160][  0]LogDerivedDataCache: FDerivedDataBackendGraph:  Pak pak cache file ../../../../../../Users/wesda/Documents/Unreal Projects/StormHunters/fall-2017-storm-hunters/DerivedDataCache/DDC.ddp not found, will not use a pak cache.
[2017.09.30-01.14.21:160][  0]LogDerivedDataCache: Unable to find inner node Pak for hierarchical cache Hierarchy.
[2017.09.30-01.14.21:160][  0]LogDerivedDataCache: FDerivedDataBackendGraph:  CompressedPak pak cache file ../../../../../../Users/wesda/Documents/Unreal Projects/StormHunters/fall-2017-storm-hunters/DerivedDataCache/Compressed.ddp not found, will not use a pak cache.
[2017.09.30-01.14.21:160][  0]LogDerivedDataCache: Unable to find inner node CompressedPak for hierarchical cache Hierarchy.
[2017.09.30-01.14.21:194][  0]LogDerivedDataCache: Display: Pak cache opened for reading ../../../Engine/DerivedDataCache/Compressed.ddp.
[2017.09.30-01.14.21:209][  0]LogDerivedDataCache: Using Local data cache path C:/Users/wesda/AppData/Local/UnrealEngine/Common/DerivedDataCache: Writable
[2017.09.30-01.14.21:227][  0]LogMaterial: Verifying Global Shaders for PCD3D_SM5
[2017.09.30-01.14.21:235][  0]LogSlate: Using Freetype 2.6.0
[2017.09.30-01.14.21:256][  0]LogSlate: SlateFontCache - WITH_FREETYPE: 1, WITH_HARFBUZZ: 1
[2017.09.30-01.14.21:258][  0]LogSlate: SlateFontCache - WITH_FREETYPE: 1, WITH_HARFBUZZ: 1
[2017.09.30-01.14.22:863][  0]LogAssetRegistry: FAssetRegistry took 0.0318 seconds to start up
[2017.09.30-01.14.23:077][  0]LogInit: Selected Device Profile: [Windows]
[2017.09.30-01.14.23:717][  0]LogContentStreaming: Texture pool size is 0.00 MB
[2017.09.30-01.14.24:178][  0]LogSimplygon: Simplygon DLL not present - disabling.
[2017.09.30-01.14.24:231][  0]LogMeshReduction: Using SimplygonSwarm for distributed automatic mesh merging
[2017.09.30-01.14.24:232][  0]LogMeshReduction: Using QuadricMeshReduction for automatic static mesh reduction
[2017.09.30-01.14.24:232][  0]LogMeshReduction: No automatic skeletal mesh reduction module available
[2017.09.30-01.14.24:232][  0]LogMeshReduction: No automatic mesh merging module available
[2017.09.30-01.14.24:232][  0]LogMeshMerging: No automatic mesh merging module available
[2017.09.30-01.14.25:409][  0]LogNetVersion: StormHunters , NetCL: 3573198, EngineNetVer: 2, GameNetVer: 0 (Checksum: 4212083981)
[2017.09.30-01.14.26:129][  0]LogPackageLocalizationCache: Processed 5 localized package path(s) for 2 prioritized culture(s) in 0.081152 seconds
[2017.09.30-01.14.26:137][  0]LogUObjectArray: 35825 objects as part of root set at end of initial load.
[2017.09.30-01.14.26:138][  0]LogUObjectAllocator: 7529104 out of 0 bytes used by permanent object pool.
[2017.09.30-01.14.26:138][  0]LogUObjectArray: CloseDisregardForGC: 0/0 objects in disregard for GC pool
[2017.09.30-01.14.26:208][  0]LogInit: WinSock: version 1.1 (2.2), MaxSocks=32767, MaxUdp=65467
[2017.09.30-01.14.34:725][  0]LogTcpMessaging: Initializing TcpMessaging bridge
[2017.09.30-01.14.34:773][  0]LogUdpMessaging: Initializing bridge on interface 0.0.0.0:0 to multicast group 230.0.0.1:6666.
[2017.09.30-01.14.35:772][  0]LogMaterial: Uniform references updated for custom material expression Custom.
[2017.09.30-01.14.36:423][  0]SourceControl: Source control is disabled
[2017.09.30-01.14.36:423][  0]SourceControl: Source control is disabled
[2017.09.30-01.14.36:492][  0]SourceControl: Source control is disabled
[2017.09.30-01.14.36:552][  0]SourceControl: Source control is disabled
[2017.09.30-01.14.37:321][  0]LogAndroidPermission: UAndroidPermissionCallbackProxy::GetInstance
[2017.09.30-01.14.37:596][  0]LogOcInput: OculusInput pre-init called
[2017.09.30-01.14.37:966][  0]LogEngine: Initializing Engine...
[2017.09.30-01.14.37:971][  0]LogHMD: Failed to initialize OpenVR with code 110
[2017.09.30-01.14.38:502][  0]LogStats: UGameplayTagsManager::ConstructGameplayTagTree: Construct from data asset -  0.000 s
[2017.09.30-01.14.38:502][  0]LogStats: UGameplayTagsManager::ConstructGameplayTagTree: GameplayTagTreeChangedEvent.Broadcast -  0.000 s
[2017.09.30-01.14.38:692][  0]LogAIModule: Creating AISystem for world Untitled
[2017.09.30-01.14.38:719][  0]LogInit: XAudio2 using 'Speaker/HP (Realtek High Definition Audio)' : 2 channels at 48 kHz using 32 bits per sample (channel mask 0x3)
[2017.09.30-01.14.38:907][  0]LogInit: FAudioDevice initialized.
[2017.09.30-01.14.39:025][  0]LogDerivedDataCache: Saved boot cache 0.12s 93MB C:/Users/wesda/AppData/Local/UnrealEngine/4.17/DerivedDataCache/Boot.ddc.
[2017.09.30-01.14.39:049][  0]LogInit: Texture streaming: Enabled
[2017.09.30-01.14.39:188][  0]LogEngineSessionManager: EngineSessionManager initialized
[2017.09.30-01.14.39:509][  0]LogInit: Transaction tracking system initialized
[2017.09.30-01.14.39:904][  0]BlueprintLog: New page: Editor Load
[2017.09.30-01.14.41:088][  0]LocalizationService: Localization service is disabled
[2017.09.30-01.14.42:042][  0]LogConsoleResponse: Display: 
[2017.09.30-01.14.42:623][  0]LogCook: Display: Max memory allowance for cook 16384mb min free memory 0mb
[2017.09.30-01.14.42:623][  0]LogCook: Display: Mobile HDR setting 1
[2017.09.30-01.14.42:624][  0]LogGameplayTags: Display: UGameplayTagsManager::DoneAddingNativeTags. DelegateIsBound: 0
[2017.09.30-01.14.42:911][  0]LogFileCache: Scanning file cache for directory 'C:/Users/wesda/Documents/Unreal Projects/StormHunters/fall-2017-storm-hunters/Content/' took 0.02s
[2017.09.30-01.14.44:057][  0]SourceControl: Source control is disabled
[2017.09.30-01.14.44:059][  0]Cmd: MAP LOAD FILE="../../../../../../Users/wesda/Documents/Unreal Projects/StormHunters/fall-2017-storm-hunters/Content/StarterContent/Maps/Minimal_Default.umap" TEMPLATE=0 SHOWPROGRESS=1 FEATURELEVEL=3
[2017.09.30-01.14.44:062][  0]LightingResults: New page: Lighting Build
[2017.09.30-01.14.44:116][  0]MapCheck: New page: Map Check
[2017.09.30-01.14.44:116][  0]LightingResults: New page: Lighting Build
[2017.09.30-01.14.54:989][  0]LogAIModule: Creating AISystem for world Minimal_Default
[2017.09.30-01.14.59:995][  0]LogEditorServer: Finished looking for orphan Actors (0.000 secs)
[2017.09.30-01.15.00:047][  0]Cmd: MAP CHECKDEP NOCLEARLOG
[2017.09.30-01.15.00:129][  0]MapCheck: Map check complete: 0 Error(s), 0 Warning(s), took 81.736ms to complete.
[2017.09.30-01.15.00:129][  0]LogFileHelpers: Loading map 'Minimal_Default' took 16.071
[2017.09.30-01.15.00:447][  0]LogCollectionManager: Loaded 0 collections in 0.002687 seconds
[2017.09.30-01.15.00:569][  0]LogFileCache: Scanning file cache for directory 'C:/Users/wesda/Documents/Unreal Projects/StormHunters/fall-2017-storm-hunters/Saved/Collections/' took 0.01s
[2017.09.30-01.15.00:569][  0]LogFileCache: Scanning file cache for directory 'C:/Users/wesda/Documents/Unreal Projects/StormHunters/fall-2017-storm-hunters/Content/Developers/wesda/Collections/' took 0.01s
[2017.09.30-01.15.00:569][  0]LogFileCache: Scanning file cache for directory 'C:/Users/wesda/Documents/Unreal Projects/StormHunters/fall-2017-storm-hunters/Content/Collections/' took 0.01s
[2017.09.30-01.15.00:569][  0]LogCollectionManager: Rebuilt the GUID cache for 0 collections in 0.000000 seconds
[2017.09.30-01.15.00:583][  0]LogContentBrowser: Native class hierarchy populated in 0.0111 seconds. Added 2386 classes and 500 folders.
[2017.09.30-01.15.00:662][  0]LogContentBrowser: Native class hierarchy updated for 'WidgetCarousel' in 0.0014 seconds. Added 0 classes and 0 folders.
[2017.09.30-01.15.01:262][  0]LogContentBrowser: Native class hierarchy updated for 'AddContentDialog' in 0.0007 seconds. Added 0 classes and 0 folders.
[2017.09.30-01.15.01:326][  0]LogContentBrowser: Native class hierarchy updated for 'SceneOutliner' in 0.0008 seconds. Added 1 classes and 2 folders.
[2017.09.30-01.15.01:805][  0]LogSlate: Took 0.007941 seconds to synchronously load lazily loaded font '../../../Engine/Content/Slate/Fonts/Roboto-Regular.ttf' (155K)
[2017.09.30-01.15.01:814][  0]LogSlate: Took 0.005785 seconds to synchronously load lazily loaded font '../../../Engine/Content/Slate/Fonts/Roboto-Bold.ttf' (160K)
[2017.09.30-01.15.01:828][  0]LogSlate: Took 0.006007 seconds to synchronously load lazily loaded font '../../../Engine/Content/Editor/Slate/Fonts/FontAwesome.ttf' (139K)
[2017.09.30-01.15.02:034][  0]LogRenderer: Reallocating scene render targets to support 736x324 Format 10 NumSamples 1 (Frame:1).
[2017.09.30-01.15.02:663][  0]LogSlate: Took 0.007139 seconds to synchronously load lazily loaded font '../../../Engine/Content/Slate/Fonts/Roboto-Light.ttf' (159K)
[2017.09.30-01.15.02:815][  0]LogContentBrowser: Native class hierarchy updated for 'HierarchicalLODOutliner' in 0.0008 seconds. Added 1 classes and 2 folders.
[2017.09.30-01.15.02:815][  0]LogLoad: (Engine Initialization) Total time: 57.77 seconds
[2017.09.30-01.15.02:815][  0]LogLoad: (Engine Initialization) Total Blueprint compile time: 0.00 seconds
[2017.09.30-01.15.02:815][  0]LogExternalProfiler: Found external profiler: VSPerf
[2017.09.30-01.15.02:815][  0]LogExternalProfiler: Using external profiler: VSPerf
[2017.09.30-01.15.02:882][  0]LogContentStreaming: Texture pool size now 1000 MB
[2017.09.30-01.15.02:912][  1]LogFileCache: Retrieving MD5 hashes for directory 'C:/Users/wesda/Documents/Unreal Projects/StormHunters/fall-2017-storm-hunters/Content/' took 0.06s
[2017.09.30-01.15.03:011][  2]LogAssetRegistry: Asset discovery search completed in 40.1706 seconds
[2017.09.30-01.15.03:015][  2]LogCollectionManager: Rebuilt the object cache for 0 collections in 0.000000 seconds (found 0 objects)
[2017.09.30-01.15.03:015][  2]LogCollectionManager: Fixed up redirectors for 0 collections in 0.000081 seconds (updated 0 objects)
[2017.09.30-01.15.04:244][  4]LogSlate: Took 0.000244 seconds to synchronously load lazily loaded font '../../../Engine/Content/Slate/Fonts/Roboto-Light.ttf' (159K)
[2017.09.30-01.15.50:076][843]LogTemp: Repeating last play command: Selected Viewport
[2017.09.30-01.15.50:173][843]LogBlueprintUserMessages: Early PlayInEditor Detection: Level '/Game/StarterContent/Maps/Minimal_Default.Minimal_Default:PersistentLevel' has LevelScriptBlueprint '/Game/StarterContent/Maps/Minimal_Default.Minimal_Default:PersistentLevel.Minimal_Default' with GeneratedClass '/Game/StarterContent/Maps/Minimal_Default.Minimal_Default_C' with ClassGeneratedBy '/Game/StarterContent/Maps/Minimal_Default.Minimal_Default:PersistentLevel.Minimal_Default'
[2017.09.30-01.15.50:173][843]LogPlayLevel: PlayLevel: No blueprints needed recompiling
[2017.09.30-01.15.50:176][843]PIE: New page: PIE session: Minimal_Default (Sep 29, 2017, 5:15:50 PM)
[2017.09.30-01.15.50:176][843]LogPlayLevel: Creating play world package: /Game/StarterContent/Maps/UEDPIE_0_Minimal_Default
[2017.09.30-01.15.50:291][843]LogPlayLevel: PIE: StaticDuplicateObject took: (0.115092s)
[2017.09.30-01.15.50:292][843]LogAIModule: Creating AISystem for world Minimal_Default
[2017.09.30-01.15.50:292][843]LogPlayLevel: PIE: World Init took: (0.000961s)
[2017.09.30-01.15.50:292][843]LogPlayLevel: PIE: Created PIE world by copying editor world from /Game/StarterContent/Maps/Minimal_Default.Minimal_Default to /Game/StarterContent/Maps/UEDPIE_0_Minimal_Default.Minimal_Default (0.116476s)
[2017.09.30-01.15.50:313][843]LogInit: XAudio2 using 'Speaker/HP (Realtek High Definition Audio)' : 2 channels at 48 kHz using 32 bits per sample (channel mask 0x3)
[2017.09.30-01.15.50:324][843]LogInit: FAudioDevice initialized.
[2017.09.30-01.15.50:371][843]LogLoad: Game class is 'Driving_Mode_C'
[2017.09.30-01.15.50:393][843]LogWorld: Bringing World /Game/StarterContent/Maps/UEDPIE_0_Minimal_Default.Minimal_Default up for play (max tick rate 60) at 2017.09.29-21.15.50
[2017.09.30-01.15.50:400][843]LogWorld: Bringing up level for play took: 0.027222
[2017.09.30-01.15.50:453][843]LogContentBrowser: Native class hierarchy updated for 'MovieSceneCapture' in 0.0008 seconds. Added 11 classes and 0 folders.
[2017.09.30-01.15.50:467][843]PIE: Play in editor start time for /Game/StarterContent/Maps/UEDPIE_0_Minimal_Default 1.274
[2017.09.30-01.15.50:467][843]LogBlueprintUserMessages: Late PlayInEditor Detection: Level '/Game/StarterContent/Maps/Minimal_Default.Minimal_Default:PersistentLevel' has LevelScriptBlueprint '/Game/StarterContent/Maps/Minimal_Default.Minimal_Default:PersistentLevel.Minimal_Default' with GeneratedClass '/Game/StarterContent/Maps/Minimal_Default.Minimal_Default_C' with ClassGeneratedBy '/Game/StarterContent/Maps/Minimal_Default.Minimal_Default:PersistentLevel.Minimal_Default'
[2017.09.30-01.15.50:471][843]LogScriptCore: Warning: Script Msg: Divide by zero detected: 0.000000 / 0
Script call stack:
	Function /Game/Vehicles/Mercedes/Mercedes_BP.Mercedes_BP_C:ReceiveTick
	Function /Game/Vehicles/Mercedes/Mercedes_BP.Mercedes_BP_C:ExecuteUbergraph_Mercedes_BP
	Function /Game/Vehicles/Mercedes/Mercedes_BP.Mercedes_BP_C:Server Tick
	Function /Game/Vehicles/Mercedes/Mercedes_BP.Mercedes_BP_C:ExecuteUbergraph_Mercedes_BP
	Function /Game/Vehicles/Mercedes/Mercedes_BP.Mercedes_BP_C:Detect Drifting

[2017.09.30-01.15.50:471][843]LogScriptCore: Warning: Script Msg: Divide by zero detected: 0.000000 / 0
Script call stack:
	Function /Game/Vehicles/Mercedes/Mercedes_BP.Mercedes_BP_C:ReceiveTick
	Function /Game/Vehicles/Mercedes/Mercedes_BP.Mercedes_BP_C:ExecuteUbergraph_Mercedes_BP
	Function /Game/Vehicles/Mercedes/Mercedes_BP.Mercedes_BP_C:Server Tick
	Function /Game/Vehicles/Mercedes/Mercedes_BP.Mercedes_BP_C:ExecuteUbergraph_Mercedes_BP
	Function /Game/Vehicles/Mercedes/Mercedes_BP.Mercedes_BP_C:Detect Drifting

[2017.09.30-01.15.50:471][843]LogScriptCore: Warning: Script Msg: Divide by zero detected: 0.000000 / 0
Script call stack:
	Function /Game/Vehicles/Mercedes/Mercedes_BP.Mercedes_BP_C:ReceiveTick
	Function /Game/Vehicles/Mercedes/Mercedes_BP.Mercedes_BP_C:ExecuteUbergraph_Mercedes_BP
	Function /Game/Vehicles/Mercedes/Mercedes_BP.Mercedes_BP_C:Server Tick
	Function /Game/Vehicles/Mercedes/Mercedes_BP.Mercedes_BP_C:ExecuteUbergraph_Mercedes_BP
	Function /Game/Vehicles/Mercedes/Mercedes_BP.Mercedes_BP_C:Detect Drifting

[2017.09.30-01.15.50:471][843]LogScriptCore: Warning: Script Msg: Divide by zero detected: 0.000000 / 0
Script call stack:
	Function /Game/Vehicles/Mercedes/Mercedes_BP.Mercedes_BP_C:ReceiveTick
	Function /Game/Vehicles/Mercedes/Mercedes_BP.Mercedes_BP_C:ExecuteUbergraph_Mercedes_BP
	Function /Game/Vehicles/Mercedes/Mercedes_BP.Mercedes_BP_C:Server Tick
	Function /Game/Vehicles/Mercedes/Mercedes_BP.Mercedes_BP_C:ExecuteUbergraph_Mercedes_BP
	Function /Game/Vehicles/Mercedes/Mercedes_BP.Mercedes_BP_C:Detect Drifting

[2017.09.30-01.15.50:518][844]LogScriptCore: Warning: Script Msg: Divide by zero detected: 0.000000 / 0
Script call stack:
	Function /Game/Vehicles/Mercedes/Mercedes_BP.Mercedes_BP_C:ReceiveTick
	Function /Game/Vehicles/Mercedes/Mercedes_BP.Mercedes_BP_C:ExecuteUbergraph_Mercedes_BP
	Function /Game/Vehicles/Mercedes/Mercedes_BP.Mercedes_BP_C:Server Tick
	Function /Game/Vehicles/Mercedes/Mercedes_BP.Mercedes_BP_C:ExecuteUbergraph_Mercedes_BP
	Function /Game/Vehicles/Mercedes/Mercedes_BP.Mercedes_BP_C:Detect Drifting

[2017.09.30-01.15.50:518][844]LogScriptCore: Warning: Script Msg: Divide by zero detected: 0.000000 / 0
Script call stack:
	Function /Game/Vehicles/Mercedes/Mercedes_BP.Mercedes_BP_C:ReceiveTick
	Function /Game/Vehicles/Mercedes/Mercedes_BP.Mercedes_BP_C:ExecuteUbergraph_Mercedes_BP
	Function /Game/Vehicles/Mercedes/Mercedes_BP.Mercedes_BP_C:Server Tick
	Function /Game/Vehicles/Mercedes/Mercedes_BP.Mercedes_BP_C:ExecuteUbergraph_Mercedes_BP
	Function /Game/Vehicles/Mercedes/Mercedes_BP.Mercedes_BP_C:Detect Drifting

[2017.09.30-01.15.50:519][844]LogScriptCore: Warning: Script Msg: Divide by zero detected: 0.000000 / 0
Script call stack:
	Function /Game/Vehicles/Mercedes/Mercedes_BP.Mercedes_BP_C:ReceiveTick
	Function /Game/Vehicles/Mercedes/Mercedes_BP.Mercedes_BP_C:ExecuteUbergraph_Mercedes_BP
	Function /Game/Vehicles/Mercedes/Mercedes_BP.Mercedes_BP_C:Server Tick
	Function /Game/Vehicles/Mercedes/Mercedes_BP.Mercedes_BP_C:ExecuteUbergraph_Mercedes_BP
	Function /Game/Vehicles/Mercedes/Mercedes_BP.Mercedes_BP_C:Detect Drifting

[2017.09.30-01.15.50:519][844]LogScriptCore: Warning: Script Msg: Divide by zero detected: 0.000000 / 0
Script call stack:
	Function /Game/Vehicles/Mercedes/Mercedes_BP.Mercedes_BP_C:ReceiveTick
	Function /Game/Vehicles/Mercedes/Mercedes_BP.Mercedes_BP_C:ExecuteUbergraph_Mercedes_BP
	Function /Game/Vehicles/Mercedes/Mercedes_BP.Mercedes_BP_C:Server Tick
	Function /Game/Vehicles/Mercedes/Mercedes_BP.Mercedes_BP_C:ExecuteUbergraph_Mercedes_BP
	Function /Game/Vehicles/Mercedes/Mercedes_BP.Mercedes_BP_C:Detect Drifting

[2017.09.30-01.18.26:514][837]LogBlueprintUserMessages: Early EndPlayMap Detection: Level '/Game/StarterContent/Maps/Minimal_Default.Minimal_Default:PersistentLevel' has LevelScriptBlueprint '/Game/StarterContent/Maps/Minimal_Default.Minimal_Default:PersistentLevel.Minimal_Default' with GeneratedClass '/Game/StarterContent/Maps/Minimal_Default.Minimal_Default_C' with ClassGeneratedBy '/Game/StarterContent/Maps/Minimal_Default.Minimal_Default:PersistentLevel.Minimal_Default'
[2017.09.30-01.18.26:637][837]LogBlueprintUserMessages: Late EndPlayMap Detection: Level '/Game/StarterContent/Maps/Minimal_Default.Minimal_Default:PersistentLevel' has LevelScriptBlueprint '/Game/StarterContent/Maps/Minimal_Default.Minimal_Default:PersistentLevel.Minimal_Default' with GeneratedClass '/Game/StarterContent/Maps/Minimal_Default.Minimal_Default_C' with ClassGeneratedBy '/Game/StarterContent/Maps/Minimal_Default.Minimal_Default:PersistentLevel.Minimal_Default'
[2017.09.30-01.18.28:880][967]LogTemp: Repeating last play command: Selected Viewport
[2017.09.30-01.18.28:912][967]LogBlueprintUserMessages: Early PlayInEditor Detection: Level '/Game/StarterContent/Maps/Minimal_Default.Minimal_Default:PersistentLevel' has LevelScriptBlueprint '/Game/StarterContent/Maps/Minimal_Default.Minimal_Default:PersistentLevel.Minimal_Default' with GeneratedClass '/Game/StarterContent/Maps/Minimal_Default.Minimal_Default_C' with ClassGeneratedBy '/Game/StarterContent/Maps/Minimal_Default.Minimal_Default:PersistentLevel.Minimal_Default'
[2017.09.30-01.18.28:912][967]LogPlayLevel: PlayLevel: No blueprints needed recompiling
[2017.09.30-01.18.28:912][967]PIE: New page: PIE session: Minimal_Default (Sep 29, 2017, 5:18:28 PM)
[2017.09.30-01.18.28:912][967]LogPlayLevel: Creating play world package: /Game/StarterContent/Maps/UEDPIE_0_Minimal_Default
[2017.09.30-01.18.29:048][967]LogPlayLevel: PIE: StaticDuplicateObject took: (0.135026s)
[2017.09.30-01.18.29:048][967]LogAIModule: Creating AISystem for world Minimal_Default
[2017.09.30-01.18.29:049][967]LogPlayLevel: PIE: World Init took: (0.001166s)
[2017.09.30-01.18.29:049][967]LogPlayLevel: PIE: Created PIE world by copying editor world from /Game/StarterContent/Maps/Minimal_Default.Minimal_Default to /Game/StarterContent/Maps/UEDPIE_0_Minimal_Default.Minimal_Default (0.136658s)
[2017.09.30-01.18.29:073][967]LogInit: XAudio2 using 'Speaker/HP (Realtek High Definition Audio)' : 2 channels at 48 kHz using 32 bits per sample (channel mask 0x3)
[2017.09.30-01.18.29:082][967]LogInit: FAudioDevice initialized.
[2017.09.30-01.18.29:117][967]LogLoad: Game class is 'Driving_Mode_C'
[2017.09.30-01.18.29:136][967]LogWorld: Bringing World /Game/StarterContent/Maps/UEDPIE_0_Minimal_Default.Minimal_Default up for play (max tick rate 60) at 2017.09.29-21.18.29
[2017.09.30-01.18.29:137][967]LogWorld: Bringing up level for play took: 0.019477
[2017.09.30-01.18.29:142][967]PIE: Play in editor start time for /Game/StarterContent/Maps/UEDPIE_0_Minimal_Default -0.051
[2017.09.30-01.18.29:142][967]LogBlueprintUserMessages: Late PlayInEditor Detection: Level '/Game/StarterContent/Maps/Minimal_Default.Minimal_Default:PersistentLevel' has LevelScriptBlueprint '/Game/StarterContent/Maps/Minimal_Default.Minimal_Default:PersistentLevel.Minimal_Default' with GeneratedClass '/Game/StarterContent/Maps/Minimal_Default.Minimal_Default_C' with ClassGeneratedBy '/Game/StarterContent/Maps/Minimal_Default.Minimal_Default:PersistentLevel.Minimal_Default'
[2017.09.30-01.18.29:144][967]LogScriptCore: Warning: Script Msg: Divide by zero detected: 0.000000 / 0
Script call stack:
	Function /Game/Vehicles/Mercedes/Mercedes_BP.Mercedes_BP_C:ReceiveTick
	Function /Game/Vehicles/Mercedes/Mercedes_BP.Mercedes_BP_C:ExecuteUbergraph_Mercedes_BP
	Function /Game/Vehicles/Mercedes/Mercedes_BP.Mercedes_BP_C:Server Tick
	Function /Game/Vehicles/Mercedes/Mercedes_BP.Mercedes_BP_C:ExecuteUbergraph_Mercedes_BP
	Function /Game/Vehicles/Mercedes/Mercedes_BP.Mercedes_BP_C:Detect Drifting

[2017.09.30-01.18.29:144][967]LogScriptCore: Warning: Script Msg: Divide by zero detected: 0.000000 / 0
Script call stack:
	Function /Game/Vehicles/Mercedes/Mercedes_BP.Mercedes_BP_C:ReceiveTick
	Function /Game/Vehicles/Mercedes/Mercedes_BP.Mercedes_BP_C:ExecuteUbergraph_Mercedes_BP
	Function /Game/Vehicles/Mercedes/Mercedes_BP.Mercedes_BP_C:Server Tick
	Function /Game/Vehicles/Mercedes/Mercedes_BP.Mercedes_BP_C:ExecuteUbergraph_Mercedes_BP
	Function /Game/Vehicles/Mercedes/Mercedes_BP.Mercedes_BP_C:Detect Drifting

[2017.09.30-01.18.29:144][967]LogScriptCore: Warning: Script Msg: Divide by zero detected: 0.000000 / 0
Script call stack:
	Function /Game/Vehicles/Mercedes/Mercedes_BP.Mercedes_BP_C:ReceiveTick
	Function /Game/Vehicles/Mercedes/Mercedes_BP.Mercedes_BP_C:ExecuteUbergraph_Mercedes_BP
	Function /Game/Vehicles/Mercedes/Mercedes_BP.Mercedes_BP_C:Server Tick
	Function /Game/Vehicles/Mercedes/Mercedes_BP.Mercedes_BP_C:ExecuteUbergraph_Mercedes_BP
	Function /Game/Vehicles/Mercedes/Mercedes_BP.Mercedes_BP_C:Detect Drifting

[2017.09.30-01.18.29:144][967]LogScriptCore: Warning: Script Msg: Divide by zero detected: 0.000000 / 0
Script call stack:
	Function /Game/Vehicles/Mercedes/Mercedes_BP.Mercedes_BP_C:ReceiveTick
	Function /Game/Vehicles/Mercedes/Mercedes_BP.Mercedes_BP_C:ExecuteUbergraph_Mercedes_BP
	Function /Game/Vehicles/Mercedes/Mercedes_BP.Mercedes_BP_C:Server Tick
	Function /Game/Vehicles/Mercedes/Mercedes_BP.Mercedes_BP_C:ExecuteUbergraph_Mercedes_BP
	Function /Game/Vehicles/Mercedes/Mercedes_BP.Mercedes_BP_C:Detect Drifting

[2017.09.30-01.18.29:163][968]LogScriptCore: Warning: Script Msg: Divide by zero detected: 0.000000 / 0
Script call stack:
	Function /Game/Vehicles/Mercedes/Mercedes_BP.Mercedes_BP_C:ReceiveTick
	Function /Game/Vehicles/Mercedes/Mercedes_BP.Mercedes_BP_C:ExecuteUbergraph_Mercedes_BP
	Function /Game/Vehicles/Mercedes/Mercedes_BP.Mercedes_BP_C:Server Tick
	Function /Game/Vehicles/Mercedes/Mercedes_BP.Mercedes_BP_C:ExecuteUbergraph_Mercedes_BP
	Function /Game/Vehicles/Mercedes/Mercedes_BP.Mercedes_BP_C:Detect Drifting

[2017.09.30-01.18.29:163][968]LogScriptCore: Warning: Script Msg: Divide by zero detected: 0.000000 / 0
Script call stack:
	Function /Game/Vehicles/Mercedes/Mercedes_BP.Mercedes_BP_C:ReceiveTick
	Function /Game/Vehicles/Mercedes/Mercedes_BP.Mercedes_BP_C:ExecuteUbergraph_Mercedes_BP
	Function /Game/Vehicles/Mercedes/Mercedes_BP.Mercedes_BP_C:Server Tick
	Function /Game/Vehicles/Mercedes/Mercedes_BP.Mercedes_BP_C:ExecuteUbergraph_Mercedes_BP
	Function /Game/Vehicles/Mercedes/Mercedes_BP.Mercedes_BP_C:Detect Drifting

[2017.09.30-01.18.29:163][968]LogScriptCore: Warning: Script Msg: Divide by zero detected: 0.000000 / 0
Script call stack:
	Function /Game/Vehicles/Mercedes/Mercedes_BP.Mercedes_BP_C:ReceiveTick
	Function /Game/Vehicles/Mercedes/Mercedes_BP.Mercedes_BP_C:ExecuteUbergraph_Mercedes_BP
	Function /Game/Vehicles/Mercedes/Mercedes_BP.Mercedes_BP_C:Server Tick
	Function /Game/Vehicles/Mercedes/Mercedes_BP.Mercedes_BP_C:ExecuteUbergraph_Mercedes_BP
	Function /Game/Vehicles/Mercedes/Mercedes_BP.Mercedes_BP_C:Detect Drifting

[2017.09.30-01.18.29:163][968]LogScriptCore: Warning: Script Msg: Divide by zero detected: 0.000000 / 0
Script call stack:
	Function /Game/Vehicles/Mercedes/Mercedes_BP.Mercedes_BP_C:ReceiveTick
	Function /Game/Vehicles/Mercedes/Mercedes_BP.Mercedes_BP_C:ExecuteUbergraph_Mercedes_BP
	Function /Game/Vehicles/Mercedes/Mercedes_BP.Mercedes_BP_C:Server Tick
	Function /Game/Vehicles/Mercedes/Mercedes_BP.Mercedes_BP_C:ExecuteUbergraph_Mercedes_BP
	Function /Game/Vehicles/Mercedes/Mercedes_BP.Mercedes_BP_C:Detect Drifting

[2017.09.30-01.20.47:801][756]LogBlueprintUserMessages: Early EndPlayMap Detection: Level '/Game/StarterContent/Maps/Minimal_Default.Minimal_Default:PersistentLevel' has LevelScriptBlueprint '/Game/StarterContent/Maps/Minimal_Default.Minimal_Default:PersistentLevel.Minimal_Default' with GeneratedClass '/Game/StarterContent/Maps/Minimal_Default.Minimal_Default_C' with ClassGeneratedBy '/Game/StarterContent/Maps/Minimal_Default.Minimal_Default:PersistentLevel.Minimal_Default'
[2017.09.30-01.20.47:811][756]LogScript: Warning: Accessed None trying to read property CallFunc_GetPlayerController_ReturnValue
	Mercedes_BP_C /Game/StarterContent/Maps/UEDPIE_0_Minimal_Default.Minimal_Default:PersistentLevel.Mercedes_BP_C_0
	Function /Game/Vehicles/Mercedes/Mercedes_BP.Mercedes_BP_C:Debug Stats Widget:01E3
[2017.09.30-01.20.47:812][756]PIE: Error: Blueprint Runtime Error: Accessed None trying to read property CallFunc_GetPlayerController_ReturnValue from function: 'Debug Stats Widget' from node: Set bShowMouseCursor in graph: Debug Stats Widget in object: Mercedes_BP with description: Accessed None trying to read property CallFunc_GetPlayerController_ReturnValue
[2017.09.30-01.20.47:812][756]PIE: Error: SetInputMode_GameOnly expects a valid player controller as target
[2017.09.30-01.20.47:893][756]LogBlueprintUserMessages: Late EndPlayMap Detection: Level '/Game/StarterContent/Maps/Minimal_Default.Minimal_Default:PersistentLevel' has LevelScriptBlueprint '/Game/StarterContent/Maps/Minimal_Default.Minimal_Default:PersistentLevel.Minimal_Default' with GeneratedClass '/Game/StarterContent/Maps/Minimal_Default.Minimal_Default_C' with ClassGeneratedBy '/Game/StarterContent/Maps/Minimal_Default.Minimal_Default:PersistentLevel.Minimal_Default'
[2017.09.30-01.20.53:486][ 73]LogWindowsTextInputMethodSystem: Display: IME system now deactivated.
[2017.09.30-01.20.53:486][ 73]LogWindowsTextInputMethodSystem: Display: IME system now deactivated.
[2017.09.30-01.20.53:727][ 74]Cmd: QUIT_EDITOR
[2017.09.30-01.20.54:074][ 74]LogExit: Preparing to exit.
[2017.09.30-01.20.55:137][ 74]LogDirectoryWatcher: A directory notification for 'C:/Users/wesda/Documents/Unreal Projects/StormHunters/fall-2017-storm-hunters/Content/' was aborted.
[2017.09.30-01.20.55:244][ 74]LogExit: Editor shut down
[2017.09.30-01.20.55:250][ 74]LogExit: Transaction tracking system shut down
[2017.09.30-01.20.55:358][ 74]LogDirectoryWatcher: A directory notification for '../../../Engine/Content/' was aborted.
[2017.09.30-01.20.55:358][ 74]LogDirectoryWatcher: A directory notification for '../../../../../../Users/wesda/Documents/Unreal Projects/StormHunters/fall-2017-storm-hunters/Content/' was aborted.
[2017.09.30-01.20.55:358][ 74]LogDirectoryWatcher: A directory notification for '../../../Engine/Plugins/2D/Paper2D/Content/' was aborted.
[2017.09.30-01.20.55:358][ 74]LogDirectoryWatcher: A directory notification for '../../../Engine/Plugins/Runtime/Oculus/OculusVR/Content/' was aborted.
[2017.09.30-01.20.55:358][ 74]LogDirectoryWatcher: A directory notification for '../../../Engine/Plugins/Runtime/Steam/SteamVR/Content/' was aborted.
[2017.09.30-01.20.55:479][ 74]LogExit: Object subsystem successfully closed.
[2017.09.30-01.20.55:506][ 74]LogD3D11RHI: Shutdown
[2017.09.30-01.20.55:506][ 74]LogD3D11RHI: CleanupD3DDevice
[2017.09.30-01.20.55:759][ 74]LogD3D11RHI: ~FD3D11DynamicRHI
[2017.09.30-01.20.55:791][ 74]LogModuleManager: Shutting down and abandoning module MovieSceneCapture (532)
[2017.09.30-01.20.55:791][ 74]LogModuleManager: Shutting down and abandoning module HierarchicalLODOutliner (530)
[2017.09.30-01.20.55:791][ 74]LogModuleManager: Shutting down and abandoning module SceneOutliner (528)
[2017.09.30-01.20.55:791][ 74]LogModuleManager: Shutting down and abandoning module AddContentDialog (526)
[2017.09.30-01.20.55:791][ 74]LogDirectoryWatcher: A directory notification for 'C:/Program Files/Epic Games/UE_4.17/FeaturePacks/' was aborted.
[2017.09.30-01.20.55:792][ 74]LogModuleManager: Shutting down and abandoning module WidgetCarousel (525)
[2017.09.30-01.20.55:792][ 74]LogModuleManager: Shutting down and abandoning module EditorWidgets (522)
[2017.09.30-01.20.55:792][ 74]LogModuleManager: Shutting down and abandoning module CollectionManager (520)
[2017.09.30-01.20.55:793][ 74]LogDirectoryWatcher: A directory notification for 'C:/Users/wesda/Documents/Unreal Projects/StormHunters/fall-2017-storm-hunters/Content/Collections/' was aborted.
[2017.09.30-01.20.55:793][ 74]LogDirectoryWatcher: A directory notification for 'C:/Users/wesda/Documents/Unreal Projects/StormHunters/fall-2017-storm-hunters/Content/Developers/wesda/Collections/' was aborted.
[2017.09.30-01.20.55:793][ 74]LogDirectoryWatcher: A directory notification for 'C:/Users/wesda/Documents/Unreal Projects/StormHunters/fall-2017-storm-hunters/Saved/Collections/' was aborted.
[2017.09.30-01.20.55:793][ 74]LogModuleManager: Shutting down and abandoning module StatsViewer (518)
[2017.09.30-01.20.55:793][ 74]LogModuleManager: Shutting down and abandoning module FoliageEdit (516)
[2017.09.30-01.20.55:793][ 74]LogModuleManager: Shutting down and abandoning module LandscapeEditor (514)
[2017.09.30-01.20.55:794][ 74]LogModuleManager: Shutting down and abandoning module MeshPaintMode (512)
[2017.09.30-01.20.55:794][ 74]LogModuleManager: Shutting down and abandoning module SceneDepthPickerMode (510)
[2017.09.30-01.20.55:794][ 74]LogModuleManager: Shutting down and abandoning module ActorPickerMode (508)
[2017.09.30-01.20.55:794][ 74]LogModuleManager: Shutting down and abandoning module GeometryMode (506)
[2017.09.30-01.20.55:794][ 74]LogModuleManager: Shutting down and abandoning module TextureAlignMode (504)
[2017.09.30-01.20.55:794][ 74]LogModuleManager: Shutting down and abandoning module BspMode (502)
[2017.09.30-01.20.55:794][ 74]LogModuleManager: Shutting down and abandoning module PIEPreviewDeviceProfileSelector (500)
[2017.09.30-01.20.55:794][ 74]LogModuleManager: Shutting down and abandoning module HardwareSurvey (498)
[2017.09.30-01.20.55:794][ 74]LogModuleManager: Shutting down and abandoning module SequenceRecorderSections (496)
[2017.09.30-01.20.55:794][ 74]LogModuleManager: Shutting down and abandoning module AutomationWorker (494)
[2017.09.30-01.20.55:794][ 74]LogModuleManager: Shutting down and abandoning module MatineeToLevelSequence (492)
[2017.09.30-01.20.55:794][ 74]LogModuleManager: Shutting down and abandoning module LevelSequenceEditor (490)
[2017.09.30-01.20.55:795][ 74]LogModuleManager: Shutting down and abandoning module PlacementMode (489)
[2017.09.30-01.20.55:796][ 74]LogModuleManager: Shutting down and abandoning module WmfMediaFactory (486)
[2017.09.30-01.20.55:796][ 74]LogModuleManager: Shutting down and abandoning module WmfMediaEditor (484)
[2017.09.30-01.20.55:796][ 74]LogModuleManager: Shutting down and abandoning module AvfMediaFactory (482)
[2017.09.30-01.20.55:796][ 74]LogModuleManager: Shutting down and abandoning module AvfMediaEditor (480)
[2017.09.30-01.20.55:796][ 74]LogModuleManager: Shutting down and abandoning module AndroidMediaFactory (478)
[2017.09.30-01.20.55:796][ 74]LogModuleManager: Shutting down and abandoning module Media (477)
[2017.09.30-01.20.55:796][ 74]LogModuleManager: Shutting down and abandoning module AndroidMediaEditor (474)
[2017.09.30-01.20.55:796][ 74]LogModuleManager: Shutting down and abandoning module CharacterAI (472)
[2017.09.30-01.20.55:796][ 74]LogModuleManager: Shutting down and abandoning module AudioCapture (470)
[2017.09.30-01.20.55:796][ 74]LogModuleManager: Shutting down and abandoning module SequenceRecorder (469)
[2017.09.30-01.20.55:796][ 74]LogModuleManager: Shutting down and abandoning module SmartSnapping (466)
[2017.09.30-01.20.55:796][ 74]LogModuleManager: Shutting down and abandoning module SessionServices (464)
[2017.09.30-01.20.55:796][ 74]LogModuleManager: Shutting down and abandoning module ViewportSnapping (462)
[2017.09.30-01.20.55:796][ 74]LogModuleManager: Shutting down and abandoning module ViewportInteraction (460)
[2017.09.30-01.20.55:796][ 74]LogModuleManager: Shutting down and abandoning module ClothPainter (458)
[2017.09.30-01.20.55:797][ 74]LogModuleManager: Shutting down and abandoning module LogVisualizer (456)
[2017.09.30-01.20.55:797][ 74]LogModuleManager: Shutting down and abandoning module IntroTutorials (454)
[2017.09.30-01.20.55:797][ 74]LogModuleManager: Shutting down and abandoning module GameProjectGeneration (453)
[2017.09.30-01.20.55:798][ 74]LogModuleManager: Shutting down and abandoning module IOSPlatformEditor (450)
[2017.09.30-01.20.55:798][ 74]LogModuleManager: Shutting down and abandoning module HTML5PlatformEditor (448)
[2017.09.30-01.20.55:798][ 74]LogModuleManager: Shutting down and abandoning module AndroidPlatformEditor (446)
[2017.09.30-01.20.55:798][ 74]LogModuleManager: Shutting down and abandoning module AndroidDeviceDetection (445)
[2017.09.30-01.20.56:713][ 74]LogModuleManager: Shutting down and abandoning module WindowsPlatformEditor (442)
[2017.09.30-01.20.56:713][ 74]LogModuleManager: Shutting down and abandoning module IOSRuntimeSettings (440)
[2017.09.30-01.20.56:713][ 74]LogModuleManager: Shutting down and abandoning module AndroidRuntimeSettings (438)
[2017.09.30-01.20.56:713][ 74]LogModuleManager: Shutting down and abandoning module InputBindingEditor (436)
[2017.09.30-01.20.56:714][ 74]LogModuleManager: Shutting down and abandoning module MergeActors (434)
[2017.09.30-01.20.56:715][ 74]LogModuleManager: Shutting down and abandoning module SizeMap (432)
[2017.09.30-01.20.56:715][ 74]LogModuleManager: Shutting down and abandoning module TreeMap (430)
[2017.09.30-01.20.56:715][ 74]LogModuleManager: Shutting down and abandoning module ReferenceViewer (428)
[2017.09.30-01.20.56:715][ 74]LogModuleManager: Shutting down and abandoning module LocalizationDashboard (426)
[2017.09.30-01.20.56:716][ 74]LogModuleManager: Shutting down and abandoning module LocalizationService (425)
[2017.09.30-01.20.56:716][ 74]LogModuleManager: Shutting down and abandoning module HardwareTargeting (422)
[2017.09.30-01.20.56:716][ 74]LogModuleManager: Shutting down and abandoning module DeviceProfileEditor (420)
[2017.09.30-01.20.56:716][ 74]LogModuleManager: Shutting down and abandoning module UndoHistory (418)
[2017.09.30-01.20.56:716][ 74]LogModuleManager: Shutting down and abandoning module XmlParser (416)
[2017.09.30-01.20.56:716][ 74]LogModuleManager: Shutting down and abandoning module Blutility (414)
[2017.09.30-01.20.56:716][ 74]LogModuleManager: Shutting down and abandoning module ProjectSettingsViewer (412)
[2017.09.30-01.20.56:716][ 74]LogModuleManager: Shutting down and abandoning module ProjectTargetPlatformEditor (411)
[2017.09.30-01.20.56:717][ 74]LogModuleManager: Shutting down and abandoning module EditorSettingsViewer (408)
[2017.09.30-01.20.56:717][ 74]LogModuleManager: Shutting down and abandoning module SettingsEditor (406)
[2017.09.30-01.20.56:719][ 74]LogModuleManager: Shutting down and abandoning module ProjectLauncher (404)
[2017.09.30-01.20.56:719][ 74]LogModuleManager: Shutting down and abandoning module SessionFrontend (402)
[2017.09.30-01.20.56:719][ 74]LogModuleManager: Shutting down and abandoning module ProfilerClient (400)
[2017.09.30-01.20.56:720][ 74]LogModuleManager: Shutting down and abandoning module DeviceManager (398)
[2017.09.30-01.20.56:720][ 74]LogModuleManager: Shutting down and abandoning module TargetDeviceServices (397)
[2017.09.30-01.20.56:785][ 74]LogModuleManager: Shutting down and abandoning module AutomationController (394)
[2017.09.30-01.20.56:785][ 74]LogModuleManager: Shutting down and abandoning module AutomationWindow (392)
[2017.09.30-01.20.56:786][ 74]LogModuleManager: Shutting down and abandoning module Layers (390)
[2017.09.30-01.20.56:787][ 74]LogModuleManager: Shutting down and abandoning module ComponentVisualizers (388)
[2017.09.30-01.20.56:787][ 74]LogModuleManager: Shutting down and abandoning module DetailCustomizations (386)
[2017.09.30-01.20.56:787][ 74]LogModuleManager: Shutting down and abandoning module PackagesDialog (384)
[2017.09.30-01.20.56:787][ 74]LogModuleManager: Shutting down and abandoning module Persona (382)
[2017.09.30-01.20.56:788][ 74]LogModuleManager: Shutting down and abandoning module AdvancedPreviewScene (381)
[2017.09.30-01.20.56:788][ 74]LogModuleManager: Shutting down and abandoning module AnimGraph (379)
[2017.09.30-01.20.56:788][ 74]LogModuleManager: Shutting down and abandoning module Kismet (376)
[2017.09.30-01.20.56:794][ 74]LogModuleManager: Shutting down and abandoning module ClassViewer (374)
[2017.09.30-01.20.56:794][ 74]LogModuleManager: Shutting down and abandoning module Toolbox (372)
[2017.09.30-01.20.56:795][ 74]LogModuleManager: Shutting down and abandoning module ModuleUI (370)
[2017.09.30-01.20.56:795][ 74]LogModuleManager: Shutting down and abandoning module MovieSceneTools (368)
[2017.09.30-01.20.56:795][ 74]LogModuleManager: Shutting down and abandoning module OutputLog (366)
[2017.09.30-01.20.56:795][ 74]LogModuleManager: Shutting down and abandoning module GammaUI (364)
[2017.09.30-01.20.56:796][ 74]LogModuleManager: Shutting down and abandoning module Documentation (362)
[2017.09.30-01.20.56:796][ 74]LogModuleManager: Shutting down and abandoning module MovieSceneTracks (360)
[2017.09.30-01.20.56:796][ 74]LogModuleManager: Shutting down and abandoning module MovieScene (358)
[2017.09.30-01.20.56:796][ 74]LogModuleManager: Shutting down and abandoning module Niagara (356)
[2017.09.30-01.20.56:796][ 74]LogModuleManager: Shutting down and abandoning module NiagaraEditor (355)
[2017.09.30-01.20.56:796][ 74]LogModuleManager: Shutting down and abandoning module StreamingPauseRendering (352)
[2017.09.30-01.20.56:796][ 74]LogModuleManager: Shutting down and abandoning module LauncherPlatform (350)
[2017.09.30-01.20.56:796][ 74]LogModuleManager: Shutting down and abandoning module AnalyticsET (348)
[2017.09.30-01.20.56:796][ 74]LogModuleManager: Shutting down and abandoning module PortalServices (346)
[2017.09.30-01.20.56:796][ 74]LogModuleManager: Shutting down and abandoning module PortalRpc (344)
[2017.09.30-01.20.56:796][ 74]LogModuleManager: Shutting down and abandoning module MessagingRpc (342)
[2017.09.30-01.20.56:796][ 74]LogModuleManager: Shutting down and abandoning module AIModule (340)
[2017.09.30-01.20.56:797][ 74]LogModuleManager: Shutting down and abandoning module GameplayDebugger (339)
[2017.09.30-01.20.56:797][ 74]LogModuleManager: Shutting down and abandoning module AITestSuite (337)
[2017.09.30-01.20.56:797][ 74]LogModuleManager: Shutting down and abandoning module ProfilerService (334)
[2017.09.30-01.20.56:891][ 74]LogModuleManager: Shutting down and abandoning module TaskGraph (332)
[2017.09.30-01.20.56:893][ 74]LogModuleManager: Shutting down and abandoning module SteamVRController (330)
[2017.09.30-01.20.56:893][ 74]LogModuleManager: Shutting down and abandoning module ProceduralMeshComponentEditor (328)
[2017.09.30-01.20.56:893][ 74]LogModuleManager: Shutting down and abandoning module ProceduralMeshComponent (326)
[2017.09.30-01.20.56:893][ 74]LogModuleManager: Shutting down and abandoning module OculusInput (324)
[2017.09.30-01.20.56:893][ 74]LogModuleManager: Shutting down and abandoning module MobilePatchingUtils (322)
[2017.09.30-01.20.56:893][ 74]LogModuleManager: Shutting down and abandoning module CustomMeshComponent (320)
[2017.09.30-01.20.56:893][ 74]LogModuleManager: Shutting down and abandoning module CableComponent (318)
[2017.09.30-01.20.56:893][ 74]LogModuleManager: Shutting down and abandoning module ArchVisCharacter (316)
[2017.09.30-01.20.56:893][ 74]LogModuleManager: Shutting down and abandoning module AndroidPermission (314)
[2017.09.30-01.20.56:893][ 74]LogModuleManager: Shutting down and abandoning module MediaPlayerEditor (310)
[2017.09.30-01.20.56:894][ 74]LogModuleManager: Shutting down and abandoning module HTML5Networking (308)
[2017.09.30-01.20.56:895][ 74]LogModuleManager: Shutting down and abandoning module AlembicImporter (306)
[2017.09.30-01.20.56:895][ 74]LogModuleManager: Shutting down and abandoning module AlembicLibrary (305)
[2017.09.30-01.20.56:895][ 74]LogModuleManager: Shutting down and abandoning module GeometryCache (304)
[2017.09.30-01.20.56:895][ 74]LogModuleManager: Shutting down and abandoning module GeometryCacheEd (303)
[2017.09.30-01.20.56:895][ 74]LogModuleManager: Shutting down and abandoning module SpeedTreeImporter (298)
[2017.09.30-01.20.56:895][ 74]LogModuleManager: Shutting down and abandoning module PluginBrowser (296)
[2017.09.30-01.20.56:897][ 74]LogModuleManager: Shutting down and abandoning module MobileLauncherProfileWizard (294)
[2017.09.30-01.20.56:898][ 74]LogModuleManager: Shutting down and abandoning module VisualStudioSourceCodeAccess (292)
[2017.09.30-01.20.56:898][ 74]LogModuleManager: Shutting down and abandoning module DesktopPlatform (291)
[2017.09.30-01.20.56:898][ 74]LogModuleManager: Shutting down and abandoning module UObjectPlugin (288)
[2017.09.30-01.20.56:898][ 74]LogModuleManager: Shutting down and abandoning module SubversionSourceControl (286)
[2017.09.30-01.20.56:898][ 74]LogModuleManager: Shutting down and abandoning module PerforceSourceControl (284)
[2017.09.30-01.20.56:898][ 74]LogModuleManager: Shutting down and abandoning module GitSourceControl (282)
[2017.09.30-01.20.56:898][ 74]LogModuleManager: Shutting down and abandoning module SourceControl (281)
[2017.09.30-01.20.56:899][ 74]LogModuleManager: Shutting down and abandoning module LightPropagationVolumeEditor (278)
[2017.09.30-01.20.56:899][ 74]LogModuleManager: Shutting down and abandoning module PaperTiledImporter (276)
[2017.09.30-01.20.56:899][ 74]LogModuleManager: Shutting down and abandoning module PaperSpriteSheetImporter (274)
[2017.09.30-01.20.56:899][ 74]LogModuleManager: Shutting down and abandoning module Paper2DEditor (272)
[2017.09.30-01.20.56:899][ 74]LogModuleManager: Shutting down and abandoning module MeshPaint (271)
[2017.09.30-01.20.56:899][ 74]LogModuleManager: Shutting down and abandoning module LevelEditor (269)
[2017.09.30-01.20.56:901][ 74]LogModuleManager: Shutting down and abandoning module PixelInspectorModule (268)
[2017.09.30-01.20.56:901][ 74]LogModuleManager: Shutting down and abandoning module MainFrame (266)
[2017.09.30-01.20.56:902][ 74]LogModuleManager: Shutting down and abandoning module HotReload (265)
[2017.09.30-01.20.56:903][ 74]LogModuleManager: Shutting down and abandoning module RuntimePhysXCooking (260)
[2017.09.30-01.20.56:903][ 74]LogModuleManager: Shutting down and abandoning module PhysXVehiclesEditor (258)
[2017.09.30-01.20.56:903][ 74]LogModuleManager: Shutting down and abandoning module PhysXVehicles (256)
[2017.09.30-01.20.56:903][ 74]LogModuleManager: Shutting down and abandoning module OculusEditor (254)
[2017.09.30-01.20.56:903][ 74]LogModuleManager: Shutting down and abandoning module LocationServicesBPLibrary (252)
[2017.09.30-01.20.56:903][ 74]LogModuleManager: Shutting down and abandoning module ImmediatePhysicsEditor (250)
[2017.09.30-01.20.56:903][ 74]LogModuleManager: Shutting down and abandoning module ImmediatePhysics (248)
[2017.09.30-01.20.56:903][ 74]LogModuleManager: Shutting down and abandoning module UdpMessaging (246)
[2017.09.30-01.20.57:004][ 74]LogModuleManager: Shutting down and abandoning module TcpMessaging (244)
[2017.09.30-01.20.57:105][ 74]LogModuleManager: Shutting down and abandoning module GameplayTagsEditor (242)
[2017.09.30-01.20.57:106][ 74]LogModuleManager: Shutting down and abandoning module FacialAnimationEditor (240)
[2017.09.30-01.20.57:106][ 74]LogModuleManager: Shutting down and abandoning module FacialAnimation (238)
[2017.09.30-01.20.57:106][ 74]LogModuleManager: Shutting down and abandoning module AssetManagerEditor (236)
[2017.09.30-01.20.57:106][ 74]LogModuleManager: Shutting down and abandoning module GraphEditor (235)
[2017.09.30-01.20.57:111][ 74]LogModuleManager: Shutting down and abandoning module ContentBrowser (233)
[2017.09.30-01.20.57:114][ 74]LogModuleManager: Shutting down and abandoning module LightPropagationVolumeRuntime (230)
[2017.09.30-01.20.57:114][ 74]LogModuleManager: Shutting down and abandoning module Paper2D (228)
[2017.09.30-01.20.57:114][ 74]LogModuleManager: Shutting down and abandoning module WindowsMoviePlayer (226)
[2017.09.30-01.20.57:114][ 74]LogModuleManager: Shutting down and abandoning module WmfMedia (224)
[2017.09.30-01.20.57:114][ 74]LogModuleManager: Shutting down and abandoning module PacketHandler (222)
[2017.09.30-01.20.57:114][ 74]LogModuleManager: Shutting down and abandoning module ClothingSystemEditor (220)
[2017.09.30-01.20.57:114][ 74]LogModuleManager: Shutting down and abandoning module ClothingSystemRuntime (218)
[2017.09.30-01.20.57:116][ 74]LogModuleManager: Shutting down and abandoning module Overlay (216)
[2017.09.30-01.20.57:116][ 74]LogModuleManager: Shutting down and abandoning module OverlayEditor (215)
[2017.09.30-01.20.57:116][ 74]LogModuleManager: Shutting down and abandoning module MediaAssets (212)
[2017.09.30-01.20.57:116][ 74]LogModuleManager: Shutting down and abandoning module VREditor (210)
[2017.09.30-01.20.57:117][ 74]LogModuleManager: Shutting down and abandoning module StringTableEditor (208)
[2017.09.30-01.20.57:117][ 74]LogModuleManager: Shutting down and abandoning module GameplayTasksEditor (206)
[2017.09.30-01.20.57:117][ 74]LogModuleManager: Shutting down and abandoning module BehaviorTreeEditor (204)
[2017.09.30-01.20.57:120][ 74]LogModuleManager: Shutting down and abandoning module FunctionalTesting (202)
[2017.09.30-01.20.57:120][ 74]LogModuleManager: Shutting down and abandoning module CollisionAnalyzer (200)
[2017.09.30-01.20.57:120][ 74]LogModuleManager: Shutting down and abandoning module WorkspaceMenuStructure (199)
[2017.09.30-01.20.57:120][ 74]LogModuleManager: Shutting down and abandoning module UMG (196)
[2017.09.30-01.20.57:120][ 74]LogModuleManager: Shutting down and abandoning module UMGEditor (195)
[2017.09.30-01.20.57:121][ 74]LogModuleManager: Shutting down and abandoning module Sequencer (194)
[2017.09.30-01.20.57:123][ 74]LogModuleManager: Shutting down and abandoning module MessageLog (191)
[2017.09.30-01.20.57:123][ 74]LogModuleManager: Shutting down and abandoning module SlateReflector (186)
[2017.09.30-01.20.57:125][ 74]LogModuleManager: Shutting down and abandoning module Slate (184)
[2017.09.30-01.20.57:125][ 74]LogModuleManager: Shutting down and abandoning module EditorStyle (182)
[2017.09.30-01.20.57:132][ 74]LogModuleManager: Shutting down and abandoning module MRMesh (180)
[2017.09.30-01.20.57:132][ 74]LogModuleManager: Shutting down and abandoning module SourceCodeAccess (178)
[2017.09.30-01.20.57:132][ 74]LogModuleManager: Shutting down and abandoning module HeadMountedDisplay (176)
[2017.09.30-01.20.57:132][ 74]LogModuleManager: Shutting down and abandoning module XAudio2 (174)
[2017.09.30-01.20.57:132][ 74]LogModuleManager: Shutting down and abandoning module Networking (172)
[2017.09.30-01.20.57:132][ 74]LogModuleManager: Shutting down and abandoning module Core (168)
[2017.09.30-01.20.57:132][ 74]LogModuleManager: Shutting down and abandoning module KismetCompiler (164)
[2017.09.30-01.20.57:133][ 74]LogModuleManager: Shutting down and abandoning module LevelSequence (162)
[2017.09.30-01.20.57:133][ 74]LogModuleManager: Shutting down and abandoning module MeshUtilities (160)
[2017.09.30-01.20.57:134][ 74]LogModuleManager: Shutting down and abandoning module MeshMergeUtilities (159)
[2017.09.30-01.20.57:135][ 74]LogModuleManager: Shutting down and abandoning module MeshReductionInterface (158)
[2017.09.30-01.20.57:135][ 74]LogModuleManager: Shutting down and abandoning module SimplygonSwarm (157)
[2017.09.30-01.20.57:136][ 74]LogModuleManager: Shutting down and abandoning module SimplygonMeshReduction (155)
[2017.09.30-01.20.57:136][ 74]LogModuleManager: Shutting down and abandoning module QuadricMeshReduction (153)
[2017.09.30-01.20.57:136][ 74]LogModuleManager: Shutting down and abandoning module MaterialBaking (149)
[2017.09.30-01.20.57:136][ 74]LogModuleManager: Shutting down and abandoning module DirectoryWatcher (146)
[2017.09.30-01.20.57:138][ 74]LogModuleManager: Shutting down and abandoning module DerivedDataCache (144)
[2017.09.30-01.20.57:191][ 74]LogDerivedDataCache: Shutdown
[2017.09.30-01.20.57:191][ 74]LogModuleManager: Shutting down and abandoning module TargetPlatform (142)
[2017.09.30-01.20.57:191][ 74]LogModuleManager: Shutting down and abandoning module VulkanShaderFormat (141)
[2017.09.30-01.20.57:191][ 74]LogModuleManager: Shutting down and abandoning module ShaderFormatVectorVM (139)
[2017.09.30-01.20.57:192][ 74]LogModuleManager: Shutting down and abandoning module ShaderFormatOpenGL (137)
[2017.09.30-01.20.57:193][ 74]LogModuleManager: Shutting down and abandoning module ShaderFormatD3D (135)
[2017.09.30-01.20.57:193][ 74]LogModuleManager: Shutting down and abandoning module MetalShaderFormat (133)
[2017.09.30-01.20.57:194][ 74]LogModuleManager: Shutting down and abandoning module TextureFormatUncompressed (131)
[2017.09.30-01.20.57:194][ 74]LogModuleManager: Shutting down and abandoning module TextureFormatPVR (129)
[2017.09.30-01.20.57:194][ 74]LogModuleManager: Shutting down and abandoning module TextureFormatDXT (127)
[2017.09.30-01.20.57:194][ 74]LogModuleManager: Shutting down and abandoning module TextureFormatIntelISPCTexComp (125)
[2017.09.30-01.20.57:195][ 74]LogModuleManager: Shutting down and abandoning module TextureFormatASTC (123)
[2017.09.30-01.20.57:195][ 74]LogModuleManager: Shutting down and abandoning module ImageWrapper (122)
[2017.09.30-01.20.57:195][ 74]LogModuleManager: Shutting down and abandoning module TextureFormatAndroid (119)
[2017.09.30-01.20.57:196][ 74]LogModuleManager: Shutting down and abandoning module AudioFormatOpus (117)
[2017.09.30-01.20.57:196][ 74]LogModuleManager: Shutting down and abandoning module AudioFormatOgg (115)
[2017.09.30-01.20.57:196][ 74]LogModuleManager: Shutting down and abandoning module AudioFormatADPCM (113)
[2017.09.30-01.20.57:196][ 74]LogModuleManager: Shutting down and abandoning module LinuxTargetPlatform (111)
[2017.09.30-01.20.57:196][ 74]LogModuleManager: Shutting down and abandoning module LinuxServerTargetPlatform (109)
[2017.09.30-01.20.57:196][ 74]LogModuleManager: Shutting down and abandoning module LinuxNoEditorTargetPlatform (107)
[2017.09.30-01.20.57:196][ 74]LogModuleManager: Shutting down and abandoning module LinuxClientTargetPlatform (105)
[2017.09.30-01.20.57:196][ 74]LogModuleManager: Shutting down and abandoning module TVOSTargetPlatform (103)
[2017.09.30-01.20.57:196][ 74]LogModuleManager: Shutting down and abandoning module Messaging (101)
[2017.09.30-01.20.57:196][ 74]LogModuleManager: Shutting down and abandoning module IOSTargetPlatform (99)
[2017.09.30-01.20.57:196][ 74]LogModuleManager: Shutting down and abandoning module HTML5TargetPlatform (97)
[2017.09.30-01.20.57:196][ 74]LogModuleManager: Shutting down and abandoning module Android_PVRTCTargetPlatform (95)
[2017.09.30-01.20.57:196][ 74]LogModuleManager: Shutting down and abandoning module Android_MultiTargetPlatform (93)
[2017.09.30-01.20.57:197][ 74]LogModuleManager: Shutting down and abandoning module Android_ETC2TargetPlatform (91)
[2017.09.30-01.20.57:197][ 74]LogModuleManager: Shutting down and abandoning module Android_ETC1TargetPlatform (89)
[2017.09.30-01.20.57:197][ 74]LogModuleManager: Shutting down and abandoning module Android_DXTTargetPlatform (87)
[2017.09.30-01.20.57:197][ 74]LogModuleManager: Shutting down and abandoning module Android_ATCTargetPlatform (85)
[2017.09.30-01.20.57:197][ 74]LogModuleManager: Shutting down and abandoning module Android_ASTCTargetPlatform (83)
[2017.09.30-01.20.57:197][ 74]LogModuleManager: Shutting down and abandoning module AndroidTargetPlatform (81)
[2017.09.30-01.20.57:197][ 74]LogModuleManager: Shutting down and abandoning module WindowsTargetPlatform (79)
[2017.09.30-01.20.57:197][ 74]LogModuleManager: Shutting down and abandoning module WindowsServerTargetPlatform (77)
[2017.09.30-01.20.57:197][ 74]LogModuleManager: Shutting down and abandoning module WindowsNoEditorTargetPlatform (75)
[2017.09.30-01.20.57:197][ 74]LogModuleManager: Shutting down and abandoning module WindowsClientTargetPlatform (73)
[2017.09.30-01.20.57:197][ 74]LogModuleManager: Shutting down and abandoning module MacTargetPlatform (71)
[2017.09.30-01.20.57:197][ 74]LogModuleManager: Shutting down and abandoning module MacServerTargetPlatform (69)
[2017.09.30-01.20.57:197][ 74]LogModuleManager: Shutting down and abandoning module MacNoEditorTargetPlatform (67)
[2017.09.30-01.20.57:198][ 74]LogModuleManager: Shutting down and abandoning module MacClientTargetPlatform (65)
[2017.09.30-01.20.57:198][ 74]LogModuleManager: Shutting down and abandoning module AllDesktopTargetPlatform (63)
[2017.09.30-01.20.57:198][ 74]LogModuleManager: Shutting down and abandoning module InputCore (60)
[2017.09.30-01.20.57:198][ 74]LogModuleManager: Shutting down and abandoning module Settings (58)
[2017.09.30-01.20.57:198][ 74]LogModuleManager: Shutting down and abandoning module PhysXCooking (56)
[2017.09.30-01.20.57:198][ 74]LogModuleManager: Shutting down and abandoning module SteamVR (54)
[2017.09.30-01.20.57:198][ 74]LogModuleManager: Shutting down and abandoning module OculusHMD (52)
[2017.09.30-01.20.57:198][ 74]LogModuleManager: Shutting down and abandoning module ExampleDeviceProfileSelector (50)
[2017.09.30-01.20.57:198][ 74]LogModuleManager: Shutting down and abandoning module OnlineBlueprintSupport (48)
[2017.09.30-01.20.57:198][ 74]LogModuleManager: Shutting down and abandoning module OnlineSubsystem (44)
[2017.09.30-01.20.57:198][ 74]LogOnline: Display: Unloading online subsystem: NULL
[2017.09.30-01.20.57:200][ 74]LogModuleManager: Shutting down and abandoning module XMPP (43)
[2017.09.30-01.20.57:201][ 74]LogModuleManager: Shutting down and abandoning module HTTP (41)
[2017.09.30-01.20.57:201][ 74]LogHttp: Display: Http module shutting down, but needs to wait on 1 outstanding Http requests:
[2017.09.30-01.20.57:201][ 74]LogHttp: Display: 	verb=[POST] url=[https://datarouter.ol.epicgames.com/datarouter/api/v1/public/data?SessionID=%7B1DB7CDE2-446A-E805-8920-A88582244437%7D&AppID=UEEditor.Rocket.Release&AppVersion=4.17.1-3586342%2B%2B%2BUE4%2BRelease-4.17&UserID=541d31574068fcf9c973a8878afe939b%7Ce37239e5ddae4f15abfd994a5e38b528%7C98667f09-aa33-4367-adb6-81f92e45f993&AppEnvironment=datacollector-binary&UploadType=eteventstream] status=Processing
[2017.09.30-01.20.57:231][ 74]LogModuleManager: Shutting down and abandoning module SSL (40)
[2017.09.30-01.20.57:235][ 74]LogModuleManager: Shutting down and abandoning module AnimationModifiers (36)
[2017.09.30-01.20.57:235][ 74]LogModuleManager: Shutting down and abandoning module PropertyEditor (35)
[2017.09.30-01.20.57:235][ 74]LogModuleManager: Shutting down and abandoning module AudioEditor (32)
[2017.09.30-01.20.57:236][ 74]LogModuleManager: Shutting down and abandoning module TextureCompressor (30)
[2017.09.30-01.20.57:236][ 74]LogModuleManager: Shutting down and abandoning module ShaderCore (28)
[2017.09.30-01.20.57:236][ 74]LogModuleManager: Shutting down and abandoning module Landscape (26)
[2017.09.30-01.20.57:236][ 74]LogModuleManager: Shutting down and abandoning module SlateRHIRenderer (24)
[2017.09.30-01.20.57:239][ 74]LogModuleManager: Shutting down and abandoning module OpenGLDrv (22)
[2017.09.30-01.20.57:240][ 74]LogModuleManager: Shutting down and abandoning module D3D11RHI (20)
[2017.09.30-01.20.57:240][ 74]LogModuleManager: Shutting down and abandoning module AnimGraphRuntime (18)
[2017.09.30-01.20.57:240][ 74]LogModuleManager: Shutting down and abandoning module Renderer (16)
[2017.09.30-01.20.57:240][ 74]LogModuleManager: Shutting down and abandoning module Engine (14)
[2017.09.30-01.20.57:240][ 74]LogModuleManager: Shutting down and abandoning module CoreUObject (12)
[2017.09.30-01.20.57:240][ 74]LogModuleManager: Shutting down and abandoning module NetworkFile (10)
[2017.09.30-01.20.57:240][ 74]LogModuleManager: Shutting down and abandoning module CookedIterativeFile (8)
[2017.09.30-01.20.57:240][ 74]LogModuleManager: Shutting down and abandoning module StreamingFile (6)
[2017.09.30-01.20.57:240][ 74]LogModuleManager: Shutting down and abandoning module SandboxFile (4)
[2017.09.30-01.20.57:240][ 74]LogModuleManager: Shutting down and abandoning module PakFile (2)
[2017.09.30-01.20.57:244][ 74]LogExit: Exiting.
[2017.09.30-01.20.57:284][ 74]Log file closed, 09/29/17 21:20:57
